[2017-03-23 14:05:16.634] [ERROR] error - { code: 401, message: '用户未登录' }
[2017-03-23 14:05:16.636] [ERROR] error - UnauthorizedError: 用户未登录
    at Object.throw (D:\workspace\NodeJS\sunrise\node_modules\.npminstall\koa\2.0.0\koa\lib\context.js:91:23)
    at middleware (d:\workspace\NodeJS\sunrise\system\router\ManagerSignRouter.js:39:30)
    at dispatch (D:\workspace\NodeJS\sunrise\node_modules\.npminstall\koa-compose\3.2.1\koa-compose\index.js:44:32)
    at D:\workspace\NodeJS\sunrise\node_modules\.npminstall\koa-router\7.0.1\koa-router\lib\router.js:321:16
    at dispatch (D:\workspace\NodeJS\sunrise\node_modules\.npminstall\koa-compose\3.2.1\koa-compose\index.js:44:32)
    at dispatch (D:\workspace\NodeJS\sunrise\node_modules\.npminstall\koa-router\7.0.1\koa-router\lib\router.js:326:31)
    at dispatch (D:\workspace\NodeJS\sunrise\node_modules\.npminstall\koa-compose\3.2.1\koa-compose\index.js:44:32)
    at allowedMethods (D:\workspace\NodeJS\sunrise\node_modules\.npminstall\koa-router\7.0.1\koa-router\lib\router.js:361:12)
    at dispatch (D:\workspace\NodeJS\sunrise\node_modules\.npminstall\koa-compose\3.2.1\koa-compose\index.js:44:32)
    at dispatch (D:\workspace\NodeJS\sunrise\node_modules\.npminstall\koa-router\7.0.1\koa-router\lib\router.js:315:32)
    at dispatch (D:\workspace\NodeJS\sunrise\node_modules\.npminstall\koa-compose\3.2.1\koa-compose\index.js:44:32)
    at allowedMethods (D:\workspace\NodeJS\sunrise\node_modules\.npminstall\koa-router\7.0.1\koa-router\lib\router.js:361:12)
    at dispatch (D:\workspace\NodeJS\sunrise\node_modules\.npminstall\koa-compose\3.2.1\koa-compose\index.js:44:32)
    at dispatch (D:\workspace\NodeJS\sunrise\node_modules\.npminstall\koa-router\7.0.1\koa-router\lib\router.js:315:32)
    at dispatch (D:\workspace\NodeJS\sunrise\node_modules\.npminstall\koa-compose\3.2.1\koa-compose\index.js:44:32)
    at allowedMethods (D:\workspace\NodeJS\sunrise\node_modules\.npminstall\koa-router\7.0.1\koa-router\lib\router.js:361:12)
    at dispatch (D:\workspace\NodeJS\sunrise\node_modules\.npminstall\koa-compose\3.2.1\koa-compose\index.js:44:32)
    at dispatch (D:\workspace\NodeJS\sunrise\node_modules\.npminstall\koa-router\7.0.1\koa-router\lib\router.js:315:32)
    at dispatch (D:\workspace\NodeJS\sunrise\node_modules\.npminstall\koa-compose\3.2.1\koa-compose\index.js:44:32)
    at allowedMethods (D:\workspace\NodeJS\sunrise\node_modules\.npminstall\koa-router\7.0.1\koa-router\lib\router.js:361:12)
    at dispatch (D:\workspace\NodeJS\sunrise\node_modules\.npminstall\koa-compose\3.2.1\koa-compose\index.js:44:32)
    at dispatch (D:\workspace\NodeJS\sunrise\node_modules\.npminstall\koa-router\7.0.1\koa-router\lib\router.js:315:32)
    at dispatch (D:\workspace\NodeJS\sunrise\node_modules\.npminstall\koa-compose\3.2.1\koa-compose\index.js:44:32)
    at allowedMethods (D:\workspace\NodeJS\sunrise\node_modules\.npminstall\koa-router\7.0.1\koa-router\lib\router.js:361:12)
    at dispatch (D:\workspace\NodeJS\sunrise\node_modules\.npminstall\koa-compose\3.2.1\koa-compose\index.js:44:32)
    at dispatch (D:\workspace\NodeJS\sunrise\node_modules\.npminstall\koa-router\7.0.1\koa-router\lib\router.js:315:32)
    at dispatch (D:\workspace\NodeJS\sunrise\node_modules\.npminstall\koa-compose\3.2.1\koa-compose\index.js:44:32)
    at allowedMethods (D:\workspace\NodeJS\sunrise\node_modules\.npminstall\koa-router\7.0.1\koa-router\lib\router.js:361:12)
[2017-03-23 14:05:27.121] [ERROR] error - { code: 401, message: '用户未登录' }
[2017-03-23 14:05:27.121] [ERROR] error - UnauthorizedError: 用户未登录
    at Object.throw (D:\workspace\NodeJS\sunrise\node_modules\.npminstall\koa\2.0.0\koa\lib\context.js:91:23)
    at middleware (d:\workspace\NodeJS\sunrise\system\router\ManagerSignRouter.js:39:30)
    at dispatch (D:\workspace\NodeJS\sunrise\node_modules\.npminstall\koa-compose\3.2.1\koa-compose\index.js:44:32)
    at D:\workspace\NodeJS\sunrise\node_modules\.npminstall\koa-router\7.0.1\koa-router\lib\router.js:321:16
    at dispatch (D:\workspace\NodeJS\sunrise\node_modules\.npminstall\koa-compose\3.2.1\koa-compose\index.js:44:32)
    at dispatch (D:\workspace\NodeJS\sunrise\node_modules\.npminstall\koa-router\7.0.1\koa-router\lib\router.js:326:31)
    at dispatch (D:\workspace\NodeJS\sunrise\node_modules\.npminstall\koa-compose\3.2.1\koa-compose\index.js:44:32)
    at allowedMethods (D:\workspace\NodeJS\sunrise\node_modules\.npminstall\koa-router\7.0.1\koa-router\lib\router.js:361:12)
    at dispatch (D:\workspace\NodeJS\sunrise\node_modules\.npminstall\koa-compose\3.2.1\koa-compose\index.js:44:32)
    at dispatch (D:\workspace\NodeJS\sunrise\node_modules\.npminstall\koa-router\7.0.1\koa-router\lib\router.js:315:32)
    at dispatch (D:\workspace\NodeJS\sunrise\node_modules\.npminstall\koa-compose\3.2.1\koa-compose\index.js:44:32)
    at allowedMethods (D:\workspace\NodeJS\sunrise\node_modules\.npminstall\koa-router\7.0.1\koa-router\lib\router.js:361:12)
    at dispatch (D:\workspace\NodeJS\sunrise\node_modules\.npminstall\koa-compose\3.2.1\koa-compose\index.js:44:32)
    at dispatch (D:\workspace\NodeJS\sunrise\node_modules\.npminstall\koa-router\7.0.1\koa-router\lib\router.js:315:32)
    at dispatch (D:\workspace\NodeJS\sunrise\node_modules\.npminstall\koa-compose\3.2.1\koa-compose\index.js:44:32)
    at allowedMethods (D:\workspace\NodeJS\sunrise\node_modules\.npminstall\koa-router\7.0.1\koa-router\lib\router.js:361:12)
    at dispatch (D:\workspace\NodeJS\sunrise\node_modules\.npminstall\koa-compose\3.2.1\koa-compose\index.js:44:32)
    at dispatch (D:\workspace\NodeJS\sunrise\node_modules\.npminstall\koa-router\7.0.1\koa-router\lib\router.js:315:32)
    at dispatch (D:\workspace\NodeJS\sunrise\node_modules\.npminstall\koa-compose\3.2.1\koa-compose\index.js:44:32)
    at allowedMethods (D:\workspace\NodeJS\sunrise\node_modules\.npminstall\koa-router\7.0.1\koa-router\lib\router.js:361:12)
    at dispatch (D:\workspace\NodeJS\sunrise\node_modules\.npminstall\koa-compose\3.2.1\koa-compose\index.js:44:32)
    at dispatch (D:\workspace\NodeJS\sunrise\node_modules\.npminstall\koa-router\7.0.1\koa-router\lib\router.js:315:32)
    at dispatch (D:\workspace\NodeJS\sunrise\node_modules\.npminstall\koa-compose\3.2.1\koa-compose\index.js:44:32)
    at allowedMethods (D:\workspace\NodeJS\sunrise\node_modules\.npminstall\koa-router\7.0.1\koa-router\lib\router.js:361:12)
    at dispatch (D:\workspace\NodeJS\sunrise\node_modules\.npminstall\koa-compose\3.2.1\koa-compose\index.js:44:32)
    at dispatch (D:\workspace\NodeJS\sunrise\node_modules\.npminstall\koa-router\7.0.1\koa-router\lib\router.js:315:32)
    at dispatch (D:\workspace\NodeJS\sunrise\node_modules\.npminstall\koa-compose\3.2.1\koa-compose\index.js:44:32)
    at allowedMethods (D:\workspace\NodeJS\sunrise\node_modules\.npminstall\koa-router\7.0.1\koa-router\lib\router.js:361:12)
[2017-03-23 14:05:37.949] [ERROR] error - { code: 500, message: '用户名密码错误' }
[2017-03-23 14:05:37.949] [ERROR] error - InternalServerError: 用户名密码错误
    at Object.throw (D:\workspace\NodeJS\sunrise\node_modules\.npminstall\koa\2.0.0\koa\lib\context.js:91:23)
    at middleware (d:\workspace\NodeJS\sunrise\system\router\ManagerSignRouter.js:30:30)
[2017-03-23 14:20:12.151] [ERROR] error - { code: 500, message: '用户名密码错误' }
[2017-03-23 14:20:12.151] [ERROR] error - InternalServerError: 用户名密码错误
    at Object.throw (D:\workspace\NodeJS\sunrise\node_modules\.npminstall\koa\2.0.0\koa\lib\context.js:91:23)
    at middleware (d:\workspace\NodeJS\sunrise\system\router\ManagerSignRouter.js:30:30)
[2017-03-23 14:20:16.196] [ERROR] error - { code: 500, message: '用户名密码错误' }
[2017-03-23 14:20:16.196] [ERROR] error - InternalServerError: 用户名密码错误
    at Object.throw (D:\workspace\NodeJS\sunrise\node_modules\.npminstall\koa\2.0.0\koa\lib\context.js:91:23)
    at middleware (d:\workspace\NodeJS\sunrise\system\router\ManagerSignRouter.js:30:30)
