[2017-04-05 08:32:58.586] [ERROR] error - { code: 401, message: '用户未登录' }
[2017-04-05 08:32:58.587] [ERROR] error - UnauthorizedError: 用户未登录
    at Object.throw (D:\workspace\JS\git\peaimage2-manage-server\node_modules\.2.0.0@koa\lib\context.js:91:23)
    at middleware (d:\workspace\JS\git\peaimage2-manage-server\system\router\ManagerSignRouter.js:39:30)
    at dispatch (D:\workspace\JS\git\peaimage2-manage-server\node_modules\.3.2.1@koa-compose\index.js:44:32)
    at D:\workspace\JS\git\peaimage2-manage-server\node_modules\.7.1.0@koa-router\lib\router.js:326:16
    at dispatch (D:\workspace\JS\git\peaimage2-manage-server\node_modules\.3.2.1@koa-compose\index.js:44:32)
    at dispatch (D:\workspace\JS\git\peaimage2-manage-server\node_modules\.7.1.0@koa-router\lib\router.js:331:31)
    at dispatch (D:\workspace\JS\git\peaimage2-manage-server\node_modules\.3.2.1@koa-compose\index.js:44:32)
    at allowedMethods (D:\workspace\JS\git\peaimage2-manage-server\node_modules\.7.1.0@koa-router\lib\router.js:366:12)
    at dispatch (D:\workspace\JS\git\peaimage2-manage-server\node_modules\.3.2.1@koa-compose\index.js:44:32)
    at dispatch (D:\workspace\JS\git\peaimage2-manage-server\node_modules\.7.1.0@koa-router\lib\router.js:317:32)
    at dispatch (D:\workspace\JS\git\peaimage2-manage-server\node_modules\.3.2.1@koa-compose\index.js:44:32)
    at allowedMethods (D:\workspace\JS\git\peaimage2-manage-server\node_modules\.7.1.0@koa-router\lib\router.js:366:12)
    at dispatch (D:\workspace\JS\git\peaimage2-manage-server\node_modules\.3.2.1@koa-compose\index.js:44:32)
    at dispatch (D:\workspace\JS\git\peaimage2-manage-server\node_modules\.7.1.0@koa-router\lib\router.js:317:32)
    at dispatch (D:\workspace\JS\git\peaimage2-manage-server\node_modules\.3.2.1@koa-compose\index.js:44:32)
    at allowedMethods (D:\workspace\JS\git\peaimage2-manage-server\node_modules\.7.1.0@koa-router\lib\router.js:366:12)
    at dispatch (D:\workspace\JS\git\peaimage2-manage-server\node_modules\.3.2.1@koa-compose\index.js:44:32)
    at dispatch (D:\workspace\JS\git\peaimage2-manage-server\node_modules\.7.1.0@koa-router\lib\router.js:317:32)
    at dispatch (D:\workspace\JS\git\peaimage2-manage-server\node_modules\.3.2.1@koa-compose\index.js:44:32)
    at allowedMethods (D:\workspace\JS\git\peaimage2-manage-server\node_modules\.7.1.0@koa-router\lib\router.js:366:12)
    at dispatch (D:\workspace\JS\git\peaimage2-manage-server\node_modules\.3.2.1@koa-compose\index.js:44:32)
    at dispatch (D:\workspace\JS\git\peaimage2-manage-server\node_modules\.7.1.0@koa-router\lib\router.js:317:32)
[2017-04-05 08:34:42.341] [ERROR] error - { code: 401, message: '用户未登录' }
[2017-04-05 08:34:42.342] [ERROR] error - UnauthorizedError: 用户未登录
    at Object.throw (D:\workspace\JS\git\peaimage2-manage-server\node_modules\.2.0.0@koa\lib\context.js:91:23)
    at middleware (d:\workspace\JS\git\peaimage2-manage-server\system\router\ManagerSignRouter.js:39:30)
    at dispatch (D:\workspace\JS\git\peaimage2-manage-server\node_modules\.3.2.1@koa-compose\index.js:44:32)
    at D:\workspace\JS\git\peaimage2-manage-server\node_modules\.7.1.0@koa-router\lib\router.js:326:16
    at dispatch (D:\workspace\JS\git\peaimage2-manage-server\node_modules\.3.2.1@koa-compose\index.js:44:32)
    at dispatch (D:\workspace\JS\git\peaimage2-manage-server\node_modules\.7.1.0@koa-router\lib\router.js:331:31)
    at dispatch (D:\workspace\JS\git\peaimage2-manage-server\node_modules\.3.2.1@koa-compose\index.js:44:32)
    at allowedMethods (D:\workspace\JS\git\peaimage2-manage-server\node_modules\.7.1.0@koa-router\lib\router.js:366:12)
    at dispatch (D:\workspace\JS\git\peaimage2-manage-server\node_modules\.3.2.1@koa-compose\index.js:44:32)
    at dispatch (D:\workspace\JS\git\peaimage2-manage-server\node_modules\.7.1.0@koa-router\lib\router.js:317:32)
    at dispatch (D:\workspace\JS\git\peaimage2-manage-server\node_modules\.3.2.1@koa-compose\index.js:44:32)
    at allowedMethods (D:\workspace\JS\git\peaimage2-manage-server\node_modules\.7.1.0@koa-router\lib\router.js:366:12)
    at dispatch (D:\workspace\JS\git\peaimage2-manage-server\node_modules\.3.2.1@koa-compose\index.js:44:32)
    at dispatch (D:\workspace\JS\git\peaimage2-manage-server\node_modules\.7.1.0@koa-router\lib\router.js:317:32)
    at dispatch (D:\workspace\JS\git\peaimage2-manage-server\node_modules\.3.2.1@koa-compose\index.js:44:32)
    at allowedMethods (D:\workspace\JS\git\peaimage2-manage-server\node_modules\.7.1.0@koa-router\lib\router.js:366:12)
    at dispatch (D:\workspace\JS\git\peaimage2-manage-server\node_modules\.3.2.1@koa-compose\index.js:44:32)
    at dispatch (D:\workspace\JS\git\peaimage2-manage-server\node_modules\.7.1.0@koa-router\lib\router.js:317:32)
    at dispatch (D:\workspace\JS\git\peaimage2-manage-server\node_modules\.3.2.1@koa-compose\index.js:44:32)
    at allowedMethods (D:\workspace\JS\git\peaimage2-manage-server\node_modules\.7.1.0@koa-router\lib\router.js:366:12)
    at dispatch (D:\workspace\JS\git\peaimage2-manage-server\node_modules\.3.2.1@koa-compose\index.js:44:32)
    at dispatch (D:\workspace\JS\git\peaimage2-manage-server\node_modules\.7.1.0@koa-router\lib\router.js:317:32)
[2017-04-05 08:34:46.838] [ERROR] error - { code: 401, message: '用户未登录' }
[2017-04-05 08:34:46.838] [ERROR] error - UnauthorizedError: 用户未登录
    at Object.throw (D:\workspace\JS\git\peaimage2-manage-server\node_modules\.2.0.0@koa\lib\context.js:91:23)
    at middleware (d:\workspace\JS\git\peaimage2-manage-server\system\router\ManagerSignRouter.js:39:30)
    at dispatch (D:\workspace\JS\git\peaimage2-manage-server\node_modules\.3.2.1@koa-compose\index.js:44:32)
    at D:\workspace\JS\git\peaimage2-manage-server\node_modules\.7.1.0@koa-router\lib\router.js:326:16
    at dispatch (D:\workspace\JS\git\peaimage2-manage-server\node_modules\.3.2.1@koa-compose\index.js:44:32)
    at dispatch (D:\workspace\JS\git\peaimage2-manage-server\node_modules\.7.1.0@koa-router\lib\router.js:331:31)
    at dispatch (D:\workspace\JS\git\peaimage2-manage-server\node_modules\.3.2.1@koa-compose\index.js:44:32)
    at allowedMethods (D:\workspace\JS\git\peaimage2-manage-server\node_modules\.7.1.0@koa-router\lib\router.js:366:12)
    at dispatch (D:\workspace\JS\git\peaimage2-manage-server\node_modules\.3.2.1@koa-compose\index.js:44:32)
    at dispatch (D:\workspace\JS\git\peaimage2-manage-server\node_modules\.7.1.0@koa-router\lib\router.js:317:32)
    at dispatch (D:\workspace\JS\git\peaimage2-manage-server\node_modules\.3.2.1@koa-compose\index.js:44:32)
    at allowedMethods (D:\workspace\JS\git\peaimage2-manage-server\node_modules\.7.1.0@koa-router\lib\router.js:366:12)
    at dispatch (D:\workspace\JS\git\peaimage2-manage-server\node_modules\.3.2.1@koa-compose\index.js:44:32)
    at dispatch (D:\workspace\JS\git\peaimage2-manage-server\node_modules\.7.1.0@koa-router\lib\router.js:317:32)
    at dispatch (D:\workspace\JS\git\peaimage2-manage-server\node_modules\.3.2.1@koa-compose\index.js:44:32)
    at allowedMethods (D:\workspace\JS\git\peaimage2-manage-server\node_modules\.7.1.0@koa-router\lib\router.js:366:12)
    at dispatch (D:\workspace\JS\git\peaimage2-manage-server\node_modules\.3.2.1@koa-compose\index.js:44:32)
    at dispatch (D:\workspace\JS\git\peaimage2-manage-server\node_modules\.7.1.0@koa-router\lib\router.js:317:32)
    at dispatch (D:\workspace\JS\git\peaimage2-manage-server\node_modules\.3.2.1@koa-compose\index.js:44:32)
    at allowedMethods (D:\workspace\JS\git\peaimage2-manage-server\node_modules\.7.1.0@koa-router\lib\router.js:366:12)
    at dispatch (D:\workspace\JS\git\peaimage2-manage-server\node_modules\.3.2.1@koa-compose\index.js:44:32)
    at dispatch (D:\workspace\JS\git\peaimage2-manage-server\node_modules\.7.1.0@koa-router\lib\router.js:317:32)
[2017-04-05 09:26:23.214] [ERROR] error - { code: 401, message: '用户未登录' }
[2017-04-05 09:26:23.215] [ERROR] error - UnauthorizedError: 用户未登录
    at Object.throw (D:\workspace\JS\git\peaimage2-manage-server\node_modules\.2.0.0@koa\lib\context.js:91:23)
    at middleware (d:\workspace\JS\git\peaimage2-manage-server\system\router\ManagerSignRouter.js:39:30)
    at dispatch (D:\workspace\JS\git\peaimage2-manage-server\node_modules\.3.2.1@koa-compose\index.js:44:32)
    at D:\workspace\JS\git\peaimage2-manage-server\node_modules\.7.1.0@koa-router\lib\router.js:326:16
    at dispatch (D:\workspace\JS\git\peaimage2-manage-server\node_modules\.3.2.1@koa-compose\index.js:44:32)
    at dispatch (D:\workspace\JS\git\peaimage2-manage-server\node_modules\.7.1.0@koa-router\lib\router.js:331:31)
    at dispatch (D:\workspace\JS\git\peaimage2-manage-server\node_modules\.3.2.1@koa-compose\index.js:44:32)
    at allowedMethods (D:\workspace\JS\git\peaimage2-manage-server\node_modules\.7.1.0@koa-router\lib\router.js:366:12)
    at dispatch (D:\workspace\JS\git\peaimage2-manage-server\node_modules\.3.2.1@koa-compose\index.js:44:32)
    at dispatch (D:\workspace\JS\git\peaimage2-manage-server\node_modules\.7.1.0@koa-router\lib\router.js:317:32)
    at dispatch (D:\workspace\JS\git\peaimage2-manage-server\node_modules\.3.2.1@koa-compose\index.js:44:32)
    at allowedMethods (D:\workspace\JS\git\peaimage2-manage-server\node_modules\.7.1.0@koa-router\lib\router.js:366:12)
    at dispatch (D:\workspace\JS\git\peaimage2-manage-server\node_modules\.3.2.1@koa-compose\index.js:44:32)
    at dispatch (D:\workspace\JS\git\peaimage2-manage-server\node_modules\.7.1.0@koa-router\lib\router.js:317:32)
    at dispatch (D:\workspace\JS\git\peaimage2-manage-server\node_modules\.3.2.1@koa-compose\index.js:44:32)
    at allowedMethods (D:\workspace\JS\git\peaimage2-manage-server\node_modules\.7.1.0@koa-router\lib\router.js:366:12)
    at dispatch (D:\workspace\JS\git\peaimage2-manage-server\node_modules\.3.2.1@koa-compose\index.js:44:32)
    at dispatch (D:\workspace\JS\git\peaimage2-manage-server\node_modules\.7.1.0@koa-router\lib\router.js:317:32)
    at dispatch (D:\workspace\JS\git\peaimage2-manage-server\node_modules\.3.2.1@koa-compose\index.js:44:32)
    at allowedMethods (D:\workspace\JS\git\peaimage2-manage-server\node_modules\.7.1.0@koa-router\lib\router.js:366:12)
    at dispatch (D:\workspace\JS\git\peaimage2-manage-server\node_modules\.3.2.1@koa-compose\index.js:44:32)
    at dispatch (D:\workspace\JS\git\peaimage2-manage-server\node_modules\.7.1.0@koa-router\lib\router.js:317:32)
[2017-04-05 09:26:32.977] [ERROR] error - { code: 401, message: '用户未登录' }
[2017-04-05 09:26:32.977] [ERROR] error - UnauthorizedError: 用户未登录
    at Object.throw (D:\workspace\JS\git\peaimage2-manage-server\node_modules\.2.0.0@koa\lib\context.js:91:23)
    at middleware (d:\workspace\JS\git\peaimage2-manage-server\system\router\ManagerSignRouter.js:39:30)
    at dispatch (D:\workspace\JS\git\peaimage2-manage-server\node_modules\.3.2.1@koa-compose\index.js:44:32)
    at D:\workspace\JS\git\peaimage2-manage-server\node_modules\.7.1.0@koa-router\lib\router.js:326:16
    at dispatch (D:\workspace\JS\git\peaimage2-manage-server\node_modules\.3.2.1@koa-compose\index.js:44:32)
    at dispatch (D:\workspace\JS\git\peaimage2-manage-server\node_modules\.7.1.0@koa-router\lib\router.js:331:31)
    at dispatch (D:\workspace\JS\git\peaimage2-manage-server\node_modules\.3.2.1@koa-compose\index.js:44:32)
    at allowedMethods (D:\workspace\JS\git\peaimage2-manage-server\node_modules\.7.1.0@koa-router\lib\router.js:366:12)
    at dispatch (D:\workspace\JS\git\peaimage2-manage-server\node_modules\.3.2.1@koa-compose\index.js:44:32)
    at dispatch (D:\workspace\JS\git\peaimage2-manage-server\node_modules\.7.1.0@koa-router\lib\router.js:317:32)
    at dispatch (D:\workspace\JS\git\peaimage2-manage-server\node_modules\.3.2.1@koa-compose\index.js:44:32)
    at allowedMethods (D:\workspace\JS\git\peaimage2-manage-server\node_modules\.7.1.0@koa-router\lib\router.js:366:12)
    at dispatch (D:\workspace\JS\git\peaimage2-manage-server\node_modules\.3.2.1@koa-compose\index.js:44:32)
    at dispatch (D:\workspace\JS\git\peaimage2-manage-server\node_modules\.7.1.0@koa-router\lib\router.js:317:32)
    at dispatch (D:\workspace\JS\git\peaimage2-manage-server\node_modules\.3.2.1@koa-compose\index.js:44:32)
    at allowedMethods (D:\workspace\JS\git\peaimage2-manage-server\node_modules\.7.1.0@koa-router\lib\router.js:366:12)
    at dispatch (D:\workspace\JS\git\peaimage2-manage-server\node_modules\.3.2.1@koa-compose\index.js:44:32)
    at dispatch (D:\workspace\JS\git\peaimage2-manage-server\node_modules\.7.1.0@koa-router\lib\router.js:317:32)
    at dispatch (D:\workspace\JS\git\peaimage2-manage-server\node_modules\.3.2.1@koa-compose\index.js:44:32)
    at allowedMethods (D:\workspace\JS\git\peaimage2-manage-server\node_modules\.7.1.0@koa-router\lib\router.js:366:12)
    at dispatch (D:\workspace\JS\git\peaimage2-manage-server\node_modules\.3.2.1@koa-compose\index.js:44:32)
    at dispatch (D:\workspace\JS\git\peaimage2-manage-server\node_modules\.7.1.0@koa-router\lib\router.js:317:32)
[2017-04-05 09:27:29.872] [ERROR] error - { code: 401, message: '用户未登录' }
[2017-04-05 09:27:29.873] [ERROR] error - UnauthorizedError: 用户未登录
    at Object.throw (D:\workspace\JS\git\peaimage2-manage-server\node_modules\.2.0.0@koa\lib\context.js:91:23)
    at middleware (d:\workspace\JS\git\peaimage2-manage-server\system\router\ManagerSignRouter.js:39:30)
    at dispatch (D:\workspace\JS\git\peaimage2-manage-server\node_modules\.3.2.1@koa-compose\index.js:44:32)
    at D:\workspace\JS\git\peaimage2-manage-server\node_modules\.7.1.0@koa-router\lib\router.js:326:16
    at dispatch (D:\workspace\JS\git\peaimage2-manage-server\node_modules\.3.2.1@koa-compose\index.js:44:32)
    at dispatch (D:\workspace\JS\git\peaimage2-manage-server\node_modules\.7.1.0@koa-router\lib\router.js:331:31)
    at dispatch (D:\workspace\JS\git\peaimage2-manage-server\node_modules\.3.2.1@koa-compose\index.js:44:32)
    at allowedMethods (D:\workspace\JS\git\peaimage2-manage-server\node_modules\.7.1.0@koa-router\lib\router.js:366:12)
    at dispatch (D:\workspace\JS\git\peaimage2-manage-server\node_modules\.3.2.1@koa-compose\index.js:44:32)
    at dispatch (D:\workspace\JS\git\peaimage2-manage-server\node_modules\.7.1.0@koa-router\lib\router.js:317:32)
    at dispatch (D:\workspace\JS\git\peaimage2-manage-server\node_modules\.3.2.1@koa-compose\index.js:44:32)
    at allowedMethods (D:\workspace\JS\git\peaimage2-manage-server\node_modules\.7.1.0@koa-router\lib\router.js:366:12)
    at dispatch (D:\workspace\JS\git\peaimage2-manage-server\node_modules\.3.2.1@koa-compose\index.js:44:32)
    at dispatch (D:\workspace\JS\git\peaimage2-manage-server\node_modules\.7.1.0@koa-router\lib\router.js:317:32)
    at dispatch (D:\workspace\JS\git\peaimage2-manage-server\node_modules\.3.2.1@koa-compose\index.js:44:32)
    at allowedMethods (D:\workspace\JS\git\peaimage2-manage-server\node_modules\.7.1.0@koa-router\lib\router.js:366:12)
    at dispatch (D:\workspace\JS\git\peaimage2-manage-server\node_modules\.3.2.1@koa-compose\index.js:44:32)
    at dispatch (D:\workspace\JS\git\peaimage2-manage-server\node_modules\.7.1.0@koa-router\lib\router.js:317:32)
    at dispatch (D:\workspace\JS\git\peaimage2-manage-server\node_modules\.3.2.1@koa-compose\index.js:44:32)
    at allowedMethods (D:\workspace\JS\git\peaimage2-manage-server\node_modules\.7.1.0@koa-router\lib\router.js:366:12)
    at dispatch (D:\workspace\JS\git\peaimage2-manage-server\node_modules\.3.2.1@koa-compose\index.js:44:32)
    at dispatch (D:\workspace\JS\git\peaimage2-manage-server\node_modules\.7.1.0@koa-router\lib\router.js:317:32)
[2017-04-05 09:29:17.208] [ERROR] error - { code: 401, message: '用户未登录' }
[2017-04-05 09:29:17.208] [ERROR] error - UnauthorizedError: 用户未登录
    at Object.throw (D:\workspace\JS\git\peaimage2-manage-server\node_modules\.2.0.0@koa\lib\context.js:91:23)
    at middleware (d:\workspace\JS\git\peaimage2-manage-server\system\router\ManagerSignRouter.js:39:30)
    at dispatch (D:\workspace\JS\git\peaimage2-manage-server\node_modules\.3.2.1@koa-compose\index.js:44:32)
    at D:\workspace\JS\git\peaimage2-manage-server\node_modules\.7.1.0@koa-router\lib\router.js:326:16
    at dispatch (D:\workspace\JS\git\peaimage2-manage-server\node_modules\.3.2.1@koa-compose\index.js:44:32)
    at dispatch (D:\workspace\JS\git\peaimage2-manage-server\node_modules\.7.1.0@koa-router\lib\router.js:331:31)
    at dispatch (D:\workspace\JS\git\peaimage2-manage-server\node_modules\.3.2.1@koa-compose\index.js:44:32)
    at allowedMethods (D:\workspace\JS\git\peaimage2-manage-server\node_modules\.7.1.0@koa-router\lib\router.js:366:12)
    at dispatch (D:\workspace\JS\git\peaimage2-manage-server\node_modules\.3.2.1@koa-compose\index.js:44:32)
    at dispatch (D:\workspace\JS\git\peaimage2-manage-server\node_modules\.7.1.0@koa-router\lib\router.js:317:32)
    at dispatch (D:\workspace\JS\git\peaimage2-manage-server\node_modules\.3.2.1@koa-compose\index.js:44:32)
    at allowedMethods (D:\workspace\JS\git\peaimage2-manage-server\node_modules\.7.1.0@koa-router\lib\router.js:366:12)
    at dispatch (D:\workspace\JS\git\peaimage2-manage-server\node_modules\.3.2.1@koa-compose\index.js:44:32)
    at dispatch (D:\workspace\JS\git\peaimage2-manage-server\node_modules\.7.1.0@koa-router\lib\router.js:317:32)
    at dispatch (D:\workspace\JS\git\peaimage2-manage-server\node_modules\.3.2.1@koa-compose\index.js:44:32)
    at allowedMethods (D:\workspace\JS\git\peaimage2-manage-server\node_modules\.7.1.0@koa-router\lib\router.js:366:12)
    at dispatch (D:\workspace\JS\git\peaimage2-manage-server\node_modules\.3.2.1@koa-compose\index.js:44:32)
    at dispatch (D:\workspace\JS\git\peaimage2-manage-server\node_modules\.7.1.0@koa-router\lib\router.js:317:32)
    at dispatch (D:\workspace\JS\git\peaimage2-manage-server\node_modules\.3.2.1@koa-compose\index.js:44:32)
    at allowedMethods (D:\workspace\JS\git\peaimage2-manage-server\node_modules\.7.1.0@koa-router\lib\router.js:366:12)
    at dispatch (D:\workspace\JS\git\peaimage2-manage-server\node_modules\.3.2.1@koa-compose\index.js:44:32)
    at dispatch (D:\workspace\JS\git\peaimage2-manage-server\node_modules\.7.1.0@koa-router\lib\router.js:317:32)
[2017-04-05 11:10:29.455] [ERROR] error - { code: 401, message: '用户未登录' }
[2017-04-05 11:10:29.456] [ERROR] error - UnauthorizedError: 用户未登录
    at Object.throw (D:\workspace\JS\git\peaimage2-manage-server\node_modules\.2.0.0@koa\lib\context.js:91:23)
    at middleware (d:\workspace\JS\git\peaimage2-manage-server\system\router\ManagerSignRouter.js:39:30)
    at dispatch (D:\workspace\JS\git\peaimage2-manage-server\node_modules\.3.2.1@koa-compose\index.js:44:32)
    at D:\workspace\JS\git\peaimage2-manage-server\node_modules\.7.1.0@koa-router\lib\router.js:326:16
    at dispatch (D:\workspace\JS\git\peaimage2-manage-server\node_modules\.3.2.1@koa-compose\index.js:44:32)
    at dispatch (D:\workspace\JS\git\peaimage2-manage-server\node_modules\.7.1.0@koa-router\lib\router.js:331:31)
    at dispatch (D:\workspace\JS\git\peaimage2-manage-server\node_modules\.3.2.1@koa-compose\index.js:44:32)
    at allowedMethods (D:\workspace\JS\git\peaimage2-manage-server\node_modules\.7.1.0@koa-router\lib\router.js:366:12)
    at dispatch (D:\workspace\JS\git\peaimage2-manage-server\node_modules\.3.2.1@koa-compose\index.js:44:32)
    at dispatch (D:\workspace\JS\git\peaimage2-manage-server\node_modules\.7.1.0@koa-router\lib\router.js:317:32)
    at dispatch (D:\workspace\JS\git\peaimage2-manage-server\node_modules\.3.2.1@koa-compose\index.js:44:32)
    at allowedMethods (D:\workspace\JS\git\peaimage2-manage-server\node_modules\.7.1.0@koa-router\lib\router.js:366:12)
    at dispatch (D:\workspace\JS\git\peaimage2-manage-server\node_modules\.3.2.1@koa-compose\index.js:44:32)
    at dispatch (D:\workspace\JS\git\peaimage2-manage-server\node_modules\.7.1.0@koa-router\lib\router.js:317:32)
    at dispatch (D:\workspace\JS\git\peaimage2-manage-server\node_modules\.3.2.1@koa-compose\index.js:44:32)
    at allowedMethods (D:\workspace\JS\git\peaimage2-manage-server\node_modules\.7.1.0@koa-router\lib\router.js:366:12)
    at dispatch (D:\workspace\JS\git\peaimage2-manage-server\node_modules\.3.2.1@koa-compose\index.js:44:32)
    at dispatch (D:\workspace\JS\git\peaimage2-manage-server\node_modules\.7.1.0@koa-router\lib\router.js:317:32)
    at dispatch (D:\workspace\JS\git\peaimage2-manage-server\node_modules\.3.2.1@koa-compose\index.js:44:32)
    at allowedMethods (D:\workspace\JS\git\peaimage2-manage-server\node_modules\.7.1.0@koa-router\lib\router.js:366:12)
    at dispatch (D:\workspace\JS\git\peaimage2-manage-server\node_modules\.3.2.1@koa-compose\index.js:44:32)
    at dispatch (D:\workspace\JS\git\peaimage2-manage-server\node_modules\.7.1.0@koa-router\lib\router.js:317:32)
[2017-04-05 12:03:27.742] [ERROR] error - { code: 401, message: '用户未登录' }
[2017-04-05 12:03:27.744] [ERROR] error - UnauthorizedError: 用户未登录
    at Object.throw (D:\workspace\JS\git\peaimage2-manage-server\node_modules\.2.0.0@koa\lib\context.js:91:23)
    at middleware (d:\workspace\JS\git\peaimage2-manage-server\system\router\ManagerSignRouter.js:39:30)
    at dispatch (D:\workspace\JS\git\peaimage2-manage-server\node_modules\.3.2.1@koa-compose\index.js:44:32)
    at D:\workspace\JS\git\peaimage2-manage-server\node_modules\.7.1.0@koa-router\lib\router.js:326:16
    at dispatch (D:\workspace\JS\git\peaimage2-manage-server\node_modules\.3.2.1@koa-compose\index.js:44:32)
    at dispatch (D:\workspace\JS\git\peaimage2-manage-server\node_modules\.7.1.0@koa-router\lib\router.js:331:31)
    at dispatch (D:\workspace\JS\git\peaimage2-manage-server\node_modules\.3.2.1@koa-compose\index.js:44:32)
    at allowedMethods (D:\workspace\JS\git\peaimage2-manage-server\node_modules\.7.1.0@koa-router\lib\router.js:366:12)
    at dispatch (D:\workspace\JS\git\peaimage2-manage-server\node_modules\.3.2.1@koa-compose\index.js:44:32)
    at dispatch (D:\workspace\JS\git\peaimage2-manage-server\node_modules\.7.1.0@koa-router\lib\router.js:317:32)
    at dispatch (D:\workspace\JS\git\peaimage2-manage-server\node_modules\.3.2.1@koa-compose\index.js:44:32)
    at allowedMethods (D:\workspace\JS\git\peaimage2-manage-server\node_modules\.7.1.0@koa-router\lib\router.js:366:12)
    at dispatch (D:\workspace\JS\git\peaimage2-manage-server\node_modules\.3.2.1@koa-compose\index.js:44:32)
    at dispatch (D:\workspace\JS\git\peaimage2-manage-server\node_modules\.7.1.0@koa-router\lib\router.js:317:32)
    at dispatch (D:\workspace\JS\git\peaimage2-manage-server\node_modules\.3.2.1@koa-compose\index.js:44:32)
    at allowedMethods (D:\workspace\JS\git\peaimage2-manage-server\node_modules\.7.1.0@koa-router\lib\router.js:366:12)
    at dispatch (D:\workspace\JS\git\peaimage2-manage-server\node_modules\.3.2.1@koa-compose\index.js:44:32)
    at dispatch (D:\workspace\JS\git\peaimage2-manage-server\node_modules\.7.1.0@koa-router\lib\router.js:317:32)
    at dispatch (D:\workspace\JS\git\peaimage2-manage-server\node_modules\.3.2.1@koa-compose\index.js:44:32)
    at allowedMethods (D:\workspace\JS\git\peaimage2-manage-server\node_modules\.7.1.0@koa-router\lib\router.js:366:12)
    at dispatch (D:\workspace\JS\git\peaimage2-manage-server\node_modules\.3.2.1@koa-compose\index.js:44:32)
    at dispatch (D:\workspace\JS\git\peaimage2-manage-server\node_modules\.7.1.0@koa-router\lib\router.js:317:32)
[2017-04-05 15:03:19.958] [ERROR] error - { code: 401, message: '用户未登录' }
[2017-04-05 15:03:19.960] [ERROR] error - UnauthorizedError: 用户未登录
    at Object.throw (D:\workspace\JS\git\peaimage2-manage-server\node_modules\.2.0.0@koa\lib\context.js:91:23)
    at middleware (d:\workspace\JS\git\peaimage2-manage-server\system\router\ManagerSignRouter.js:39:30)
    at dispatch (D:\workspace\JS\git\peaimage2-manage-server\node_modules\.3.2.1@koa-compose\index.js:44:32)
    at D:\workspace\JS\git\peaimage2-manage-server\node_modules\.7.1.0@koa-router\lib\router.js:326:16
    at dispatch (D:\workspace\JS\git\peaimage2-manage-server\node_modules\.3.2.1@koa-compose\index.js:44:32)
    at dispatch (D:\workspace\JS\git\peaimage2-manage-server\node_modules\.7.1.0@koa-router\lib\router.js:331:31)
    at dispatch (D:\workspace\JS\git\peaimage2-manage-server\node_modules\.3.2.1@koa-compose\index.js:44:32)
    at allowedMethods (D:\workspace\JS\git\peaimage2-manage-server\node_modules\.7.1.0@koa-router\lib\router.js:366:12)
    at dispatch (D:\workspace\JS\git\peaimage2-manage-server\node_modules\.3.2.1@koa-compose\index.js:44:32)
    at dispatch (D:\workspace\JS\git\peaimage2-manage-server\node_modules\.7.1.0@koa-router\lib\router.js:317:32)
    at dispatch (D:\workspace\JS\git\peaimage2-manage-server\node_modules\.3.2.1@koa-compose\index.js:44:32)
    at allowedMethods (D:\workspace\JS\git\peaimage2-manage-server\node_modules\.7.1.0@koa-router\lib\router.js:366:12)
    at dispatch (D:\workspace\JS\git\peaimage2-manage-server\node_modules\.3.2.1@koa-compose\index.js:44:32)
    at dispatch (D:\workspace\JS\git\peaimage2-manage-server\node_modules\.7.1.0@koa-router\lib\router.js:317:32)
    at dispatch (D:\workspace\JS\git\peaimage2-manage-server\node_modules\.3.2.1@koa-compose\index.js:44:32)
    at allowedMethods (D:\workspace\JS\git\peaimage2-manage-server\node_modules\.7.1.0@koa-router\lib\router.js:366:12)
    at dispatch (D:\workspace\JS\git\peaimage2-manage-server\node_modules\.3.2.1@koa-compose\index.js:44:32)
    at dispatch (D:\workspace\JS\git\peaimage2-manage-server\node_modules\.7.1.0@koa-router\lib\router.js:317:32)
    at dispatch (D:\workspace\JS\git\peaimage2-manage-server\node_modules\.3.2.1@koa-compose\index.js:44:32)
    at allowedMethods (D:\workspace\JS\git\peaimage2-manage-server\node_modules\.7.1.0@koa-router\lib\router.js:366:12)
    at dispatch (D:\workspace\JS\git\peaimage2-manage-server\node_modules\.3.2.1@koa-compose\index.js:44:32)
    at dispatch (D:\workspace\JS\git\peaimage2-manage-server\node_modules\.7.1.0@koa-router\lib\router.js:317:32)
[2017-04-05 15:37:04.012] [ERROR] error - { code: 500, message: '用户名密码错误' }
[2017-04-05 15:37:04.013] [ERROR] error - InternalServerError: 用户名密码错误
    at Object.throw (D:\workspace\JS\git\peaimage2-manage-server\node_modules\.2.0.0@koa\lib\context.js:91:23)
    at middleware (d:\workspace\JS\git\peaimage2-manage-server\system\router\ManagerSignRouter.js:30:30)
[2017-04-05 15:37:17.417] [ERROR] error - { code: 500, message: '用户名密码错误' }
[2017-04-05 15:37:17.418] [ERROR] error - InternalServerError: 用户名密码错误
    at Object.throw (D:\workspace\JS\git\peaimage2-manage-server\node_modules\.2.0.0@koa\lib\context.js:91:23)
    at middleware (d:\workspace\JS\git\peaimage2-manage-server\system\router\ManagerSignRouter.js:30:30)
[2017-04-05 15:37:48.471] [ERROR] error - { code: 401, message: '用户未登录' }
[2017-04-05 15:37:48.471] [ERROR] error - UnauthorizedError: 用户未登录
    at Object.throw (D:\workspace\JS\git\peaimage2-manage-server\node_modules\.2.0.0@koa\lib\context.js:91:23)
    at middleware (d:\workspace\JS\git\peaimage2-manage-server\system\router\ManagerSignRouter.js:39:30)
    at dispatch (D:\workspace\JS\git\peaimage2-manage-server\node_modules\.3.2.1@koa-compose\index.js:44:32)
    at D:\workspace\JS\git\peaimage2-manage-server\node_modules\.7.1.0@koa-router\lib\router.js:326:16
    at dispatch (D:\workspace\JS\git\peaimage2-manage-server\node_modules\.3.2.1@koa-compose\index.js:44:32)
    at dispatch (D:\workspace\JS\git\peaimage2-manage-server\node_modules\.7.1.0@koa-router\lib\router.js:331:31)
    at dispatch (D:\workspace\JS\git\peaimage2-manage-server\node_modules\.3.2.1@koa-compose\index.js:44:32)
    at allowedMethods (D:\workspace\JS\git\peaimage2-manage-server\node_modules\.7.1.0@koa-router\lib\router.js:366:12)
    at dispatch (D:\workspace\JS\git\peaimage2-manage-server\node_modules\.3.2.1@koa-compose\index.js:44:32)
    at dispatch (D:\workspace\JS\git\peaimage2-manage-server\node_modules\.7.1.0@koa-router\lib\router.js:317:32)
    at dispatch (D:\workspace\JS\git\peaimage2-manage-server\node_modules\.3.2.1@koa-compose\index.js:44:32)
    at allowedMethods (D:\workspace\JS\git\peaimage2-manage-server\node_modules\.7.1.0@koa-router\lib\router.js:366:12)
    at dispatch (D:\workspace\JS\git\peaimage2-manage-server\node_modules\.3.2.1@koa-compose\index.js:44:32)
    at dispatch (D:\workspace\JS\git\peaimage2-manage-server\node_modules\.7.1.0@koa-router\lib\router.js:317:32)
    at dispatch (D:\workspace\JS\git\peaimage2-manage-server\node_modules\.3.2.1@koa-compose\index.js:44:32)
    at allowedMethods (D:\workspace\JS\git\peaimage2-manage-server\node_modules\.7.1.0@koa-router\lib\router.js:366:12)
    at dispatch (D:\workspace\JS\git\peaimage2-manage-server\node_modules\.3.2.1@koa-compose\index.js:44:32)
    at dispatch (D:\workspace\JS\git\peaimage2-manage-server\node_modules\.7.1.0@koa-router\lib\router.js:317:32)
    at dispatch (D:\workspace\JS\git\peaimage2-manage-server\node_modules\.3.2.1@koa-compose\index.js:44:32)
    at allowedMethods (D:\workspace\JS\git\peaimage2-manage-server\node_modules\.7.1.0@koa-router\lib\router.js:366:12)
    at dispatch (D:\workspace\JS\git\peaimage2-manage-server\node_modules\.3.2.1@koa-compose\index.js:44:32)
    at dispatch (D:\workspace\JS\git\peaimage2-manage-server\node_modules\.7.1.0@koa-router\lib\router.js:317:32)
[2017-04-05 17:33:08.143] [ERROR] error - { code: 401, message: '用户未登录' }
[2017-04-05 17:33:08.145] [ERROR] error - UnauthorizedError: 用户未登录
    at Object.throw (D:\workspace\JS\git\peaimage2-manage-server\node_modules\.2.0.0@koa\lib\context.js:91:23)
    at middleware (d:\workspace\JS\git\peaimage2-manage-server\system\router\ManagerSignRouter.js:39:30)
    at dispatch (D:\workspace\JS\git\peaimage2-manage-server\node_modules\.3.2.1@koa-compose\index.js:44:32)
    at D:\workspace\JS\git\peaimage2-manage-server\node_modules\.7.1.0@koa-router\lib\router.js:326:16
    at dispatch (D:\workspace\JS\git\peaimage2-manage-server\node_modules\.3.2.1@koa-compose\index.js:44:32)
    at dispatch (D:\workspace\JS\git\peaimage2-manage-server\node_modules\.7.1.0@koa-router\lib\router.js:331:31)
    at dispatch (D:\workspace\JS\git\peaimage2-manage-server\node_modules\.3.2.1@koa-compose\index.js:44:32)
    at allowedMethods (D:\workspace\JS\git\peaimage2-manage-server\node_modules\.7.1.0@koa-router\lib\router.js:366:12)
    at dispatch (D:\workspace\JS\git\peaimage2-manage-server\node_modules\.3.2.1@koa-compose\index.js:44:32)
    at dispatch (D:\workspace\JS\git\peaimage2-manage-server\node_modules\.7.1.0@koa-router\lib\router.js:317:32)
    at dispatch (D:\workspace\JS\git\peaimage2-manage-server\node_modules\.3.2.1@koa-compose\index.js:44:32)
    at allowedMethods (D:\workspace\JS\git\peaimage2-manage-server\node_modules\.7.1.0@koa-router\lib\router.js:366:12)
    at dispatch (D:\workspace\JS\git\peaimage2-manage-server\node_modules\.3.2.1@koa-compose\index.js:44:32)
    at dispatch (D:\workspace\JS\git\peaimage2-manage-server\node_modules\.7.1.0@koa-router\lib\router.js:317:32)
    at dispatch (D:\workspace\JS\git\peaimage2-manage-server\node_modules\.3.2.1@koa-compose\index.js:44:32)
    at allowedMethods (D:\workspace\JS\git\peaimage2-manage-server\node_modules\.7.1.0@koa-router\lib\router.js:366:12)
    at dispatch (D:\workspace\JS\git\peaimage2-manage-server\node_modules\.3.2.1@koa-compose\index.js:44:32)
    at dispatch (D:\workspace\JS\git\peaimage2-manage-server\node_modules\.7.1.0@koa-router\lib\router.js:317:32)
    at dispatch (D:\workspace\JS\git\peaimage2-manage-server\node_modules\.3.2.1@koa-compose\index.js:44:32)
    at allowedMethods (D:\workspace\JS\git\peaimage2-manage-server\node_modules\.7.1.0@koa-router\lib\router.js:366:12)
    at dispatch (D:\workspace\JS\git\peaimage2-manage-server\node_modules\.3.2.1@koa-compose\index.js:44:32)
    at dispatch (D:\workspace\JS\git\peaimage2-manage-server\node_modules\.7.1.0@koa-router\lib\router.js:317:32)
