[2016-12-06 09:20:58.181] [ERROR] error - { code: 500,
  message: 'ER_BAD_DB_ERROR: Unknown database \'db_account\'' }
[2016-12-06 09:20:58.185] [ERROR] error - { SequelizeBaseError: ER_BAD_DB_ERROR: Unknown database 'db_account'
    at Handshake._callback (d:\workspace\NodeJS\sunrise\node_modules\sequelize\lib\dialects\mysql\connection-manager.js:94:20)
    at Handshake.Sequence.end (d:\workspace\NodeJS\sunrise\node_modules\mysql\lib\protocol\sequences\Sequence.js:86:24)
    at Handshake.ErrorPacket (d:\workspace\NodeJS\sunrise\node_modules\mysql\lib\protocol\sequences\Handshake.js:105:8)
    at Protocol._parsePacket (d:\workspace\NodeJS\sunrise\node_modules\mysql\lib\protocol\Protocol.js:280:23)
    at Parser.write (d:\workspace\NodeJS\sunrise\node_modules\mysql\lib\protocol\Parser.js:74:12)
    at Protocol.write (d:\workspace\NodeJS\sunrise\node_modules\mysql\lib\protocol\Protocol.js:39:16)
    at Socket.<anonymous> (d:\workspace\NodeJS\sunrise\node_modules\mysql\lib\Connection.js:109:28)
    at emitOne (events.js:96:13)
    at Socket.emit (events.js:188:7)
    at readableAddChunk (_stream_readable.js:176:18)
    at TCP.onread (net.js:551:20)
  name: 'SequelizeConnectionError',
  message: 'ER_BAD_DB_ERROR: Unknown database \'db_account\'',
  parent: 
   { Error: ER_BAD_DB_ERROR: Unknown database 'db_account'
       at Handshake.Sequence._packetToError (d:\workspace\NodeJS\sunrise\node_modules\mysql\lib\protocol\sequences\Sequence.js:52:14)
       at Handshake.ErrorPacket (d:\workspace\NodeJS\sunrise\node_modules\mysql\lib\protocol\sequences\Handshake.js:103:18)
       at Protocol._parsePacket (d:\workspace\NodeJS\sunrise\node_modules\mysql\lib\protocol\Protocol.js:280:23)
       at Parser.write (d:\workspace\NodeJS\sunrise\node_modules\mysql\lib\protocol\Parser.js:74:12)
       at Protocol.write (d:\workspace\NodeJS\sunrise\node_modules\mysql\lib\protocol\Protocol.js:39:16)
       at Socket.<anonymous> (d:\workspace\NodeJS\sunrise\node_modules\mysql\lib\Connection.js:109:28)
       at emitOne (events.js:96:13)
       at Socket.emit (events.js:188:7)
       at readableAddChunk (_stream_readable.js:176:18)
       at TCP.onread (net.js:551:20)
       --------------------
       at Protocol._enqueue (d:\workspace\NodeJS\sunrise\node_modules\mysql\lib\protocol\Protocol.js:141:48)
       at Protocol.handshake (d:\workspace\NodeJS\sunrise\node_modules\mysql\lib\protocol\Protocol.js:52:41)
       at Connection.connect (d:\workspace\NodeJS\sunrise\node_modules\mysql\lib\Connection.js:136:18)
       at d:\workspace\NodeJS\sunrise\node_modules\sequelize\lib\dialects\mysql\connection-manager.js:74:16
       at Promise._execute (d:\workspace\NodeJS\sunrise\node_modules\bluebird\js\release\debuggability.js:299:9)
       at Promise._resolveFromExecutor (d:\workspace\NodeJS\sunrise\node_modules\bluebird\js\release\promise.js:481:18)
       at new Promise (d:\workspace\NodeJS\sunrise\node_modules\bluebird\js\release\promise.js:77:14)
       at ConnectionManager.connect (d:\workspace\NodeJS\sunrise\node_modules\sequelize\lib\dialects\mysql\connection-manager.js:55:10)
       at ConnectionManager.<anonymous> (d:\workspace\NodeJS\sunrise\node_modules\sequelize\lib\dialects\abstract\connection-manager.js:247:43)
       at ConnectionManager.tryCatcher (d:\workspace\NodeJS\sunrise\node_modules\bluebird\js\release\util.js:16:23)
       at Promise._settlePromiseFromHandler (d:\workspace\NodeJS\sunrise\node_modules\bluebird\js\release\promise.js:510:31)
       at Promise._settlePromise (d:\workspace\NodeJS\sunrise\node_modules\bluebird\js\release\promise.js:567:18)
       at Promise._settlePromise0 (d:\workspace\NodeJS\sunrise\node_modules\bluebird\js\release\promise.js:612:10)
       at Promise._settlePromises (d:\workspace\NodeJS\sunrise\node_modules\bluebird\js\release\promise.js:691:18)
       at Async._drainQueue (d:\workspace\NodeJS\sunrise\node_modules\bluebird\js\release\async.js:138:16)
       at Async._drainQueues (d:\workspace\NodeJS\sunrise\node_modules\bluebird\js\release\async.js:148:10)
     code: 'ER_BAD_DB_ERROR',
     errno: 1049,
     sqlState: '42000',
     fatal: true },
  original: 
   { Error: ER_BAD_DB_ERROR: Unknown database 'db_account'
       at Handshake.Sequence._packetToError (d:\workspace\NodeJS\sunrise\node_modules\mysql\lib\protocol\sequences\Sequence.js:52:14)
       at Handshake.ErrorPacket (d:\workspace\NodeJS\sunrise\node_modules\mysql\lib\protocol\sequences\Handshake.js:103:18)
       at Protocol._parsePacket (d:\workspace\NodeJS\sunrise\node_modules\mysql\lib\protocol\Protocol.js:280:23)
       at Parser.write (d:\workspace\NodeJS\sunrise\node_modules\mysql\lib\protocol\Parser.js:74:12)
       at Protocol.write (d:\workspace\NodeJS\sunrise\node_modules\mysql\lib\protocol\Protocol.js:39:16)
       at Socket.<anonymous> (d:\workspace\NodeJS\sunrise\node_modules\mysql\lib\Connection.js:109:28)
       at emitOne (events.js:96:13)
       at Socket.emit (events.js:188:7)
       at readableAddChunk (_stream_readable.js:176:18)
       at TCP.onread (net.js:551:20)
       --------------------
       at Protocol._enqueue (d:\workspace\NodeJS\sunrise\node_modules\mysql\lib\protocol\Protocol.js:141:48)
       at Protocol.handshake (d:\workspace\NodeJS\sunrise\node_modules\mysql\lib\protocol\Protocol.js:52:41)
       at Connection.connect (d:\workspace\NodeJS\sunrise\node_modules\mysql\lib\Connection.js:136:18)
       at d:\workspace\NodeJS\sunrise\node_modules\sequelize\lib\dialects\mysql\connection-manager.js:74:16
       at Promise._execute (d:\workspace\NodeJS\sunrise\node_modules\bluebird\js\release\debuggability.js:299:9)
       at Promise._resolveFromExecutor (d:\workspace\NodeJS\sunrise\node_modules\bluebird\js\release\promise.js:481:18)
       at new Promise (d:\workspace\NodeJS\sunrise\node_modules\bluebird\js\release\promise.js:77:14)
       at ConnectionManager.connect (d:\workspace\NodeJS\sunrise\node_modules\sequelize\lib\dialects\mysql\connection-manager.js:55:10)
       at ConnectionManager.<anonymous> (d:\workspace\NodeJS\sunrise\node_modules\sequelize\lib\dialects\abstract\connection-manager.js:247:43)
       at ConnectionManager.tryCatcher (d:\workspace\NodeJS\sunrise\node_modules\bluebird\js\release\util.js:16:23)
       at Promise._settlePromiseFromHandler (d:\workspace\NodeJS\sunrise\node_modules\bluebird\js\release\promise.js:510:31)
       at Promise._settlePromise (d:\workspace\NodeJS\sunrise\node_modules\bluebird\js\release\promise.js:567:18)
       at Promise._settlePromise0 (d:\workspace\NodeJS\sunrise\node_modules\bluebird\js\release\promise.js:612:10)
       at Promise._settlePromises (d:\workspace\NodeJS\sunrise\node_modules\bluebird\js\release\promise.js:691:18)
       at Async._drainQueue (d:\workspace\NodeJS\sunrise\node_modules\bluebird\js\release\async.js:138:16)
       at Async._drainQueues (d:\workspace\NodeJS\sunrise\node_modules\bluebird\js\release\async.js:148:10)
     code: 'ER_BAD_DB_ERROR',
     errno: 1049,
     sqlState: '42000',
     fatal: true } }
[2016-12-06 09:22:17.563] [ERROR] error - { code: 500,
  message: 'ER_PARSE_ERROR: You have an error in your SQL syntax; check the manual that corresponds to your MySQL server version for the right syntax to use near \'\'10\'\' at line 1' }
[2016-12-06 09:22:17.566] [ERROR] error - { SequelizeBaseError: ER_PARSE_ERROR: You have an error in your SQL syntax; check the manual that corresponds to your MySQL server version for the right syntax to use near ''10'' at line 1
    at Query.formatError (d:\workspace\NodeJS\sunrise\node_modules\sequelize\lib\dialects\mysql\query.js:175:14)
    at Query._callback (d:\workspace\NodeJS\sunrise\node_modules\sequelize\lib\dialects\mysql\query.js:49:21)
    at Query.Sequence.end (d:\workspace\NodeJS\sunrise\node_modules\mysql\lib\protocol\sequences\Sequence.js:86:24)
    at Query.ErrorPacket (d:\workspace\NodeJS\sunrise\node_modules\mysql\lib\protocol\sequences\Query.js:94:8)
    at Protocol._parsePacket (d:\workspace\NodeJS\sunrise\node_modules\mysql\lib\protocol\Protocol.js:280:23)
    at Parser.write (d:\workspace\NodeJS\sunrise\node_modules\mysql\lib\protocol\Parser.js:74:12)
    at Protocol.write (d:\workspace\NodeJS\sunrise\node_modules\mysql\lib\protocol\Protocol.js:39:16)
    at Socket.<anonymous> (d:\workspace\NodeJS\sunrise\node_modules\mysql\lib\Connection.js:109:28)
    at emitOne (events.js:96:13)
    at Socket.emit (events.js:188:7)
    at readableAddChunk (_stream_readable.js:176:18)
    at TCP.onread (net.js:551:20)
  name: 'SequelizeDatabaseError',
  message: 'ER_PARSE_ERROR: You have an error in your SQL syntax; check the manual that corresponds to your MySQL server version for the right syntax to use near \'\'10\'\' at line 1',
  parent: 
   { Error: ER_PARSE_ERROR: You have an error in your SQL syntax; check the manual that corresponds to your MySQL server version for the right syntax to use near ''10'' at line 1
       at Query.Sequence._packetToError (d:\workspace\NodeJS\sunrise\node_modules\mysql\lib\protocol\sequences\Sequence.js:52:14)
       at Query.ErrorPacket (d:\workspace\NodeJS\sunrise\node_modules\mysql\lib\protocol\sequences\Query.js:83:18)
       at Protocol._parsePacket (d:\workspace\NodeJS\sunrise\node_modules\mysql\lib\protocol\Protocol.js:280:23)
       at Parser.write (d:\workspace\NodeJS\sunrise\node_modules\mysql\lib\protocol\Parser.js:74:12)
       at Protocol.write (d:\workspace\NodeJS\sunrise\node_modules\mysql\lib\protocol\Protocol.js:39:16)
       at Socket.<anonymous> (d:\workspace\NodeJS\sunrise\node_modules\mysql\lib\Connection.js:109:28)
       at emitOne (events.js:96:13)
       at Socket.emit (events.js:188:7)
       at readableAddChunk (_stream_readable.js:176:18)
       at TCP.onread (net.js:551:20)
       --------------------
       at Protocol._enqueue (d:\workspace\NodeJS\sunrise\node_modules\mysql\lib\protocol\Protocol.js:141:48)
       at Connection.query (d:\workspace\NodeJS\sunrise\node_modules\mysql\lib\Connection.js:214:25)
       at d:\workspace\NodeJS\sunrise\node_modules\sequelize\lib\dialects\mysql\query.js:40:21
       at Promise._execute (d:\workspace\NodeJS\sunrise\node_modules\bluebird\js\release\debuggability.js:299:9)
       at Promise._resolveFromExecutor (d:\workspace\NodeJS\sunrise\node_modules\bluebird\js\release\promise.js:481:18)
       at new Promise (d:\workspace\NodeJS\sunrise\node_modules\bluebird\js\release\promise.js:77:14)
       at Query.run (d:\workspace\NodeJS\sunrise\node_modules\sequelize\lib\dialects\mysql\query.js:39:17)
       at d:\workspace\NodeJS\sunrise\node_modules\sequelize\lib\sequelize.js:849:20
       at d:\workspace\NodeJS\sunrise\node_modules\retry-as-promised\index.js:40:21
       at Promise._execute (d:\workspace\NodeJS\sunrise\node_modules\bluebird\js\release\debuggability.js:299:9)
       at Promise._resolveFromExecutor (d:\workspace\NodeJS\sunrise\node_modules\bluebird\js\release\promise.js:481:18)
       at new Promise (d:\workspace\NodeJS\sunrise\node_modules\bluebird\js\release\promise.js:77:14)
       at retryAsPromised (d:\workspace\NodeJS\sunrise\node_modules\retry-as-promised\index.js:30:10)
       at tryCatcher (d:\workspace\NodeJS\sunrise\node_modules\bluebird\js\release\util.js:16:23)
       at Promise._settlePromiseFromHandler (d:\workspace\NodeJS\sunrise\node_modules\bluebird\js\release\promise.js:510:31)
       at Promise._settlePromise (d:\workspace\NodeJS\sunrise\node_modules\bluebird\js\release\promise.js:567:18)
     code: 'ER_PARSE_ERROR',
     errno: 1064,
     sqlState: '42000',
     index: 0,
     sql: 'SELECT `id_`, `name_`, `age_`, `create_time_` FROM `tb_person` AS `tb_person` LIMIT 0, \'10\';' },
  original: 
   { Error: ER_PARSE_ERROR: You have an error in your SQL syntax; check the manual that corresponds to your MySQL server version for the right syntax to use near ''10'' at line 1
       at Query.Sequence._packetToError (d:\workspace\NodeJS\sunrise\node_modules\mysql\lib\protocol\sequences\Sequence.js:52:14)
       at Query.ErrorPacket (d:\workspace\NodeJS\sunrise\node_modules\mysql\lib\protocol\sequences\Query.js:83:18)
       at Protocol._parsePacket (d:\workspace\NodeJS\sunrise\node_modules\mysql\lib\protocol\Protocol.js:280:23)
       at Parser.write (d:\workspace\NodeJS\sunrise\node_modules\mysql\lib\protocol\Parser.js:74:12)
       at Protocol.write (d:\workspace\NodeJS\sunrise\node_modules\mysql\lib\protocol\Protocol.js:39:16)
       at Socket.<anonymous> (d:\workspace\NodeJS\sunrise\node_modules\mysql\lib\Connection.js:109:28)
       at emitOne (events.js:96:13)
       at Socket.emit (events.js:188:7)
       at readableAddChunk (_stream_readable.js:176:18)
       at TCP.onread (net.js:551:20)
       --------------------
       at Protocol._enqueue (d:\workspace\NodeJS\sunrise\node_modules\mysql\lib\protocol\Protocol.js:141:48)
       at Connection.query (d:\workspace\NodeJS\sunrise\node_modules\mysql\lib\Connection.js:214:25)
       at d:\workspace\NodeJS\sunrise\node_modules\sequelize\lib\dialects\mysql\query.js:40:21
       at Promise._execute (d:\workspace\NodeJS\sunrise\node_modules\bluebird\js\release\debuggability.js:299:9)
       at Promise._resolveFromExecutor (d:\workspace\NodeJS\sunrise\node_modules\bluebird\js\release\promise.js:481:18)
       at new Promise (d:\workspace\NodeJS\sunrise\node_modules\bluebird\js\release\promise.js:77:14)
       at Query.run (d:\workspace\NodeJS\sunrise\node_modules\sequelize\lib\dialects\mysql\query.js:39:17)
       at d:\workspace\NodeJS\sunrise\node_modules\sequelize\lib\sequelize.js:849:20
       at d:\workspace\NodeJS\sunrise\node_modules\retry-as-promised\index.js:40:21
       at Promise._execute (d:\workspace\NodeJS\sunrise\node_modules\bluebird\js\release\debuggability.js:299:9)
       at Promise._resolveFromExecutor (d:\workspace\NodeJS\sunrise\node_modules\bluebird\js\release\promise.js:481:18)
       at new Promise (d:\workspace\NodeJS\sunrise\node_modules\bluebird\js\release\promise.js:77:14)
       at retryAsPromised (d:\workspace\NodeJS\sunrise\node_modules\retry-as-promised\index.js:30:10)
       at tryCatcher (d:\workspace\NodeJS\sunrise\node_modules\bluebird\js\release\util.js:16:23)
       at Promise._settlePromiseFromHandler (d:\workspace\NodeJS\sunrise\node_modules\bluebird\js\release\promise.js:510:31)
       at Promise._settlePromise (d:\workspace\NodeJS\sunrise\node_modules\bluebird\js\release\promise.js:567:18)
     code: 'ER_PARSE_ERROR',
     errno: 1064,
     sqlState: '42000',
     index: 0,
     sql: 'SELECT `id_`, `name_`, `age_`, `create_time_` FROM `tb_person` AS `tb_person` LIMIT 0, \'10\';' },
  sql: 'SELECT `id_`, `name_`, `age_`, `create_time_` FROM `tb_person` AS `tb_person` LIMIT 0, \'10\';' }
[2016-12-06 09:23:12.468] [ERROR] error - { code: 500,
  message: 'ER_PARSE_ERROR: You have an error in your SQL syntax; check the manual that corresponds to your MySQL server version for the right syntax to use near \'\'10\'\' at line 1' }
[2016-12-06 09:23:12.470] [ERROR] error - { SequelizeBaseError: ER_PARSE_ERROR: You have an error in your SQL syntax; check the manual that corresponds to your MySQL server version for the right syntax to use near ''10'' at line 1
    at Query.formatError (d:\workspace\NodeJS\sunrise\node_modules\sequelize\lib\dialects\mysql\query.js:175:14)
    at Query._callback (d:\workspace\NodeJS\sunrise\node_modules\sequelize\lib\dialects\mysql\query.js:49:21)
    at Query.Sequence.end (d:\workspace\NodeJS\sunrise\node_modules\mysql\lib\protocol\sequences\Sequence.js:86:24)
    at Query.ErrorPacket (d:\workspace\NodeJS\sunrise\node_modules\mysql\lib\protocol\sequences\Query.js:94:8)
    at Protocol._parsePacket (d:\workspace\NodeJS\sunrise\node_modules\mysql\lib\protocol\Protocol.js:280:23)
    at Parser.write (d:\workspace\NodeJS\sunrise\node_modules\mysql\lib\protocol\Parser.js:74:12)
    at Protocol.write (d:\workspace\NodeJS\sunrise\node_modules\mysql\lib\protocol\Protocol.js:39:16)
    at Socket.<anonymous> (d:\workspace\NodeJS\sunrise\node_modules\mysql\lib\Connection.js:109:28)
    at emitOne (events.js:96:13)
    at Socket.emit (events.js:188:7)
    at readableAddChunk (_stream_readable.js:176:18)
    at TCP.onread (net.js:551:20)
  name: 'SequelizeDatabaseError',
  message: 'ER_PARSE_ERROR: You have an error in your SQL syntax; check the manual that corresponds to your MySQL server version for the right syntax to use near \'\'10\'\' at line 1',
  parent: 
   { Error: ER_PARSE_ERROR: You have an error in your SQL syntax; check the manual that corresponds to your MySQL server version for the right syntax to use near ''10'' at line 1
       at Query.Sequence._packetToError (d:\workspace\NodeJS\sunrise\node_modules\mysql\lib\protocol\sequences\Sequence.js:52:14)
       at Query.ErrorPacket (d:\workspace\NodeJS\sunrise\node_modules\mysql\lib\protocol\sequences\Query.js:83:18)
       at Protocol._parsePacket (d:\workspace\NodeJS\sunrise\node_modules\mysql\lib\protocol\Protocol.js:280:23)
       at Parser.write (d:\workspace\NodeJS\sunrise\node_modules\mysql\lib\protocol\Parser.js:74:12)
       at Protocol.write (d:\workspace\NodeJS\sunrise\node_modules\mysql\lib\protocol\Protocol.js:39:16)
       at Socket.<anonymous> (d:\workspace\NodeJS\sunrise\node_modules\mysql\lib\Connection.js:109:28)
       at emitOne (events.js:96:13)
       at Socket.emit (events.js:188:7)
       at readableAddChunk (_stream_readable.js:176:18)
       at TCP.onread (net.js:551:20)
       --------------------
       at Protocol._enqueue (d:\workspace\NodeJS\sunrise\node_modules\mysql\lib\protocol\Protocol.js:141:48)
       at Connection.query (d:\workspace\NodeJS\sunrise\node_modules\mysql\lib\Connection.js:214:25)
       at d:\workspace\NodeJS\sunrise\node_modules\sequelize\lib\dialects\mysql\query.js:40:21
       at Promise._execute (d:\workspace\NodeJS\sunrise\node_modules\bluebird\js\release\debuggability.js:299:9)
       at Promise._resolveFromExecutor (d:\workspace\NodeJS\sunrise\node_modules\bluebird\js\release\promise.js:481:18)
       at new Promise (d:\workspace\NodeJS\sunrise\node_modules\bluebird\js\release\promise.js:77:14)
       at Query.run (d:\workspace\NodeJS\sunrise\node_modules\sequelize\lib\dialects\mysql\query.js:39:17)
       at d:\workspace\NodeJS\sunrise\node_modules\sequelize\lib\sequelize.js:849:20
       at d:\workspace\NodeJS\sunrise\node_modules\retry-as-promised\index.js:40:21
       at Promise._execute (d:\workspace\NodeJS\sunrise\node_modules\bluebird\js\release\debuggability.js:299:9)
       at Promise._resolveFromExecutor (d:\workspace\NodeJS\sunrise\node_modules\bluebird\js\release\promise.js:481:18)
       at new Promise (d:\workspace\NodeJS\sunrise\node_modules\bluebird\js\release\promise.js:77:14)
       at retryAsPromised (d:\workspace\NodeJS\sunrise\node_modules\retry-as-promised\index.js:30:10)
       at tryCatcher (d:\workspace\NodeJS\sunrise\node_modules\bluebird\js\release\util.js:16:23)
       at Promise._settlePromiseFromHandler (d:\workspace\NodeJS\sunrise\node_modules\bluebird\js\release\promise.js:510:31)
       at Promise._settlePromise (d:\workspace\NodeJS\sunrise\node_modules\bluebird\js\release\promise.js:567:18)
     code: 'ER_PARSE_ERROR',
     errno: 1064,
     sqlState: '42000',
     index: 0,
     sql: 'SELECT `id_`, `name_`, `age_`, `create_time_` FROM `tb_person` AS `tb_person` LIMIT 0, \'10\';' },
  original: 
   { Error: ER_PARSE_ERROR: You have an error in your SQL syntax; check the manual that corresponds to your MySQL server version for the right syntax to use near ''10'' at line 1
       at Query.Sequence._packetToError (d:\workspace\NodeJS\sunrise\node_modules\mysql\lib\protocol\sequences\Sequence.js:52:14)
       at Query.ErrorPacket (d:\workspace\NodeJS\sunrise\node_modules\mysql\lib\protocol\sequences\Query.js:83:18)
       at Protocol._parsePacket (d:\workspace\NodeJS\sunrise\node_modules\mysql\lib\protocol\Protocol.js:280:23)
       at Parser.write (d:\workspace\NodeJS\sunrise\node_modules\mysql\lib\protocol\Parser.js:74:12)
       at Protocol.write (d:\workspace\NodeJS\sunrise\node_modules\mysql\lib\protocol\Protocol.js:39:16)
       at Socket.<anonymous> (d:\workspace\NodeJS\sunrise\node_modules\mysql\lib\Connection.js:109:28)
       at emitOne (events.js:96:13)
       at Socket.emit (events.js:188:7)
       at readableAddChunk (_stream_readable.js:176:18)
       at TCP.onread (net.js:551:20)
       --------------------
       at Protocol._enqueue (d:\workspace\NodeJS\sunrise\node_modules\mysql\lib\protocol\Protocol.js:141:48)
       at Connection.query (d:\workspace\NodeJS\sunrise\node_modules\mysql\lib\Connection.js:214:25)
       at d:\workspace\NodeJS\sunrise\node_modules\sequelize\lib\dialects\mysql\query.js:40:21
       at Promise._execute (d:\workspace\NodeJS\sunrise\node_modules\bluebird\js\release\debuggability.js:299:9)
       at Promise._resolveFromExecutor (d:\workspace\NodeJS\sunrise\node_modules\bluebird\js\release\promise.js:481:18)
       at new Promise (d:\workspace\NodeJS\sunrise\node_modules\bluebird\js\release\promise.js:77:14)
       at Query.run (d:\workspace\NodeJS\sunrise\node_modules\sequelize\lib\dialects\mysql\query.js:39:17)
       at d:\workspace\NodeJS\sunrise\node_modules\sequelize\lib\sequelize.js:849:20
       at d:\workspace\NodeJS\sunrise\node_modules\retry-as-promised\index.js:40:21
       at Promise._execute (d:\workspace\NodeJS\sunrise\node_modules\bluebird\js\release\debuggability.js:299:9)
       at Promise._resolveFromExecutor (d:\workspace\NodeJS\sunrise\node_modules\bluebird\js\release\promise.js:481:18)
       at new Promise (d:\workspace\NodeJS\sunrise\node_modules\bluebird\js\release\promise.js:77:14)
       at retryAsPromised (d:\workspace\NodeJS\sunrise\node_modules\retry-as-promised\index.js:30:10)
       at tryCatcher (d:\workspace\NodeJS\sunrise\node_modules\bluebird\js\release\util.js:16:23)
       at Promise._settlePromiseFromHandler (d:\workspace\NodeJS\sunrise\node_modules\bluebird\js\release\promise.js:510:31)
       at Promise._settlePromise (d:\workspace\NodeJS\sunrise\node_modules\bluebird\js\release\promise.js:567:18)
     code: 'ER_PARSE_ERROR',
     errno: 1064,
     sqlState: '42000',
     index: 0,
     sql: 'SELECT `id_`, `name_`, `age_`, `create_time_` FROM `tb_person` AS `tb_person` LIMIT 0, \'10\';' },
  sql: 'SELECT `id_`, `name_`, `age_`, `create_time_` FROM `tb_person` AS `tb_person` LIMIT 0, \'10\';' }
[2016-12-06 09:30:57.168] [ERROR] error - { code: 500, message: '用户未登录' }
[2016-12-06 09:30:57.171] [ERROR] error - InternalServerError: 用户未登录
    at Object.throw (D:\workspace\NodeJS\sunrise\node_modules\.npminstall\koa\2.0.0\koa\lib\context.js:91:23)
    at app.use (d:\workspace\NodeJS\sunrise\middlewares\LoginedChecker.js:7:22)
    at dispatch (D:\workspace\NodeJS\sunrise\node_modules\.npminstall\koa-compose\3.2.1\koa-compose\index.js:44:32)
    at d:\workspace\NodeJS\sunrise\middlewares\responseWrapper.js:26:19
    at dispatch (D:\workspace\NodeJS\sunrise\node_modules\.npminstall\koa-compose\3.2.1\koa-compose\index.js:44:32)
    at app.use (d:\workspace\NodeJS\sunrise\middlewares\logger.js:6:15)
    at dispatch (D:\workspace\NodeJS\sunrise\node_modules\.npminstall\koa-compose\3.2.1\koa-compose\index.js:44:32)
    at d:\workspace\NodeJS\sunrise\middlewares\memorySession.js:17:15
    at dispatch (D:\workspace\NodeJS\sunrise\node_modules\.npminstall\koa-compose\3.2.1\koa-compose\index.js:44:32)
[2016-12-06 09:30:59.078] [ERROR] error - { code: 500, message: '用户未登录' }
[2016-12-06 09:30:59.078] [ERROR] error - InternalServerError: 用户未登录
    at Object.throw (D:\workspace\NodeJS\sunrise\node_modules\.npminstall\koa\2.0.0\koa\lib\context.js:91:23)
    at app.use (d:\workspace\NodeJS\sunrise\middlewares\LoginedChecker.js:7:22)
    at dispatch (D:\workspace\NodeJS\sunrise\node_modules\.npminstall\koa-compose\3.2.1\koa-compose\index.js:44:32)
    at d:\workspace\NodeJS\sunrise\middlewares\responseWrapper.js:26:19
    at dispatch (D:\workspace\NodeJS\sunrise\node_modules\.npminstall\koa-compose\3.2.1\koa-compose\index.js:44:32)
    at app.use (d:\workspace\NodeJS\sunrise\middlewares\logger.js:6:15)
    at dispatch (D:\workspace\NodeJS\sunrise\node_modules\.npminstall\koa-compose\3.2.1\koa-compose\index.js:44:32)
    at d:\workspace\NodeJS\sunrise\middlewares\memorySession.js:17:15
    at dispatch (D:\workspace\NodeJS\sunrise\node_modules\.npminstall\koa-compose\3.2.1\koa-compose\index.js:44:32)
[2016-12-06 09:32:22.407] [ERROR] error - { code: 500, message: '用户未登录' }
[2016-12-06 09:32:22.411] [ERROR] error - InternalServerError: 用户未登录
    at Object.throw (D:\workspace\NodeJS\sunrise\node_modules\.npminstall\koa\2.0.0\koa\lib\context.js:91:23)
    at app.use (d:\workspace\NodeJS\sunrise\middlewares\LoginedChecker.js:7:22)
    at dispatch (D:\workspace\NodeJS\sunrise\node_modules\.npminstall\koa-compose\3.2.1\koa-compose\index.js:44:32)
    at d:\workspace\NodeJS\sunrise\middlewares\responseWrapper.js:26:19
    at dispatch (D:\workspace\NodeJS\sunrise\node_modules\.npminstall\koa-compose\3.2.1\koa-compose\index.js:44:32)
    at app.use (d:\workspace\NodeJS\sunrise\middlewares\logger.js:6:15)
    at dispatch (D:\workspace\NodeJS\sunrise\node_modules\.npminstall\koa-compose\3.2.1\koa-compose\index.js:44:32)
    at d:\workspace\NodeJS\sunrise\middlewares\memorySession.js:17:15
    at dispatch (D:\workspace\NodeJS\sunrise\node_modules\.npminstall\koa-compose\3.2.1\koa-compose\index.js:44:32)
[2016-12-06 09:32:35.351] [ERROR] error - { code: 500, message: '用户未登录' }
[2016-12-06 09:32:35.356] [ERROR] error - InternalServerError: 用户未登录
    at Object.throw (D:\workspace\NodeJS\sunrise\node_modules\.npminstall\koa\2.0.0\koa\lib\context.js:91:23)
    at app.use (d:\workspace\NodeJS\sunrise\middlewares\LoginedChecker.js:7:22)
    at dispatch (D:\workspace\NodeJS\sunrise\node_modules\.npminstall\koa-compose\3.2.1\koa-compose\index.js:44:32)
    at d:\workspace\NodeJS\sunrise\middlewares\responseWrapper.js:26:19
    at dispatch (D:\workspace\NodeJS\sunrise\node_modules\.npminstall\koa-compose\3.2.1\koa-compose\index.js:44:32)
    at app.use (d:\workspace\NodeJS\sunrise\middlewares\logger.js:6:15)
    at dispatch (D:\workspace\NodeJS\sunrise\node_modules\.npminstall\koa-compose\3.2.1\koa-compose\index.js:44:32)
    at d:\workspace\NodeJS\sunrise\middlewares\memorySession.js:17:15
    at dispatch (D:\workspace\NodeJS\sunrise\node_modules\.npminstall\koa-compose\3.2.1\koa-compose\index.js:44:32)
[2016-12-06 09:34:09.256] [ERROR] error - { code: 400, message: '用户未登录' }
[2016-12-06 09:34:09.259] [ERROR] error - BadRequestError: 用户未登录
    at Object.throw (D:\workspace\NodeJS\sunrise\node_modules\.npminstall\koa\2.0.0\koa\lib\context.js:91:23)
    at app.use (d:\workspace\NodeJS\sunrise\middlewares\LoginedChecker.js:7:22)
    at dispatch (D:\workspace\NodeJS\sunrise\node_modules\.npminstall\koa-compose\3.2.1\koa-compose\index.js:44:32)
    at d:\workspace\NodeJS\sunrise\middlewares\responseWrapper.js:26:19
    at dispatch (D:\workspace\NodeJS\sunrise\node_modules\.npminstall\koa-compose\3.2.1\koa-compose\index.js:44:32)
    at app.use (d:\workspace\NodeJS\sunrise\middlewares\logger.js:6:15)
    at dispatch (D:\workspace\NodeJS\sunrise\node_modules\.npminstall\koa-compose\3.2.1\koa-compose\index.js:44:32)
    at d:\workspace\NodeJS\sunrise\middlewares\memorySession.js:17:15
    at dispatch (D:\workspace\NodeJS\sunrise\node_modules\.npminstall\koa-compose\3.2.1\koa-compose\index.js:44:32)
[2016-12-06 09:34:10.349] [ERROR] error - { code: 400, message: '用户未登录' }
[2016-12-06 09:34:10.350] [ERROR] error - BadRequestError: 用户未登录
    at Object.throw (D:\workspace\NodeJS\sunrise\node_modules\.npminstall\koa\2.0.0\koa\lib\context.js:91:23)
    at app.use (d:\workspace\NodeJS\sunrise\middlewares\LoginedChecker.js:7:22)
    at dispatch (D:\workspace\NodeJS\sunrise\node_modules\.npminstall\koa-compose\3.2.1\koa-compose\index.js:44:32)
    at d:\workspace\NodeJS\sunrise\middlewares\responseWrapper.js:26:19
    at dispatch (D:\workspace\NodeJS\sunrise\node_modules\.npminstall\koa-compose\3.2.1\koa-compose\index.js:44:32)
    at app.use (d:\workspace\NodeJS\sunrise\middlewares\logger.js:6:15)
    at dispatch (D:\workspace\NodeJS\sunrise\node_modules\.npminstall\koa-compose\3.2.1\koa-compose\index.js:44:32)
    at d:\workspace\NodeJS\sunrise\middlewares\memorySession.js:17:15
    at dispatch (D:\workspace\NodeJS\sunrise\node_modules\.npminstall\koa-compose\3.2.1\koa-compose\index.js:44:32)
[2016-12-06 09:34:10.973] [ERROR] error - { code: 400, message: '用户未登录' }
[2016-12-06 09:34:10.973] [ERROR] error - BadRequestError: 用户未登录
    at Object.throw (D:\workspace\NodeJS\sunrise\node_modules\.npminstall\koa\2.0.0\koa\lib\context.js:91:23)
    at app.use (d:\workspace\NodeJS\sunrise\middlewares\LoginedChecker.js:7:22)
    at dispatch (D:\workspace\NodeJS\sunrise\node_modules\.npminstall\koa-compose\3.2.1\koa-compose\index.js:44:32)
    at d:\workspace\NodeJS\sunrise\middlewares\responseWrapper.js:26:19
    at dispatch (D:\workspace\NodeJS\sunrise\node_modules\.npminstall\koa-compose\3.2.1\koa-compose\index.js:44:32)
    at app.use (d:\workspace\NodeJS\sunrise\middlewares\logger.js:6:15)
    at dispatch (D:\workspace\NodeJS\sunrise\node_modules\.npminstall\koa-compose\3.2.1\koa-compose\index.js:44:32)
    at d:\workspace\NodeJS\sunrise\middlewares\memorySession.js:17:15
    at dispatch (D:\workspace\NodeJS\sunrise\node_modules\.npminstall\koa-compose\3.2.1\koa-compose\index.js:44:32)
[2016-12-06 09:34:11.212] [ERROR] error - { code: 400, message: '用户未登录' }
[2016-12-06 09:34:11.212] [ERROR] error - BadRequestError: 用户未登录
    at Object.throw (D:\workspace\NodeJS\sunrise\node_modules\.npminstall\koa\2.0.0\koa\lib\context.js:91:23)
    at app.use (d:\workspace\NodeJS\sunrise\middlewares\LoginedChecker.js:7:22)
    at dispatch (D:\workspace\NodeJS\sunrise\node_modules\.npminstall\koa-compose\3.2.1\koa-compose\index.js:44:32)
    at d:\workspace\NodeJS\sunrise\middlewares\responseWrapper.js:26:19
    at dispatch (D:\workspace\NodeJS\sunrise\node_modules\.npminstall\koa-compose\3.2.1\koa-compose\index.js:44:32)
    at app.use (d:\workspace\NodeJS\sunrise\middlewares\logger.js:6:15)
    at dispatch (D:\workspace\NodeJS\sunrise\node_modules\.npminstall\koa-compose\3.2.1\koa-compose\index.js:44:32)
    at d:\workspace\NodeJS\sunrise\middlewares\memorySession.js:17:15
    at dispatch (D:\workspace\NodeJS\sunrise\node_modules\.npminstall\koa-compose\3.2.1\koa-compose\index.js:44:32)
[2016-12-06 09:34:11.419] [ERROR] error - { code: 400, message: '用户未登录' }
[2016-12-06 09:34:11.421] [ERROR] error - BadRequestError: 用户未登录
    at Object.throw (D:\workspace\NodeJS\sunrise\node_modules\.npminstall\koa\2.0.0\koa\lib\context.js:91:23)
    at app.use (d:\workspace\NodeJS\sunrise\middlewares\LoginedChecker.js:7:22)
    at dispatch (D:\workspace\NodeJS\sunrise\node_modules\.npminstall\koa-compose\3.2.1\koa-compose\index.js:44:32)
    at d:\workspace\NodeJS\sunrise\middlewares\responseWrapper.js:26:19
    at dispatch (D:\workspace\NodeJS\sunrise\node_modules\.npminstall\koa-compose\3.2.1\koa-compose\index.js:44:32)
    at app.use (d:\workspace\NodeJS\sunrise\middlewares\logger.js:6:15)
    at dispatch (D:\workspace\NodeJS\sunrise\node_modules\.npminstall\koa-compose\3.2.1\koa-compose\index.js:44:32)
    at d:\workspace\NodeJS\sunrise\middlewares\memorySession.js:17:15
    at dispatch (D:\workspace\NodeJS\sunrise\node_modules\.npminstall\koa-compose\3.2.1\koa-compose\index.js:44:32)
[2016-12-06 09:34:11.619] [ERROR] error - { code: 400, message: '用户未登录' }
[2016-12-06 09:34:11.619] [ERROR] error - BadRequestError: 用户未登录
    at Object.throw (D:\workspace\NodeJS\sunrise\node_modules\.npminstall\koa\2.0.0\koa\lib\context.js:91:23)
    at app.use (d:\workspace\NodeJS\sunrise\middlewares\LoginedChecker.js:7:22)
    at dispatch (D:\workspace\NodeJS\sunrise\node_modules\.npminstall\koa-compose\3.2.1\koa-compose\index.js:44:32)
    at d:\workspace\NodeJS\sunrise\middlewares\responseWrapper.js:26:19
    at dispatch (D:\workspace\NodeJS\sunrise\node_modules\.npminstall\koa-compose\3.2.1\koa-compose\index.js:44:32)
    at app.use (d:\workspace\NodeJS\sunrise\middlewares\logger.js:6:15)
    at dispatch (D:\workspace\NodeJS\sunrise\node_modules\.npminstall\koa-compose\3.2.1\koa-compose\index.js:44:32)
    at d:\workspace\NodeJS\sunrise\middlewares\memorySession.js:17:15
    at dispatch (D:\workspace\NodeJS\sunrise\node_modules\.npminstall\koa-compose\3.2.1\koa-compose\index.js:44:32)
[2016-12-06 09:34:11.828] [ERROR] error - { code: 400, message: '用户未登录' }
[2016-12-06 09:34:11.828] [ERROR] error - BadRequestError: 用户未登录
    at Object.throw (D:\workspace\NodeJS\sunrise\node_modules\.npminstall\koa\2.0.0\koa\lib\context.js:91:23)
    at app.use (d:\workspace\NodeJS\sunrise\middlewares\LoginedChecker.js:7:22)
    at dispatch (D:\workspace\NodeJS\sunrise\node_modules\.npminstall\koa-compose\3.2.1\koa-compose\index.js:44:32)
    at d:\workspace\NodeJS\sunrise\middlewares\responseWrapper.js:26:19
    at dispatch (D:\workspace\NodeJS\sunrise\node_modules\.npminstall\koa-compose\3.2.1\koa-compose\index.js:44:32)
    at app.use (d:\workspace\NodeJS\sunrise\middlewares\logger.js:6:15)
    at dispatch (D:\workspace\NodeJS\sunrise\node_modules\.npminstall\koa-compose\3.2.1\koa-compose\index.js:44:32)
    at d:\workspace\NodeJS\sunrise\middlewares\memorySession.js:17:15
    at dispatch (D:\workspace\NodeJS\sunrise\node_modules\.npminstall\koa-compose\3.2.1\koa-compose\index.js:44:32)
[2016-12-06 09:34:12.421] [ERROR] error - { code: 400, message: '用户未登录' }
[2016-12-06 09:34:12.421] [ERROR] error - BadRequestError: 用户未登录
    at Object.throw (D:\workspace\NodeJS\sunrise\node_modules\.npminstall\koa\2.0.0\koa\lib\context.js:91:23)
    at app.use (d:\workspace\NodeJS\sunrise\middlewares\LoginedChecker.js:7:22)
    at dispatch (D:\workspace\NodeJS\sunrise\node_modules\.npminstall\koa-compose\3.2.1\koa-compose\index.js:44:32)
    at d:\workspace\NodeJS\sunrise\middlewares\responseWrapper.js:26:19
    at dispatch (D:\workspace\NodeJS\sunrise\node_modules\.npminstall\koa-compose\3.2.1\koa-compose\index.js:44:32)
    at app.use (d:\workspace\NodeJS\sunrise\middlewares\logger.js:6:15)
    at dispatch (D:\workspace\NodeJS\sunrise\node_modules\.npminstall\koa-compose\3.2.1\koa-compose\index.js:44:32)
    at d:\workspace\NodeJS\sunrise\middlewares\memorySession.js:17:15
    at dispatch (D:\workspace\NodeJS\sunrise\node_modules\.npminstall\koa-compose\3.2.1\koa-compose\index.js:44:32)
[2016-12-06 09:34:12.662] [ERROR] error - { code: 400, message: '用户未登录' }
[2016-12-06 09:34:12.663] [ERROR] error - BadRequestError: 用户未登录
    at Object.throw (D:\workspace\NodeJS\sunrise\node_modules\.npminstall\koa\2.0.0\koa\lib\context.js:91:23)
    at app.use (d:\workspace\NodeJS\sunrise\middlewares\LoginedChecker.js:7:22)
    at dispatch (D:\workspace\NodeJS\sunrise\node_modules\.npminstall\koa-compose\3.2.1\koa-compose\index.js:44:32)
    at d:\workspace\NodeJS\sunrise\middlewares\responseWrapper.js:26:19
    at dispatch (D:\workspace\NodeJS\sunrise\node_modules\.npminstall\koa-compose\3.2.1\koa-compose\index.js:44:32)
    at app.use (d:\workspace\NodeJS\sunrise\middlewares\logger.js:6:15)
    at dispatch (D:\workspace\NodeJS\sunrise\node_modules\.npminstall\koa-compose\3.2.1\koa-compose\index.js:44:32)
    at d:\workspace\NodeJS\sunrise\middlewares\memorySession.js:17:15
    at dispatch (D:\workspace\NodeJS\sunrise\node_modules\.npminstall\koa-compose\3.2.1\koa-compose\index.js:44:32)
[2016-12-06 09:34:12.930] [ERROR] error - { code: 400, message: '用户未登录' }
[2016-12-06 09:34:12.930] [ERROR] error - BadRequestError: 用户未登录
    at Object.throw (D:\workspace\NodeJS\sunrise\node_modules\.npminstall\koa\2.0.0\koa\lib\context.js:91:23)
    at app.use (d:\workspace\NodeJS\sunrise\middlewares\LoginedChecker.js:7:22)
    at dispatch (D:\workspace\NodeJS\sunrise\node_modules\.npminstall\koa-compose\3.2.1\koa-compose\index.js:44:32)
    at d:\workspace\NodeJS\sunrise\middlewares\responseWrapper.js:26:19
    at dispatch (D:\workspace\NodeJS\sunrise\node_modules\.npminstall\koa-compose\3.2.1\koa-compose\index.js:44:32)
    at app.use (d:\workspace\NodeJS\sunrise\middlewares\logger.js:6:15)
    at dispatch (D:\workspace\NodeJS\sunrise\node_modules\.npminstall\koa-compose\3.2.1\koa-compose\index.js:44:32)
    at d:\workspace\NodeJS\sunrise\middlewares\memorySession.js:17:15
    at dispatch (D:\workspace\NodeJS\sunrise\node_modules\.npminstall\koa-compose\3.2.1\koa-compose\index.js:44:32)
[2016-12-06 09:34:13.196] [ERROR] error - { code: 400, message: '用户未登录' }
[2016-12-06 09:34:13.198] [ERROR] error - BadRequestError: 用户未登录
    at Object.throw (D:\workspace\NodeJS\sunrise\node_modules\.npminstall\koa\2.0.0\koa\lib\context.js:91:23)
    at app.use (d:\workspace\NodeJS\sunrise\middlewares\LoginedChecker.js:7:22)
    at dispatch (D:\workspace\NodeJS\sunrise\node_modules\.npminstall\koa-compose\3.2.1\koa-compose\index.js:44:32)
    at d:\workspace\NodeJS\sunrise\middlewares\responseWrapper.js:26:19
    at dispatch (D:\workspace\NodeJS\sunrise\node_modules\.npminstall\koa-compose\3.2.1\koa-compose\index.js:44:32)
    at app.use (d:\workspace\NodeJS\sunrise\middlewares\logger.js:6:15)
    at dispatch (D:\workspace\NodeJS\sunrise\node_modules\.npminstall\koa-compose\3.2.1\koa-compose\index.js:44:32)
    at d:\workspace\NodeJS\sunrise\middlewares\memorySession.js:17:15
    at dispatch (D:\workspace\NodeJS\sunrise\node_modules\.npminstall\koa-compose\3.2.1\koa-compose\index.js:44:32)
[2016-12-06 09:35:51.609] [ERROR] error - { code: 401, message: '用户未登录' }
[2016-12-06 09:35:51.611] [ERROR] error - UnauthorizedError: 用户未登录
    at Object.throw (D:\workspace\NodeJS\sunrise\node_modules\.npminstall\koa\2.0.0\koa\lib\context.js:91:23)
    at app.use (d:\workspace\NodeJS\sunrise\middlewares\LoginedChecker.js:8:22)
    at dispatch (D:\workspace\NodeJS\sunrise\node_modules\.npminstall\koa-compose\3.2.1\koa-compose\index.js:44:32)
    at d:\workspace\NodeJS\sunrise\middlewares\responseWrapper.js:26:19
    at dispatch (D:\workspace\NodeJS\sunrise\node_modules\.npminstall\koa-compose\3.2.1\koa-compose\index.js:44:32)
    at app.use (d:\workspace\NodeJS\sunrise\middlewares\logger.js:6:15)
    at dispatch (D:\workspace\NodeJS\sunrise\node_modules\.npminstall\koa-compose\3.2.1\koa-compose\index.js:44:32)
    at d:\workspace\NodeJS\sunrise\middlewares\memorySession.js:17:15
    at dispatch (D:\workspace\NodeJS\sunrise\node_modules\.npminstall\koa-compose\3.2.1\koa-compose\index.js:44:32)
[2016-12-06 09:36:04.259] [ERROR] error - { code: 401, message: '用户未登录' }
[2016-12-06 09:36:04.259] [ERROR] error - UnauthorizedError: 用户未登录
    at Object.throw (D:\workspace\NodeJS\sunrise\node_modules\.npminstall\koa\2.0.0\koa\lib\context.js:91:23)
    at app.use (d:\workspace\NodeJS\sunrise\middlewares\LoginedChecker.js:8:22)
    at dispatch (D:\workspace\NodeJS\sunrise\node_modules\.npminstall\koa-compose\3.2.1\koa-compose\index.js:44:32)
    at d:\workspace\NodeJS\sunrise\middlewares\responseWrapper.js:26:19
    at dispatch (D:\workspace\NodeJS\sunrise\node_modules\.npminstall\koa-compose\3.2.1\koa-compose\index.js:44:32)
    at app.use (d:\workspace\NodeJS\sunrise\middlewares\logger.js:6:15)
    at dispatch (D:\workspace\NodeJS\sunrise\node_modules\.npminstall\koa-compose\3.2.1\koa-compose\index.js:44:32)
    at d:\workspace\NodeJS\sunrise\middlewares\memorySession.js:17:15
    at dispatch (D:\workspace\NodeJS\sunrise\node_modules\.npminstall\koa-compose\3.2.1\koa-compose\index.js:44:32)
[2016-12-06 09:36:15.949] [ERROR] error - { code: 401, message: '用户未登录' }
[2016-12-06 09:36:15.950] [ERROR] error - UnauthorizedError: 用户未登录
    at Object.throw (D:\workspace\NodeJS\sunrise\node_modules\.npminstall\koa\2.0.0\koa\lib\context.js:91:23)
    at app.use (d:\workspace\NodeJS\sunrise\middlewares\LoginedChecker.js:8:22)
    at dispatch (D:\workspace\NodeJS\sunrise\node_modules\.npminstall\koa-compose\3.2.1\koa-compose\index.js:44:32)
    at d:\workspace\NodeJS\sunrise\middlewares\responseWrapper.js:26:19
    at dispatch (D:\workspace\NodeJS\sunrise\node_modules\.npminstall\koa-compose\3.2.1\koa-compose\index.js:44:32)
    at app.use (d:\workspace\NodeJS\sunrise\middlewares\logger.js:6:15)
    at dispatch (D:\workspace\NodeJS\sunrise\node_modules\.npminstall\koa-compose\3.2.1\koa-compose\index.js:44:32)
    at d:\workspace\NodeJS\sunrise\middlewares\memorySession.js:17:15
    at dispatch (D:\workspace\NodeJS\sunrise\node_modules\.npminstall\koa-compose\3.2.1\koa-compose\index.js:44:32)
[2016-12-06 09:40:09.445] [ERROR] error - { code: 401, message: '用户未登录' }
[2016-12-06 09:40:09.448] [ERROR] error - UnauthorizedError: 用户未登录
    at Object.throw (D:\workspace\NodeJS\sunrise\node_modules\.npminstall\koa\2.0.0\koa\lib\context.js:91:23)
    at app.use (d:\workspace\NodeJS\sunrise\middlewares\LoginedChecker.js:8:22)
    at dispatch (D:\workspace\NodeJS\sunrise\node_modules\.npminstall\koa-compose\3.2.1\koa-compose\index.js:44:32)
    at d:\workspace\NodeJS\sunrise\middlewares\responseWrapper.js:26:19
    at dispatch (D:\workspace\NodeJS\sunrise\node_modules\.npminstall\koa-compose\3.2.1\koa-compose\index.js:44:32)
    at app.use (d:\workspace\NodeJS\sunrise\middlewares\logger.js:6:15)
    at dispatch (D:\workspace\NodeJS\sunrise\node_modules\.npminstall\koa-compose\3.2.1\koa-compose\index.js:44:32)
    at d:\workspace\NodeJS\sunrise\middlewares\memorySession.js:17:15
    at dispatch (D:\workspace\NodeJS\sunrise\node_modules\.npminstall\koa-compose\3.2.1\koa-compose\index.js:44:32)
[2016-12-06 09:40:30.871] [ERROR] error - { code: 401, message: '用户未登录' }
[2016-12-06 09:40:30.875] [ERROR] error - UnauthorizedError: 用户未登录
    at Object.throw (D:\workspace\NodeJS\sunrise\node_modules\.npminstall\koa\2.0.0\koa\lib\context.js:91:23)
    at app.use (d:\workspace\NodeJS\sunrise\middlewares\LoginedChecker.js:8:22)
    at dispatch (D:\workspace\NodeJS\sunrise\node_modules\.npminstall\koa-compose\3.2.1\koa-compose\index.js:44:32)
    at d:\workspace\NodeJS\sunrise\middlewares\responseWrapper.js:26:19
    at dispatch (D:\workspace\NodeJS\sunrise\node_modules\.npminstall\koa-compose\3.2.1\koa-compose\index.js:44:32)
    at app.use (d:\workspace\NodeJS\sunrise\middlewares\logger.js:6:15)
    at dispatch (D:\workspace\NodeJS\sunrise\node_modules\.npminstall\koa-compose\3.2.1\koa-compose\index.js:44:32)
    at d:\workspace\NodeJS\sunrise\middlewares\memorySession.js:17:15
    at dispatch (D:\workspace\NodeJS\sunrise\node_modules\.npminstall\koa-compose\3.2.1\koa-compose\index.js:44:32)
[2016-12-06 09:41:16.638] [ERROR] error - { code: 401, message: '用户未登录' }
[2016-12-06 09:41:16.642] [ERROR] error - UnauthorizedError: 用户未登录
    at Object.throw (D:\workspace\NodeJS\sunrise\node_modules\.npminstall\koa\2.0.0\koa\lib\context.js:91:23)
    at app.use (d:\workspace\NodeJS\sunrise\middlewares\LoginedChecker.js:8:22)
    at dispatch (D:\workspace\NodeJS\sunrise\node_modules\.npminstall\koa-compose\3.2.1\koa-compose\index.js:44:32)
    at d:\workspace\NodeJS\sunrise\middlewares\responseWrapper.js:26:19
    at dispatch (D:\workspace\NodeJS\sunrise\node_modules\.npminstall\koa-compose\3.2.1\koa-compose\index.js:44:32)
    at app.use (d:\workspace\NodeJS\sunrise\middlewares\logger.js:6:15)
    at dispatch (D:\workspace\NodeJS\sunrise\node_modules\.npminstall\koa-compose\3.2.1\koa-compose\index.js:44:32)
    at d:\workspace\NodeJS\sunrise\middlewares\memorySession.js:17:15
    at dispatch (D:\workspace\NodeJS\sunrise\node_modules\.npminstall\koa-compose\3.2.1\koa-compose\index.js:44:32)
    at process._tickCallback (internal/process/next_tick.js:103:7)
[2016-12-06 09:43:07.159] [ERROR] error - { code: 401, message: '用户未登录' }
[2016-12-06 09:43:07.163] [ERROR] error - UnauthorizedError: 用户未登录
    at Object.throw (D:\workspace\NodeJS\sunrise\node_modules\.npminstall\koa\2.0.0\koa\lib\context.js:91:23)
    at app.use (d:\workspace\NodeJS\sunrise\middlewares\LoginedChecker.js:8:22)
    at dispatch (D:\workspace\NodeJS\sunrise\node_modules\.npminstall\koa-compose\3.2.1\koa-compose\index.js:44:32)
    at d:\workspace\NodeJS\sunrise\middlewares\responseWrapper.js:26:19
    at dispatch (D:\workspace\NodeJS\sunrise\node_modules\.npminstall\koa-compose\3.2.1\koa-compose\index.js:44:32)
    at app.use (d:\workspace\NodeJS\sunrise\middlewares\logger.js:6:15)
    at dispatch (D:\workspace\NodeJS\sunrise\node_modules\.npminstall\koa-compose\3.2.1\koa-compose\index.js:44:32)
    at d:\workspace\NodeJS\sunrise\middlewares\memorySession.js:17:15
    at dispatch (D:\workspace\NodeJS\sunrise\node_modules\.npminstall\koa-compose\3.2.1\koa-compose\index.js:44:32)
[2016-12-06 09:43:08.184] [ERROR] error - { code: 401, message: '用户未登录' }
[2016-12-06 09:43:08.185] [ERROR] error - UnauthorizedError: 用户未登录
    at Object.throw (D:\workspace\NodeJS\sunrise\node_modules\.npminstall\koa\2.0.0\koa\lib\context.js:91:23)
    at app.use (d:\workspace\NodeJS\sunrise\middlewares\LoginedChecker.js:8:22)
    at dispatch (D:\workspace\NodeJS\sunrise\node_modules\.npminstall\koa-compose\3.2.1\koa-compose\index.js:44:32)
    at d:\workspace\NodeJS\sunrise\middlewares\responseWrapper.js:26:19
    at dispatch (D:\workspace\NodeJS\sunrise\node_modules\.npminstall\koa-compose\3.2.1\koa-compose\index.js:44:32)
    at app.use (d:\workspace\NodeJS\sunrise\middlewares\logger.js:6:15)
    at dispatch (D:\workspace\NodeJS\sunrise\node_modules\.npminstall\koa-compose\3.2.1\koa-compose\index.js:44:32)
    at d:\workspace\NodeJS\sunrise\middlewares\memorySession.js:17:15
    at dispatch (D:\workspace\NodeJS\sunrise\node_modules\.npminstall\koa-compose\3.2.1\koa-compose\index.js:44:32)
[2016-12-06 09:43:08.577] [ERROR] error - { code: 401, message: '用户未登录' }
[2016-12-06 09:43:08.577] [ERROR] error - UnauthorizedError: 用户未登录
    at Object.throw (D:\workspace\NodeJS\sunrise\node_modules\.npminstall\koa\2.0.0\koa\lib\context.js:91:23)
    at app.use (d:\workspace\NodeJS\sunrise\middlewares\LoginedChecker.js:8:22)
    at dispatch (D:\workspace\NodeJS\sunrise\node_modules\.npminstall\koa-compose\3.2.1\koa-compose\index.js:44:32)
    at d:\workspace\NodeJS\sunrise\middlewares\responseWrapper.js:26:19
    at dispatch (D:\workspace\NodeJS\sunrise\node_modules\.npminstall\koa-compose\3.2.1\koa-compose\index.js:44:32)
    at app.use (d:\workspace\NodeJS\sunrise\middlewares\logger.js:6:15)
    at dispatch (D:\workspace\NodeJS\sunrise\node_modules\.npminstall\koa-compose\3.2.1\koa-compose\index.js:44:32)
    at d:\workspace\NodeJS\sunrise\middlewares\memorySession.js:17:15
    at dispatch (D:\workspace\NodeJS\sunrise\node_modules\.npminstall\koa-compose\3.2.1\koa-compose\index.js:44:32)
[2016-12-06 09:43:08.846] [ERROR] error - { code: 401, message: '用户未登录' }
[2016-12-06 09:43:08.846] [ERROR] error - UnauthorizedError: 用户未登录
    at Object.throw (D:\workspace\NodeJS\sunrise\node_modules\.npminstall\koa\2.0.0\koa\lib\context.js:91:23)
    at app.use (d:\workspace\NodeJS\sunrise\middlewares\LoginedChecker.js:8:22)
    at dispatch (D:\workspace\NodeJS\sunrise\node_modules\.npminstall\koa-compose\3.2.1\koa-compose\index.js:44:32)
    at d:\workspace\NodeJS\sunrise\middlewares\responseWrapper.js:26:19
    at dispatch (D:\workspace\NodeJS\sunrise\node_modules\.npminstall\koa-compose\3.2.1\koa-compose\index.js:44:32)
    at app.use (d:\workspace\NodeJS\sunrise\middlewares\logger.js:6:15)
    at dispatch (D:\workspace\NodeJS\sunrise\node_modules\.npminstall\koa-compose\3.2.1\koa-compose\index.js:44:32)
    at d:\workspace\NodeJS\sunrise\middlewares\memorySession.js:17:15
    at dispatch (D:\workspace\NodeJS\sunrise\node_modules\.npminstall\koa-compose\3.2.1\koa-compose\index.js:44:32)
[2016-12-06 09:43:09.100] [ERROR] error - { code: 401, message: '用户未登录' }
[2016-12-06 09:43:09.101] [ERROR] error - UnauthorizedError: 用户未登录
    at Object.throw (D:\workspace\NodeJS\sunrise\node_modules\.npminstall\koa\2.0.0\koa\lib\context.js:91:23)
    at app.use (d:\workspace\NodeJS\sunrise\middlewares\LoginedChecker.js:8:22)
    at dispatch (D:\workspace\NodeJS\sunrise\node_modules\.npminstall\koa-compose\3.2.1\koa-compose\index.js:44:32)
    at d:\workspace\NodeJS\sunrise\middlewares\responseWrapper.js:26:19
    at dispatch (D:\workspace\NodeJS\sunrise\node_modules\.npminstall\koa-compose\3.2.1\koa-compose\index.js:44:32)
    at app.use (d:\workspace\NodeJS\sunrise\middlewares\logger.js:6:15)
    at dispatch (D:\workspace\NodeJS\sunrise\node_modules\.npminstall\koa-compose\3.2.1\koa-compose\index.js:44:32)
    at d:\workspace\NodeJS\sunrise\middlewares\memorySession.js:17:15
    at dispatch (D:\workspace\NodeJS\sunrise\node_modules\.npminstall\koa-compose\3.2.1\koa-compose\index.js:44:32)
[2016-12-06 09:44:10.614] [ERROR] error - { code: 401, message: '用户未登录' }
[2016-12-06 09:44:10.617] [ERROR] error - UnauthorizedError: 用户未登录
    at Object.throw (D:\workspace\NodeJS\sunrise\node_modules\.npminstall\koa\2.0.0\koa\lib\context.js:91:23)
    at app.use (d:\workspace\NodeJS\sunrise\middlewares\LoginedChecker.js:8:22)
    at dispatch (D:\workspace\NodeJS\sunrise\node_modules\.npminstall\koa-compose\3.2.1\koa-compose\index.js:44:32)
    at d:\workspace\NodeJS\sunrise\middlewares\responseWrapper.js:26:19
    at dispatch (D:\workspace\NodeJS\sunrise\node_modules\.npminstall\koa-compose\3.2.1\koa-compose\index.js:44:32)
    at app.use (d:\workspace\NodeJS\sunrise\middlewares\logger.js:6:15)
    at dispatch (D:\workspace\NodeJS\sunrise\node_modules\.npminstall\koa-compose\3.2.1\koa-compose\index.js:44:32)
    at d:\workspace\NodeJS\sunrise\middlewares\memorySession.js:17:15
    at dispatch (D:\workspace\NodeJS\sunrise\node_modules\.npminstall\koa-compose\3.2.1\koa-compose\index.js:44:32)
[2016-12-06 09:44:11.578] [ERROR] error - { code: 401, message: '用户未登录' }
[2016-12-06 09:44:11.578] [ERROR] error - UnauthorizedError: 用户未登录
    at Object.throw (D:\workspace\NodeJS\sunrise\node_modules\.npminstall\koa\2.0.0\koa\lib\context.js:91:23)
    at app.use (d:\workspace\NodeJS\sunrise\middlewares\LoginedChecker.js:8:22)
    at dispatch (D:\workspace\NodeJS\sunrise\node_modules\.npminstall\koa-compose\3.2.1\koa-compose\index.js:44:32)
    at d:\workspace\NodeJS\sunrise\middlewares\responseWrapper.js:26:19
    at dispatch (D:\workspace\NodeJS\sunrise\node_modules\.npminstall\koa-compose\3.2.1\koa-compose\index.js:44:32)
    at app.use (d:\workspace\NodeJS\sunrise\middlewares\logger.js:6:15)
    at dispatch (D:\workspace\NodeJS\sunrise\node_modules\.npminstall\koa-compose\3.2.1\koa-compose\index.js:44:32)
    at d:\workspace\NodeJS\sunrise\middlewares\memorySession.js:17:15
    at dispatch (D:\workspace\NodeJS\sunrise\node_modules\.npminstall\koa-compose\3.2.1\koa-compose\index.js:44:32)
[2016-12-06 09:44:32.565] [ERROR] error - { code: 401, message: '用户未登录' }
[2016-12-06 09:44:32.565] [ERROR] error - UnauthorizedError: 用户未登录
    at Object.throw (D:\workspace\NodeJS\sunrise\node_modules\.npminstall\koa\2.0.0\koa\lib\context.js:91:23)
    at app.use (d:\workspace\NodeJS\sunrise\middlewares\LoginedChecker.js:8:22)
    at dispatch (D:\workspace\NodeJS\sunrise\node_modules\.npminstall\koa-compose\3.2.1\koa-compose\index.js:44:32)
    at d:\workspace\NodeJS\sunrise\middlewares\responseWrapper.js:26:19
    at dispatch (D:\workspace\NodeJS\sunrise\node_modules\.npminstall\koa-compose\3.2.1\koa-compose\index.js:44:32)
    at app.use (d:\workspace\NodeJS\sunrise\middlewares\logger.js:6:15)
    at dispatch (D:\workspace\NodeJS\sunrise\node_modules\.npminstall\koa-compose\3.2.1\koa-compose\index.js:44:32)
    at d:\workspace\NodeJS\sunrise\middlewares\memorySession.js:17:15
    at dispatch (D:\workspace\NodeJS\sunrise\node_modules\.npminstall\koa-compose\3.2.1\koa-compose\index.js:44:32)
[2016-12-06 09:44:33.308] [ERROR] error - { code: 401, message: '用户未登录' }
[2016-12-06 09:44:33.308] [ERROR] error - UnauthorizedError: 用户未登录
    at Object.throw (D:\workspace\NodeJS\sunrise\node_modules\.npminstall\koa\2.0.0\koa\lib\context.js:91:23)
    at app.use (d:\workspace\NodeJS\sunrise\middlewares\LoginedChecker.js:8:22)
    at dispatch (D:\workspace\NodeJS\sunrise\node_modules\.npminstall\koa-compose\3.2.1\koa-compose\index.js:44:32)
    at d:\workspace\NodeJS\sunrise\middlewares\responseWrapper.js:26:19
    at dispatch (D:\workspace\NodeJS\sunrise\node_modules\.npminstall\koa-compose\3.2.1\koa-compose\index.js:44:32)
    at app.use (d:\workspace\NodeJS\sunrise\middlewares\logger.js:6:15)
    at dispatch (D:\workspace\NodeJS\sunrise\node_modules\.npminstall\koa-compose\3.2.1\koa-compose\index.js:44:32)
    at d:\workspace\NodeJS\sunrise\middlewares\memorySession.js:17:15
    at dispatch (D:\workspace\NodeJS\sunrise\node_modules\.npminstall\koa-compose\3.2.1\koa-compose\index.js:44:32)
[2016-12-06 09:44:33.838] [ERROR] error - { code: 401, message: '用户未登录' }
[2016-12-06 09:44:33.838] [ERROR] error - UnauthorizedError: 用户未登录
    at Object.throw (D:\workspace\NodeJS\sunrise\node_modules\.npminstall\koa\2.0.0\koa\lib\context.js:91:23)
    at app.use (d:\workspace\NodeJS\sunrise\middlewares\LoginedChecker.js:8:22)
    at dispatch (D:\workspace\NodeJS\sunrise\node_modules\.npminstall\koa-compose\3.2.1\koa-compose\index.js:44:32)
    at d:\workspace\NodeJS\sunrise\middlewares\responseWrapper.js:26:19
    at dispatch (D:\workspace\NodeJS\sunrise\node_modules\.npminstall\koa-compose\3.2.1\koa-compose\index.js:44:32)
    at app.use (d:\workspace\NodeJS\sunrise\middlewares\logger.js:6:15)
    at dispatch (D:\workspace\NodeJS\sunrise\node_modules\.npminstall\koa-compose\3.2.1\koa-compose\index.js:44:32)
    at d:\workspace\NodeJS\sunrise\middlewares\memorySession.js:17:15
    at dispatch (D:\workspace\NodeJS\sunrise\node_modules\.npminstall\koa-compose\3.2.1\koa-compose\index.js:44:32)
[2016-12-06 09:44:42.511] [ERROR] error - { code: 401, message: '用户未登录' }
[2016-12-06 09:44:42.512] [ERROR] error - UnauthorizedError: 用户未登录
    at Object.throw (D:\workspace\NodeJS\sunrise\node_modules\.npminstall\koa\2.0.0\koa\lib\context.js:91:23)
    at app.use (d:\workspace\NodeJS\sunrise\middlewares\LoginedChecker.js:8:22)
    at dispatch (D:\workspace\NodeJS\sunrise\node_modules\.npminstall\koa-compose\3.2.1\koa-compose\index.js:44:32)
    at d:\workspace\NodeJS\sunrise\middlewares\responseWrapper.js:26:19
    at dispatch (D:\workspace\NodeJS\sunrise\node_modules\.npminstall\koa-compose\3.2.1\koa-compose\index.js:44:32)
    at app.use (d:\workspace\NodeJS\sunrise\middlewares\logger.js:6:15)
    at dispatch (D:\workspace\NodeJS\sunrise\node_modules\.npminstall\koa-compose\3.2.1\koa-compose\index.js:44:32)
    at d:\workspace\NodeJS\sunrise\middlewares\memorySession.js:17:15
    at dispatch (D:\workspace\NodeJS\sunrise\node_modules\.npminstall\koa-compose\3.2.1\koa-compose\index.js:44:32)
[2016-12-06 09:44:43.023] [ERROR] error - { code: 401, message: '用户未登录' }
[2016-12-06 09:44:43.023] [ERROR] error - UnauthorizedError: 用户未登录
    at Object.throw (D:\workspace\NodeJS\sunrise\node_modules\.npminstall\koa\2.0.0\koa\lib\context.js:91:23)
    at app.use (d:\workspace\NodeJS\sunrise\middlewares\LoginedChecker.js:8:22)
    at dispatch (D:\workspace\NodeJS\sunrise\node_modules\.npminstall\koa-compose\3.2.1\koa-compose\index.js:44:32)
    at d:\workspace\NodeJS\sunrise\middlewares\responseWrapper.js:26:19
    at dispatch (D:\workspace\NodeJS\sunrise\node_modules\.npminstall\koa-compose\3.2.1\koa-compose\index.js:44:32)
    at app.use (d:\workspace\NodeJS\sunrise\middlewares\logger.js:6:15)
    at dispatch (D:\workspace\NodeJS\sunrise\node_modules\.npminstall\koa-compose\3.2.1\koa-compose\index.js:44:32)
    at d:\workspace\NodeJS\sunrise\middlewares\memorySession.js:17:15
    at dispatch (D:\workspace\NodeJS\sunrise\node_modules\.npminstall\koa-compose\3.2.1\koa-compose\index.js:44:32)
[2016-12-06 09:45:00.655] [ERROR] error - { code: 401, message: '用户未登录' }
[2016-12-06 09:45:00.657] [ERROR] error - UnauthorizedError: 用户未登录
    at Object.throw (D:\workspace\NodeJS\sunrise\node_modules\.npminstall\koa\2.0.0\koa\lib\context.js:91:23)
    at app.use (d:\workspace\NodeJS\sunrise\middlewares\LoginedChecker.js:8:22)
    at dispatch (D:\workspace\NodeJS\sunrise\node_modules\.npminstall\koa-compose\3.2.1\koa-compose\index.js:44:32)
    at d:\workspace\NodeJS\sunrise\middlewares\responseWrapper.js:26:19
    at dispatch (D:\workspace\NodeJS\sunrise\node_modules\.npminstall\koa-compose\3.2.1\koa-compose\index.js:44:32)
    at app.use (d:\workspace\NodeJS\sunrise\middlewares\logger.js:6:15)
    at dispatch (D:\workspace\NodeJS\sunrise\node_modules\.npminstall\koa-compose\3.2.1\koa-compose\index.js:44:32)
    at d:\workspace\NodeJS\sunrise\middlewares\memorySession.js:17:15
    at dispatch (D:\workspace\NodeJS\sunrise\node_modules\.npminstall\koa-compose\3.2.1\koa-compose\index.js:44:32)
[2016-12-06 10:16:54.278] [ERROR] error - { code: 500, message: 'getSessionContext is not defined' }
[2016-12-06 10:16:54.281] [ERROR] error - ReferenceError: getSessionContext is not defined
    at MemorySession.getSession (d:\workspace\NodeJS\sunrise\components\session.js:30:62)
    at app.use (d:\workspace\NodeJS\sunrise\middlewares\LoginedChecker.js:5:40)
    at dispatch (D:\workspace\NodeJS\sunrise\node_modules\.npminstall\koa-compose\3.2.1\koa-compose\index.js:44:32)
    at d:\workspace\NodeJS\sunrise\middlewares\responseWrapper.js:26:19
    at dispatch (D:\workspace\NodeJS\sunrise\node_modules\.npminstall\koa-compose\3.2.1\koa-compose\index.js:44:32)
    at app.use (d:\workspace\NodeJS\sunrise\middlewares\logger.js:6:15)
    at dispatch (D:\workspace\NodeJS\sunrise\node_modules\.npminstall\koa-compose\3.2.1\koa-compose\index.js:44:32)
    at d:\workspace\NodeJS\sunrise\middlewares\memorySession.js:17:15
    at dispatch (D:\workspace\NodeJS\sunrise\node_modules\.npminstall\koa-compose\3.2.1\koa-compose\index.js:44:32)
[2016-12-06 10:17:00.739] [ERROR] error - { code: 500, message: 'getSessionContext is not defined' }
[2016-12-06 10:17:00.739] [ERROR] error - ReferenceError: getSessionContext is not defined
    at MemorySession.getSession (d:\workspace\NodeJS\sunrise\components\session.js:30:62)
    at app.use (d:\workspace\NodeJS\sunrise\middlewares\LoginedChecker.js:5:40)
    at dispatch (D:\workspace\NodeJS\sunrise\node_modules\.npminstall\koa-compose\3.2.1\koa-compose\index.js:44:32)
    at d:\workspace\NodeJS\sunrise\middlewares\responseWrapper.js:26:19
    at dispatch (D:\workspace\NodeJS\sunrise\node_modules\.npminstall\koa-compose\3.2.1\koa-compose\index.js:44:32)
    at app.use (d:\workspace\NodeJS\sunrise\middlewares\logger.js:6:15)
    at dispatch (D:\workspace\NodeJS\sunrise\node_modules\.npminstall\koa-compose\3.2.1\koa-compose\index.js:44:32)
    at d:\workspace\NodeJS\sunrise\middlewares\memorySession.js:17:15
    at dispatch (D:\workspace\NodeJS\sunrise\node_modules\.npminstall\koa-compose\3.2.1\koa-compose\index.js:44:32)
[2016-12-06 10:17:17.811] [ERROR] error - { code: 401, message: '用户未登录' }
[2016-12-06 10:17:17.814] [ERROR] error - UnauthorizedError: 用户未登录
    at Object.throw (D:\workspace\NodeJS\sunrise\node_modules\.npminstall\koa\2.0.0\koa\lib\context.js:91:23)
    at app.use (d:\workspace\NodeJS\sunrise\middlewares\LoginedChecker.js:8:22)
    at dispatch (D:\workspace\NodeJS\sunrise\node_modules\.npminstall\koa-compose\3.2.1\koa-compose\index.js:44:32)
    at d:\workspace\NodeJS\sunrise\middlewares\responseWrapper.js:26:19
    at dispatch (D:\workspace\NodeJS\sunrise\node_modules\.npminstall\koa-compose\3.2.1\koa-compose\index.js:44:32)
    at app.use (d:\workspace\NodeJS\sunrise\middlewares\logger.js:6:15)
    at dispatch (D:\workspace\NodeJS\sunrise\node_modules\.npminstall\koa-compose\3.2.1\koa-compose\index.js:44:32)
    at d:\workspace\NodeJS\sunrise\middlewares\memorySession.js:17:15
    at dispatch (D:\workspace\NodeJS\sunrise\node_modules\.npminstall\koa-compose\3.2.1\koa-compose\index.js:44:32)
[2016-12-06 10:17:24.694] [ERROR] error - { code: 401, message: '用户未登录' }
[2016-12-06 10:17:24.694] [ERROR] error - UnauthorizedError: 用户未登录
    at Object.throw (D:\workspace\NodeJS\sunrise\node_modules\.npminstall\koa\2.0.0\koa\lib\context.js:91:23)
    at app.use (d:\workspace\NodeJS\sunrise\middlewares\LoginedChecker.js:8:22)
    at dispatch (D:\workspace\NodeJS\sunrise\node_modules\.npminstall\koa-compose\3.2.1\koa-compose\index.js:44:32)
    at d:\workspace\NodeJS\sunrise\middlewares\responseWrapper.js:26:19
    at dispatch (D:\workspace\NodeJS\sunrise\node_modules\.npminstall\koa-compose\3.2.1\koa-compose\index.js:44:32)
    at app.use (d:\workspace\NodeJS\sunrise\middlewares\logger.js:6:15)
    at dispatch (D:\workspace\NodeJS\sunrise\node_modules\.npminstall\koa-compose\3.2.1\koa-compose\index.js:44:32)
    at d:\workspace\NodeJS\sunrise\middlewares\memorySession.js:17:15
    at dispatch (D:\workspace\NodeJS\sunrise\node_modules\.npminstall\koa-compose\3.2.1\koa-compose\index.js:44:32)
[2016-12-06 10:17:31.738] [ERROR] error - { code: 401, message: '用户未登录' }
[2016-12-06 10:17:31.738] [ERROR] error - UnauthorizedError: 用户未登录
    at Object.throw (D:\workspace\NodeJS\sunrise\node_modules\.npminstall\koa\2.0.0\koa\lib\context.js:91:23)
    at app.use (d:\workspace\NodeJS\sunrise\middlewares\LoginedChecker.js:8:22)
    at dispatch (D:\workspace\NodeJS\sunrise\node_modules\.npminstall\koa-compose\3.2.1\koa-compose\index.js:44:32)
    at d:\workspace\NodeJS\sunrise\middlewares\responseWrapper.js:26:19
    at dispatch (D:\workspace\NodeJS\sunrise\node_modules\.npminstall\koa-compose\3.2.1\koa-compose\index.js:44:32)
    at app.use (d:\workspace\NodeJS\sunrise\middlewares\logger.js:6:15)
    at dispatch (D:\workspace\NodeJS\sunrise\node_modules\.npminstall\koa-compose\3.2.1\koa-compose\index.js:44:32)
    at d:\workspace\NodeJS\sunrise\middlewares\memorySession.js:17:15
    at dispatch (D:\workspace\NodeJS\sunrise\node_modules\.npminstall\koa-compose\3.2.1\koa-compose\index.js:44:32)
[2016-12-06 10:17:54.689] [ERROR] error - { code: 401, message: '用户未登录' }
[2016-12-06 10:17:54.692] [ERROR] error - UnauthorizedError: 用户未登录
    at Object.throw (D:\workspace\NodeJS\sunrise\node_modules\.npminstall\koa\2.0.0\koa\lib\context.js:91:23)
    at app.use (d:\workspace\NodeJS\sunrise\middlewares\LoginedChecker.js:8:22)
    at dispatch (D:\workspace\NodeJS\sunrise\node_modules\.npminstall\koa-compose\3.2.1\koa-compose\index.js:44:32)
    at d:\workspace\NodeJS\sunrise\middlewares\responseWrapper.js:26:19
    at dispatch (D:\workspace\NodeJS\sunrise\node_modules\.npminstall\koa-compose\3.2.1\koa-compose\index.js:44:32)
    at app.use (d:\workspace\NodeJS\sunrise\middlewares\logger.js:6:15)
    at dispatch (D:\workspace\NodeJS\sunrise\node_modules\.npminstall\koa-compose\3.2.1\koa-compose\index.js:44:32)
    at d:\workspace\NodeJS\sunrise\middlewares\memorySession.js:17:15
    at dispatch (D:\workspace\NodeJS\sunrise\node_modules\.npminstall\koa-compose\3.2.1\koa-compose\index.js:44:32)
[2016-12-06 10:18:36.661] [ERROR] error - { code: 500, message: 'sessionMap is not defined' }
[2016-12-06 10:19:25.643] [ERROR] error - { code: 401, message: '用户未登录' }
[2016-12-06 10:20:18.259] [ERROR] error - { code: 401, message: '用户未登录' }
[2016-12-06 10:21:04.716] [ERROR] error - { code: 500,
  message: 'client.hget(...).then is not a function' }
[2016-12-06 10:23:50.850] [ERROR] error - { code: 401, message: '用户未登录' }
[2016-12-06 10:23:50.853] [ERROR] error - UnauthorizedError: 用户未登录
    at Object.throw (D:\workspace\NodeJS\sunrise\node_modules\.npminstall\koa\2.0.0\koa\lib\context.js:91:23)
    at app.use (d:\workspace\NodeJS\sunrise\middlewares\LoginedChecker.js:8:22)
    at dispatch (D:\workspace\NodeJS\sunrise\node_modules\.npminstall\koa-compose\3.2.1\koa-compose\index.js:44:32)
    at d:\workspace\NodeJS\sunrise\middlewares\responseWrapper.js:26:19
    at dispatch (D:\workspace\NodeJS\sunrise\node_modules\.npminstall\koa-compose\3.2.1\koa-compose\index.js:44:32)
    at app.use (d:\workspace\NodeJS\sunrise\middlewares\logger.js:6:15)
    at dispatch (D:\workspace\NodeJS\sunrise\node_modules\.npminstall\koa-compose\3.2.1\koa-compose\index.js:44:32)
    at d:\workspace\NodeJS\sunrise\middlewares\redisSession.js:39:15
    at dispatch (D:\workspace\NodeJS\sunrise\node_modules\.npminstall\koa-compose\3.2.1\koa-compose\index.js:44:32)
[2016-12-06 10:24:49.909] [ERROR] error - { code: 401, message: '用户未登录' }
[2016-12-06 10:24:49.911] [ERROR] error - UnauthorizedError: 用户未登录
    at Object.throw (D:\workspace\NodeJS\sunrise\node_modules\.npminstall\koa\2.0.0\koa\lib\context.js:91:23)
    at app.use (d:\workspace\NodeJS\sunrise\middlewares\LoginedChecker.js:8:22)
    at dispatch (D:\workspace\NodeJS\sunrise\node_modules\.npminstall\koa-compose\3.2.1\koa-compose\index.js:44:32)
    at d:\workspace\NodeJS\sunrise\middlewares\responseWrapper.js:26:19
    at dispatch (D:\workspace\NodeJS\sunrise\node_modules\.npminstall\koa-compose\3.2.1\koa-compose\index.js:44:32)
    at app.use (d:\workspace\NodeJS\sunrise\middlewares\logger.js:6:15)
    at dispatch (D:\workspace\NodeJS\sunrise\node_modules\.npminstall\koa-compose\3.2.1\koa-compose\index.js:44:32)
    at d:\workspace\NodeJS\sunrise\middlewares\redisSession.js:39:15
    at dispatch (D:\workspace\NodeJS\sunrise\node_modules\.npminstall\koa-compose\3.2.1\koa-compose\index.js:44:32)
[2016-12-06 10:25:01.379] [ERROR] error - { code: 401, message: '用户未登录' }
[2016-12-06 10:25:01.382] [ERROR] error - UnauthorizedError: 用户未登录
    at Object.throw (D:\workspace\NodeJS\sunrise\node_modules\.npminstall\koa\2.0.0\koa\lib\context.js:91:23)
    at app.use (d:\workspace\NodeJS\sunrise\middlewares\LoginedChecker.js:8:22)
    at dispatch (D:\workspace\NodeJS\sunrise\node_modules\.npminstall\koa-compose\3.2.1\koa-compose\index.js:44:32)
    at d:\workspace\NodeJS\sunrise\middlewares\responseWrapper.js:26:19
    at dispatch (D:\workspace\NodeJS\sunrise\node_modules\.npminstall\koa-compose\3.2.1\koa-compose\index.js:44:32)
    at app.use (d:\workspace\NodeJS\sunrise\middlewares\logger.js:6:15)
    at dispatch (D:\workspace\NodeJS\sunrise\node_modules\.npminstall\koa-compose\3.2.1\koa-compose\index.js:44:32)
    at d:\workspace\NodeJS\sunrise\middlewares\redisSession.js:39:15
    at dispatch (D:\workspace\NodeJS\sunrise\node_modules\.npminstall\koa-compose\3.2.1\koa-compose\index.js:44:32)
[2016-12-06 10:25:58.143] [ERROR] error - { code: 401, message: '用户未登录' }
[2016-12-06 10:25:58.146] [ERROR] error - UnauthorizedError: 用户未登录
    at Object.throw (D:\workspace\NodeJS\sunrise\node_modules\.npminstall\koa\2.0.0\koa\lib\context.js:91:23)
    at app.use (d:\workspace\NodeJS\sunrise\middlewares\LoginedChecker.js:8:22)
    at dispatch (D:\workspace\NodeJS\sunrise\node_modules\.npminstall\koa-compose\3.2.1\koa-compose\index.js:44:32)
    at d:\workspace\NodeJS\sunrise\middlewares\responseWrapper.js:26:19
    at dispatch (D:\workspace\NodeJS\sunrise\node_modules\.npminstall\koa-compose\3.2.1\koa-compose\index.js:44:32)
    at app.use (d:\workspace\NodeJS\sunrise\middlewares\logger.js:6:15)
    at dispatch (D:\workspace\NodeJS\sunrise\node_modules\.npminstall\koa-compose\3.2.1\koa-compose\index.js:44:32)
    at d:\workspace\NodeJS\sunrise\middlewares\redisSession.js:37:15
    at dispatch (D:\workspace\NodeJS\sunrise\node_modules\.npminstall\koa-compose\3.2.1\koa-compose\index.js:44:32)
[2016-12-06 10:26:10.005] [ERROR] error - { code: 401, message: '用户未登录' }
[2016-12-06 10:26:10.005] [ERROR] error - UnauthorizedError: 用户未登录
    at Object.throw (D:\workspace\NodeJS\sunrise\node_modules\.npminstall\koa\2.0.0\koa\lib\context.js:91:23)
    at app.use (d:\workspace\NodeJS\sunrise\middlewares\LoginedChecker.js:8:22)
    at dispatch (D:\workspace\NodeJS\sunrise\node_modules\.npminstall\koa-compose\3.2.1\koa-compose\index.js:44:32)
    at d:\workspace\NodeJS\sunrise\middlewares\responseWrapper.js:26:19
    at dispatch (D:\workspace\NodeJS\sunrise\node_modules\.npminstall\koa-compose\3.2.1\koa-compose\index.js:44:32)
    at app.use (d:\workspace\NodeJS\sunrise\middlewares\logger.js:6:15)
    at dispatch (D:\workspace\NodeJS\sunrise\node_modules\.npminstall\koa-compose\3.2.1\koa-compose\index.js:44:32)
    at d:\workspace\NodeJS\sunrise\middlewares\redisSession.js:37:15
    at dispatch (D:\workspace\NodeJS\sunrise\node_modules\.npminstall\koa-compose\3.2.1\koa-compose\index.js:44:32)
[2016-12-06 10:26:10.707] [ERROR] error - { code: 401, message: '用户未登录' }
[2016-12-06 10:26:10.707] [ERROR] error - UnauthorizedError: 用户未登录
    at Object.throw (D:\workspace\NodeJS\sunrise\node_modules\.npminstall\koa\2.0.0\koa\lib\context.js:91:23)
    at app.use (d:\workspace\NodeJS\sunrise\middlewares\LoginedChecker.js:8:22)
    at dispatch (D:\workspace\NodeJS\sunrise\node_modules\.npminstall\koa-compose\3.2.1\koa-compose\index.js:44:32)
    at d:\workspace\NodeJS\sunrise\middlewares\responseWrapper.js:26:19
    at dispatch (D:\workspace\NodeJS\sunrise\node_modules\.npminstall\koa-compose\3.2.1\koa-compose\index.js:44:32)
    at app.use (d:\workspace\NodeJS\sunrise\middlewares\logger.js:6:15)
    at dispatch (D:\workspace\NodeJS\sunrise\node_modules\.npminstall\koa-compose\3.2.1\koa-compose\index.js:44:32)
    at d:\workspace\NodeJS\sunrise\middlewares\redisSession.js:37:15
    at dispatch (D:\workspace\NodeJS\sunrise\node_modules\.npminstall\koa-compose\3.2.1\koa-compose\index.js:44:32)
[2016-12-06 10:26:40.937] [ERROR] error - { code: 401, message: '用户未登录' }
[2016-12-06 10:26:40.941] [ERROR] error - UnauthorizedError: 用户未登录
    at Object.throw (D:\workspace\NodeJS\sunrise\node_modules\.npminstall\koa\2.0.0\koa\lib\context.js:91:23)
    at app.use (d:\workspace\NodeJS\sunrise\middlewares\LoginedChecker.js:8:22)
    at dispatch (D:\workspace\NodeJS\sunrise\node_modules\.npminstall\koa-compose\3.2.1\koa-compose\index.js:44:32)
    at d:\workspace\NodeJS\sunrise\middlewares\responseWrapper.js:26:19
    at dispatch (D:\workspace\NodeJS\sunrise\node_modules\.npminstall\koa-compose\3.2.1\koa-compose\index.js:44:32)
    at app.use (d:\workspace\NodeJS\sunrise\middlewares\logger.js:6:15)
    at dispatch (D:\workspace\NodeJS\sunrise\node_modules\.npminstall\koa-compose\3.2.1\koa-compose\index.js:44:32)
    at d:\workspace\NodeJS\sunrise\middlewares\redisSession.js:37:15
    at dispatch (D:\workspace\NodeJS\sunrise\node_modules\.npminstall\koa-compose\3.2.1\koa-compose\index.js:44:32)
[2016-12-06 10:26:53.704] [ERROR] error - { code: 401, message: '用户未登录' }
[2016-12-06 10:26:53.706] [ERROR] error - UnauthorizedError: 用户未登录
    at Object.throw (D:\workspace\NodeJS\sunrise\node_modules\.npminstall\koa\2.0.0\koa\lib\context.js:91:23)
    at app.use (d:\workspace\NodeJS\sunrise\middlewares\LoginedChecker.js:8:22)
    at dispatch (D:\workspace\NodeJS\sunrise\node_modules\.npminstall\koa-compose\3.2.1\koa-compose\index.js:44:32)
    at d:\workspace\NodeJS\sunrise\middlewares\responseWrapper.js:26:19
    at dispatch (D:\workspace\NodeJS\sunrise\node_modules\.npminstall\koa-compose\3.2.1\koa-compose\index.js:44:32)
    at app.use (d:\workspace\NodeJS\sunrise\middlewares\logger.js:6:15)
    at dispatch (D:\workspace\NodeJS\sunrise\node_modules\.npminstall\koa-compose\3.2.1\koa-compose\index.js:44:32)
    at d:\workspace\NodeJS\sunrise\middlewares\redisSession.js:37:15
    at dispatch (D:\workspace\NodeJS\sunrise\node_modules\.npminstall\koa-compose\3.2.1\koa-compose\index.js:44:32)
[2016-12-06 10:29:54.587] [ERROR] error - { code: 401, message: '用户未登录' }
[2016-12-06 10:29:54.590] [ERROR] error - UnauthorizedError: 用户未登录
    at Object.throw (D:\workspace\NodeJS\sunrise\node_modules\.npminstall\koa\2.0.0\koa\lib\context.js:91:23)
    at app.use (d:\workspace\NodeJS\sunrise\middlewares\LoginedChecker.js:8:22)
    at dispatch (D:\workspace\NodeJS\sunrise\node_modules\.npminstall\koa-compose\3.2.1\koa-compose\index.js:44:32)
    at d:\workspace\NodeJS\sunrise\middlewares\responseWrapper.js:26:19
    at dispatch (D:\workspace\NodeJS\sunrise\node_modules\.npminstall\koa-compose\3.2.1\koa-compose\index.js:44:32)
    at app.use (d:\workspace\NodeJS\sunrise\middlewares\logger.js:6:15)
    at dispatch (D:\workspace\NodeJS\sunrise\node_modules\.npminstall\koa-compose\3.2.1\koa-compose\index.js:44:32)
    at d:\workspace\NodeJS\sunrise\middlewares\redisSession.js:37:15
    at dispatch (D:\workspace\NodeJS\sunrise\node_modules\.npminstall\koa-compose\3.2.1\koa-compose\index.js:44:32)
[2016-12-06 10:35:53.844] [ERROR] error - { code: 401, message: '用户未登录' }
[2016-12-06 10:35:53.846] [ERROR] error - UnauthorizedError: 用户未登录
    at Object.throw (D:\workspace\NodeJS\sunrise\node_modules\.npminstall\koa\2.0.0\koa\lib\context.js:91:23)
    at app.use (d:\workspace\NodeJS\sunrise\middlewares\LoginedChecker.js:8:22)
    at dispatch (D:\workspace\NodeJS\sunrise\node_modules\.npminstall\koa-compose\3.2.1\koa-compose\index.js:44:32)
    at d:\workspace\NodeJS\sunrise\middlewares\responseWrapper.js:26:19
    at dispatch (D:\workspace\NodeJS\sunrise\node_modules\.npminstall\koa-compose\3.2.1\koa-compose\index.js:44:32)
    at app.use (d:\workspace\NodeJS\sunrise\middlewares\logger.js:6:15)
    at dispatch (D:\workspace\NodeJS\sunrise\node_modules\.npminstall\koa-compose\3.2.1\koa-compose\index.js:44:32)
    at d:\workspace\NodeJS\sunrise\middlewares\redisSession.js:38:15
    at process._tickCallback (internal/process/next_tick.js:103:7)
[2016-12-06 10:36:36.811] [ERROR] error - { code: 401, message: '用户未登录' }
[2016-12-06 10:36:36.812] [ERROR] error - UnauthorizedError: 用户未登录
    at Object.throw (D:\workspace\NodeJS\sunrise\node_modules\.npminstall\koa\2.0.0\koa\lib\context.js:91:23)
    at app.use (d:\workspace\NodeJS\sunrise\middlewares\LoginedChecker.js:8:22)
    at dispatch (D:\workspace\NodeJS\sunrise\node_modules\.npminstall\koa-compose\3.2.1\koa-compose\index.js:44:32)
    at d:\workspace\NodeJS\sunrise\middlewares\responseWrapper.js:26:19
    at dispatch (D:\workspace\NodeJS\sunrise\node_modules\.npminstall\koa-compose\3.2.1\koa-compose\index.js:44:32)
    at app.use (d:\workspace\NodeJS\sunrise\middlewares\logger.js:6:15)
    at dispatch (D:\workspace\NodeJS\sunrise\node_modules\.npminstall\koa-compose\3.2.1\koa-compose\index.js:44:32)
    at d:\workspace\NodeJS\sunrise\middlewares\redisSession.js:38:15
    at process._tickCallback (internal/process/next_tick.js:103:7)
[2016-12-06 10:40:05.798] [ERROR] error - { code: 401, message: '用户未登录' }
[2016-12-06 10:40:05.801] [ERROR] error - UnauthorizedError: 用户未登录
    at Object.throw (D:\workspace\NodeJS\sunrise\node_modules\.npminstall\koa\2.0.0\koa\lib\context.js:91:23)
    at app.use (d:\workspace\NodeJS\sunrise\middlewares\LoginedChecker.js:8:22)
    at dispatch (D:\workspace\NodeJS\sunrise\node_modules\.npminstall\koa-compose\3.2.1\koa-compose\index.js:44:32)
    at d:\workspace\NodeJS\sunrise\middlewares\responseWrapper.js:26:19
    at dispatch (D:\workspace\NodeJS\sunrise\node_modules\.npminstall\koa-compose\3.2.1\koa-compose\index.js:44:32)
    at app.use (d:\workspace\NodeJS\sunrise\middlewares\logger.js:6:15)
    at dispatch (D:\workspace\NodeJS\sunrise\node_modules\.npminstall\koa-compose\3.2.1\koa-compose\index.js:44:32)
    at d:\workspace\NodeJS\sunrise\middlewares\redisSession.js:38:15
    at process._tickCallback (internal/process/next_tick.js:103:7)
[2016-12-06 10:40:22.828] [ERROR] error - { code: 401, message: '用户未登录' }
[2016-12-06 10:40:22.832] [ERROR] error - UnauthorizedError: 用户未登录
    at Object.throw (D:\workspace\NodeJS\sunrise\node_modules\.npminstall\koa\2.0.0\koa\lib\context.js:91:23)
    at app.use (d:\workspace\NodeJS\sunrise\middlewares\LoginedChecker.js:8:22)
    at dispatch (D:\workspace\NodeJS\sunrise\node_modules\.npminstall\koa-compose\3.2.1\koa-compose\index.js:44:32)
    at d:\workspace\NodeJS\sunrise\middlewares\responseWrapper.js:26:19
    at dispatch (D:\workspace\NodeJS\sunrise\node_modules\.npminstall\koa-compose\3.2.1\koa-compose\index.js:44:32)
    at app.use (d:\workspace\NodeJS\sunrise\middlewares\logger.js:6:15)
    at dispatch (D:\workspace\NodeJS\sunrise\node_modules\.npminstall\koa-compose\3.2.1\koa-compose\index.js:44:32)
    at d:\workspace\NodeJS\sunrise\middlewares\redisSession.js:38:15
    at process._tickCallback (internal/process/next_tick.js:103:7)
[2016-12-06 10:40:51.619] [ERROR] error - { code: 401, message: '用户未登录' }
[2016-12-06 10:40:51.620] [ERROR] error - UnauthorizedError: 用户未登录
    at Object.throw (D:\workspace\NodeJS\sunrise\node_modules\.npminstall\koa\2.0.0\koa\lib\context.js:91:23)
    at app.use (d:\workspace\NodeJS\sunrise\middlewares\LoginedChecker.js:8:22)
    at dispatch (D:\workspace\NodeJS\sunrise\node_modules\.npminstall\koa-compose\3.2.1\koa-compose\index.js:44:32)
    at d:\workspace\NodeJS\sunrise\middlewares\responseWrapper.js:26:19
    at dispatch (D:\workspace\NodeJS\sunrise\node_modules\.npminstall\koa-compose\3.2.1\koa-compose\index.js:44:32)
    at app.use (d:\workspace\NodeJS\sunrise\middlewares\logger.js:6:15)
    at dispatch (D:\workspace\NodeJS\sunrise\node_modules\.npminstall\koa-compose\3.2.1\koa-compose\index.js:44:32)
    at d:\workspace\NodeJS\sunrise\middlewares\redisSession.js:38:15
    at process._tickCallback (internal/process/next_tick.js:103:7)
[2016-12-06 10:44:52.726] [ERROR] error - Redis connect error!
[2016-12-06 10:44:52.727] [ERROR] error - { Error: Redis connection to 127.0.0.1:63791 failed - connect ECONNREFUSED 127.0.0.1:63791
    at Object.exports._errnoException (util.js:1022:11)
    at exports._exceptionWithHostPort (util.js:1045:20)
    at TCPConnectWrap.afterConnect [as oncomplete] (net.js:1090:14)
  code: 'ECONNREFUSED',
  errno: 'ECONNREFUSED',
  syscall: 'connect',
  address: '127.0.0.1',
  port: 63791 }
[2016-12-06 10:44:53.936] [ERROR] error - Redis connect error!
[2016-12-06 10:44:53.936] [ERROR] error - { Error: Redis connection to 127.0.0.1:63791 failed - connect ECONNREFUSED 127.0.0.1:63791
    at Object.exports._errnoException (util.js:1022:11)
    at exports._exceptionWithHostPort (util.js:1045:20)
    at TCPConnectWrap.afterConnect [as oncomplete] (net.js:1090:14)
  code: 'ECONNREFUSED',
  errno: 'ECONNREFUSED',
  syscall: 'connect',
  address: '127.0.0.1',
  port: 63791 }
[2016-12-06 10:44:55.281] [ERROR] error - Redis connect error!
[2016-12-06 10:44:55.281] [ERROR] error - { Error: Redis connection to 127.0.0.1:63791 failed - connect ECONNREFUSED 127.0.0.1:63791
    at Object.exports._errnoException (util.js:1022:11)
    at exports._exceptionWithHostPort (util.js:1045:20)
    at TCPConnectWrap.afterConnect [as oncomplete] (net.js:1090:14)
  code: 'ECONNREFUSED',
  errno: 'ECONNREFUSED',
  syscall: 'connect',
  address: '127.0.0.1',
  port: 63791 }
[2016-12-06 10:44:56.862] [ERROR] error - Redis connect error!
[2016-12-06 10:44:56.862] [ERROR] error - { Error: Redis connection to 127.0.0.1:63791 failed - connect ECONNREFUSED 127.0.0.1:63791
    at Object.exports._errnoException (util.js:1022:11)
    at exports._exceptionWithHostPort (util.js:1045:20)
    at TCPConnectWrap.afterConnect [as oncomplete] (net.js:1090:14)
  code: 'ECONNREFUSED',
  errno: 'ECONNREFUSED',
  syscall: 'connect',
  address: '127.0.0.1',
  port: 63791 }
[2016-12-06 10:44:58.848] [ERROR] error - Redis connect error!
[2016-12-06 10:44:58.848] [ERROR] error - { Error: Redis connection to 127.0.0.1:63791 failed - connect ECONNREFUSED 127.0.0.1:63791
    at Object.exports._errnoException (util.js:1022:11)
    at exports._exceptionWithHostPort (util.js:1045:20)
    at TCPConnectWrap.afterConnect [as oncomplete] (net.js:1090:14)
  code: 'ECONNREFUSED',
  errno: 'ECONNREFUSED',
  syscall: 'connect',
  address: '127.0.0.1',
  port: 63791 }
[2016-12-06 10:45:01.522] [ERROR] error - Redis connect error!
[2016-12-06 10:45:01.522] [ERROR] error - { Error: Redis connection to 127.0.0.1:63791 failed - connect ECONNREFUSED 127.0.0.1:63791
    at Object.exports._errnoException (util.js:1022:11)
    at exports._exceptionWithHostPort (util.js:1045:20)
    at TCPConnectWrap.afterConnect [as oncomplete] (net.js:1090:14)
  code: 'ECONNREFUSED',
  errno: 'ECONNREFUSED',
  syscall: 'connect',
  address: '127.0.0.1',
  port: 63791 }
[2016-12-06 10:45:05.366] [ERROR] error - Redis connect error!
[2016-12-06 10:45:05.366] [ERROR] error - { Error: Redis connection to 127.0.0.1:63791 failed - connect ECONNREFUSED 127.0.0.1:63791
    at Object.exports._errnoException (util.js:1022:11)
    at exports._exceptionWithHostPort (util.js:1045:20)
    at TCPConnectWrap.afterConnect [as oncomplete] (net.js:1090:14)
  code: 'ECONNREFUSED',
  errno: 'ECONNREFUSED',
  syscall: 'connect',
  address: '127.0.0.1',
  port: 63791 }
[2016-12-06 10:45:11.202] [ERROR] error - Redis connect error!
[2016-12-06 10:45:11.202] [ERROR] error - { Error: Redis connection to 127.0.0.1:63791 failed - connect ECONNREFUSED 127.0.0.1:63791
    at Object.exports._errnoException (util.js:1022:11)
    at exports._exceptionWithHostPort (util.js:1045:20)
    at TCPConnectWrap.afterConnect [as oncomplete] (net.js:1090:14)
  code: 'ECONNREFUSED',
  errno: 'ECONNREFUSED',
  syscall: 'connect',
  address: '127.0.0.1',
  port: 63791 }
[2016-12-06 10:45:20.416] [ERROR] error - Redis connect error!
[2016-12-06 10:45:20.416] [ERROR] error - { Error: Redis connection to 127.0.0.1:63791 failed - connect ECONNREFUSED 127.0.0.1:63791
    at Object.exports._errnoException (util.js:1022:11)
    at exports._exceptionWithHostPort (util.js:1045:20)
    at TCPConnectWrap.afterConnect [as oncomplete] (net.js:1090:14)
  code: 'ECONNREFUSED',
  errno: 'ECONNREFUSED',
  syscall: 'connect',
  address: '127.0.0.1',
  port: 63791 }
[2016-12-06 10:45:47.983] [ERROR] error - { code: 500,
  message: 'Cannot read property \'currentUser\' of undefined' }
[2016-12-06 10:45:47.985] [ERROR] error - TypeError: Cannot read property 'currentUser' of undefined
    at app.use (d:\workspace\NodeJS\sunrise\middlewares\LoginedChecker.js:5:48)
    at dispatch (D:\workspace\NodeJS\sunrise\node_modules\.npminstall\koa-compose\3.2.1\koa-compose\index.js:44:32)
    at d:\workspace\NodeJS\sunrise\middlewares\responseWrapper.js:26:19
    at dispatch (D:\workspace\NodeJS\sunrise\node_modules\.npminstall\koa-compose\3.2.1\koa-compose\index.js:44:32)
    at app.use (d:\workspace\NodeJS\sunrise\middlewares\logger.js:6:15)
    at dispatch (D:\workspace\NodeJS\sunrise\node_modules\.npminstall\koa-compose\3.2.1\koa-compose\index.js:44:32)
    at d:\workspace\NodeJS\sunrise\middlewares\memorySession.js:17:15
    at dispatch (D:\workspace\NodeJS\sunrise\node_modules\.npminstall\koa-compose\3.2.1\koa-compose\index.js:44:32)
[2016-12-06 10:47:05.197] [ERROR] error - { code: 401, message: '用户未登录' }
[2016-12-06 10:47:05.200] [ERROR] error - UnauthorizedError: 用户未登录
    at Object.throw (D:\workspace\NodeJS\sunrise\node_modules\.npminstall\koa\2.0.0\koa\lib\context.js:91:23)
    at app.use (d:\workspace\NodeJS\sunrise\middlewares\LoginedChecker.js:8:22)
    at dispatch (D:\workspace\NodeJS\sunrise\node_modules\.npminstall\koa-compose\3.2.1\koa-compose\index.js:44:32)
    at d:\workspace\NodeJS\sunrise\middlewares\responseWrapper.js:26:19
    at dispatch (D:\workspace\NodeJS\sunrise\node_modules\.npminstall\koa-compose\3.2.1\koa-compose\index.js:44:32)
    at app.use (d:\workspace\NodeJS\sunrise\middlewares\logger.js:6:15)
    at dispatch (D:\workspace\NodeJS\sunrise\node_modules\.npminstall\koa-compose\3.2.1\koa-compose\index.js:44:32)
    at d:\workspace\NodeJS\sunrise\middlewares\memorySession.js:24:15
[2016-12-06 10:47:07.175] [ERROR] error - { code: 401, message: '用户未登录' }
[2016-12-06 10:47:07.175] [ERROR] error - UnauthorizedError: 用户未登录
    at Object.throw (D:\workspace\NodeJS\sunrise\node_modules\.npminstall\koa\2.0.0\koa\lib\context.js:91:23)
    at app.use (d:\workspace\NodeJS\sunrise\middlewares\LoginedChecker.js:8:22)
    at dispatch (D:\workspace\NodeJS\sunrise\node_modules\.npminstall\koa-compose\3.2.1\koa-compose\index.js:44:32)
    at d:\workspace\NodeJS\sunrise\middlewares\responseWrapper.js:26:19
    at dispatch (D:\workspace\NodeJS\sunrise\node_modules\.npminstall\koa-compose\3.2.1\koa-compose\index.js:44:32)
    at app.use (d:\workspace\NodeJS\sunrise\middlewares\logger.js:6:15)
    at dispatch (D:\workspace\NodeJS\sunrise\node_modules\.npminstall\koa-compose\3.2.1\koa-compose\index.js:44:32)
    at d:\workspace\NodeJS\sunrise\middlewares\memorySession.js:24:15
[2016-12-06 10:47:16.014] [ERROR] error - { code: 401, message: '用户未登录' }
[2016-12-06 10:47:16.017] [ERROR] error - UnauthorizedError: 用户未登录
    at Object.throw (D:\workspace\NodeJS\sunrise\node_modules\.npminstall\koa\2.0.0\koa\lib\context.js:91:23)
    at app.use (d:\workspace\NodeJS\sunrise\middlewares\LoginedChecker.js:8:22)
    at dispatch (D:\workspace\NodeJS\sunrise\node_modules\.npminstall\koa-compose\3.2.1\koa-compose\index.js:44:32)
    at d:\workspace\NodeJS\sunrise\middlewares\responseWrapper.js:26:19
    at dispatch (D:\workspace\NodeJS\sunrise\node_modules\.npminstall\koa-compose\3.2.1\koa-compose\index.js:44:32)
    at app.use (d:\workspace\NodeJS\sunrise\middlewares\logger.js:6:15)
    at dispatch (D:\workspace\NodeJS\sunrise\node_modules\.npminstall\koa-compose\3.2.1\koa-compose\index.js:44:32)
    at d:\workspace\NodeJS\sunrise\middlewares\memorySession.js:24:15
[2016-12-06 11:03:46.577] [ERROR] error - { code: 401, message: '用户未登录' }
[2016-12-06 11:03:46.580] [ERROR] error - UnauthorizedError: 用户未登录
    at Object.throw (D:\workspace\NodeJS\sunrise\node_modules\.npminstall\koa\2.0.0\koa\lib\context.js:91:23)
    at app.use (d:\workspace\NodeJS\sunrise\middlewares\LoginedChecker.js:9:22)
    at dispatch (D:\workspace\NodeJS\sunrise\node_modules\.npminstall\koa-compose\3.2.1\koa-compose\index.js:44:32)
    at d:\workspace\NodeJS\sunrise\middlewares\responseWrapper.js:26:19
    at dispatch (D:\workspace\NodeJS\sunrise\node_modules\.npminstall\koa-compose\3.2.1\koa-compose\index.js:44:32)
    at app.use (d:\workspace\NodeJS\sunrise\middlewares\logger.js:6:15)
    at dispatch (D:\workspace\NodeJS\sunrise\node_modules\.npminstall\koa-compose\3.2.1\koa-compose\index.js:44:32)
    at d:\workspace\NodeJS\sunrise\middlewares\memorySession.js:24:15
[2016-12-06 15:27:46.193] [ERROR] error - { code: 500, message: 'Validation error' }
[2016-12-06 15:27:46.195] [ERROR] error - { SequelizeBaseError: Validation error
    at Query.formatError (d:\workspace\NodeJS\sunrise\node_modules\sequelize\lib\dialects\mysql\query.js:149:14)
    at Query._callback (d:\workspace\NodeJS\sunrise\node_modules\sequelize\lib\dialects\mysql\query.js:49:21)
    at Query.Sequence.end (d:\workspace\NodeJS\sunrise\node_modules\mysql\lib\protocol\sequences\Sequence.js:86:24)
    at Query.ErrorPacket (d:\workspace\NodeJS\sunrise\node_modules\mysql\lib\protocol\sequences\Query.js:94:8)
    at Protocol._parsePacket (d:\workspace\NodeJS\sunrise\node_modules\mysql\lib\protocol\Protocol.js:280:23)
    at Parser.write (d:\workspace\NodeJS\sunrise\node_modules\mysql\lib\protocol\Parser.js:74:12)
    at Protocol.write (d:\workspace\NodeJS\sunrise\node_modules\mysql\lib\protocol\Protocol.js:39:16)
    at Socket.<anonymous> (d:\workspace\NodeJS\sunrise\node_modules\mysql\lib\Connection.js:109:28)
    at emitOne (events.js:96:13)
    at Socket.emit (events.js:188:7)
    at readableAddChunk (_stream_readable.js:176:18)
    at TCP.onread (net.js:551:20)
  name: 'SequelizeUniqueConstraintError',
  message: 'Validation error',
  errors: 
   [ { message: 'PRIMARY must be unique',
       type: 'unique violation',
       path: 'PRIMARY',
       value: '1' } ],
  fields: { PRIMARY: '1' },
  parent: 
   { Error: ER_DUP_ENTRY: Duplicate entry '1' for key 'PRIMARY'
       at Query.Sequence._packetToError (d:\workspace\NodeJS\sunrise\node_modules\mysql\lib\protocol\sequences\Sequence.js:52:14)
       at Query.ErrorPacket (d:\workspace\NodeJS\sunrise\node_modules\mysql\lib\protocol\sequences\Query.js:83:18)
       at Protocol._parsePacket (d:\workspace\NodeJS\sunrise\node_modules\mysql\lib\protocol\Protocol.js:280:23)
       at Parser.write (d:\workspace\NodeJS\sunrise\node_modules\mysql\lib\protocol\Parser.js:74:12)
       at Protocol.write (d:\workspace\NodeJS\sunrise\node_modules\mysql\lib\protocol\Protocol.js:39:16)
       at Socket.<anonymous> (d:\workspace\NodeJS\sunrise\node_modules\mysql\lib\Connection.js:109:28)
       at emitOne (events.js:96:13)
       at Socket.emit (events.js:188:7)
       at readableAddChunk (_stream_readable.js:176:18)
       at TCP.onread (net.js:551:20)
       --------------------
       at Protocol._enqueue (d:\workspace\NodeJS\sunrise\node_modules\mysql\lib\protocol\Protocol.js:141:48)
       at Connection.query (d:\workspace\NodeJS\sunrise\node_modules\mysql\lib\Connection.js:214:25)
       at d:\workspace\NodeJS\sunrise\node_modules\sequelize\lib\dialects\mysql\query.js:40:21
       at Promise._execute (d:\workspace\NodeJS\sunrise\node_modules\bluebird\js\release\debuggability.js:299:9)
       at Promise._resolveFromExecutor (d:\workspace\NodeJS\sunrise\node_modules\bluebird\js\release\promise.js:481:18)
       at new Promise (d:\workspace\NodeJS\sunrise\node_modules\bluebird\js\release\promise.js:77:14)
       at Query.run (d:\workspace\NodeJS\sunrise\node_modules\sequelize\lib\dialects\mysql\query.js:39:17)
       at d:\workspace\NodeJS\sunrise\node_modules\sequelize\lib\sequelize.js:849:20
       at d:\workspace\NodeJS\sunrise\node_modules\retry-as-promised\index.js:40:21
       at Promise._execute (d:\workspace\NodeJS\sunrise\node_modules\bluebird\js\release\debuggability.js:299:9)
       at Promise._resolveFromExecutor (d:\workspace\NodeJS\sunrise\node_modules\bluebird\js\release\promise.js:481:18)
       at new Promise (d:\workspace\NodeJS\sunrise\node_modules\bluebird\js\release\promise.js:77:14)
       at retryAsPromised (d:\workspace\NodeJS\sunrise\node_modules\retry-as-promised\index.js:30:10)
       at tryCatcher (d:\workspace\NodeJS\sunrise\node_modules\bluebird\js\release\util.js:16:23)
       at Promise._settlePromiseFromHandler (d:\workspace\NodeJS\sunrise\node_modules\bluebird\js\release\promise.js:510:31)
       at Promise._settlePromise (d:\workspace\NodeJS\sunrise\node_modules\bluebird\js\release\promise.js:567:18)
     code: 'ER_DUP_ENTRY',
     errno: 1062,
     sqlState: '23000',
     index: 0,
     sql: 'INSERT INTO `tb_student` (`id_`,`name_`,`age_`) VALUES (\'1\',\'张三\',\'87\');' },
  original: 
   { Error: ER_DUP_ENTRY: Duplicate entry '1' for key 'PRIMARY'
       at Query.Sequence._packetToError (d:\workspace\NodeJS\sunrise\node_modules\mysql\lib\protocol\sequences\Sequence.js:52:14)
       at Query.ErrorPacket (d:\workspace\NodeJS\sunrise\node_modules\mysql\lib\protocol\sequences\Query.js:83:18)
       at Protocol._parsePacket (d:\workspace\NodeJS\sunrise\node_modules\mysql\lib\protocol\Protocol.js:280:23)
       at Parser.write (d:\workspace\NodeJS\sunrise\node_modules\mysql\lib\protocol\Parser.js:74:12)
       at Protocol.write (d:\workspace\NodeJS\sunrise\node_modules\mysql\lib\protocol\Protocol.js:39:16)
       at Socket.<anonymous> (d:\workspace\NodeJS\sunrise\node_modules\mysql\lib\Connection.js:109:28)
       at emitOne (events.js:96:13)
       at Socket.emit (events.js:188:7)
       at readableAddChunk (_stream_readable.js:176:18)
       at TCP.onread (net.js:551:20)
       --------------------
       at Protocol._enqueue (d:\workspace\NodeJS\sunrise\node_modules\mysql\lib\protocol\Protocol.js:141:48)
       at Connection.query (d:\workspace\NodeJS\sunrise\node_modules\mysql\lib\Connection.js:214:25)
       at d:\workspace\NodeJS\sunrise\node_modules\sequelize\lib\dialects\mysql\query.js:40:21
       at Promise._execute (d:\workspace\NodeJS\sunrise\node_modules\bluebird\js\release\debuggability.js:299:9)
       at Promise._resolveFromExecutor (d:\workspace\NodeJS\sunrise\node_modules\bluebird\js\release\promise.js:481:18)
       at new Promise (d:\workspace\NodeJS\sunrise\node_modules\bluebird\js\release\promise.js:77:14)
       at Query.run (d:\workspace\NodeJS\sunrise\node_modules\sequelize\lib\dialects\mysql\query.js:39:17)
       at d:\workspace\NodeJS\sunrise\node_modules\sequelize\lib\sequelize.js:849:20
       at d:\workspace\NodeJS\sunrise\node_modules\retry-as-promised\index.js:40:21
       at Promise._execute (d:\workspace\NodeJS\sunrise\node_modules\bluebird\js\release\debuggability.js:299:9)
       at Promise._resolveFromExecutor (d:\workspace\NodeJS\sunrise\node_modules\bluebird\js\release\promise.js:481:18)
       at new Promise (d:\workspace\NodeJS\sunrise\node_modules\bluebird\js\release\promise.js:77:14)
       at retryAsPromised (d:\workspace\NodeJS\sunrise\node_modules\retry-as-promised\index.js:30:10)
       at tryCatcher (d:\workspace\NodeJS\sunrise\node_modules\bluebird\js\release\util.js:16:23)
       at Promise._settlePromiseFromHandler (d:\workspace\NodeJS\sunrise\node_modules\bluebird\js\release\promise.js:510:31)
       at Promise._settlePromise (d:\workspace\NodeJS\sunrise\node_modules\bluebird\js\release\promise.js:567:18)
     code: 'ER_DUP_ENTRY',
     errno: 1062,
     sqlState: '23000',
     index: 0,
     sql: 'INSERT INTO `tb_student` (`id_`,`name_`,`age_`) VALUES (\'1\',\'张三\',\'87\');' },
  sql: 'INSERT INTO `tb_student` (`id_`,`name_`,`age_`) VALUES (\'1\',\'张三\',\'87\');' }
