[2016-12-12 11:29:31.601] [FATAL] error - /耗时:3
[2016-12-12 11:29:31.613] [FATAL] error - /favicon.ico耗时:0
[2016-12-12 11:29:32.390] [FATAL] error - /耗时:1
[2016-12-12 11:29:32.398] [FATAL] error - /favicon.ico耗时:0
[2016-12-12 11:29:33.159] [FATAL] error - /耗时:1
[2016-12-12 11:29:33.169] [FATAL] error - /favicon.ico耗时:1
[2016-12-12 11:30:18.817] [INFO] error - /耗时:3
[2016-12-12 11:30:18.817] [FATAL] error - /耗时:3
[2016-12-12 11:30:18.829] [INFO] error - /favicon.ico耗时:0
[2016-12-12 11:30:18.829] [FATAL] error - /favicon.ico耗时:0
[2016-12-12 11:30:19.046] [INFO] error - /耗时:1
[2016-12-12 11:30:19.046] [FATAL] error - /耗时:1
[2016-12-12 11:30:19.055] [INFO] error - /favicon.ico耗时:1
[2016-12-12 11:30:19.055] [FATAL] error - /favicon.ico耗时:1
[2016-12-12 11:30:19.271] [INFO] error - /耗时:1
[2016-12-12 11:30:19.271] [FATAL] error - /耗时:1
[2016-12-12 11:30:19.281] [INFO] error - /favicon.ico耗时:2
[2016-12-12 11:30:19.281] [FATAL] error - /favicon.ico耗时:2
[2016-12-12 11:38:37.037] [ERROR] error - ERROR======>/耗时:3
[2016-12-12 11:38:37.049] [ERROR] error - ERROR======>/favicon.ico耗时:1
