[2017-03-27 11:25:51.716] [ERROR] error - { code: 401, message: '用户未登录' }
[2017-03-27 11:25:51.717] [ERROR] error - UnauthorizedError: 用户未登录
    at Object.throw (D:\workspace\JS\git\peaimage2-manage-server\node_modules\.2.0.0@koa\lib\context.js:91:23)
    at middleware (d:\workspace\JS\git\peaimage2-manage-server\system\router\ManagerSignRouter.js:39:30)
    at dispatch (D:\workspace\JS\git\peaimage2-manage-server\node_modules\.3.2.1@koa-compose\index.js:44:32)
    at D:\workspace\JS\git\peaimage2-manage-server\node_modules\.7.1.0@koa-router\lib\router.js:326:16
    at dispatch (D:\workspace\JS\git\peaimage2-manage-server\node_modules\.3.2.1@koa-compose\index.js:44:32)
    at dispatch (D:\workspace\JS\git\peaimage2-manage-server\node_modules\.7.1.0@koa-router\lib\router.js:331:31)
    at dispatch (D:\workspace\JS\git\peaimage2-manage-server\node_modules\.3.2.1@koa-compose\index.js:44:32)
    at allowedMethods (D:\workspace\JS\git\peaimage2-manage-server\node_modules\.7.1.0@koa-router\lib\router.js:366:12)
    at dispatch (D:\workspace\JS\git\peaimage2-manage-server\node_modules\.3.2.1@koa-compose\index.js:44:32)
    at dispatch (D:\workspace\JS\git\peaimage2-manage-server\node_modules\.7.1.0@koa-router\lib\router.js:317:32)
    at dispatch (D:\workspace\JS\git\peaimage2-manage-server\node_modules\.3.2.1@koa-compose\index.js:44:32)
    at allowedMethods (D:\workspace\JS\git\peaimage2-manage-server\node_modules\.7.1.0@koa-router\lib\router.js:366:12)
    at dispatch (D:\workspace\JS\git\peaimage2-manage-server\node_modules\.3.2.1@koa-compose\index.js:44:32)
    at dispatch (D:\workspace\JS\git\peaimage2-manage-server\node_modules\.7.1.0@koa-router\lib\router.js:317:32)
    at dispatch (D:\workspace\JS\git\peaimage2-manage-server\node_modules\.3.2.1@koa-compose\index.js:44:32)
    at allowedMethods (D:\workspace\JS\git\peaimage2-manage-server\node_modules\.7.1.0@koa-router\lib\router.js:366:12)
    at dispatch (D:\workspace\JS\git\peaimage2-manage-server\node_modules\.3.2.1@koa-compose\index.js:44:32)
    at dispatch (D:\workspace\JS\git\peaimage2-manage-server\node_modules\.7.1.0@koa-router\lib\router.js:317:32)
    at dispatch (D:\workspace\JS\git\peaimage2-manage-server\node_modules\.3.2.1@koa-compose\index.js:44:32)
    at allowedMethods (D:\workspace\JS\git\peaimage2-manage-server\node_modules\.7.1.0@koa-router\lib\router.js:366:12)
    at dispatch (D:\workspace\JS\git\peaimage2-manage-server\node_modules\.3.2.1@koa-compose\index.js:44:32)
    at dispatch (D:\workspace\JS\git\peaimage2-manage-server\node_modules\.7.1.0@koa-router\lib\router.js:317:32)
[2017-03-27 11:50:24.464] [ERROR] error - { code: 401, message: '用户未登录' }
[2017-03-27 11:50:24.464] [ERROR] error - UnauthorizedError: 用户未登录
    at Object.throw (D:\workspace\JS\git\peaimage2-manage-server\node_modules\.2.0.0@koa\lib\context.js:91:23)
    at middleware (d:\workspace\JS\git\peaimage2-manage-server\system\router\ManagerSignRouter.js:39:30)
    at dispatch (D:\workspace\JS\git\peaimage2-manage-server\node_modules\.3.2.1@koa-compose\index.js:44:32)
    at D:\workspace\JS\git\peaimage2-manage-server\node_modules\.7.1.0@koa-router\lib\router.js:326:16
    at dispatch (D:\workspace\JS\git\peaimage2-manage-server\node_modules\.3.2.1@koa-compose\index.js:44:32)
    at dispatch (D:\workspace\JS\git\peaimage2-manage-server\node_modules\.7.1.0@koa-router\lib\router.js:331:31)
    at dispatch (D:\workspace\JS\git\peaimage2-manage-server\node_modules\.3.2.1@koa-compose\index.js:44:32)
    at allowedMethods (D:\workspace\JS\git\peaimage2-manage-server\node_modules\.7.1.0@koa-router\lib\router.js:366:12)
    at dispatch (D:\workspace\JS\git\peaimage2-manage-server\node_modules\.3.2.1@koa-compose\index.js:44:32)
    at dispatch (D:\workspace\JS\git\peaimage2-manage-server\node_modules\.7.1.0@koa-router\lib\router.js:317:32)
    at dispatch (D:\workspace\JS\git\peaimage2-manage-server\node_modules\.3.2.1@koa-compose\index.js:44:32)
    at allowedMethods (D:\workspace\JS\git\peaimage2-manage-server\node_modules\.7.1.0@koa-router\lib\router.js:366:12)
    at dispatch (D:\workspace\JS\git\peaimage2-manage-server\node_modules\.3.2.1@koa-compose\index.js:44:32)
    at dispatch (D:\workspace\JS\git\peaimage2-manage-server\node_modules\.7.1.0@koa-router\lib\router.js:317:32)
    at dispatch (D:\workspace\JS\git\peaimage2-manage-server\node_modules\.3.2.1@koa-compose\index.js:44:32)
    at allowedMethods (D:\workspace\JS\git\peaimage2-manage-server\node_modules\.7.1.0@koa-router\lib\router.js:366:12)
    at dispatch (D:\workspace\JS\git\peaimage2-manage-server\node_modules\.3.2.1@koa-compose\index.js:44:32)
    at dispatch (D:\workspace\JS\git\peaimage2-manage-server\node_modules\.7.1.0@koa-router\lib\router.js:317:32)
    at dispatch (D:\workspace\JS\git\peaimage2-manage-server\node_modules\.3.2.1@koa-compose\index.js:44:32)
    at allowedMethods (D:\workspace\JS\git\peaimage2-manage-server\node_modules\.7.1.0@koa-router\lib\router.js:366:12)
    at dispatch (D:\workspace\JS\git\peaimage2-manage-server\node_modules\.3.2.1@koa-compose\index.js:44:32)
    at dispatch (D:\workspace\JS\git\peaimage2-manage-server\node_modules\.7.1.0@koa-router\lib\router.js:317:32)
[2017-03-27 11:55:02.576] [ERROR] error - { code: 401, message: '用户未登录' }
[2017-03-27 11:55:02.576] [ERROR] error - UnauthorizedError: 用户未登录
    at Object.throw (D:\workspace\JS\git\peaimage2-manage-server\node_modules\.2.0.0@koa\lib\context.js:91:23)
    at middleware (d:\workspace\JS\git\peaimage2-manage-server\system\router\ManagerSignRouter.js:39:30)
    at dispatch (D:\workspace\JS\git\peaimage2-manage-server\node_modules\.3.2.1@koa-compose\index.js:44:32)
    at D:\workspace\JS\git\peaimage2-manage-server\node_modules\.7.1.0@koa-router\lib\router.js:326:16
    at dispatch (D:\workspace\JS\git\peaimage2-manage-server\node_modules\.3.2.1@koa-compose\index.js:44:32)
    at dispatch (D:\workspace\JS\git\peaimage2-manage-server\node_modules\.7.1.0@koa-router\lib\router.js:331:31)
    at dispatch (D:\workspace\JS\git\peaimage2-manage-server\node_modules\.3.2.1@koa-compose\index.js:44:32)
    at allowedMethods (D:\workspace\JS\git\peaimage2-manage-server\node_modules\.7.1.0@koa-router\lib\router.js:366:12)
    at dispatch (D:\workspace\JS\git\peaimage2-manage-server\node_modules\.3.2.1@koa-compose\index.js:44:32)
    at dispatch (D:\workspace\JS\git\peaimage2-manage-server\node_modules\.7.1.0@koa-router\lib\router.js:317:32)
    at dispatch (D:\workspace\JS\git\peaimage2-manage-server\node_modules\.3.2.1@koa-compose\index.js:44:32)
    at allowedMethods (D:\workspace\JS\git\peaimage2-manage-server\node_modules\.7.1.0@koa-router\lib\router.js:366:12)
    at dispatch (D:\workspace\JS\git\peaimage2-manage-server\node_modules\.3.2.1@koa-compose\index.js:44:32)
    at dispatch (D:\workspace\JS\git\peaimage2-manage-server\node_modules\.7.1.0@koa-router\lib\router.js:317:32)
    at dispatch (D:\workspace\JS\git\peaimage2-manage-server\node_modules\.3.2.1@koa-compose\index.js:44:32)
    at allowedMethods (D:\workspace\JS\git\peaimage2-manage-server\node_modules\.7.1.0@koa-router\lib\router.js:366:12)
    at dispatch (D:\workspace\JS\git\peaimage2-manage-server\node_modules\.3.2.1@koa-compose\index.js:44:32)
    at dispatch (D:\workspace\JS\git\peaimage2-manage-server\node_modules\.7.1.0@koa-router\lib\router.js:317:32)
    at dispatch (D:\workspace\JS\git\peaimage2-manage-server\node_modules\.3.2.1@koa-compose\index.js:44:32)
    at allowedMethods (D:\workspace\JS\git\peaimage2-manage-server\node_modules\.7.1.0@koa-router\lib\router.js:366:12)
    at dispatch (D:\workspace\JS\git\peaimage2-manage-server\node_modules\.3.2.1@koa-compose\index.js:44:32)
    at dispatch (D:\workspace\JS\git\peaimage2-manage-server\node_modules\.7.1.0@koa-router\lib\router.js:317:32)
[2017-03-27 12:20:45.030] [ERROR] error - { code: 401, message: '用户未登录' }
[2017-03-27 12:20:45.031] [ERROR] error - UnauthorizedError: 用户未登录
    at Object.throw (D:\workspace\JS\git\peaimage2-manage-server\node_modules\.2.0.0@koa\lib\context.js:91:23)
    at middleware (d:\workspace\JS\git\peaimage2-manage-server\system\router\ManagerSignRouter.js:39:30)
    at dispatch (D:\workspace\JS\git\peaimage2-manage-server\node_modules\.3.2.1@koa-compose\index.js:44:32)
    at D:\workspace\JS\git\peaimage2-manage-server\node_modules\.7.1.0@koa-router\lib\router.js:326:16
    at dispatch (D:\workspace\JS\git\peaimage2-manage-server\node_modules\.3.2.1@koa-compose\index.js:44:32)
    at dispatch (D:\workspace\JS\git\peaimage2-manage-server\node_modules\.7.1.0@koa-router\lib\router.js:331:31)
    at dispatch (D:\workspace\JS\git\peaimage2-manage-server\node_modules\.3.2.1@koa-compose\index.js:44:32)
    at allowedMethods (D:\workspace\JS\git\peaimage2-manage-server\node_modules\.7.1.0@koa-router\lib\router.js:366:12)
    at dispatch (D:\workspace\JS\git\peaimage2-manage-server\node_modules\.3.2.1@koa-compose\index.js:44:32)
    at dispatch (D:\workspace\JS\git\peaimage2-manage-server\node_modules\.7.1.0@koa-router\lib\router.js:317:32)
    at dispatch (D:\workspace\JS\git\peaimage2-manage-server\node_modules\.3.2.1@koa-compose\index.js:44:32)
    at allowedMethods (D:\workspace\JS\git\peaimage2-manage-server\node_modules\.7.1.0@koa-router\lib\router.js:366:12)
    at dispatch (D:\workspace\JS\git\peaimage2-manage-server\node_modules\.3.2.1@koa-compose\index.js:44:32)
    at dispatch (D:\workspace\JS\git\peaimage2-manage-server\node_modules\.7.1.0@koa-router\lib\router.js:317:32)
    at dispatch (D:\workspace\JS\git\peaimage2-manage-server\node_modules\.3.2.1@koa-compose\index.js:44:32)
    at allowedMethods (D:\workspace\JS\git\peaimage2-manage-server\node_modules\.7.1.0@koa-router\lib\router.js:366:12)
    at dispatch (D:\workspace\JS\git\peaimage2-manage-server\node_modules\.3.2.1@koa-compose\index.js:44:32)
    at dispatch (D:\workspace\JS\git\peaimage2-manage-server\node_modules\.7.1.0@koa-router\lib\router.js:317:32)
    at dispatch (D:\workspace\JS\git\peaimage2-manage-server\node_modules\.3.2.1@koa-compose\index.js:44:32)
    at allowedMethods (D:\workspace\JS\git\peaimage2-manage-server\node_modules\.7.1.0@koa-router\lib\router.js:366:12)
    at dispatch (D:\workspace\JS\git\peaimage2-manage-server\node_modules\.3.2.1@koa-compose\index.js:44:32)
    at dispatch (D:\workspace\JS\git\peaimage2-manage-server\node_modules\.7.1.0@koa-router\lib\router.js:317:32)
[2017-03-27 12:21:00.930] [ERROR] error - { code: 500, message: 'notNull Violation: type cannot be null' }
[2017-03-27 12:21:00.930] [ERROR] error - { SequelizeBaseError: null
    at D:\workspace\JS\git\peaimage2-manage-server\node_modules\.3.30.1@sequelize\lib\instance-validator.js:74:14
    at D:\workspace\JS\git\peaimage2-manage-server\node_modules\.3.2.0@continuation-local-storage\context.js:84:17
    at tryCatcher (D:\workspace\JS\git\peaimage2-manage-server\node_modules\.3.4.7@bluebird\js\release\util.js:16:23)
    at Promise._settlePromiseFromHandler (D:\workspace\JS\git\peaimage2-manage-server\node_modules\.3.4.7@bluebird\js\release\promise.js:510:31)
    at Promise._settlePromise (D:\workspace\JS\git\peaimage2-manage-server\node_modules\.3.4.7@bluebird\js\release\promise.js:567:18)
    at Promise._settlePromise0 (D:\workspace\JS\git\peaimage2-manage-server\node_modules\.3.4.7@bluebird\js\release\promise.js:612:10)
    at Promise._settlePromises (D:\workspace\JS\git\peaimage2-manage-server\node_modules\.3.4.7@bluebird\js\release\promise.js:691:18)
    at Promise._fulfill (D:\workspace\JS\git\peaimage2-manage-server\node_modules\.3.4.7@bluebird\js\release\promise.js:636:18)
    at PromiseArray._resolve (D:\workspace\JS\git\peaimage2-manage-server\node_modules\.3.4.7@bluebird\js\release\promise_array.js:125:19)
    at PromiseArray._promiseFulfilled (D:\workspace\JS\git\peaimage2-manage-server\node_modules\.3.4.7@bluebird\js\release\promise_array.js:143:14)
    at Promise._settlePromise (D:\workspace\JS\git\peaimage2-manage-server\node_modules\.3.4.7@bluebird\js\release\promise.js:572:26)
    at Promise._settlePromise0 (D:\workspace\JS\git\peaimage2-manage-server\node_modules\.3.4.7@bluebird\js\release\promise.js:612:10)
    at Promise._settlePromises (D:\workspace\JS\git\peaimage2-manage-server\node_modules\.3.4.7@bluebird\js\release\promise.js:691:18)
    at Async._drainQueue (D:\workspace\JS\git\peaimage2-manage-server\node_modules\.3.4.7@bluebird\js\release\async.js:133:16)
    at Async._drainQueues (D:\workspace\JS\git\peaimage2-manage-server\node_modules\.3.4.7@bluebird\js\release\async.js:143:10)
    at Immediate.Async.drainQueues (D:\workspace\JS\git\peaimage2-manage-server\node_modules\.3.4.7@bluebird\js\release\async.js:17:14)
    at tryOnImmediate (timers.js:622:5)
    at processImmediate [as _immediateCallback] (timers.js:594:5)
  name: 'SequelizeValidationError',
  message: 'notNull Violation: type cannot be null',
  errors: 
   [ { message: 'type cannot be null',
       type: 'notNull Violation',
       path: 'type',
       value: null } ],
  'error@context': { transaction: null } }
[2017-03-27 12:22:18.767] [ERROR] error - { code: 401, message: '用户未登录' }
[2017-03-27 12:22:18.768] [ERROR] error - UnauthorizedError: 用户未登录
    at Object.throw (D:\workspace\JS\git\peaimage2-manage-server\node_modules\.2.0.0@koa\lib\context.js:91:23)
    at middleware (d:\workspace\JS\git\peaimage2-manage-server\system\router\ManagerSignRouter.js:39:30)
    at dispatch (D:\workspace\JS\git\peaimage2-manage-server\node_modules\.3.2.1@koa-compose\index.js:44:32)
    at D:\workspace\JS\git\peaimage2-manage-server\node_modules\.7.1.0@koa-router\lib\router.js:326:16
    at dispatch (D:\workspace\JS\git\peaimage2-manage-server\node_modules\.3.2.1@koa-compose\index.js:44:32)
    at dispatch (D:\workspace\JS\git\peaimage2-manage-server\node_modules\.7.1.0@koa-router\lib\router.js:331:31)
    at dispatch (D:\workspace\JS\git\peaimage2-manage-server\node_modules\.3.2.1@koa-compose\index.js:44:32)
    at allowedMethods (D:\workspace\JS\git\peaimage2-manage-server\node_modules\.7.1.0@koa-router\lib\router.js:366:12)
    at dispatch (D:\workspace\JS\git\peaimage2-manage-server\node_modules\.3.2.1@koa-compose\index.js:44:32)
    at dispatch (D:\workspace\JS\git\peaimage2-manage-server\node_modules\.7.1.0@koa-router\lib\router.js:317:32)
    at dispatch (D:\workspace\JS\git\peaimage2-manage-server\node_modules\.3.2.1@koa-compose\index.js:44:32)
    at allowedMethods (D:\workspace\JS\git\peaimage2-manage-server\node_modules\.7.1.0@koa-router\lib\router.js:366:12)
    at dispatch (D:\workspace\JS\git\peaimage2-manage-server\node_modules\.3.2.1@koa-compose\index.js:44:32)
    at dispatch (D:\workspace\JS\git\peaimage2-manage-server\node_modules\.7.1.0@koa-router\lib\router.js:317:32)
    at dispatch (D:\workspace\JS\git\peaimage2-manage-server\node_modules\.3.2.1@koa-compose\index.js:44:32)
    at allowedMethods (D:\workspace\JS\git\peaimage2-manage-server\node_modules\.7.1.0@koa-router\lib\router.js:366:12)
    at dispatch (D:\workspace\JS\git\peaimage2-manage-server\node_modules\.3.2.1@koa-compose\index.js:44:32)
    at dispatch (D:\workspace\JS\git\peaimage2-manage-server\node_modules\.7.1.0@koa-router\lib\router.js:317:32)
    at dispatch (D:\workspace\JS\git\peaimage2-manage-server\node_modules\.3.2.1@koa-compose\index.js:44:32)
    at allowedMethods (D:\workspace\JS\git\peaimage2-manage-server\node_modules\.7.1.0@koa-router\lib\router.js:366:12)
    at dispatch (D:\workspace\JS\git\peaimage2-manage-server\node_modules\.3.2.1@koa-compose\index.js:44:32)
    at dispatch (D:\workspace\JS\git\peaimage2-manage-server\node_modules\.7.1.0@koa-router\lib\router.js:317:32)
[2017-03-27 12:26:04.789] [ERROR] error - { code: 401, message: '用户未登录' }
[2017-03-27 12:26:04.790] [ERROR] error - UnauthorizedError: 用户未登录
    at Object.throw (D:\workspace\JS\git\peaimage2-manage-server\node_modules\.2.0.0@koa\lib\context.js:91:23)
    at middleware (d:\workspace\JS\git\peaimage2-manage-server\system\router\ManagerSignRouter.js:39:30)
    at dispatch (D:\workspace\JS\git\peaimage2-manage-server\node_modules\.3.2.1@koa-compose\index.js:44:32)
    at D:\workspace\JS\git\peaimage2-manage-server\node_modules\.7.1.0@koa-router\lib\router.js:326:16
    at dispatch (D:\workspace\JS\git\peaimage2-manage-server\node_modules\.3.2.1@koa-compose\index.js:44:32)
    at dispatch (D:\workspace\JS\git\peaimage2-manage-server\node_modules\.7.1.0@koa-router\lib\router.js:331:31)
    at dispatch (D:\workspace\JS\git\peaimage2-manage-server\node_modules\.3.2.1@koa-compose\index.js:44:32)
    at allowedMethods (D:\workspace\JS\git\peaimage2-manage-server\node_modules\.7.1.0@koa-router\lib\router.js:366:12)
    at dispatch (D:\workspace\JS\git\peaimage2-manage-server\node_modules\.3.2.1@koa-compose\index.js:44:32)
    at dispatch (D:\workspace\JS\git\peaimage2-manage-server\node_modules\.7.1.0@koa-router\lib\router.js:317:32)
    at dispatch (D:\workspace\JS\git\peaimage2-manage-server\node_modules\.3.2.1@koa-compose\index.js:44:32)
    at allowedMethods (D:\workspace\JS\git\peaimage2-manage-server\node_modules\.7.1.0@koa-router\lib\router.js:366:12)
    at dispatch (D:\workspace\JS\git\peaimage2-manage-server\node_modules\.3.2.1@koa-compose\index.js:44:32)
    at dispatch (D:\workspace\JS\git\peaimage2-manage-server\node_modules\.7.1.0@koa-router\lib\router.js:317:32)
    at dispatch (D:\workspace\JS\git\peaimage2-manage-server\node_modules\.3.2.1@koa-compose\index.js:44:32)
    at allowedMethods (D:\workspace\JS\git\peaimage2-manage-server\node_modules\.7.1.0@koa-router\lib\router.js:366:12)
    at dispatch (D:\workspace\JS\git\peaimage2-manage-server\node_modules\.3.2.1@koa-compose\index.js:44:32)
    at dispatch (D:\workspace\JS\git\peaimage2-manage-server\node_modules\.7.1.0@koa-router\lib\router.js:317:32)
    at dispatch (D:\workspace\JS\git\peaimage2-manage-server\node_modules\.3.2.1@koa-compose\index.js:44:32)
    at allowedMethods (D:\workspace\JS\git\peaimage2-manage-server\node_modules\.7.1.0@koa-router\lib\router.js:366:12)
    at dispatch (D:\workspace\JS\git\peaimage2-manage-server\node_modules\.3.2.1@koa-compose\index.js:44:32)
    at dispatch (D:\workspace\JS\git\peaimage2-manage-server\node_modules\.7.1.0@koa-router\lib\router.js:317:32)
[2017-03-27 14:03:05.905] [ERROR] error - { code: 401, message: '用户未登录' }
[2017-03-27 14:03:05.906] [ERROR] error - UnauthorizedError: 用户未登录
    at Object.throw (D:\workspace\JS\git\peaimage2-manage-server\node_modules\.2.0.0@koa\lib\context.js:91:23)
    at middleware (d:\workspace\JS\git\peaimage2-manage-server\system\router\ManagerSignRouter.js:39:30)
    at dispatch (D:\workspace\JS\git\peaimage2-manage-server\node_modules\.3.2.1@koa-compose\index.js:44:32)
    at D:\workspace\JS\git\peaimage2-manage-server\node_modules\.7.1.0@koa-router\lib\router.js:326:16
    at dispatch (D:\workspace\JS\git\peaimage2-manage-server\node_modules\.3.2.1@koa-compose\index.js:44:32)
    at dispatch (D:\workspace\JS\git\peaimage2-manage-server\node_modules\.7.1.0@koa-router\lib\router.js:331:31)
    at dispatch (D:\workspace\JS\git\peaimage2-manage-server\node_modules\.3.2.1@koa-compose\index.js:44:32)
    at allowedMethods (D:\workspace\JS\git\peaimage2-manage-server\node_modules\.7.1.0@koa-router\lib\router.js:366:12)
    at dispatch (D:\workspace\JS\git\peaimage2-manage-server\node_modules\.3.2.1@koa-compose\index.js:44:32)
    at dispatch (D:\workspace\JS\git\peaimage2-manage-server\node_modules\.7.1.0@koa-router\lib\router.js:317:32)
    at dispatch (D:\workspace\JS\git\peaimage2-manage-server\node_modules\.3.2.1@koa-compose\index.js:44:32)
    at allowedMethods (D:\workspace\JS\git\peaimage2-manage-server\node_modules\.7.1.0@koa-router\lib\router.js:366:12)
    at dispatch (D:\workspace\JS\git\peaimage2-manage-server\node_modules\.3.2.1@koa-compose\index.js:44:32)
    at dispatch (D:\workspace\JS\git\peaimage2-manage-server\node_modules\.7.1.0@koa-router\lib\router.js:317:32)
    at dispatch (D:\workspace\JS\git\peaimage2-manage-server\node_modules\.3.2.1@koa-compose\index.js:44:32)
    at allowedMethods (D:\workspace\JS\git\peaimage2-manage-server\node_modules\.7.1.0@koa-router\lib\router.js:366:12)
    at dispatch (D:\workspace\JS\git\peaimage2-manage-server\node_modules\.3.2.1@koa-compose\index.js:44:32)
    at dispatch (D:\workspace\JS\git\peaimage2-manage-server\node_modules\.7.1.0@koa-router\lib\router.js:317:32)
    at dispatch (D:\workspace\JS\git\peaimage2-manage-server\node_modules\.3.2.1@koa-compose\index.js:44:32)
    at allowedMethods (D:\workspace\JS\git\peaimage2-manage-server\node_modules\.7.1.0@koa-router\lib\router.js:366:12)
    at dispatch (D:\workspace\JS\git\peaimage2-manage-server\node_modules\.3.2.1@koa-compose\index.js:44:32)
    at dispatch (D:\workspace\JS\git\peaimage2-manage-server\node_modules\.7.1.0@koa-router\lib\router.js:317:32)
[2017-03-27 14:03:21.606] [ERROR] error - { code: 401, message: '用户未登录' }
[2017-03-27 14:03:21.606] [ERROR] error - UnauthorizedError: 用户未登录
    at Object.throw (D:\workspace\JS\git\peaimage2-manage-server\node_modules\.2.0.0@koa\lib\context.js:91:23)
    at middleware (d:\workspace\JS\git\peaimage2-manage-server\system\router\ManagerSignRouter.js:39:30)
    at dispatch (D:\workspace\JS\git\peaimage2-manage-server\node_modules\.3.2.1@koa-compose\index.js:44:32)
    at D:\workspace\JS\git\peaimage2-manage-server\node_modules\.7.1.0@koa-router\lib\router.js:326:16
    at dispatch (D:\workspace\JS\git\peaimage2-manage-server\node_modules\.3.2.1@koa-compose\index.js:44:32)
    at dispatch (D:\workspace\JS\git\peaimage2-manage-server\node_modules\.7.1.0@koa-router\lib\router.js:331:31)
    at dispatch (D:\workspace\JS\git\peaimage2-manage-server\node_modules\.3.2.1@koa-compose\index.js:44:32)
    at allowedMethods (D:\workspace\JS\git\peaimage2-manage-server\node_modules\.7.1.0@koa-router\lib\router.js:366:12)
    at dispatch (D:\workspace\JS\git\peaimage2-manage-server\node_modules\.3.2.1@koa-compose\index.js:44:32)
    at dispatch (D:\workspace\JS\git\peaimage2-manage-server\node_modules\.7.1.0@koa-router\lib\router.js:317:32)
    at dispatch (D:\workspace\JS\git\peaimage2-manage-server\node_modules\.3.2.1@koa-compose\index.js:44:32)
    at allowedMethods (D:\workspace\JS\git\peaimage2-manage-server\node_modules\.7.1.0@koa-router\lib\router.js:366:12)
    at dispatch (D:\workspace\JS\git\peaimage2-manage-server\node_modules\.3.2.1@koa-compose\index.js:44:32)
    at dispatch (D:\workspace\JS\git\peaimage2-manage-server\node_modules\.7.1.0@koa-router\lib\router.js:317:32)
    at dispatch (D:\workspace\JS\git\peaimage2-manage-server\node_modules\.3.2.1@koa-compose\index.js:44:32)
    at allowedMethods (D:\workspace\JS\git\peaimage2-manage-server\node_modules\.7.1.0@koa-router\lib\router.js:366:12)
    at dispatch (D:\workspace\JS\git\peaimage2-manage-server\node_modules\.3.2.1@koa-compose\index.js:44:32)
    at dispatch (D:\workspace\JS\git\peaimage2-manage-server\node_modules\.7.1.0@koa-router\lib\router.js:317:32)
    at dispatch (D:\workspace\JS\git\peaimage2-manage-server\node_modules\.3.2.1@koa-compose\index.js:44:32)
    at allowedMethods (D:\workspace\JS\git\peaimage2-manage-server\node_modules\.7.1.0@koa-router\lib\router.js:366:12)
    at dispatch (D:\workspace\JS\git\peaimage2-manage-server\node_modules\.3.2.1@koa-compose\index.js:44:32)
    at dispatch (D:\workspace\JS\git\peaimage2-manage-server\node_modules\.7.1.0@koa-router\lib\router.js:317:32)
[2017-03-27 14:03:23.418] [ERROR] error - { code: 401, message: '用户未登录' }
[2017-03-27 14:03:23.418] [ERROR] error - UnauthorizedError: 用户未登录
    at Object.throw (D:\workspace\JS\git\peaimage2-manage-server\node_modules\.2.0.0@koa\lib\context.js:91:23)
    at middleware (d:\workspace\JS\git\peaimage2-manage-server\system\router\ManagerSignRouter.js:39:30)
    at dispatch (D:\workspace\JS\git\peaimage2-manage-server\node_modules\.3.2.1@koa-compose\index.js:44:32)
    at D:\workspace\JS\git\peaimage2-manage-server\node_modules\.7.1.0@koa-router\lib\router.js:326:16
    at dispatch (D:\workspace\JS\git\peaimage2-manage-server\node_modules\.3.2.1@koa-compose\index.js:44:32)
    at dispatch (D:\workspace\JS\git\peaimage2-manage-server\node_modules\.7.1.0@koa-router\lib\router.js:331:31)
    at dispatch (D:\workspace\JS\git\peaimage2-manage-server\node_modules\.3.2.1@koa-compose\index.js:44:32)
    at allowedMethods (D:\workspace\JS\git\peaimage2-manage-server\node_modules\.7.1.0@koa-router\lib\router.js:366:12)
    at dispatch (D:\workspace\JS\git\peaimage2-manage-server\node_modules\.3.2.1@koa-compose\index.js:44:32)
    at dispatch (D:\workspace\JS\git\peaimage2-manage-server\node_modules\.7.1.0@koa-router\lib\router.js:317:32)
    at dispatch (D:\workspace\JS\git\peaimage2-manage-server\node_modules\.3.2.1@koa-compose\index.js:44:32)
    at allowedMethods (D:\workspace\JS\git\peaimage2-manage-server\node_modules\.7.1.0@koa-router\lib\router.js:366:12)
    at dispatch (D:\workspace\JS\git\peaimage2-manage-server\node_modules\.3.2.1@koa-compose\index.js:44:32)
    at dispatch (D:\workspace\JS\git\peaimage2-manage-server\node_modules\.7.1.0@koa-router\lib\router.js:317:32)
    at dispatch (D:\workspace\JS\git\peaimage2-manage-server\node_modules\.3.2.1@koa-compose\index.js:44:32)
    at allowedMethods (D:\workspace\JS\git\peaimage2-manage-server\node_modules\.7.1.0@koa-router\lib\router.js:366:12)
    at dispatch (D:\workspace\JS\git\peaimage2-manage-server\node_modules\.3.2.1@koa-compose\index.js:44:32)
    at dispatch (D:\workspace\JS\git\peaimage2-manage-server\node_modules\.7.1.0@koa-router\lib\router.js:317:32)
    at dispatch (D:\workspace\JS\git\peaimage2-manage-server\node_modules\.3.2.1@koa-compose\index.js:44:32)
    at allowedMethods (D:\workspace\JS\git\peaimage2-manage-server\node_modules\.7.1.0@koa-router\lib\router.js:366:12)
    at dispatch (D:\workspace\JS\git\peaimage2-manage-server\node_modules\.3.2.1@koa-compose\index.js:44:32)
    at dispatch (D:\workspace\JS\git\peaimage2-manage-server\node_modules\.7.1.0@koa-router\lib\router.js:317:32)
[2017-03-27 14:03:24.048] [ERROR] error - { code: 401, message: '用户未登录' }
[2017-03-27 14:03:24.048] [ERROR] error - UnauthorizedError: 用户未登录
    at Object.throw (D:\workspace\JS\git\peaimage2-manage-server\node_modules\.2.0.0@koa\lib\context.js:91:23)
    at middleware (d:\workspace\JS\git\peaimage2-manage-server\system\router\ManagerSignRouter.js:39:30)
    at dispatch (D:\workspace\JS\git\peaimage2-manage-server\node_modules\.3.2.1@koa-compose\index.js:44:32)
    at D:\workspace\JS\git\peaimage2-manage-server\node_modules\.7.1.0@koa-router\lib\router.js:326:16
    at dispatch (D:\workspace\JS\git\peaimage2-manage-server\node_modules\.3.2.1@koa-compose\index.js:44:32)
    at dispatch (D:\workspace\JS\git\peaimage2-manage-server\node_modules\.7.1.0@koa-router\lib\router.js:331:31)
    at dispatch (D:\workspace\JS\git\peaimage2-manage-server\node_modules\.3.2.1@koa-compose\index.js:44:32)
    at allowedMethods (D:\workspace\JS\git\peaimage2-manage-server\node_modules\.7.1.0@koa-router\lib\router.js:366:12)
    at dispatch (D:\workspace\JS\git\peaimage2-manage-server\node_modules\.3.2.1@koa-compose\index.js:44:32)
    at dispatch (D:\workspace\JS\git\peaimage2-manage-server\node_modules\.7.1.0@koa-router\lib\router.js:317:32)
    at dispatch (D:\workspace\JS\git\peaimage2-manage-server\node_modules\.3.2.1@koa-compose\index.js:44:32)
    at allowedMethods (D:\workspace\JS\git\peaimage2-manage-server\node_modules\.7.1.0@koa-router\lib\router.js:366:12)
    at dispatch (D:\workspace\JS\git\peaimage2-manage-server\node_modules\.3.2.1@koa-compose\index.js:44:32)
    at dispatch (D:\workspace\JS\git\peaimage2-manage-server\node_modules\.7.1.0@koa-router\lib\router.js:317:32)
    at dispatch (D:\workspace\JS\git\peaimage2-manage-server\node_modules\.3.2.1@koa-compose\index.js:44:32)
    at allowedMethods (D:\workspace\JS\git\peaimage2-manage-server\node_modules\.7.1.0@koa-router\lib\router.js:366:12)
    at dispatch (D:\workspace\JS\git\peaimage2-manage-server\node_modules\.3.2.1@koa-compose\index.js:44:32)
    at dispatch (D:\workspace\JS\git\peaimage2-manage-server\node_modules\.7.1.0@koa-router\lib\router.js:317:32)
    at dispatch (D:\workspace\JS\git\peaimage2-manage-server\node_modules\.3.2.1@koa-compose\index.js:44:32)
    at allowedMethods (D:\workspace\JS\git\peaimage2-manage-server\node_modules\.7.1.0@koa-router\lib\router.js:366:12)
    at dispatch (D:\workspace\JS\git\peaimage2-manage-server\node_modules\.3.2.1@koa-compose\index.js:44:32)
    at dispatch (D:\workspace\JS\git\peaimage2-manage-server\node_modules\.7.1.0@koa-router\lib\router.js:317:32)
[2017-03-27 14:03:24.731] [ERROR] error - { code: 401, message: '用户未登录' }
[2017-03-27 14:03:24.731] [ERROR] error - UnauthorizedError: 用户未登录
    at Object.throw (D:\workspace\JS\git\peaimage2-manage-server\node_modules\.2.0.0@koa\lib\context.js:91:23)
    at middleware (d:\workspace\JS\git\peaimage2-manage-server\system\router\ManagerSignRouter.js:39:30)
    at dispatch (D:\workspace\JS\git\peaimage2-manage-server\node_modules\.3.2.1@koa-compose\index.js:44:32)
    at D:\workspace\JS\git\peaimage2-manage-server\node_modules\.7.1.0@koa-router\lib\router.js:326:16
    at dispatch (D:\workspace\JS\git\peaimage2-manage-server\node_modules\.3.2.1@koa-compose\index.js:44:32)
    at dispatch (D:\workspace\JS\git\peaimage2-manage-server\node_modules\.7.1.0@koa-router\lib\router.js:331:31)
    at dispatch (D:\workspace\JS\git\peaimage2-manage-server\node_modules\.3.2.1@koa-compose\index.js:44:32)
    at allowedMethods (D:\workspace\JS\git\peaimage2-manage-server\node_modules\.7.1.0@koa-router\lib\router.js:366:12)
    at dispatch (D:\workspace\JS\git\peaimage2-manage-server\node_modules\.3.2.1@koa-compose\index.js:44:32)
    at dispatch (D:\workspace\JS\git\peaimage2-manage-server\node_modules\.7.1.0@koa-router\lib\router.js:317:32)
    at dispatch (D:\workspace\JS\git\peaimage2-manage-server\node_modules\.3.2.1@koa-compose\index.js:44:32)
    at allowedMethods (D:\workspace\JS\git\peaimage2-manage-server\node_modules\.7.1.0@koa-router\lib\router.js:366:12)
    at dispatch (D:\workspace\JS\git\peaimage2-manage-server\node_modules\.3.2.1@koa-compose\index.js:44:32)
    at dispatch (D:\workspace\JS\git\peaimage2-manage-server\node_modules\.7.1.0@koa-router\lib\router.js:317:32)
    at dispatch (D:\workspace\JS\git\peaimage2-manage-server\node_modules\.3.2.1@koa-compose\index.js:44:32)
    at allowedMethods (D:\workspace\JS\git\peaimage2-manage-server\node_modules\.7.1.0@koa-router\lib\router.js:366:12)
    at dispatch (D:\workspace\JS\git\peaimage2-manage-server\node_modules\.3.2.1@koa-compose\index.js:44:32)
    at dispatch (D:\workspace\JS\git\peaimage2-manage-server\node_modules\.7.1.0@koa-router\lib\router.js:317:32)
    at dispatch (D:\workspace\JS\git\peaimage2-manage-server\node_modules\.3.2.1@koa-compose\index.js:44:32)
    at allowedMethods (D:\workspace\JS\git\peaimage2-manage-server\node_modules\.7.1.0@koa-router\lib\router.js:366:12)
    at dispatch (D:\workspace\JS\git\peaimage2-manage-server\node_modules\.3.2.1@koa-compose\index.js:44:32)
    at dispatch (D:\workspace\JS\git\peaimage2-manage-server\node_modules\.7.1.0@koa-router\lib\router.js:317:32)
[2017-03-27 14:03:25.441] [ERROR] error - { code: 401, message: '用户未登录' }
[2017-03-27 14:03:25.441] [ERROR] error - UnauthorizedError: 用户未登录
    at Object.throw (D:\workspace\JS\git\peaimage2-manage-server\node_modules\.2.0.0@koa\lib\context.js:91:23)
    at middleware (d:\workspace\JS\git\peaimage2-manage-server\system\router\ManagerSignRouter.js:39:30)
    at dispatch (D:\workspace\JS\git\peaimage2-manage-server\node_modules\.3.2.1@koa-compose\index.js:44:32)
    at D:\workspace\JS\git\peaimage2-manage-server\node_modules\.7.1.0@koa-router\lib\router.js:326:16
    at dispatch (D:\workspace\JS\git\peaimage2-manage-server\node_modules\.3.2.1@koa-compose\index.js:44:32)
    at dispatch (D:\workspace\JS\git\peaimage2-manage-server\node_modules\.7.1.0@koa-router\lib\router.js:331:31)
    at dispatch (D:\workspace\JS\git\peaimage2-manage-server\node_modules\.3.2.1@koa-compose\index.js:44:32)
    at allowedMethods (D:\workspace\JS\git\peaimage2-manage-server\node_modules\.7.1.0@koa-router\lib\router.js:366:12)
    at dispatch (D:\workspace\JS\git\peaimage2-manage-server\node_modules\.3.2.1@koa-compose\index.js:44:32)
    at dispatch (D:\workspace\JS\git\peaimage2-manage-server\node_modules\.7.1.0@koa-router\lib\router.js:317:32)
    at dispatch (D:\workspace\JS\git\peaimage2-manage-server\node_modules\.3.2.1@koa-compose\index.js:44:32)
    at allowedMethods (D:\workspace\JS\git\peaimage2-manage-server\node_modules\.7.1.0@koa-router\lib\router.js:366:12)
    at dispatch (D:\workspace\JS\git\peaimage2-manage-server\node_modules\.3.2.1@koa-compose\index.js:44:32)
    at dispatch (D:\workspace\JS\git\peaimage2-manage-server\node_modules\.7.1.0@koa-router\lib\router.js:317:32)
    at dispatch (D:\workspace\JS\git\peaimage2-manage-server\node_modules\.3.2.1@koa-compose\index.js:44:32)
    at allowedMethods (D:\workspace\JS\git\peaimage2-manage-server\node_modules\.7.1.0@koa-router\lib\router.js:366:12)
    at dispatch (D:\workspace\JS\git\peaimage2-manage-server\node_modules\.3.2.1@koa-compose\index.js:44:32)
    at dispatch (D:\workspace\JS\git\peaimage2-manage-server\node_modules\.7.1.0@koa-router\lib\router.js:317:32)
    at dispatch (D:\workspace\JS\git\peaimage2-manage-server\node_modules\.3.2.1@koa-compose\index.js:44:32)
    at allowedMethods (D:\workspace\JS\git\peaimage2-manage-server\node_modules\.7.1.0@koa-router\lib\router.js:366:12)
    at dispatch (D:\workspace\JS\git\peaimage2-manage-server\node_modules\.3.2.1@koa-compose\index.js:44:32)
    at dispatch (D:\workspace\JS\git\peaimage2-manage-server\node_modules\.7.1.0@koa-router\lib\router.js:317:32)
[2017-03-27 14:03:26.571] [ERROR] error - { code: 401, message: '用户未登录' }
[2017-03-27 14:03:26.571] [ERROR] error - UnauthorizedError: 用户未登录
    at Object.throw (D:\workspace\JS\git\peaimage2-manage-server\node_modules\.2.0.0@koa\lib\context.js:91:23)
    at middleware (d:\workspace\JS\git\peaimage2-manage-server\system\router\ManagerSignRouter.js:39:30)
    at dispatch (D:\workspace\JS\git\peaimage2-manage-server\node_modules\.3.2.1@koa-compose\index.js:44:32)
    at D:\workspace\JS\git\peaimage2-manage-server\node_modules\.7.1.0@koa-router\lib\router.js:326:16
    at dispatch (D:\workspace\JS\git\peaimage2-manage-server\node_modules\.3.2.1@koa-compose\index.js:44:32)
    at dispatch (D:\workspace\JS\git\peaimage2-manage-server\node_modules\.7.1.0@koa-router\lib\router.js:331:31)
    at dispatch (D:\workspace\JS\git\peaimage2-manage-server\node_modules\.3.2.1@koa-compose\index.js:44:32)
    at allowedMethods (D:\workspace\JS\git\peaimage2-manage-server\node_modules\.7.1.0@koa-router\lib\router.js:366:12)
    at dispatch (D:\workspace\JS\git\peaimage2-manage-server\node_modules\.3.2.1@koa-compose\index.js:44:32)
    at dispatch (D:\workspace\JS\git\peaimage2-manage-server\node_modules\.7.1.0@koa-router\lib\router.js:317:32)
    at dispatch (D:\workspace\JS\git\peaimage2-manage-server\node_modules\.3.2.1@koa-compose\index.js:44:32)
    at allowedMethods (D:\workspace\JS\git\peaimage2-manage-server\node_modules\.7.1.0@koa-router\lib\router.js:366:12)
    at dispatch (D:\workspace\JS\git\peaimage2-manage-server\node_modules\.3.2.1@koa-compose\index.js:44:32)
    at dispatch (D:\workspace\JS\git\peaimage2-manage-server\node_modules\.7.1.0@koa-router\lib\router.js:317:32)
    at dispatch (D:\workspace\JS\git\peaimage2-manage-server\node_modules\.3.2.1@koa-compose\index.js:44:32)
    at allowedMethods (D:\workspace\JS\git\peaimage2-manage-server\node_modules\.7.1.0@koa-router\lib\router.js:366:12)
    at dispatch (D:\workspace\JS\git\peaimage2-manage-server\node_modules\.3.2.1@koa-compose\index.js:44:32)
    at dispatch (D:\workspace\JS\git\peaimage2-manage-server\node_modules\.7.1.0@koa-router\lib\router.js:317:32)
    at dispatch (D:\workspace\JS\git\peaimage2-manage-server\node_modules\.3.2.1@koa-compose\index.js:44:32)
    at allowedMethods (D:\workspace\JS\git\peaimage2-manage-server\node_modules\.7.1.0@koa-router\lib\router.js:366:12)
    at dispatch (D:\workspace\JS\git\peaimage2-manage-server\node_modules\.3.2.1@koa-compose\index.js:44:32)
    at dispatch (D:\workspace\JS\git\peaimage2-manage-server\node_modules\.7.1.0@koa-router\lib\router.js:317:32)
[2017-03-27 16:44:29.667] [ERROR] error - { code: 401, message: '用户未登录' }
[2017-03-27 16:44:29.669] [ERROR] error - UnauthorizedError: 用户未登录
    at Object.throw (D:\workspace\JS\git\peaimage2-manage-server\node_modules\.2.0.0@koa\lib\context.js:91:23)
    at middleware (d:\workspace\JS\git\peaimage2-manage-server\system\router\ManagerSignRouter.js:39:30)
    at dispatch (D:\workspace\JS\git\peaimage2-manage-server\node_modules\.3.2.1@koa-compose\index.js:44:32)
    at D:\workspace\JS\git\peaimage2-manage-server\node_modules\.7.1.0@koa-router\lib\router.js:326:16
    at dispatch (D:\workspace\JS\git\peaimage2-manage-server\node_modules\.3.2.1@koa-compose\index.js:44:32)
    at dispatch (D:\workspace\JS\git\peaimage2-manage-server\node_modules\.7.1.0@koa-router\lib\router.js:331:31)
    at dispatch (D:\workspace\JS\git\peaimage2-manage-server\node_modules\.3.2.1@koa-compose\index.js:44:32)
    at allowedMethods (D:\workspace\JS\git\peaimage2-manage-server\node_modules\.7.1.0@koa-router\lib\router.js:366:12)
    at dispatch (D:\workspace\JS\git\peaimage2-manage-server\node_modules\.3.2.1@koa-compose\index.js:44:32)
    at dispatch (D:\workspace\JS\git\peaimage2-manage-server\node_modules\.7.1.0@koa-router\lib\router.js:317:32)
    at dispatch (D:\workspace\JS\git\peaimage2-manage-server\node_modules\.3.2.1@koa-compose\index.js:44:32)
    at allowedMethods (D:\workspace\JS\git\peaimage2-manage-server\node_modules\.7.1.0@koa-router\lib\router.js:366:12)
    at dispatch (D:\workspace\JS\git\peaimage2-manage-server\node_modules\.3.2.1@koa-compose\index.js:44:32)
    at dispatch (D:\workspace\JS\git\peaimage2-manage-server\node_modules\.7.1.0@koa-router\lib\router.js:317:32)
    at dispatch (D:\workspace\JS\git\peaimage2-manage-server\node_modules\.3.2.1@koa-compose\index.js:44:32)
    at allowedMethods (D:\workspace\JS\git\peaimage2-manage-server\node_modules\.7.1.0@koa-router\lib\router.js:366:12)
    at dispatch (D:\workspace\JS\git\peaimage2-manage-server\node_modules\.3.2.1@koa-compose\index.js:44:32)
    at dispatch (D:\workspace\JS\git\peaimage2-manage-server\node_modules\.7.1.0@koa-router\lib\router.js:317:32)
    at dispatch (D:\workspace\JS\git\peaimage2-manage-server\node_modules\.3.2.1@koa-compose\index.js:44:32)
    at allowedMethods (D:\workspace\JS\git\peaimage2-manage-server\node_modules\.7.1.0@koa-router\lib\router.js:366:12)
    at dispatch (D:\workspace\JS\git\peaimage2-manage-server\node_modules\.3.2.1@koa-compose\index.js:44:32)
    at dispatch (D:\workspace\JS\git\peaimage2-manage-server\node_modules\.7.1.0@koa-router\lib\router.js:317:32)
[2017-03-27 17:18:57.738] [ERROR] error - { code: 500, message: 'Cannot read property \'type\' of null' }
[2017-03-27 17:18:57.739] [ERROR] error - TypeError: Cannot read property 'type' of null
    at transaction (d:\workspace\JS\git\peaimage2-manage-server\system\service\DictionaryTypeService.js:38:32)
[2017-03-27 17:19:35.267] [ERROR] error - { code: 500, message: 'Cannot read property \'type\' of null' }
[2017-03-27 17:19:35.267] [ERROR] error - TypeError: Cannot read property 'type' of null
    at transaction (d:\workspace\JS\git\peaimage2-manage-server\system\service\DictionaryTypeService.js:38:32)
