[2017-03-28 09:21:32.555] [ERROR] error - { code: 401, message: '用户未登录' }
[2017-03-28 09:21:32.556] [ERROR] error - UnauthorizedError: 用户未登录
    at Object.throw (D:\workspace\JS\git\peaimage2-manage-server\node_modules\.2.0.0@koa\lib\context.js:91:23)
    at middleware (d:\workspace\JS\git\peaimage2-manage-server\system\router\ManagerSignRouter.js:39:30)
    at dispatch (D:\workspace\JS\git\peaimage2-manage-server\node_modules\.3.2.1@koa-compose\index.js:44:32)
    at D:\workspace\JS\git\peaimage2-manage-server\node_modules\.7.1.0@koa-router\lib\router.js:326:16
    at dispatch (D:\workspace\JS\git\peaimage2-manage-server\node_modules\.3.2.1@koa-compose\index.js:44:32)
    at dispatch (D:\workspace\JS\git\peaimage2-manage-server\node_modules\.7.1.0@koa-router\lib\router.js:331:31)
    at dispatch (D:\workspace\JS\git\peaimage2-manage-server\node_modules\.3.2.1@koa-compose\index.js:44:32)
    at allowedMethods (D:\workspace\JS\git\peaimage2-manage-server\node_modules\.7.1.0@koa-router\lib\router.js:366:12)
    at dispatch (D:\workspace\JS\git\peaimage2-manage-server\node_modules\.3.2.1@koa-compose\index.js:44:32)
    at dispatch (D:\workspace\JS\git\peaimage2-manage-server\node_modules\.7.1.0@koa-router\lib\router.js:317:32)
    at dispatch (D:\workspace\JS\git\peaimage2-manage-server\node_modules\.3.2.1@koa-compose\index.js:44:32)
    at allowedMethods (D:\workspace\JS\git\peaimage2-manage-server\node_modules\.7.1.0@koa-router\lib\router.js:366:12)
    at dispatch (D:\workspace\JS\git\peaimage2-manage-server\node_modules\.3.2.1@koa-compose\index.js:44:32)
    at dispatch (D:\workspace\JS\git\peaimage2-manage-server\node_modules\.7.1.0@koa-router\lib\router.js:317:32)
    at dispatch (D:\workspace\JS\git\peaimage2-manage-server\node_modules\.3.2.1@koa-compose\index.js:44:32)
    at allowedMethods (D:\workspace\JS\git\peaimage2-manage-server\node_modules\.7.1.0@koa-router\lib\router.js:366:12)
    at dispatch (D:\workspace\JS\git\peaimage2-manage-server\node_modules\.3.2.1@koa-compose\index.js:44:32)
    at dispatch (D:\workspace\JS\git\peaimage2-manage-server\node_modules\.7.1.0@koa-router\lib\router.js:317:32)
    at dispatch (D:\workspace\JS\git\peaimage2-manage-server\node_modules\.3.2.1@koa-compose\index.js:44:32)
    at allowedMethods (D:\workspace\JS\git\peaimage2-manage-server\node_modules\.7.1.0@koa-router\lib\router.js:366:12)
    at dispatch (D:\workspace\JS\git\peaimage2-manage-server\node_modules\.3.2.1@koa-compose\index.js:44:32)
    at dispatch (D:\workspace\JS\git\peaimage2-manage-server\node_modules\.7.1.0@koa-router\lib\router.js:317:32)
[2017-03-28 09:23:16.673] [ERROR] error - { code: 401, message: '用户未登录' }
[2017-03-28 09:23:16.673] [ERROR] error - UnauthorizedError: 用户未登录
    at Object.throw (D:\workspace\JS\git\peaimage2-manage-server\node_modules\.2.0.0@koa\lib\context.js:91:23)
    at middleware (d:\workspace\JS\git\peaimage2-manage-server\system\router\ManagerSignRouter.js:39:30)
    at dispatch (D:\workspace\JS\git\peaimage2-manage-server\node_modules\.3.2.1@koa-compose\index.js:44:32)
    at D:\workspace\JS\git\peaimage2-manage-server\node_modules\.7.1.0@koa-router\lib\router.js:326:16
    at dispatch (D:\workspace\JS\git\peaimage2-manage-server\node_modules\.3.2.1@koa-compose\index.js:44:32)
    at dispatch (D:\workspace\JS\git\peaimage2-manage-server\node_modules\.7.1.0@koa-router\lib\router.js:331:31)
    at dispatch (D:\workspace\JS\git\peaimage2-manage-server\node_modules\.3.2.1@koa-compose\index.js:44:32)
    at allowedMethods (D:\workspace\JS\git\peaimage2-manage-server\node_modules\.7.1.0@koa-router\lib\router.js:366:12)
    at dispatch (D:\workspace\JS\git\peaimage2-manage-server\node_modules\.3.2.1@koa-compose\index.js:44:32)
    at dispatch (D:\workspace\JS\git\peaimage2-manage-server\node_modules\.7.1.0@koa-router\lib\router.js:317:32)
    at dispatch (D:\workspace\JS\git\peaimage2-manage-server\node_modules\.3.2.1@koa-compose\index.js:44:32)
    at allowedMethods (D:\workspace\JS\git\peaimage2-manage-server\node_modules\.7.1.0@koa-router\lib\router.js:366:12)
    at dispatch (D:\workspace\JS\git\peaimage2-manage-server\node_modules\.3.2.1@koa-compose\index.js:44:32)
    at dispatch (D:\workspace\JS\git\peaimage2-manage-server\node_modules\.7.1.0@koa-router\lib\router.js:317:32)
    at dispatch (D:\workspace\JS\git\peaimage2-manage-server\node_modules\.3.2.1@koa-compose\index.js:44:32)
    at allowedMethods (D:\workspace\JS\git\peaimage2-manage-server\node_modules\.7.1.0@koa-router\lib\router.js:366:12)
    at dispatch (D:\workspace\JS\git\peaimage2-manage-server\node_modules\.3.2.1@koa-compose\index.js:44:32)
    at dispatch (D:\workspace\JS\git\peaimage2-manage-server\node_modules\.7.1.0@koa-router\lib\router.js:317:32)
    at dispatch (D:\workspace\JS\git\peaimage2-manage-server\node_modules\.3.2.1@koa-compose\index.js:44:32)
    at allowedMethods (D:\workspace\JS\git\peaimage2-manage-server\node_modules\.7.1.0@koa-router\lib\router.js:366:12)
    at dispatch (D:\workspace\JS\git\peaimage2-manage-server\node_modules\.3.2.1@koa-compose\index.js:44:32)
    at dispatch (D:\workspace\JS\git\peaimage2-manage-server\node_modules\.7.1.0@koa-router\lib\router.js:317:32)
[2017-03-28 09:23:35.536] [ERROR] error - { code: 500, message: '用户名密码错误' }
[2017-03-28 09:23:35.536] [ERROR] error - InternalServerError: 用户名密码错误
    at Object.throw (D:\workspace\JS\git\peaimage2-manage-server\node_modules\.2.0.0@koa\lib\context.js:91:23)
    at middleware (d:\workspace\JS\git\peaimage2-manage-server\system\router\ManagerSignRouter.js:30:30)
[2017-03-28 13:51:27.458] [ERROR] error - { code: 401, message: '用户未登录' }
[2017-03-28 13:51:27.459] [ERROR] error - UnauthorizedError: 用户未登录
    at Object.throw (D:\workspace\JS\git\peaimage2-manage-server\node_modules\.2.0.0@koa\lib\context.js:91:23)
    at middleware (d:\workspace\JS\git\peaimage2-manage-server\system\router\ManagerSignRouter.js:39:30)
    at dispatch (D:\workspace\JS\git\peaimage2-manage-server\node_modules\.3.2.1@koa-compose\index.js:44:32)
    at D:\workspace\JS\git\peaimage2-manage-server\node_modules\.7.1.0@koa-router\lib\router.js:326:16
    at dispatch (D:\workspace\JS\git\peaimage2-manage-server\node_modules\.3.2.1@koa-compose\index.js:44:32)
    at dispatch (D:\workspace\JS\git\peaimage2-manage-server\node_modules\.7.1.0@koa-router\lib\router.js:331:31)
    at dispatch (D:\workspace\JS\git\peaimage2-manage-server\node_modules\.3.2.1@koa-compose\index.js:44:32)
    at allowedMethods (D:\workspace\JS\git\peaimage2-manage-server\node_modules\.7.1.0@koa-router\lib\router.js:366:12)
    at dispatch (D:\workspace\JS\git\peaimage2-manage-server\node_modules\.3.2.1@koa-compose\index.js:44:32)
    at dispatch (D:\workspace\JS\git\peaimage2-manage-server\node_modules\.7.1.0@koa-router\lib\router.js:317:32)
    at dispatch (D:\workspace\JS\git\peaimage2-manage-server\node_modules\.3.2.1@koa-compose\index.js:44:32)
    at allowedMethods (D:\workspace\JS\git\peaimage2-manage-server\node_modules\.7.1.0@koa-router\lib\router.js:366:12)
    at dispatch (D:\workspace\JS\git\peaimage2-manage-server\node_modules\.3.2.1@koa-compose\index.js:44:32)
    at dispatch (D:\workspace\JS\git\peaimage2-manage-server\node_modules\.7.1.0@koa-router\lib\router.js:317:32)
    at dispatch (D:\workspace\JS\git\peaimage2-manage-server\node_modules\.3.2.1@koa-compose\index.js:44:32)
    at allowedMethods (D:\workspace\JS\git\peaimage2-manage-server\node_modules\.7.1.0@koa-router\lib\router.js:366:12)
    at dispatch (D:\workspace\JS\git\peaimage2-manage-server\node_modules\.3.2.1@koa-compose\index.js:44:32)
    at dispatch (D:\workspace\JS\git\peaimage2-manage-server\node_modules\.7.1.0@koa-router\lib\router.js:317:32)
    at dispatch (D:\workspace\JS\git\peaimage2-manage-server\node_modules\.3.2.1@koa-compose\index.js:44:32)
    at allowedMethods (D:\workspace\JS\git\peaimage2-manage-server\node_modules\.7.1.0@koa-router\lib\router.js:366:12)
    at dispatch (D:\workspace\JS\git\peaimage2-manage-server\node_modules\.3.2.1@koa-compose\index.js:44:32)
    at dispatch (D:\workspace\JS\git\peaimage2-manage-server\node_modules\.7.1.0@koa-router\lib\router.js:317:32)
[2017-03-28 13:53:23.662] [ERROR] error - { code: 401, message: '用户未登录' }
[2017-03-28 13:53:23.662] [ERROR] error - UnauthorizedError: 用户未登录
    at Object.throw (D:\workspace\JS\git\peaimage2-manage-server\node_modules\.2.0.0@koa\lib\context.js:91:23)
    at middleware (d:\workspace\JS\git\peaimage2-manage-server\system\router\ManagerSignRouter.js:39:30)
    at dispatch (D:\workspace\JS\git\peaimage2-manage-server\node_modules\.3.2.1@koa-compose\index.js:44:32)
    at D:\workspace\JS\git\peaimage2-manage-server\node_modules\.7.1.0@koa-router\lib\router.js:326:16
    at dispatch (D:\workspace\JS\git\peaimage2-manage-server\node_modules\.3.2.1@koa-compose\index.js:44:32)
    at dispatch (D:\workspace\JS\git\peaimage2-manage-server\node_modules\.7.1.0@koa-router\lib\router.js:331:31)
    at dispatch (D:\workspace\JS\git\peaimage2-manage-server\node_modules\.3.2.1@koa-compose\index.js:44:32)
    at allowedMethods (D:\workspace\JS\git\peaimage2-manage-server\node_modules\.7.1.0@koa-router\lib\router.js:366:12)
    at dispatch (D:\workspace\JS\git\peaimage2-manage-server\node_modules\.3.2.1@koa-compose\index.js:44:32)
    at dispatch (D:\workspace\JS\git\peaimage2-manage-server\node_modules\.7.1.0@koa-router\lib\router.js:317:32)
    at dispatch (D:\workspace\JS\git\peaimage2-manage-server\node_modules\.3.2.1@koa-compose\index.js:44:32)
    at allowedMethods (D:\workspace\JS\git\peaimage2-manage-server\node_modules\.7.1.0@koa-router\lib\router.js:366:12)
    at dispatch (D:\workspace\JS\git\peaimage2-manage-server\node_modules\.3.2.1@koa-compose\index.js:44:32)
    at dispatch (D:\workspace\JS\git\peaimage2-manage-server\node_modules\.7.1.0@koa-router\lib\router.js:317:32)
    at dispatch (D:\workspace\JS\git\peaimage2-manage-server\node_modules\.3.2.1@koa-compose\index.js:44:32)
    at allowedMethods (D:\workspace\JS\git\peaimage2-manage-server\node_modules\.7.1.0@koa-router\lib\router.js:366:12)
    at dispatch (D:\workspace\JS\git\peaimage2-manage-server\node_modules\.3.2.1@koa-compose\index.js:44:32)
    at dispatch (D:\workspace\JS\git\peaimage2-manage-server\node_modules\.7.1.0@koa-router\lib\router.js:317:32)
    at dispatch (D:\workspace\JS\git\peaimage2-manage-server\node_modules\.3.2.1@koa-compose\index.js:44:32)
    at allowedMethods (D:\workspace\JS\git\peaimage2-manage-server\node_modules\.7.1.0@koa-router\lib\router.js:366:12)
    at dispatch (D:\workspace\JS\git\peaimage2-manage-server\node_modules\.3.2.1@koa-compose\index.js:44:32)
    at dispatch (D:\workspace\JS\git\peaimage2-manage-server\node_modules\.7.1.0@koa-router\lib\router.js:317:32)
[2017-03-28 13:53:40.997] [ERROR] error - { code: 401, message: '用户未登录' }
[2017-03-28 13:53:40.997] [ERROR] error - UnauthorizedError: 用户未登录
    at Object.throw (D:\workspace\JS\git\peaimage2-manage-server\node_modules\.2.0.0@koa\lib\context.js:91:23)
    at middleware (d:\workspace\JS\git\peaimage2-manage-server\system\router\ManagerSignRouter.js:39:30)
    at dispatch (D:\workspace\JS\git\peaimage2-manage-server\node_modules\.3.2.1@koa-compose\index.js:44:32)
    at D:\workspace\JS\git\peaimage2-manage-server\node_modules\.7.1.0@koa-router\lib\router.js:326:16
    at dispatch (D:\workspace\JS\git\peaimage2-manage-server\node_modules\.3.2.1@koa-compose\index.js:44:32)
    at dispatch (D:\workspace\JS\git\peaimage2-manage-server\node_modules\.7.1.0@koa-router\lib\router.js:331:31)
    at dispatch (D:\workspace\JS\git\peaimage2-manage-server\node_modules\.3.2.1@koa-compose\index.js:44:32)
    at allowedMethods (D:\workspace\JS\git\peaimage2-manage-server\node_modules\.7.1.0@koa-router\lib\router.js:366:12)
    at dispatch (D:\workspace\JS\git\peaimage2-manage-server\node_modules\.3.2.1@koa-compose\index.js:44:32)
    at dispatch (D:\workspace\JS\git\peaimage2-manage-server\node_modules\.7.1.0@koa-router\lib\router.js:317:32)
    at dispatch (D:\workspace\JS\git\peaimage2-manage-server\node_modules\.3.2.1@koa-compose\index.js:44:32)
    at allowedMethods (D:\workspace\JS\git\peaimage2-manage-server\node_modules\.7.1.0@koa-router\lib\router.js:366:12)
    at dispatch (D:\workspace\JS\git\peaimage2-manage-server\node_modules\.3.2.1@koa-compose\index.js:44:32)
    at dispatch (D:\workspace\JS\git\peaimage2-manage-server\node_modules\.7.1.0@koa-router\lib\router.js:317:32)
    at dispatch (D:\workspace\JS\git\peaimage2-manage-server\node_modules\.3.2.1@koa-compose\index.js:44:32)
    at allowedMethods (D:\workspace\JS\git\peaimage2-manage-server\node_modules\.7.1.0@koa-router\lib\router.js:366:12)
    at dispatch (D:\workspace\JS\git\peaimage2-manage-server\node_modules\.3.2.1@koa-compose\index.js:44:32)
    at dispatch (D:\workspace\JS\git\peaimage2-manage-server\node_modules\.7.1.0@koa-router\lib\router.js:317:32)
    at dispatch (D:\workspace\JS\git\peaimage2-manage-server\node_modules\.3.2.1@koa-compose\index.js:44:32)
    at allowedMethods (D:\workspace\JS\git\peaimage2-manage-server\node_modules\.7.1.0@koa-router\lib\router.js:366:12)
    at dispatch (D:\workspace\JS\git\peaimage2-manage-server\node_modules\.3.2.1@koa-compose\index.js:44:32)
    at dispatch (D:\workspace\JS\git\peaimage2-manage-server\node_modules\.7.1.0@koa-router\lib\router.js:317:32)
[2017-03-28 15:06:46.422] [ERROR] error - { code: 401, message: '用户未登录' }
[2017-03-28 15:06:46.422] [ERROR] error - UnauthorizedError: 用户未登录
    at Object.throw (D:\workspace\JS\git\peaimage2-manage-server\node_modules\.2.0.0@koa\lib\context.js:91:23)
    at middleware (d:\workspace\JS\git\peaimage2-manage-server\system\router\ManagerSignRouter.js:39:30)
    at dispatch (D:\workspace\JS\git\peaimage2-manage-server\node_modules\.3.2.1@koa-compose\index.js:44:32)
    at D:\workspace\JS\git\peaimage2-manage-server\node_modules\.7.1.0@koa-router\lib\router.js:326:16
    at dispatch (D:\workspace\JS\git\peaimage2-manage-server\node_modules\.3.2.1@koa-compose\index.js:44:32)
    at dispatch (D:\workspace\JS\git\peaimage2-manage-server\node_modules\.7.1.0@koa-router\lib\router.js:331:31)
    at dispatch (D:\workspace\JS\git\peaimage2-manage-server\node_modules\.3.2.1@koa-compose\index.js:44:32)
    at allowedMethods (D:\workspace\JS\git\peaimage2-manage-server\node_modules\.7.1.0@koa-router\lib\router.js:366:12)
    at dispatch (D:\workspace\JS\git\peaimage2-manage-server\node_modules\.3.2.1@koa-compose\index.js:44:32)
    at dispatch (D:\workspace\JS\git\peaimage2-manage-server\node_modules\.7.1.0@koa-router\lib\router.js:317:32)
    at dispatch (D:\workspace\JS\git\peaimage2-manage-server\node_modules\.3.2.1@koa-compose\index.js:44:32)
    at allowedMethods (D:\workspace\JS\git\peaimage2-manage-server\node_modules\.7.1.0@koa-router\lib\router.js:366:12)
    at dispatch (D:\workspace\JS\git\peaimage2-manage-server\node_modules\.3.2.1@koa-compose\index.js:44:32)
    at dispatch (D:\workspace\JS\git\peaimage2-manage-server\node_modules\.7.1.0@koa-router\lib\router.js:317:32)
    at dispatch (D:\workspace\JS\git\peaimage2-manage-server\node_modules\.3.2.1@koa-compose\index.js:44:32)
    at allowedMethods (D:\workspace\JS\git\peaimage2-manage-server\node_modules\.7.1.0@koa-router\lib\router.js:366:12)
    at dispatch (D:\workspace\JS\git\peaimage2-manage-server\node_modules\.3.2.1@koa-compose\index.js:44:32)
    at dispatch (D:\workspace\JS\git\peaimage2-manage-server\node_modules\.7.1.0@koa-router\lib\router.js:317:32)
    at dispatch (D:\workspace\JS\git\peaimage2-manage-server\node_modules\.3.2.1@koa-compose\index.js:44:32)
    at allowedMethods (D:\workspace\JS\git\peaimage2-manage-server\node_modules\.7.1.0@koa-router\lib\router.js:366:12)
    at dispatch (D:\workspace\JS\git\peaimage2-manage-server\node_modules\.3.2.1@koa-compose\index.js:44:32)
    at dispatch (D:\workspace\JS\git\peaimage2-manage-server\node_modules\.7.1.0@koa-router\lib\router.js:317:32)
[2017-03-28 15:07:41.078] [ERROR] error - { code: 401, message: '用户未登录' }
[2017-03-28 15:07:41.079] [ERROR] error - UnauthorizedError: 用户未登录
    at Object.throw (D:\workspace\JS\git\peaimage2-manage-server\node_modules\.2.0.0@koa\lib\context.js:91:23)
    at middleware (d:\workspace\JS\git\peaimage2-manage-server\system\router\ManagerSignRouter.js:39:30)
    at dispatch (D:\workspace\JS\git\peaimage2-manage-server\node_modules\.3.2.1@koa-compose\index.js:44:32)
    at D:\workspace\JS\git\peaimage2-manage-server\node_modules\.7.1.0@koa-router\lib\router.js:326:16
    at dispatch (D:\workspace\JS\git\peaimage2-manage-server\node_modules\.3.2.1@koa-compose\index.js:44:32)
    at dispatch (D:\workspace\JS\git\peaimage2-manage-server\node_modules\.7.1.0@koa-router\lib\router.js:331:31)
    at dispatch (D:\workspace\JS\git\peaimage2-manage-server\node_modules\.3.2.1@koa-compose\index.js:44:32)
    at allowedMethods (D:\workspace\JS\git\peaimage2-manage-server\node_modules\.7.1.0@koa-router\lib\router.js:366:12)
    at dispatch (D:\workspace\JS\git\peaimage2-manage-server\node_modules\.3.2.1@koa-compose\index.js:44:32)
    at dispatch (D:\workspace\JS\git\peaimage2-manage-server\node_modules\.7.1.0@koa-router\lib\router.js:317:32)
    at dispatch (D:\workspace\JS\git\peaimage2-manage-server\node_modules\.3.2.1@koa-compose\index.js:44:32)
    at allowedMethods (D:\workspace\JS\git\peaimage2-manage-server\node_modules\.7.1.0@koa-router\lib\router.js:366:12)
    at dispatch (D:\workspace\JS\git\peaimage2-manage-server\node_modules\.3.2.1@koa-compose\index.js:44:32)
    at dispatch (D:\workspace\JS\git\peaimage2-manage-server\node_modules\.7.1.0@koa-router\lib\router.js:317:32)
    at dispatch (D:\workspace\JS\git\peaimage2-manage-server\node_modules\.3.2.1@koa-compose\index.js:44:32)
    at allowedMethods (D:\workspace\JS\git\peaimage2-manage-server\node_modules\.7.1.0@koa-router\lib\router.js:366:12)
    at dispatch (D:\workspace\JS\git\peaimage2-manage-server\node_modules\.3.2.1@koa-compose\index.js:44:32)
    at dispatch (D:\workspace\JS\git\peaimage2-manage-server\node_modules\.7.1.0@koa-router\lib\router.js:317:32)
    at dispatch (D:\workspace\JS\git\peaimage2-manage-server\node_modules\.3.2.1@koa-compose\index.js:44:32)
    at allowedMethods (D:\workspace\JS\git\peaimage2-manage-server\node_modules\.7.1.0@koa-router\lib\router.js:366:12)
    at dispatch (D:\workspace\JS\git\peaimage2-manage-server\node_modules\.3.2.1@koa-compose\index.js:44:32)
    at dispatch (D:\workspace\JS\git\peaimage2-manage-server\node_modules\.7.1.0@koa-router\lib\router.js:317:32)
[2017-03-28 17:15:14.663] [ERROR] error - { code: 401, message: '用户未登录' }
[2017-03-28 17:15:14.664] [ERROR] error - UnauthorizedError: 用户未登录
    at Object.throw (D:\workspace\JS\git\peaimage2-manage-server\node_modules\.2.0.0@koa\lib\context.js:91:23)
    at middleware (d:\workspace\JS\git\peaimage2-manage-server\system\router\ManagerSignRouter.js:39:30)
    at dispatch (D:\workspace\JS\git\peaimage2-manage-server\node_modules\.3.2.1@koa-compose\index.js:44:32)
    at D:\workspace\JS\git\peaimage2-manage-server\node_modules\.7.1.0@koa-router\lib\router.js:326:16
    at dispatch (D:\workspace\JS\git\peaimage2-manage-server\node_modules\.3.2.1@koa-compose\index.js:44:32)
    at dispatch (D:\workspace\JS\git\peaimage2-manage-server\node_modules\.7.1.0@koa-router\lib\router.js:331:31)
    at dispatch (D:\workspace\JS\git\peaimage2-manage-server\node_modules\.3.2.1@koa-compose\index.js:44:32)
    at allowedMethods (D:\workspace\JS\git\peaimage2-manage-server\node_modules\.7.1.0@koa-router\lib\router.js:366:12)
    at dispatch (D:\workspace\JS\git\peaimage2-manage-server\node_modules\.3.2.1@koa-compose\index.js:44:32)
    at dispatch (D:\workspace\JS\git\peaimage2-manage-server\node_modules\.7.1.0@koa-router\lib\router.js:317:32)
    at dispatch (D:\workspace\JS\git\peaimage2-manage-server\node_modules\.3.2.1@koa-compose\index.js:44:32)
    at allowedMethods (D:\workspace\JS\git\peaimage2-manage-server\node_modules\.7.1.0@koa-router\lib\router.js:366:12)
    at dispatch (D:\workspace\JS\git\peaimage2-manage-server\node_modules\.3.2.1@koa-compose\index.js:44:32)
    at dispatch (D:\workspace\JS\git\peaimage2-manage-server\node_modules\.7.1.0@koa-router\lib\router.js:317:32)
    at dispatch (D:\workspace\JS\git\peaimage2-manage-server\node_modules\.3.2.1@koa-compose\index.js:44:32)
    at allowedMethods (D:\workspace\JS\git\peaimage2-manage-server\node_modules\.7.1.0@koa-router\lib\router.js:366:12)
    at dispatch (D:\workspace\JS\git\peaimage2-manage-server\node_modules\.3.2.1@koa-compose\index.js:44:32)
    at dispatch (D:\workspace\JS\git\peaimage2-manage-server\node_modules\.7.1.0@koa-router\lib\router.js:317:32)
    at dispatch (D:\workspace\JS\git\peaimage2-manage-server\node_modules\.3.2.1@koa-compose\index.js:44:32)
    at allowedMethods (D:\workspace\JS\git\peaimage2-manage-server\node_modules\.7.1.0@koa-router\lib\router.js:366:12)
    at dispatch (D:\workspace\JS\git\peaimage2-manage-server\node_modules\.3.2.1@koa-compose\index.js:44:32)
    at dispatch (D:\workspace\JS\git\peaimage2-manage-server\node_modules\.7.1.0@koa-router\lib\router.js:317:32)
[2017-03-28 17:15:23.569] [ERROR] error - { code: 401, message: '用户未登录' }
[2017-03-28 17:15:23.570] [ERROR] error - UnauthorizedError: 用户未登录
    at Object.throw (D:\workspace\JS\git\peaimage2-manage-server\node_modules\.2.0.0@koa\lib\context.js:91:23)
    at middleware (d:\workspace\JS\git\peaimage2-manage-server\system\router\ManagerSignRouter.js:39:30)
    at dispatch (D:\workspace\JS\git\peaimage2-manage-server\node_modules\.3.2.1@koa-compose\index.js:44:32)
    at D:\workspace\JS\git\peaimage2-manage-server\node_modules\.7.1.0@koa-router\lib\router.js:326:16
    at dispatch (D:\workspace\JS\git\peaimage2-manage-server\node_modules\.3.2.1@koa-compose\index.js:44:32)
    at dispatch (D:\workspace\JS\git\peaimage2-manage-server\node_modules\.7.1.0@koa-router\lib\router.js:331:31)
    at dispatch (D:\workspace\JS\git\peaimage2-manage-server\node_modules\.3.2.1@koa-compose\index.js:44:32)
    at allowedMethods (D:\workspace\JS\git\peaimage2-manage-server\node_modules\.7.1.0@koa-router\lib\router.js:366:12)
    at dispatch (D:\workspace\JS\git\peaimage2-manage-server\node_modules\.3.2.1@koa-compose\index.js:44:32)
    at dispatch (D:\workspace\JS\git\peaimage2-manage-server\node_modules\.7.1.0@koa-router\lib\router.js:317:32)
    at dispatch (D:\workspace\JS\git\peaimage2-manage-server\node_modules\.3.2.1@koa-compose\index.js:44:32)
    at allowedMethods (D:\workspace\JS\git\peaimage2-manage-server\node_modules\.7.1.0@koa-router\lib\router.js:366:12)
    at dispatch (D:\workspace\JS\git\peaimage2-manage-server\node_modules\.3.2.1@koa-compose\index.js:44:32)
    at dispatch (D:\workspace\JS\git\peaimage2-manage-server\node_modules\.7.1.0@koa-router\lib\router.js:317:32)
    at dispatch (D:\workspace\JS\git\peaimage2-manage-server\node_modules\.3.2.1@koa-compose\index.js:44:32)
    at allowedMethods (D:\workspace\JS\git\peaimage2-manage-server\node_modules\.7.1.0@koa-router\lib\router.js:366:12)
    at dispatch (D:\workspace\JS\git\peaimage2-manage-server\node_modules\.3.2.1@koa-compose\index.js:44:32)
    at dispatch (D:\workspace\JS\git\peaimage2-manage-server\node_modules\.7.1.0@koa-router\lib\router.js:317:32)
    at dispatch (D:\workspace\JS\git\peaimage2-manage-server\node_modules\.3.2.1@koa-compose\index.js:44:32)
    at allowedMethods (D:\workspace\JS\git\peaimage2-manage-server\node_modules\.7.1.0@koa-router\lib\router.js:366:12)
    at dispatch (D:\workspace\JS\git\peaimage2-manage-server\node_modules\.3.2.1@koa-compose\index.js:44:32)
    at dispatch (D:\workspace\JS\git\peaimage2-manage-server\node_modules\.7.1.0@koa-router\lib\router.js:317:32)
[2017-03-28 17:17:56.198] [ERROR] error - { code: 401, message: '用户未登录' }
[2017-03-28 17:17:56.199] [ERROR] error - UnauthorizedError: 用户未登录
    at Object.throw (D:\workspace\JS\git\peaimage2-manage-server\node_modules\.2.0.0@koa\lib\context.js:91:23)
    at middleware (d:\workspace\JS\git\peaimage2-manage-server\system\router\ManagerSignRouter.js:39:30)
    at dispatch (D:\workspace\JS\git\peaimage2-manage-server\node_modules\.3.2.1@koa-compose\index.js:44:32)
    at D:\workspace\JS\git\peaimage2-manage-server\node_modules\.7.1.0@koa-router\lib\router.js:326:16
    at dispatch (D:\workspace\JS\git\peaimage2-manage-server\node_modules\.3.2.1@koa-compose\index.js:44:32)
    at dispatch (D:\workspace\JS\git\peaimage2-manage-server\node_modules\.7.1.0@koa-router\lib\router.js:331:31)
    at dispatch (D:\workspace\JS\git\peaimage2-manage-server\node_modules\.3.2.1@koa-compose\index.js:44:32)
    at allowedMethods (D:\workspace\JS\git\peaimage2-manage-server\node_modules\.7.1.0@koa-router\lib\router.js:366:12)
    at dispatch (D:\workspace\JS\git\peaimage2-manage-server\node_modules\.3.2.1@koa-compose\index.js:44:32)
    at dispatch (D:\workspace\JS\git\peaimage2-manage-server\node_modules\.7.1.0@koa-router\lib\router.js:317:32)
    at dispatch (D:\workspace\JS\git\peaimage2-manage-server\node_modules\.3.2.1@koa-compose\index.js:44:32)
    at allowedMethods (D:\workspace\JS\git\peaimage2-manage-server\node_modules\.7.1.0@koa-router\lib\router.js:366:12)
    at dispatch (D:\workspace\JS\git\peaimage2-manage-server\node_modules\.3.2.1@koa-compose\index.js:44:32)
    at dispatch (D:\workspace\JS\git\peaimage2-manage-server\node_modules\.7.1.0@koa-router\lib\router.js:317:32)
    at dispatch (D:\workspace\JS\git\peaimage2-manage-server\node_modules\.3.2.1@koa-compose\index.js:44:32)
    at allowedMethods (D:\workspace\JS\git\peaimage2-manage-server\node_modules\.7.1.0@koa-router\lib\router.js:366:12)
    at dispatch (D:\workspace\JS\git\peaimage2-manage-server\node_modules\.3.2.1@koa-compose\index.js:44:32)
    at dispatch (D:\workspace\JS\git\peaimage2-manage-server\node_modules\.7.1.0@koa-router\lib\router.js:317:32)
    at dispatch (D:\workspace\JS\git\peaimage2-manage-server\node_modules\.3.2.1@koa-compose\index.js:44:32)
    at allowedMethods (D:\workspace\JS\git\peaimage2-manage-server\node_modules\.7.1.0@koa-router\lib\router.js:366:12)
    at dispatch (D:\workspace\JS\git\peaimage2-manage-server\node_modules\.3.2.1@koa-compose\index.js:44:32)
    at dispatch (D:\workspace\JS\git\peaimage2-manage-server\node_modules\.7.1.0@koa-router\lib\router.js:317:32)
[2017-03-28 17:20:17.016] [ERROR] error - { code: 401, message: '用户未登录' }
[2017-03-28 17:20:17.017] [ERROR] error - UnauthorizedError: 用户未登录
    at Object.throw (D:\workspace\JS\git\peaimage2-manage-server\node_modules\.2.0.0@koa\lib\context.js:91:23)
    at middleware (d:\workspace\JS\git\peaimage2-manage-server\system\router\ManagerSignRouter.js:39:30)
    at dispatch (D:\workspace\JS\git\peaimage2-manage-server\node_modules\.3.2.1@koa-compose\index.js:44:32)
    at D:\workspace\JS\git\peaimage2-manage-server\node_modules\.7.1.0@koa-router\lib\router.js:326:16
    at dispatch (D:\workspace\JS\git\peaimage2-manage-server\node_modules\.3.2.1@koa-compose\index.js:44:32)
    at dispatch (D:\workspace\JS\git\peaimage2-manage-server\node_modules\.7.1.0@koa-router\lib\router.js:331:31)
    at dispatch (D:\workspace\JS\git\peaimage2-manage-server\node_modules\.3.2.1@koa-compose\index.js:44:32)
    at allowedMethods (D:\workspace\JS\git\peaimage2-manage-server\node_modules\.7.1.0@koa-router\lib\router.js:366:12)
    at dispatch (D:\workspace\JS\git\peaimage2-manage-server\node_modules\.3.2.1@koa-compose\index.js:44:32)
    at dispatch (D:\workspace\JS\git\peaimage2-manage-server\node_modules\.7.1.0@koa-router\lib\router.js:317:32)
    at dispatch (D:\workspace\JS\git\peaimage2-manage-server\node_modules\.3.2.1@koa-compose\index.js:44:32)
    at allowedMethods (D:\workspace\JS\git\peaimage2-manage-server\node_modules\.7.1.0@koa-router\lib\router.js:366:12)
    at dispatch (D:\workspace\JS\git\peaimage2-manage-server\node_modules\.3.2.1@koa-compose\index.js:44:32)
    at dispatch (D:\workspace\JS\git\peaimage2-manage-server\node_modules\.7.1.0@koa-router\lib\router.js:317:32)
    at dispatch (D:\workspace\JS\git\peaimage2-manage-server\node_modules\.3.2.1@koa-compose\index.js:44:32)
    at allowedMethods (D:\workspace\JS\git\peaimage2-manage-server\node_modules\.7.1.0@koa-router\lib\router.js:366:12)
    at dispatch (D:\workspace\JS\git\peaimage2-manage-server\node_modules\.3.2.1@koa-compose\index.js:44:32)
    at dispatch (D:\workspace\JS\git\peaimage2-manage-server\node_modules\.7.1.0@koa-router\lib\router.js:317:32)
    at dispatch (D:\workspace\JS\git\peaimage2-manage-server\node_modules\.3.2.1@koa-compose\index.js:44:32)
    at allowedMethods (D:\workspace\JS\git\peaimage2-manage-server\node_modules\.7.1.0@koa-router\lib\router.js:366:12)
    at dispatch (D:\workspace\JS\git\peaimage2-manage-server\node_modules\.3.2.1@koa-compose\index.js:44:32)
    at dispatch (D:\workspace\JS\git\peaimage2-manage-server\node_modules\.7.1.0@koa-router\lib\router.js:317:32)
[2017-03-28 17:21:02.293] [ERROR] error - { code: 500, message: '原密码错误' }
[2017-03-28 17:21:02.294] [ERROR] error - Error: 原密码错误
    at AccountService.modifyPassword (d:\workspace\JS\git\peaimage2-manage-server\system\service\ManagerAccountService.js:32:19)
[2017-03-28 17:21:26.753] [ERROR] error - { code: 500, message: '用户名密码错误' }
[2017-03-28 17:21:26.754] [ERROR] error - InternalServerError: 用户名密码错误
    at Object.throw (D:\workspace\JS\git\peaimage2-manage-server\node_modules\.2.0.0@koa\lib\context.js:91:23)
    at middleware (d:\workspace\JS\git\peaimage2-manage-server\system\router\ManagerSignRouter.js:30:30)
[2017-03-28 17:21:29.650] [ERROR] error - { code: 500, message: '用户名密码错误' }
[2017-03-28 17:21:29.651] [ERROR] error - InternalServerError: 用户名密码错误
    at Object.throw (D:\workspace\JS\git\peaimage2-manage-server\node_modules\.2.0.0@koa\lib\context.js:91:23)
    at middleware (d:\workspace\JS\git\peaimage2-manage-server\system\router\ManagerSignRouter.js:30:30)
[2017-03-28 17:21:32.864] [ERROR] error - { code: 500, message: '用户名密码错误' }
[2017-03-28 17:21:32.865] [ERROR] error - InternalServerError: 用户名密码错误
    at Object.throw (D:\workspace\JS\git\peaimage2-manage-server\node_modules\.2.0.0@koa\lib\context.js:91:23)
    at middleware (d:\workspace\JS\git\peaimage2-manage-server\system\router\ManagerSignRouter.js:30:30)
[2017-03-28 17:22:46.868] [ERROR] error - { code: 401, message: '用户未登录' }
[2017-03-28 17:22:46.869] [ERROR] error - UnauthorizedError: 用户未登录
    at Object.throw (D:\workspace\JS\git\peaimage2-manage-server\node_modules\.2.0.0@koa\lib\context.js:91:23)
    at middleware (d:\workspace\JS\git\peaimage2-manage-server\system\router\ManagerSignRouter.js:39:30)
    at dispatch (D:\workspace\JS\git\peaimage2-manage-server\node_modules\.3.2.1@koa-compose\index.js:44:32)
    at D:\workspace\JS\git\peaimage2-manage-server\node_modules\.7.1.0@koa-router\lib\router.js:326:16
    at dispatch (D:\workspace\JS\git\peaimage2-manage-server\node_modules\.3.2.1@koa-compose\index.js:44:32)
    at dispatch (D:\workspace\JS\git\peaimage2-manage-server\node_modules\.7.1.0@koa-router\lib\router.js:331:31)
    at dispatch (D:\workspace\JS\git\peaimage2-manage-server\node_modules\.3.2.1@koa-compose\index.js:44:32)
    at allowedMethods (D:\workspace\JS\git\peaimage2-manage-server\node_modules\.7.1.0@koa-router\lib\router.js:366:12)
    at dispatch (D:\workspace\JS\git\peaimage2-manage-server\node_modules\.3.2.1@koa-compose\index.js:44:32)
    at dispatch (D:\workspace\JS\git\peaimage2-manage-server\node_modules\.7.1.0@koa-router\lib\router.js:317:32)
    at dispatch (D:\workspace\JS\git\peaimage2-manage-server\node_modules\.3.2.1@koa-compose\index.js:44:32)
    at allowedMethods (D:\workspace\JS\git\peaimage2-manage-server\node_modules\.7.1.0@koa-router\lib\router.js:366:12)
    at dispatch (D:\workspace\JS\git\peaimage2-manage-server\node_modules\.3.2.1@koa-compose\index.js:44:32)
    at dispatch (D:\workspace\JS\git\peaimage2-manage-server\node_modules\.7.1.0@koa-router\lib\router.js:317:32)
    at dispatch (D:\workspace\JS\git\peaimage2-manage-server\node_modules\.3.2.1@koa-compose\index.js:44:32)
    at allowedMethods (D:\workspace\JS\git\peaimage2-manage-server\node_modules\.7.1.0@koa-router\lib\router.js:366:12)
    at dispatch (D:\workspace\JS\git\peaimage2-manage-server\node_modules\.3.2.1@koa-compose\index.js:44:32)
    at dispatch (D:\workspace\JS\git\peaimage2-manage-server\node_modules\.7.1.0@koa-router\lib\router.js:317:32)
    at dispatch (D:\workspace\JS\git\peaimage2-manage-server\node_modules\.3.2.1@koa-compose\index.js:44:32)
    at allowedMethods (D:\workspace\JS\git\peaimage2-manage-server\node_modules\.7.1.0@koa-router\lib\router.js:366:12)
    at dispatch (D:\workspace\JS\git\peaimage2-manage-server\node_modules\.3.2.1@koa-compose\index.js:44:32)
    at dispatch (D:\workspace\JS\git\peaimage2-manage-server\node_modules\.7.1.0@koa-router\lib\router.js:317:32)
[2017-03-28 17:28:38.479] [ERROR] error - { code: 500, message: '原密码错误' }
[2017-03-28 17:28:38.480] [ERROR] error - Error: 原密码错误
    at AccountService.modifyPassword (d:\workspace\JS\git\peaimage2-manage-server\system\service\ManagerAccountService.js:32:19)
[2017-03-28 17:28:38.482] [ERROR] error - { code: 500, message: '原密码错误' }
[2017-03-28 17:28:38.482] [ERROR] error - Error: 原密码错误
    at AccountService.modifyPassword (d:\workspace\JS\git\peaimage2-manage-server\system\service\ManagerAccountService.js:32:19)
[2017-03-28 17:28:38.485] [ERROR] error - { code: 500, message: '原密码错误' }
[2017-03-28 17:28:38.486] [ERROR] error - Error: 原密码错误
    at AccountService.modifyPassword (d:\workspace\JS\git\peaimage2-manage-server\system\service\ManagerAccountService.js:32:19)
[2017-03-28 17:28:48.583] [ERROR] error - { code: 500, message: '原密码错误' }
[2017-03-28 17:28:48.583] [ERROR] error - Error: 原密码错误
    at AccountService.modifyPassword (d:\workspace\JS\git\peaimage2-manage-server\system\service\ManagerAccountService.js:32:19)
[2017-03-28 17:28:52.347] [ERROR] error - { code: 500, message: '原密码错误' }
[2017-03-28 17:28:52.347] [ERROR] error - Error: 原密码错误
    at AccountService.modifyPassword (d:\workspace\JS\git\peaimage2-manage-server\system\service\ManagerAccountService.js:32:19)
[2017-03-28 17:36:43.674] [ERROR] error - { code: 401, message: '用户未登录' }
[2017-03-28 17:36:43.675] [ERROR] error - UnauthorizedError: 用户未登录
    at Object.throw (D:\workspace\JS\git\peaimage2-manage-server\node_modules\.2.0.0@koa\lib\context.js:91:23)
    at middleware (d:\workspace\JS\git\peaimage2-manage-server\system\router\ManagerSignRouter.js:39:30)
    at dispatch (D:\workspace\JS\git\peaimage2-manage-server\node_modules\.3.2.1@koa-compose\index.js:44:32)
    at D:\workspace\JS\git\peaimage2-manage-server\node_modules\.7.1.0@koa-router\lib\router.js:326:16
    at dispatch (D:\workspace\JS\git\peaimage2-manage-server\node_modules\.3.2.1@koa-compose\index.js:44:32)
    at dispatch (D:\workspace\JS\git\peaimage2-manage-server\node_modules\.7.1.0@koa-router\lib\router.js:331:31)
    at dispatch (D:\workspace\JS\git\peaimage2-manage-server\node_modules\.3.2.1@koa-compose\index.js:44:32)
    at allowedMethods (D:\workspace\JS\git\peaimage2-manage-server\node_modules\.7.1.0@koa-router\lib\router.js:366:12)
    at dispatch (D:\workspace\JS\git\peaimage2-manage-server\node_modules\.3.2.1@koa-compose\index.js:44:32)
    at dispatch (D:\workspace\JS\git\peaimage2-manage-server\node_modules\.7.1.0@koa-router\lib\router.js:317:32)
    at dispatch (D:\workspace\JS\git\peaimage2-manage-server\node_modules\.3.2.1@koa-compose\index.js:44:32)
    at allowedMethods (D:\workspace\JS\git\peaimage2-manage-server\node_modules\.7.1.0@koa-router\lib\router.js:366:12)
    at dispatch (D:\workspace\JS\git\peaimage2-manage-server\node_modules\.3.2.1@koa-compose\index.js:44:32)
    at dispatch (D:\workspace\JS\git\peaimage2-manage-server\node_modules\.7.1.0@koa-router\lib\router.js:317:32)
    at dispatch (D:\workspace\JS\git\peaimage2-manage-server\node_modules\.3.2.1@koa-compose\index.js:44:32)
    at allowedMethods (D:\workspace\JS\git\peaimage2-manage-server\node_modules\.7.1.0@koa-router\lib\router.js:366:12)
    at dispatch (D:\workspace\JS\git\peaimage2-manage-server\node_modules\.3.2.1@koa-compose\index.js:44:32)
    at dispatch (D:\workspace\JS\git\peaimage2-manage-server\node_modules\.7.1.0@koa-router\lib\router.js:317:32)
    at dispatch (D:\workspace\JS\git\peaimage2-manage-server\node_modules\.3.2.1@koa-compose\index.js:44:32)
    at allowedMethods (D:\workspace\JS\git\peaimage2-manage-server\node_modules\.7.1.0@koa-router\lib\router.js:366:12)
    at dispatch (D:\workspace\JS\git\peaimage2-manage-server\node_modules\.3.2.1@koa-compose\index.js:44:32)
    at dispatch (D:\workspace\JS\git\peaimage2-manage-server\node_modules\.7.1.0@koa-router\lib\router.js:317:32)
[2017-03-28 17:36:46.649] [ERROR] error - { code: 401, message: '用户未登录' }
[2017-03-28 17:36:46.649] [ERROR] error - UnauthorizedError: 用户未登录
    at Object.throw (D:\workspace\JS\git\peaimage2-manage-server\node_modules\.2.0.0@koa\lib\context.js:91:23)
    at middleware (d:\workspace\JS\git\peaimage2-manage-server\system\router\ManagerSignRouter.js:39:30)
    at dispatch (D:\workspace\JS\git\peaimage2-manage-server\node_modules\.3.2.1@koa-compose\index.js:44:32)
    at D:\workspace\JS\git\peaimage2-manage-server\node_modules\.7.1.0@koa-router\lib\router.js:326:16
    at dispatch (D:\workspace\JS\git\peaimage2-manage-server\node_modules\.3.2.1@koa-compose\index.js:44:32)
    at dispatch (D:\workspace\JS\git\peaimage2-manage-server\node_modules\.7.1.0@koa-router\lib\router.js:331:31)
    at dispatch (D:\workspace\JS\git\peaimage2-manage-server\node_modules\.3.2.1@koa-compose\index.js:44:32)
    at allowedMethods (D:\workspace\JS\git\peaimage2-manage-server\node_modules\.7.1.0@koa-router\lib\router.js:366:12)
    at dispatch (D:\workspace\JS\git\peaimage2-manage-server\node_modules\.3.2.1@koa-compose\index.js:44:32)
    at dispatch (D:\workspace\JS\git\peaimage2-manage-server\node_modules\.7.1.0@koa-router\lib\router.js:317:32)
    at dispatch (D:\workspace\JS\git\peaimage2-manage-server\node_modules\.3.2.1@koa-compose\index.js:44:32)
    at allowedMethods (D:\workspace\JS\git\peaimage2-manage-server\node_modules\.7.1.0@koa-router\lib\router.js:366:12)
    at dispatch (D:\workspace\JS\git\peaimage2-manage-server\node_modules\.3.2.1@koa-compose\index.js:44:32)
    at dispatch (D:\workspace\JS\git\peaimage2-manage-server\node_modules\.7.1.0@koa-router\lib\router.js:317:32)
    at dispatch (D:\workspace\JS\git\peaimage2-manage-server\node_modules\.3.2.1@koa-compose\index.js:44:32)
    at allowedMethods (D:\workspace\JS\git\peaimage2-manage-server\node_modules\.7.1.0@koa-router\lib\router.js:366:12)
    at dispatch (D:\workspace\JS\git\peaimage2-manage-server\node_modules\.3.2.1@koa-compose\index.js:44:32)
    at dispatch (D:\workspace\JS\git\peaimage2-manage-server\node_modules\.7.1.0@koa-router\lib\router.js:317:32)
    at dispatch (D:\workspace\JS\git\peaimage2-manage-server\node_modules\.3.2.1@koa-compose\index.js:44:32)
    at allowedMethods (D:\workspace\JS\git\peaimage2-manage-server\node_modules\.7.1.0@koa-router\lib\router.js:366:12)
    at dispatch (D:\workspace\JS\git\peaimage2-manage-server\node_modules\.3.2.1@koa-compose\index.js:44:32)
    at dispatch (D:\workspace\JS\git\peaimage2-manage-server\node_modules\.7.1.0@koa-router\lib\router.js:317:32)
[2017-03-28 17:43:14.322] [ERROR] error - { code: 500, message: '未找到用户' }
[2017-03-28 17:43:14.322] [ERROR] error - Error: 未找到用户
    at AccountService.resetPassword (d:\workspace\JS\git\peaimage2-manage-server\system\service\ManagerAccountService.js:43:19)
