[2017-01-12 11:24:18.392] [ERROR] error - { code: 500,
  message: 'params.arrow.toUppercase is not a function' }
[2017-01-12 11:24:18.397] [ERROR] error - TypeError: params.arrow.toUppercase is not a function
    at POST,PUT/order/:id (d:\workspace\NodeJS\sunrise\router\system\DictionaryItemRouter.js:23:54)
    at dispatch (D:\workspace\NodeJS\sunrise\node_modules\.npminstall\koa-compose\3.2.1\koa-compose\index.js:44:32)
    at D:\workspace\NodeJS\sunrise\node_modules\.npminstall\koa-router\7.0.1\koa-router\lib\router.js:321:16
    at dispatch (D:\workspace\NodeJS\sunrise\node_modules\.npminstall\koa-compose\3.2.1\koa-compose\index.js:44:32)
    at dispatch (D:\workspace\NodeJS\sunrise\node_modules\.npminstall\koa-router\7.0.1\koa-router\lib\router.js:326:31)
    at dispatch (D:\workspace\NodeJS\sunrise\node_modules\.npminstall\koa-compose\3.2.1\koa-compose\index.js:44:32)
    at allowedMethods (D:\workspace\NodeJS\sunrise\node_modules\.npminstall\koa-router\7.0.1\koa-router\lib\router.js:361:12)
    at dispatch (D:\workspace\NodeJS\sunrise\node_modules\.npminstall\koa-compose\3.2.1\koa-compose\index.js:44:32)
    at dispatch (D:\workspace\NodeJS\sunrise\node_modules\.npminstall\koa-router\7.0.1\koa-router\lib\router.js:315:32)
    at dispatch (D:\workspace\NodeJS\sunrise\node_modules\.npminstall\koa-compose\3.2.1\koa-compose\index.js:44:32)
    at allowedMethods (D:\workspace\NodeJS\sunrise\node_modules\.npminstall\koa-router\7.0.1\koa-router\lib\router.js:361:12)
    at dispatch (D:\workspace\NodeJS\sunrise\node_modules\.npminstall\koa-compose\3.2.1\koa-compose\index.js:44:32)
    at dispatch (D:\workspace\NodeJS\sunrise\node_modules\.npminstall\koa-router\7.0.1\koa-router\lib\router.js:315:32)
    at dispatch (D:\workspace\NodeJS\sunrise\node_modules\.npminstall\koa-compose\3.2.1\koa-compose\index.js:44:32)
    at allowedMethods (D:\workspace\NodeJS\sunrise\node_modules\.npminstall\koa-router\7.0.1\koa-router\lib\router.js:361:12)
    at dispatch (D:\workspace\NodeJS\sunrise\node_modules\.npminstall\koa-compose\3.2.1\koa-compose\index.js:44:32)
    at dispatch (D:\workspace\NodeJS\sunrise\node_modules\.npminstall\koa-router\7.0.1\koa-router\lib\router.js:315:32)
    at dispatch (D:\workspace\NodeJS\sunrise\node_modules\.npminstall\koa-compose\3.2.1\koa-compose\index.js:44:32)
    at propagateAslWrapper (d:\workspace\NodeJS\sunrise\node_modules\async-listener\index.js:421:23)
    at d:\workspace\NodeJS\sunrise\node_modules\async-listener\glue.js:188:31
    at d:\workspace\NodeJS\sunrise\node_modules\async-listener\index.js:458:70
    at process._tickCallback (internal/process/next_tick.js:103:7)
[2017-01-12 14:40:05.743] [ERROR] error - { code: 500,
  message: 'Cannot read property \'findAll\' of undefined' }
[2017-01-12 14:40:05.744] [ERROR] error - TypeError: Cannot read property 'findAll' of undefined
    at Object.DictionaryItemService.MemoryCache.regist [as DICTIONARY_ITEM_USE_ALL] (d:\workspace\NodeJS\sunrise\system\service\DictionaryItemService.js:12:35)
    at Promise.resolve.then (d:\workspace\NodeJS\sunrise\components\MemoryCache.js:22:48)
    at propagateAslWrapper (d:\workspace\NodeJS\sunrise\node_modules\async-listener\index.js:421:23)
    at d:\workspace\NodeJS\sunrise\node_modules\async-listener\glue.js:188:31
    at d:\workspace\NodeJS\sunrise\node_modules\async-listener\index.js:458:70
[2017-01-12 14:40:17.597] [ERROR] error - { code: 500,
  message: 'Cannot read property \'findAndCountAll\' of undefined' }
[2017-01-12 14:40:17.597] [ERROR] error - TypeError: Cannot read property 'findAndCountAll' of undefined
    at SystemVariableService.findPage (d:\workspace\NodeJS\sunrise\base\BaseService.js:95:31)
    at middleware (d:\workspace\NodeJS\sunrise\base\BaseRouter.js:40:38)
    at dispatch (D:\workspace\NodeJS\sunrise\node_modules\.npminstall\koa-compose\3.2.1\koa-compose\index.js:44:32)
    at D:\workspace\NodeJS\sunrise\node_modules\.npminstall\koa-router\7.0.1\koa-router\lib\router.js:321:16
    at dispatch (D:\workspace\NodeJS\sunrise\node_modules\.npminstall\koa-compose\3.2.1\koa-compose\index.js:44:32)
    at dispatch (D:\workspace\NodeJS\sunrise\node_modules\.npminstall\koa-router\7.0.1\koa-router\lib\router.js:326:31)
    at dispatch (D:\workspace\NodeJS\sunrise\node_modules\.npminstall\koa-compose\3.2.1\koa-compose\index.js:44:32)
    at allowedMethods (D:\workspace\NodeJS\sunrise\node_modules\.npminstall\koa-router\7.0.1\koa-router\lib\router.js:361:12)
    at dispatch (D:\workspace\NodeJS\sunrise\node_modules\.npminstall\koa-compose\3.2.1\koa-compose\index.js:44:32)
    at dispatch (D:\workspace\NodeJS\sunrise\node_modules\.npminstall\koa-router\7.0.1\koa-router\lib\router.js:315:32)
    at dispatch (D:\workspace\NodeJS\sunrise\node_modules\.npminstall\koa-compose\3.2.1\koa-compose\index.js:44:32)
    at allowedMethods (D:\workspace\NodeJS\sunrise\node_modules\.npminstall\koa-router\7.0.1\koa-router\lib\router.js:361:12)
    at dispatch (D:\workspace\NodeJS\sunrise\node_modules\.npminstall\koa-compose\3.2.1\koa-compose\index.js:44:32)
    at dispatch (D:\workspace\NodeJS\sunrise\node_modules\.npminstall\koa-router\7.0.1\koa-router\lib\router.js:315:32)
    at dispatch (D:\workspace\NodeJS\sunrise\node_modules\.npminstall\koa-compose\3.2.1\koa-compose\index.js:44:32)
    at allowedMethods (D:\workspace\NodeJS\sunrise\node_modules\.npminstall\koa-router\7.0.1\koa-router\lib\router.js:361:12)
    at dispatch (D:\workspace\NodeJS\sunrise\node_modules\.npminstall\koa-compose\3.2.1\koa-compose\index.js:44:32)
    at dispatch (D:\workspace\NodeJS\sunrise\node_modules\.npminstall\koa-router\7.0.1\koa-router\lib\router.js:315:32)
    at dispatch (D:\workspace\NodeJS\sunrise\node_modules\.npminstall\koa-compose\3.2.1\koa-compose\index.js:44:32)
    at allowedMethods (D:\workspace\NodeJS\sunrise\node_modules\.npminstall\koa-router\7.0.1\koa-router\lib\router.js:361:12)
    at dispatch (D:\workspace\NodeJS\sunrise\node_modules\.npminstall\koa-compose\3.2.1\koa-compose\index.js:44:32)
    at dispatch (D:\workspace\NodeJS\sunrise\node_modules\.npminstall\koa-router\7.0.1\koa-router\lib\router.js:315:32)
    at dispatch (D:\workspace\NodeJS\sunrise\node_modules\.npminstall\koa-compose\3.2.1\koa-compose\index.js:44:32)
    at propagateAslWrapper (d:\workspace\NodeJS\sunrise\node_modules\async-listener\index.js:421:23)
    at d:\workspace\NodeJS\sunrise\node_modules\async-listener\glue.js:188:31
    at d:\workspace\NodeJS\sunrise\node_modules\async-listener\index.js:458:70
[2017-01-12 14:40:17.626] [ERROR] error - { code: 500,
  message: 'Cannot read property \'findAll\' of undefined' }
[2017-01-12 14:40:17.627] [ERROR] error - TypeError: Cannot read property 'findAll' of undefined
    at Object.DictionaryItemService.MemoryCache.regist [as DICTIONARY_ITEM_USE_ALL] (d:\workspace\NodeJS\sunrise\system\service\DictionaryItemService.js:12:35)
    at Promise.resolve.then (d:\workspace\NodeJS\sunrise\components\MemoryCache.js:22:48)
    at propagateAslWrapper (d:\workspace\NodeJS\sunrise\node_modules\async-listener\index.js:421:23)
    at d:\workspace\NodeJS\sunrise\node_modules\async-listener\glue.js:188:31
    at d:\workspace\NodeJS\sunrise\node_modules\async-listener\index.js:458:70
