[2016-12-13 10:17:56.268] [INFO] info - Redis connecting!
[2016-12-13 10:17:56.272] [INFO] info - Redis auth pass!
[2016-12-13 10:19:08.449] [INFO] info - INFO======>/system/dictionaryItem耗时:37
[2016-12-13 10:19:08.604] [INFO] info - INFO======>/system/dictionaryType?pageNumber=1&pageSize=10耗时:6
[2016-12-13 10:19:48.436] [INFO] info - INFO======>/system/dictionaryType耗时:52
[2016-12-13 10:19:48.755] [INFO] info - INFO======>/system/dictionaryType?pageNumber=1&pageSize=10耗时:5
[2016-12-13 10:19:50.224] [INFO] info - INFO======>/system/dictionaryType?pageNumber=2&pageSize=10耗时:4
[2016-12-13 10:19:53.040] [INFO] info - INFO======>/system/dictionaryType?pageNumber=1&pageSize=10耗时:7
[2016-12-13 10:19:55.085] [INFO] info - INFO======>/system/dictionaryType?pageNumber=2&pageSize=10耗时:7
[2016-12-13 10:19:56.655] [INFO] info - INFO======>/system/dictionaryItem/getByType/AssessmentCaseCategory耗时:6
[2016-12-13 10:20:50.034] [INFO] info - INFO======>/system/dictionaryItem耗时:26
[2016-12-13 10:20:50.263] [INFO] info - INFO======>/system/dictionaryItem/getByType/AssessmentCaseCategory耗时:4
[2016-12-13 10:20:59.401] [INFO] info - INFO======>/system/dictionaryItem耗时:69
[2016-12-13 10:20:59.727] [INFO] info - INFO======>/system/dictionaryItem/getByType/AssessmentCaseCategory耗时:2
[2016-12-13 10:21:14.462] [INFO] info - INFO======>/system/dictionaryItem耗时:101
[2016-12-13 10:21:14.619] [INFO] info - INFO======>/system/dictionaryItem/getByType/AssessmentCaseCategory耗时:6
[2016-12-13 10:21:25.975] [INFO] info - INFO======>/system/dictionaryItem耗时:21
[2016-12-13 10:21:26.200] [INFO] info - INFO======>/system/dictionaryItem/getByType/AssessmentCaseCategory耗时:3
[2016-12-13 10:21:33.739] [INFO] info - INFO======>/system/dictionaryItem耗时:24
[2016-12-13 10:21:34.062] [INFO] info - INFO======>/system/dictionaryItem/getByType/AssessmentCaseCategory耗时:2
[2016-12-13 10:21:46.231] [INFO] info - INFO======>/system/dictionaryItem耗时:21
[2016-12-13 10:21:46.462] [INFO] info - INFO======>/system/dictionaryItem/getByType/AssessmentCaseCategory耗时:3
[2016-12-13 10:21:52.983] [INFO] info - INFO======>/system/dictionaryItem耗时:12
[2016-12-13 10:21:53.299] [INFO] info - INFO======>/system/dictionaryItem/getByType/AssessmentCaseCategory耗时:5
[2016-12-13 10:22:28.491] [INFO] info - INFO======>/hospital?pageNumber=1&pageSize=10耗时:5
[2016-12-13 10:23:11.607] [INFO] info - INFO======>/system/dictionaryItem耗时:7
[2016-12-13 10:23:11.818] [INFO] info - INFO======>/hospital?pageNumber=1&pageSize=10耗时:5
[2016-12-13 10:23:12.701] [INFO] info - INFO======>/referral/assessmentCase?pageNumber=1&pageSize=10耗时:5
[2016-12-13 10:23:24.692] [INFO] info - INFO======>/system/dictionaryItem耗时:7
[2016-12-13 10:23:24.844] [INFO] info - INFO======>/referral/assessmentCase?pageNumber=1&pageSize=10耗时:5
[2016-12-13 10:23:46.121] [INFO] info - INFO======>/manage/account?pageNumber=1&pageSize=10耗时:4
[2016-12-13 10:23:47.639] [INFO] info - INFO======>/system/dictionaryType?pageNumber=1&pageSize=10耗时:5
[2016-12-13 10:23:47.888] [INFO] info - INFO======>/manage/account?pageNumber=1&pageSize=10耗时:4
[2016-12-13 10:23:49.045] [INFO] info - INFO======>/system/dictionaryType?pageNumber=1&pageSize=10耗时:4
[2016-12-13 10:23:57.682] [INFO] info - INFO======>/system/dictionaryType耗时:23
[2016-12-13 10:23:57.921] [INFO] info - INFO======>/system/dictionaryType?pageNumber=1&pageSize=10耗时:9
[2016-12-13 10:24:05.397] [INFO] info - INFO======>/system/dictionaryItem耗时:5
[2016-12-13 10:24:05.604] [INFO] info - INFO======>/system/dictionaryType?pageNumber=1&pageSize=10耗时:3
[2016-12-13 10:24:07.102] [INFO] info - INFO======>/hospital?pageNumber=1&pageSize=10耗时:4
[2016-12-13 10:24:07.642] [INFO] info - INFO======>/referral/assessmentCase?pageNumber=1&pageSize=10耗时:4
[2016-12-13 10:24:33.512] [INFO] info - INFO======>/system/dictionaryItem耗时:4
[2016-12-13 10:24:33.663] [INFO] info - INFO======>/referral/assessmentCase?pageNumber=1&pageSize=10耗时:4
[2016-12-13 10:24:45.043] [INFO] info - INFO======>/system/dictionaryItem耗时:4
[2016-12-13 10:24:45.210] [INFO] info - INFO======>/hospital?pageNumber=1&pageSize=10耗时:4
[2016-12-13 10:24:46.747] [INFO] info - INFO======>/referral/assessmentCase?pageNumber=1&pageSize=10耗时:4
[2016-12-13 10:24:50.849] [INFO] info - INFO======>/system/dictionaryItem耗时:5
[2016-12-13 10:24:51.076] [INFO] info - INFO======>/referral/assessmentCase?pageNumber=1&pageSize=10耗时:7
[2016-12-13 10:25:21.703] [INFO] info - INFO======>/system/dictionaryItem耗时:5
[2016-12-13 10:25:22.068] [INFO] info - INFO======>/referral/assessmentCase?pageNumber=1&pageSize=10耗时:4
[2016-12-13 10:25:25.054] [INFO] info - INFO======>/system/dictionaryItem耗时:5
[2016-12-13 10:25:25.244] [INFO] info - INFO======>/system/dictionaryType?pageNumber=1&pageSize=10耗时:9
[2016-12-13 10:25:30.879] [INFO] info - INFO======>/system/dictionaryItem/getByType/AssessmentCaseType耗时:3
[2016-12-13 10:25:32.965] [INFO] info - INFO======>/manage/account?pageNumber=1&pageSize=10耗时:2
[2016-12-13 10:25:33.369] [INFO] info - INFO======>/system/dictionaryType?pageNumber=1&pageSize=10耗时:3
[2016-12-13 10:25:35.115] [INFO] info - INFO======>/hospital?pageNumber=1&pageSize=10耗时:3
[2016-12-13 10:25:35.617] [INFO] info - INFO======>/referral/assessmentCase?pageNumber=1&pageSize=10耗时:5
[2016-12-13 10:25:56.061] [INFO] info - INFO======>/system/dictionaryItem耗时:4
[2016-12-13 10:25:56.242] [INFO] info - INFO======>/referral/assessmentCase?pageNumber=1&pageSize=10耗时:3
[2016-12-13 10:26:46.189] [INFO] info - INFO======>/system/dictionaryItem耗时:5
[2016-12-13 10:26:46.557] [INFO] info - INFO======>/referral/assessmentCase?pageNumber=1&pageSize=10耗时:5
[2016-12-13 10:26:55.731] [INFO] info - INFO======>/system/dictionaryItem耗时:5
[2016-12-13 10:26:55.918] [INFO] info - INFO======>/referral/assessmentCase?pageNumber=1&pageSize=10耗时:4
[2016-12-13 10:28:56.537] [INFO] info - INFO======>/system/dictionaryItem耗时:4
[2016-12-13 10:28:56.944] [INFO] info - INFO======>/referral/assessmentCase?pageNumber=1&pageSize=10耗时:5
[2016-12-13 10:29:04.728] [INFO] info - INFO======>/referral/assessmentCase耗时:19
[2016-12-13 10:29:04.743] [INFO] info - INFO======>/referral/assessmentCase?pageNumber=1&pageSize=10耗时:3
[2016-12-13 10:29:06.466] [INFO] info - INFO======>/system/dictionaryItem耗时:6
[2016-12-13 10:29:06.675] [INFO] info - INFO======>/referral/assessmentCase?pageNumber=1&pageSize=10耗时:6
[2016-12-13 10:29:33.758] [INFO] info - INFO======>/system/dictionaryItem耗时:4
[2016-12-13 10:29:33.965] [INFO] info - INFO======>/referral/assessmentCase?pageNumber=1&pageSize=10耗时:4
[2016-12-13 10:29:37.331] [INFO] info - INFO======>/referral/assessmentCase耗时:65
[2016-12-13 10:29:37.347] [INFO] info - INFO======>/referral/assessmentCase?pageNumber=1&pageSize=10耗时:4
[2016-12-13 10:29:39.257] [INFO] info - INFO======>/system/dictionaryItem耗时:6
[2016-12-13 10:29:39.446] [INFO] info - INFO======>/referral/assessmentCase?pageNumber=1&pageSize=10耗时:5
[2016-12-13 10:29:46.882] [INFO] info - INFO======>/referral/assessmentCase耗时:16
[2016-12-13 10:29:46.902] [INFO] info - INFO======>/referral/assessmentCase?pageNumber=1&pageSize=10耗时:6
[2016-12-13 10:30:13.617] [INFO] info - INFO======>/referral/assessmentCase?pageNumber=1&pageSize=10耗时:6
[2016-12-13 10:30:14.301] [INFO] info - INFO======>/system/dictionaryItem耗时:5
[2016-12-13 10:30:14.669] [INFO] info - INFO======>/referral/assessmentCase?pageNumber=1&pageSize=10耗时:5
[2016-12-13 10:30:17.953] [INFO] info - INFO======>/referral/assessmentCase耗时:103
[2016-12-13 10:30:17.970] [INFO] info - INFO======>/referral/assessmentCase?pageNumber=1&pageSize=10耗时:4
[2016-12-13 10:30:19.256] [INFO] info - INFO======>/system/dictionaryItem耗时:4
[2016-12-13 10:30:19.463] [INFO] info - INFO======>/referral/assessmentCase?pageNumber=1&pageSize=10耗时:3
[2016-12-13 10:31:16.333] [INFO] info - INFO======>/referral/assessmentCase?pageNumber=1&pageSize=10耗时:6
[2016-12-13 10:31:18.133] [INFO] info - INFO======>/system/dictionaryItem耗时:5
[2016-12-13 10:31:18.315] [INFO] info - INFO======>/referral/assessmentCase?pageNumber=1&pageSize=10耗时:7
[2016-12-13 10:31:26.688] [INFO] info - INFO======>/referral/assessmentCase耗时:12
[2016-12-13 10:31:26.706] [INFO] info - INFO======>/referral/assessmentCase?pageNumber=1&pageSize=10耗时:4
[2016-12-13 10:31:30.181] [INFO] info - INFO======>/system/dictionaryItem耗时:5
[2016-12-13 10:31:30.367] [INFO] info - INFO======>/referral/assessmentCase?pageNumber=1&pageSize=10耗时:4
[2016-12-13 10:31:33.788] [INFO] info - INFO======>/referral/assessmentCase?pageNumber=1&pageSize=10耗时:6
[2016-12-13 10:33:23.697] [INFO] info - INFO======>/referral/assessmentCase?pageNumber=1&pageSize=10耗时:6
[2016-12-13 10:33:31.074] [INFO] info - INFO======>/referral/assessmentCase?pageNumber=1&pageSize=10耗时:6
[2016-12-13 10:33:44.247] [INFO] info - INFO======>/system/dictionaryType?pageNumber=1&pageSize=10耗时:4
[2016-12-13 10:34:00.256] [INFO] info - INFO======>/system/dictionaryType耗时:22
[2016-12-13 10:34:00.486] [INFO] info - INFO======>/system/dictionaryType?pageNumber=1&pageSize=10耗时:5
[2016-12-13 10:34:01.205] [INFO] info - INFO======>/system/dictionaryType?pageNumber=2&pageSize=10耗时:3
[2016-12-13 10:34:04.649] [INFO] info - INFO======>/system/dictionaryItem/getByType/AssessmentCaseUnit耗时:2
[2016-12-13 10:35:10.916] [INFO] info - INFO======>/system/dictionaryItem耗时:22
[2016-12-13 10:35:11.141] [INFO] info - INFO======>/system/dictionaryItem/getByType/AssessmentCaseUnit耗时:2
[2016-12-13 10:37:26.634] [INFO] info - INFO======>/system/dictionaryItem耗时:6
[2016-12-13 10:37:26.851] [INFO] info - INFO======>/system/dictionaryType?pageNumber=1&pageSize=10耗时:5
[2016-12-13 10:39:33.577] [INFO] info - INFO======>/system/dictionaryItem耗时:5
[2016-12-13 10:39:33.765] [INFO] info - INFO======>/system/dictionaryType?pageNumber=1&pageSize=10耗时:5
[2016-12-13 10:39:36.014] [INFO] info - INFO======>/referral/assessmentCase?pageNumber=1&pageSize=10耗时:7
[2016-12-13 10:39:42.311] [INFO] info - INFO======>/referral/assessmentCase耗时:28
[2016-12-13 10:39:42.632] [INFO] info - INFO======>/referral/assessmentCase?pageNumber=1&pageSize=10耗时:5
[2016-12-13 10:39:44.001] [INFO] info - INFO======>/system/dictionaryItem耗时:4
[2016-12-13 10:39:44.367] [INFO] info - INFO======>/referral/assessmentCase?pageNumber=1&pageSize=10耗时:6
[2016-12-13 10:40:13.081] [INFO] info - INFO======>/system/dictionaryType?pageNumber=1&pageSize=10耗时:3
[2016-12-13 10:40:14.159] [INFO] info - INFO======>/system/dictionaryType?pageNumber=2&pageSize=10耗时:3
[2016-12-13 10:51:26.235] [INFO] info - Redis connecting!
[2016-12-13 10:51:26.238] [INFO] info - Redis auth pass!
[2016-12-13 10:57:41.732] [INFO] info - Redis connecting!
[2016-12-13 10:57:41.737] [INFO] info - Redis auth pass!
[2016-12-13 11:34:05.316] [INFO] info - Redis connecting!
[2016-12-13 11:34:05.319] [INFO] info - Redis auth pass!
[2016-12-13 11:39:10.386] [INFO] info - Redis connecting!
[2016-12-13 11:39:10.390] [INFO] info - Redis auth pass!
[2016-12-13 11:42:00.773] [INFO] info - INFO======>/referral/request/apply/3耗时:2898
[2016-12-13 11:42:36.524] [INFO] info - Redis connecting!
[2016-12-13 11:42:36.527] [INFO] info - Redis auth pass!
[2016-12-13 11:42:36.869] [INFO] info - INFO======>/referral/request/apply/3耗时:61
[2016-12-13 11:42:40.008] [INFO] info - INFO======>/referral/request/apply/3耗时:9
[2016-12-13 11:42:45.398] [INFO] info - INFO======>/referral/request/apply/3耗时:16
[2016-12-13 11:43:29.802] [INFO] info - Redis connecting!
[2016-12-13 11:43:29.805] [INFO] info - Redis auth pass!
[2016-12-13 11:43:33.632] [INFO] info - INFO======>/referral/request/apply/3耗时:2912
[2016-12-13 11:44:19.853] [INFO] info - Redis connecting!
[2016-12-13 11:44:19.856] [INFO] info - Redis auth pass!
[2016-12-13 11:44:22.302] [INFO] info - INFO======>/referral/request/apply/3耗时:47
[2016-12-13 11:44:44.930] [INFO] info - Redis connecting!
[2016-12-13 11:44:44.934] [INFO] info - Redis auth pass!
[2016-12-13 11:44:47.325] [INFO] info - INFO======>/referral/request/apply/3耗时:37
[2016-12-13 11:45:02.289] [INFO] info - INFO======>/sign/login耗时:9
[2016-12-13 11:45:23.360] [INFO] info - INFO======>/referral/request/apply/3耗时:12
[2016-12-13 11:46:27.832] [INFO] info - Redis connecting!
[2016-12-13 11:46:27.836] [INFO] info - Redis auth pass!
[2016-12-13 11:46:28.123] [INFO] info - INFO======>/referral/request/apply/3耗时:44
[2016-12-13 11:59:57.938] [INFO] info - Redis connecting!
[2016-12-13 11:59:57.941] [INFO] info - Redis auth pass!
[2016-12-13 12:00:12.228] [INFO] info - INFO======>/referral/request/apply/3耗时:277
[2016-12-13 12:01:45.857] [INFO] info - Redis connecting!
[2016-12-13 12:01:45.860] [INFO] info - Redis auth pass!
[2016-12-13 12:01:56.564] [INFO] info - INFO======>/referral/request/apply/3耗时:41
[2016-12-13 12:02:11.911] [INFO] info - INFO======>/referral/request/reply/3/5耗时:11
[2016-12-13 12:02:27.166] [INFO] info - Redis connecting!
[2016-12-13 12:02:27.169] [INFO] info - Redis auth pass!
[2016-12-13 12:02:27.946] [INFO] info - INFO======>/referral/request/reply/3/5耗时:50
[2016-12-13 12:04:10.281] [INFO] info - Redis connecting!
[2016-12-13 12:04:10.284] [INFO] info - Redis auth pass!
[2016-12-13 12:04:12.503] [INFO] info - INFO======>/referral/request/apply/3耗时:319
[2016-12-13 12:05:25.018] [INFO] info - Redis connecting!
[2016-12-13 12:05:25.021] [INFO] info - Redis auth pass!
[2016-12-13 12:05:49.449] [INFO] info - INFO======>/sign/login耗时:42
[2016-12-13 12:07:31.205] [INFO] info - INFO======>/referral/request/apply耗时:36244
[2016-12-13 12:08:24.790] [INFO] info - INFO======>/referral/request/apply/6耗时:16
[2016-12-13 12:08:54.304] [INFO] info - INFO======>/referral/request/reply/6/13耗时:16
[2016-12-13 12:09:50.174] [INFO] info - Redis connecting!
[2016-12-13 12:09:50.178] [INFO] info - Redis auth pass!
[2016-12-13 12:09:50.583] [INFO] info - INFO======>/referral/request/reply/6/13耗时:48
[2016-12-13 12:27:57.525] [INFO] info - Redis connecting!
[2016-12-13 12:27:57.529] [INFO] info - Redis auth pass!
[2016-12-13 13:44:01.737] [INFO] info - Redis connecting!
[2016-12-13 13:44:01.741] [INFO] info - Redis auth pass!
[2016-12-13 13:44:18.124] [INFO] info - INFO======>/sign/login耗时:36
[2016-12-13 13:44:23.597] [INFO] info - INFO======>/sign/login耗时:15
[2016-12-13 13:47:18.019] [INFO] info - INFO======>/sign/currentUser耗时:1
[2016-12-13 13:47:19.840] [INFO] info - INFO======>/sign/currentUser耗时:1
[2016-12-13 13:47:23.856] [INFO] info - INFO======>/sign/logout耗时:1
[2016-12-13 13:47:27.246] [INFO] info - INFO======>/sign/currentUser耗时:0
[2016-12-13 13:47:29.690] [INFO] info - INFO======>/sign/currentUser耗时:1
[2016-12-13 13:47:31.742] [INFO] info - INFO======>/sign/currentUser耗时:0
[2016-12-13 13:47:41.627] [INFO] info - INFO======>/sign/login耗时:10
[2016-12-13 13:47:44.239] [INFO] info - INFO======>/sign/currentUser耗时:0
[2016-12-13 13:48:16.435] [INFO] info - INFO======>/hospital/adapt耗时:3
[2016-12-13 13:49:08.605] [INFO] info - Redis connecting!
[2016-12-13 13:49:08.608] [INFO] info - Redis auth pass!
[2016-12-13 13:49:18.964] [INFO] info - INFO======>/hospital/adapt耗时:33
[2016-12-13 13:49:27.943] [INFO] info - INFO======>/hospital/adapt耗时:5
[2016-12-13 13:49:34.861] [INFO] info - INFO======>/hospital/adapt耗时:5
[2016-12-13 13:49:36.189] [INFO] info - INFO======>/hospital/adapt耗时:4
[2016-12-13 13:49:38.430] [INFO] info - INFO======>/hospital/adapt耗时:7
[2016-12-13 13:49:39.695] [INFO] info - INFO======>/hospital/adapt耗时:6
[2016-12-13 13:49:41.109] [INFO] info - INFO======>/hospital/adapt耗时:5
[2016-12-13 13:49:41.695] [INFO] info - INFO======>/hospital/adapt耗时:6
[2016-12-13 13:49:42.260] [INFO] info - INFO======>/hospital/adapt耗时:4
[2016-12-13 13:49:52.768] [INFO] info - Redis connecting!
[2016-12-13 13:49:52.771] [INFO] info - Redis auth pass!
[2016-12-13 13:49:53.076] [INFO] info - INFO======>/hospital/adapt耗时:37
[2016-12-13 13:49:57.748] [INFO] info - INFO======>/hospital/adapt耗时:5
[2016-12-13 13:49:58.899] [INFO] info - INFO======>/hospital/adapt耗时:5
[2016-12-13 13:50:54.347] [INFO] info - Redis connecting!
[2016-12-13 13:50:54.350] [INFO] info - Redis auth pass!
[2016-12-13 13:51:12.736] [INFO] info - INFO======>/hospital/adapt/list耗时:5619
[2016-12-13 13:51:24.790] [INFO] info - INFO======>/sign/currentUser耗时:2
[2016-12-13 13:51:30.896] [INFO] info - INFO======>/hospital/adapt/list耗时:2
[2016-12-13 13:52:00.498] [INFO] info - Redis connecting!
[2016-12-13 13:52:00.501] [INFO] info - Redis auth pass!
[2016-12-13 13:52:01.485] [INFO] info - INFO======>/hospital/adapt/list耗时:29
[2016-12-13 13:52:30.862] [INFO] info - INFO======>/hospital/adapt/5耗时:6
[2016-12-13 13:53:04.248] [INFO] info - Redis connecting!
[2016-12-13 13:53:04.252] [INFO] info - Redis auth pass!
[2016-12-13 13:53:06.680] [INFO] info - INFO======>/hospital/adapt/5耗时:36
[2016-12-13 13:53:15.324] [INFO] info - INFO======>/hospital/adapt/6耗时:6
[2016-12-13 13:53:39.170] [INFO] info - INFO======>/hospital/adapt/list耗时:4
[2016-12-13 13:53:50.946] [INFO] info - INFO======>/hospital/adapt/5耗时:5
[2016-12-13 13:53:57.241] [INFO] info - INFO======>/hospital/adapt/89耗时:3
[2016-12-13 13:54:04.585] [INFO] info - INFO======>/hospital/adapt/list耗时:3
[2016-12-13 13:54:09.386] [INFO] info - INFO======>/hospital/adapt/6耗时:4
[2016-12-13 13:54:12.937] [INFO] info - INFO======>/hospital/adapt/list耗时:3
[2016-12-13 13:55:48.494] [INFO] info - Redis connecting!
[2016-12-13 13:55:48.499] [INFO] info - Redis auth pass!
[2016-12-13 13:56:00.851] [INFO] info - INFO======>/hospital/adapt/6耗时:7176
[2016-12-13 13:56:15.913] [INFO] info - INFO======>/hospital/adapt/6耗时:7468
[2016-12-13 14:00:10.533] [INFO] info - Redis connecting!
[2016-12-13 14:00:10.537] [INFO] info - Redis auth pass!
[2016-12-13 14:00:29.127] [INFO] info - INFO======>/sign/login耗时:39
[2016-12-13 14:00:31.477] [INFO] info - INFO======>/sign/currentUser耗时:1
[2016-12-13 14:00:33.395] [INFO] info - INFO======>/sign/currentUser耗时:6
[2016-12-13 14:00:33.957] [INFO] info - INFO======>/sign/currentUser耗时:1
[2016-12-13 14:00:34.534] [INFO] info - INFO======>/sign/currentUser耗时:0
[2016-12-13 14:00:35.104] [INFO] info - INFO======>/sign/currentUser耗时:2
[2016-12-13 14:00:35.679] [INFO] info - INFO======>/sign/currentUser耗时:1
[2016-12-13 14:00:36.335] [INFO] info - INFO======>/sign/currentUser耗时:0
[2016-12-13 14:00:36.928] [INFO] info - INFO======>/sign/currentUser耗时:1
[2016-12-13 14:00:37.673] [INFO] info - INFO======>/sign/currentUser耗时:1
[2016-12-13 14:00:38.286] [INFO] info - INFO======>/sign/currentUser耗时:0
[2016-12-13 14:00:38.870] [INFO] info - INFO======>/sign/currentUser耗时:1
[2016-12-13 14:00:39.454] [INFO] info - INFO======>/sign/currentUser耗时:1
[2016-12-13 14:00:40.070] [INFO] info - INFO======>/sign/currentUser耗时:1
[2016-12-13 14:00:40.694] [INFO] info - INFO======>/sign/currentUser耗时:1
[2016-12-13 14:00:41.333] [INFO] info - INFO======>/sign/currentUser耗时:1
[2016-12-13 14:00:41.982] [INFO] info - INFO======>/sign/currentUser耗时:0
[2016-12-13 14:00:42.614] [INFO] info - INFO======>/sign/currentUser耗时:1
[2016-12-13 14:00:43.271] [INFO] info - INFO======>/sign/currentUser耗时:1
[2016-12-13 14:00:43.936] [INFO] info - INFO======>/sign/currentUser耗时:1
[2016-12-13 14:00:44.575] [INFO] info - INFO======>/sign/currentUser耗时:1
[2016-12-13 14:00:45.221] [INFO] info - INFO======>/sign/currentUser耗时:0
[2016-12-13 14:00:45.855] [INFO] info - INFO======>/sign/currentUser耗时:0
[2016-12-13 14:00:46.517] [INFO] info - INFO======>/sign/currentUser耗时:0
[2016-12-13 14:00:47.149] [INFO] info - INFO======>/sign/currentUser耗时:0
[2016-12-13 14:00:47.797] [INFO] info - INFO======>/sign/currentUser耗时:1
[2016-12-13 14:00:48.454] [INFO] info - INFO======>/sign/currentUser耗时:1
[2016-12-13 14:00:49.053] [INFO] info - INFO======>/sign/currentUser耗时:0
[2016-12-13 14:00:49.703] [INFO] info - INFO======>/sign/currentUser耗时:0
[2016-12-13 14:00:50.349] [INFO] info - INFO======>/sign/currentUser耗时:0
[2016-12-13 14:00:50.974] [INFO] info - INFO======>/sign/currentUser耗时:1
[2016-12-13 14:00:51.574] [INFO] info - INFO======>/sign/currentUser耗时:0
[2016-12-13 14:00:52.230] [INFO] info - INFO======>/sign/currentUser耗时:1
[2016-12-13 14:00:52.984] [INFO] info - INFO======>/sign/currentUser耗时:1
[2016-12-13 14:00:53.590] [INFO] info - INFO======>/sign/currentUser耗时:1
[2016-12-13 14:00:54.222] [INFO] info - INFO======>/sign/currentUser耗时:1
[2016-12-13 14:00:54.885] [INFO] info - INFO======>/sign/currentUser耗时:1
[2016-12-13 14:00:55.486] [INFO] info - INFO======>/sign/currentUser耗时:0
[2016-12-13 14:00:56.126] [INFO] info - INFO======>/sign/currentUser耗时:1
[2016-12-13 14:00:56.773] [INFO] info - INFO======>/sign/currentUser耗时:0
[2016-12-13 14:00:57.397] [INFO] info - INFO======>/sign/currentUser耗时:0
[2016-12-13 14:00:58.038] [INFO] info - INFO======>/sign/currentUser耗时:1
[2016-12-13 14:01:09.254] [INFO] info - INFO======>/sign/currentUser耗时:1
[2016-12-13 14:01:10.496] [INFO] info - INFO======>/sign/currentUser耗时:1
[2016-12-13 14:01:10.718] [INFO] info - INFO======>/sign/currentUser耗时:0
[2016-12-13 14:01:10.926] [INFO] info - INFO======>/sign/currentUser耗时:0
[2016-12-13 14:04:09.177] [INFO] info - INFO======>/hospital?pageNumber=1&pageSize=1耗时:10
[2016-12-13 14:04:13.885] [INFO] info - INFO======>/hospital?pageNumber=1&pageSize=2耗时:8
[2016-12-13 14:04:20.078] [INFO] info - INFO======>/hospital?pageNumber=2&pageSize=2耗时:8
[2016-12-13 14:04:29.636] [INFO] info - INFO======>/hospital?pageNumber=1&pageSize=2耗时:6
[2016-12-13 14:04:40.279] [INFO] info - INFO======>/hospital?keyword=%E5%A6%87%E5%B9%BC&pageNumber=1&pageSize=2耗时:10
[2016-12-13 14:14:38.762] [INFO] info - Redis connecting!
[2016-12-13 14:14:38.766] [INFO] info - Redis auth pass!
[2016-12-13 14:15:58.913] [INFO] info - Redis connecting!
[2016-12-13 14:15:58.916] [INFO] info - Redis auth pass!
[2016-12-13 14:16:08.690] [INFO] info - INFO======>/sign/currentUser耗时:2
[2016-12-13 14:16:21.121] [INFO] info - INFO======>/sign/login耗时:37
[2016-12-13 14:16:23.680] [INFO] info - INFO======>/sign/currentUser耗时:2
[2016-12-13 14:16:57.824] [INFO] info - INFO======>/sign/currentUser耗时:1
[2016-12-13 14:17:06.596] [INFO] info - INFO======>/sign/changePassword耗时:2
[2016-12-13 14:18:49.987] [INFO] info - Redis connecting!
[2016-12-13 14:18:49.990] [INFO] info - Redis auth pass!
[2016-12-13 14:18:53.452] [INFO] info - INFO======>/sign/currentUser耗时:3
[2016-12-13 14:18:55.577] [INFO] info - INFO======>/sign/changePassword耗时:2
[2016-12-13 14:19:59.409] [INFO] info - Redis connecting!
[2016-12-13 14:19:59.412] [INFO] info - Redis auth pass!
[2016-12-13 14:20:02.446] [INFO] info - INFO======>/sign/changePassword耗时:2702
[2016-12-13 14:20:04.300] [INFO] info - INFO======>/sign/changePassword耗时:6
[2016-12-13 14:20:09.812] [INFO] info - INFO======>/sign/changePassword耗时:39
[2016-12-13 14:20:19.956] [INFO] info - INFO======>/sign/login耗时:6
[2016-12-13 14:20:25.438] [INFO] info - INFO======>/sign/login耗时:11
[2016-12-13 14:20:35.922] [INFO] info - INFO======>/sign/changePassword耗时:7
[2016-12-13 14:20:39.665] [INFO] info - INFO======>/sign/changePassword耗时:27
[2016-12-13 14:37:50.786] [INFO] info - Redis connecting!
[2016-12-13 14:37:50.789] [INFO] info - Redis auth pass!
[2016-12-13 14:37:59.219] [INFO] info - INFO======>/sign/currentUser耗时:2
[2016-12-13 14:38:59.633] [INFO] info - INFO======>/sign/currentUser耗时:2
[2016-12-13 14:39:14.919] [INFO] info - INFO======>/hospital耗时:7
[2016-12-13 14:40:01.909] [INFO] info - Redis connecting!
[2016-12-13 14:40:01.912] [INFO] info - Redis auth pass!
[2016-12-13 14:40:03.632] [INFO] info - INFO======>/sign/currentUser耗时:3
[2016-12-13 14:40:04.094] [INFO] info - INFO======>/sign/currentUser耗时:1
[2016-12-13 14:40:05.938] [INFO] info - INFO======>/hospital耗时:70
[2016-12-13 14:40:18.933] [INFO] info - INFO======>/sign/currentUser耗时:0
[2016-12-13 14:42:28.383] [INFO] info - Redis connecting!
[2016-12-13 14:42:28.386] [INFO] info - Redis auth pass!
[2016-12-13 14:42:36.500] [INFO] info - INFO======>/sign/currentUser耗时:2
[2016-12-13 14:42:58.261] [INFO] info - INFO======>/hospital耗时:105
[2016-12-13 14:43:50.452] [INFO] info - Redis connecting!
[2016-12-13 14:43:50.456] [INFO] info - Redis auth pass!
[2016-12-13 14:43:55.868] [INFO] info - INFO======>/hospital耗时:64
[2016-12-13 14:45:30.649] [INFO] info - Redis connecting!
[2016-12-13 14:45:30.652] [INFO] info - Redis auth pass!
[2016-12-13 14:45:31.777] [INFO] info - INFO======>/sign/currentUser耗时:4
[2016-12-13 14:45:33.813] [INFO] info - INFO======>/sign/currentUser耗时:0
[2016-12-13 14:45:34.181] [INFO] info - INFO======>/sign/currentUser耗时:1
[2016-12-13 14:45:34.406] [INFO] info - INFO======>/sign/currentUser耗时:1
[2016-12-13 14:45:34.629] [INFO] info - INFO======>/sign/currentUser耗时:1
[2016-12-13 14:45:34.861] [INFO] info - INFO======>/sign/currentUser耗时:2
[2016-12-13 14:45:35.175] [INFO] info - INFO======>/sign/currentUser耗时:1
[2016-12-13 14:45:35.621] [INFO] info - INFO======>/sign/currentUser耗时:0
[2016-12-13 14:45:35.940] [INFO] info - INFO======>/sign/currentUser耗时:0
[2016-12-13 14:45:36.263] [INFO] info - INFO======>/sign/currentUser耗时:0
[2016-12-13 14:45:36.564] [INFO] info - INFO======>/sign/currentUser耗时:0
[2016-12-13 14:45:38.370] [INFO] info - INFO======>/hospital耗时:70
[2016-12-13 14:45:42.101] [INFO] info - INFO======>/sign/currentUser耗时:0
[2016-12-13 14:45:42.579] [INFO] info - INFO======>/sign/currentUser耗时:0
[2016-12-13 14:59:48.134] [INFO] info - Redis connecting!
[2016-12-13 14:59:48.139] [INFO] info - Redis auth pass!
[2016-12-13 15:00:32.889] [INFO] info - INFO======>/system/dictionaryItem耗时:44
[2016-12-13 15:00:43.371] [INFO] info - INFO======>/system/dictionaryItem耗时:11
[2016-12-13 15:00:54.705] [INFO] info - INFO======>/hospital?pageNumber=1&pageSize=10耗时:9
[2016-12-13 15:00:55.768] [INFO] info - INFO======>/hospital/7耗时:10
[2016-12-13 15:00:57.748] [INFO] info - INFO======>/hospital/saveWithAccount耗时:37
[2016-12-13 15:00:57.771] [INFO] info - INFO======>/hospital?pageNumber=1&pageSize=10耗时:9
[2016-12-13 15:01:58.503] [INFO] info - INFO======>/hospital/7耗时:11
[2016-12-13 15:03:07.691] [INFO] info - INFO======>/hospital?pageNumber=1&pageSize=10耗时:8
[2016-12-13 15:03:09.445] [INFO] info - INFO======>/system/dictionaryItem耗时:7
[2016-12-13 15:03:09.970] [INFO] info - INFO======>/hospital?pageNumber=1&pageSize=10耗时:8
[2016-12-13 15:03:11.240] [INFO] info - INFO======>/hospital/7耗时:7
[2016-12-13 15:03:13.570] [INFO] info - INFO======>/hospital/saveWithAccount耗时:29
[2016-12-13 15:03:13.594] [INFO] info - INFO======>/hospital?pageNumber=1&pageSize=10耗时:10
[2016-12-13 15:03:14.798] [INFO] info - INFO======>/system/dictionaryItem耗时:8
[2016-12-13 15:03:15.031] [INFO] info - INFO======>/hospital?pageNumber=1&pageSize=10耗时:6
[2016-12-13 15:03:15.730] [INFO] info - INFO======>/hospital/7耗时:5
[2016-12-13 15:04:21.996] [INFO] info - INFO======>/hospital?pageNumber=1&pageSize=10耗时:5
[2016-12-13 15:04:24.739] [INFO] info - INFO======>/hospital?pageNumber=1&pageSize=10耗时:6
[2016-12-13 15:05:12.468] [INFO] info - INFO======>/system/dictionaryItem耗时:4
[2016-12-13 15:05:12.689] [INFO] info - INFO======>/hospital?pageNumber=1&pageSize=10耗时:4
[2016-12-13 15:14:54.058] [INFO] info - INFO======>/system/dictionaryItem耗时:5
[2016-12-13 15:14:54.357] [INFO] info - INFO======>/hospital?pageNumber=1&pageSize=10耗时:6
[2016-12-13 15:18:51.501] [INFO] info - INFO======>/system/dictionaryItem耗时:6
[2016-12-13 15:18:51.870] [INFO] info - INFO======>/hospital?pageNumber=1&pageSize=10耗时:7
[2016-12-13 15:19:31.447] [INFO] info - INFO======>/system/dictionaryItem耗时:7
[2016-12-13 15:19:31.748] [INFO] info - INFO======>/hospital?pageNumber=1&pageSize=10耗时:10
[2016-12-13 15:20:46.015] [INFO] info - INFO======>/system/dictionaryItem耗时:5
[2016-12-13 15:20:46.391] [INFO] info - INFO======>/hospital?pageNumber=1&pageSize=10耗时:4
[2016-12-13 15:21:27.859] [INFO] info - INFO======>/system/dictionaryItem耗时:5
[2016-12-13 15:21:28.153] [INFO] info - INFO======>/hospital?pageNumber=1&pageSize=10耗时:4
[2016-12-13 15:22:15.640] [INFO] info - INFO======>/system/dictionaryItem耗时:6
[2016-12-13 15:22:16.011] [INFO] info - INFO======>/hospital?pageNumber=1&pageSize=10耗时:4
[2016-12-13 15:23:30.879] [INFO] info - INFO======>/system/dictionaryItem耗时:5
[2016-12-13 15:23:31.441] [INFO] info - INFO======>/hospital?pageNumber=1&pageSize=10耗时:6
[2016-12-13 15:24:39.002] [INFO] info - INFO======>/system/dictionaryItem耗时:6
[2016-12-13 15:24:39.266] [INFO] info - INFO======>/hospital?pageNumber=1&pageSize=10耗时:5
[2016-12-13 15:24:45.386] [INFO] info - INFO======>/system/dictionaryItem耗时:8
[2016-12-13 15:24:45.635] [INFO] info - INFO======>/hospital?pageNumber=1&pageSize=10耗时:4
[2016-12-13 15:24:48.137] [INFO] info - INFO======>/hospital/5耗时:5
[2016-12-13 15:24:54.364] [INFO] info - INFO======>/hospital/7耗时:5
[2016-12-13 15:25:13.843] [INFO] info - INFO======>/hospital/5耗时:4
[2016-12-13 15:25:17.064] [INFO] info - INFO======>/hospital/5耗时:4
[2016-12-13 15:25:38.942] [INFO] info - INFO======>/hospital/saveWithAccount耗时:27
[2016-12-13 15:25:39.170] [INFO] info - INFO======>/hospital?pageNumber=1&pageSize=10耗时:3
[2016-12-13 15:25:45.903] [INFO] info - INFO======>/system/dictionaryItem耗时:4
[2016-12-13 15:25:46.269] [INFO] info - INFO======>/hospital?pageNumber=1&pageSize=10耗时:4
[2016-12-13 15:25:48.843] [INFO] info - INFO======>/hospital/5耗时:5
[2016-12-13 15:25:52.267] [INFO] info - INFO======>/hospital/7耗时:5
[2016-12-13 15:26:20.546] [INFO] info - INFO======>/system/dictionaryItem耗时:4
[2016-12-13 15:26:20.911] [INFO] info - INFO======>/hospital?pageNumber=1&pageSize=10耗时:4
[2016-12-13 15:26:24.065] [INFO] info - INFO======>/hospital/5耗时:4
[2016-12-13 15:26:33.912] [INFO] info - INFO======>/system/dictionaryItem耗时:7
[2016-12-13 15:26:34.276] [INFO] info - INFO======>/hospital?pageNumber=1&pageSize=10耗时:4
[2016-12-13 15:26:37.473] [INFO] info - INFO======>/referral/assessmentCase?pageNumber=1&pageSize=10耗时:5
[2016-12-13 15:26:39.243] [INFO] info - INFO======>/system/dictionaryItem耗时:4
[2016-12-13 15:26:39.430] [INFO] info - INFO======>/referral/assessmentCase?pageNumber=1&pageSize=10耗时:3
[2016-12-13 15:26:53.584] [INFO] info - INFO======>/system/dictionaryItem耗时:5
[2016-12-13 15:26:53.945] [INFO] info - INFO======>/referral/assessmentCase?pageNumber=1&pageSize=10耗时:5
[2016-12-13 15:28:52.254] [INFO] info - INFO======>/system/dictionaryItem耗时:7
[2016-12-13 15:28:52.623] [INFO] info - INFO======>/referral/assessmentCase?pageNumber=1&pageSize=10耗时:4
[2016-12-13 15:29:43.046] [INFO] info - INFO======>/system/dictionaryItem耗时:7
[2016-12-13 15:29:43.419] [INFO] info - INFO======>/referral/assessmentCase?pageNumber=1&pageSize=10耗时:4
[2016-12-13 15:30:50.765] [INFO] info - INFO======>/system/dictionaryItem耗时:4
[2016-12-13 15:30:51.131] [INFO] info - INFO======>/referral/assessmentCase?pageNumber=1&pageSize=10耗时:3
[2016-12-13 15:30:56.637] [INFO] info - INFO======>/system/dictionaryItem耗时:8
[2016-12-13 15:30:56.843] [INFO] info - INFO======>/referral/assessmentCase?pageNumber=1&pageSize=10耗时:4
[2016-12-13 15:31:23.391] [INFO] info - INFO======>/system/dictionaryItem耗时:6
[2016-12-13 15:31:23.572] [INFO] info - INFO======>/referral/assessmentCase?pageNumber=1&pageSize=10耗时:4
[2016-12-13 15:31:28.303] [INFO] info - INFO======>/system/dictionaryType耗时:7
[2016-12-13 15:31:33.830] [INFO] info - INFO======>/system/dictionaryType耗时:4
[2016-12-13 15:32:11.430] [INFO] info - INFO======>/system/dictionaryItem耗时:5
[2016-12-13 15:32:11.609] [INFO] info - INFO======>/referral/assessmentCase?pageNumber=1&pageSize=10耗时:4
[2016-12-13 15:32:48.701] [INFO] info - INFO======>/system/dictionaryItem耗时:8
[2016-12-13 15:32:49.308] [INFO] info - INFO======>/referral/assessmentCase?pageNumber=1&pageSize=10耗时:6
[2016-12-13 15:33:39.293] [INFO] info - INFO======>/system/dictionaryItem耗时:5
[2016-12-13 15:33:39.489] [INFO] info - INFO======>/referral/assessmentCase?pageNumber=1&pageSize=10耗时:4
[2016-12-13 15:34:31.381] [INFO] info - INFO======>/system/dictionaryItem耗时:5
[2016-12-13 15:34:31.561] [INFO] info - INFO======>/referral/assessmentCase?pageNumber=1&pageSize=10耗时:4
[2016-12-13 15:35:23.458] [INFO] info - INFO======>/system/dictionaryItem耗时:4
[2016-12-13 15:35:23.935] [INFO] info - INFO======>/referral/assessmentCase?pageNumber=1&pageSize=10耗时:5
[2016-12-13 15:37:06.157] [INFO] info - INFO======>/system/dictionaryItem耗时:4
[2016-12-13 15:37:06.632] [INFO] info - INFO======>/referral/assessmentCase?pageNumber=1&pageSize=10耗时:3
[2016-12-13 15:37:12.693] [INFO] info - INFO======>/hospital?pageNumber=1&pageSize=10耗时:5
[2016-12-13 15:37:14.266] [INFO] info - INFO======>/hospital/5耗时:4
[2016-12-13 15:37:17.009] [INFO] info - INFO======>/hospital/6耗时:5
[2016-12-13 15:37:19.017] [INFO] info - INFO======>/hospital/5耗时:4
[2016-12-13 15:41:37.373] [INFO] info - Redis connecting!
[2016-12-13 15:41:37.376] [INFO] info - Redis auth pass!
[2016-12-13 15:42:05.364] [INFO] info - INFO======>/system/dictionaryItem耗时:44
[2016-12-13 15:42:05.617] [INFO] info - INFO======>/hospital?pageNumber=1&pageSize=10耗时:9
[2016-12-13 15:42:46.622] [INFO] info - INFO======>/system/dictionaryItem耗时:8
[2016-12-13 15:42:46.998] [INFO] info - INFO======>/manage/sign/currentUser耗时:0
[2016-12-13 15:42:48.185] [INFO] info - INFO======>/hospital?pageNumber=1&pageSize=10耗时:8
[2016-12-13 15:42:49.863] [INFO] info - INFO======>/system/dictionaryItem耗时:10
[2016-12-13 15:42:50.203] [INFO] info - INFO======>/manage/sign/currentUser耗时:0
[2016-12-13 15:42:50.408] [INFO] info - INFO======>/hospital?pageNumber=1&pageSize=10耗时:6
[2016-12-13 15:42:55.313] [INFO] info - INFO======>/system/dictionaryItem耗时:9
[2016-12-13 15:42:55.649] [INFO] info - INFO======>/manage/sign/currentUser耗时:1
[2016-12-13 15:42:55.831] [INFO] info - INFO======>/hospital?pageNumber=1&pageSize=10耗时:5
[2016-12-13 15:43:26.973] [INFO] info - INFO======>/system/dictionaryItem耗时:8
[2016-12-13 15:43:27.002] [INFO] info - INFO======>/manage/sign/currentUser耗时:0
[2016-12-13 15:43:27.328] [INFO] info - INFO======>/hospital?pageNumber=1&pageSize=10耗时:8
[2016-12-13 15:43:43.027] [INFO] info - INFO======>/system/dictionaryItem耗时:8
[2016-12-13 15:43:43.356] [INFO] info - INFO======>/manage/sign/currentUser耗时:0
[2016-12-13 15:43:43.907] [INFO] info - INFO======>/system/dictionaryItem耗时:7
[2016-12-13 15:43:43.944] [INFO] info - INFO======>/manage/sign/currentUser耗时:0
[2016-12-13 15:43:44.217] [INFO] info - INFO======>/hospital?pageNumber=1&pageSize=10耗时:7
[2016-12-13 15:43:58.636] [INFO] info - INFO======>/system/dictionaryItem耗时:9
[2016-12-13 15:43:58.681] [INFO] info - INFO======>/manage/sign/currentUser耗时:0
[2016-12-13 15:44:02.066] [INFO] info - INFO======>/hospital?pageNumber=1&pageSize=10耗时:4
[2016-12-13 15:44:25.976] [INFO] info - INFO======>/system/dictionaryItem耗时:8
[2016-12-13 15:44:26.006] [INFO] info - INFO======>/manage/sign/currentUser耗时:0
[2016-12-13 15:44:42.077] [INFO] info - INFO======>/system/dictionaryItem耗时:6
[2016-12-13 15:44:42.456] [INFO] info - INFO======>/hospital?pageNumber=1&pageSize=10耗时:4
[2016-12-13 15:44:42.632] [INFO] info - INFO======>/manage/sign/currentUser耗时:0
[2016-12-13 15:44:44.218] [INFO] info - INFO======>/system/dictionaryItem耗时:5
[2016-12-13 15:44:44.493] [INFO] info - INFO======>/manage/sign/currentUser耗时:0
[2016-12-13 15:44:44.494] [INFO] info - INFO======>/hospital?pageNumber=1&pageSize=10耗时:7
[2016-12-13 15:44:46.328] [INFO] info - INFO======>/referral/assessmentCase?pageNumber=1&pageSize=10耗时:8
[2016-12-13 15:45:00.237] [INFO] info - INFO======>/system/dictionaryItem耗时:5
[2016-12-13 15:45:00.281] [INFO] info - INFO======>/manage/sign/currentUser耗时:0
[2016-12-13 15:45:05.592] [INFO] info - INFO======>/system/dictionaryItem耗时:4
[2016-12-13 15:45:05.961] [INFO] info - INFO======>/referral/assessmentCase?pageNumber=1&pageSize=10耗时:5
[2016-12-13 15:45:06.068] [INFO] info - INFO======>/manage/sign/currentUser耗时:1
[2016-12-13 15:45:13.480] [INFO] info - INFO======>/system/dictionaryItem耗时:5
[2016-12-13 15:45:13.672] [INFO] info - INFO======>/manage/sign/currentUser耗时:0
[2016-12-13 15:45:13.677] [INFO] info - INFO======>/referral/assessmentCase?pageNumber=1&pageSize=10耗时:9
[2016-12-13 15:45:48.714] [INFO] info - INFO======>/system/dictionaryItem耗时:5
[2016-12-13 15:45:49.082] [INFO] info - INFO======>/referral/assessmentCase?pageNumber=1&pageSize=10耗时:4
[2016-12-13 15:45:49.194] [INFO] info - INFO======>/manage/sign/currentUser耗时:0
[2016-12-13 15:45:53.326] [INFO] info - INFO======>/system/dictionaryItem耗时:5
[2016-12-13 15:45:53.509] [INFO] info - INFO======>/referral/assessmentCase?pageNumber=1&pageSize=10耗时:4
[2016-12-13 15:45:53.511] [INFO] info - INFO======>/manage/sign/currentUser耗时:0
[2016-12-13 15:46:03.307] [INFO] info - INFO======>/system/dictionaryItem耗时:5
[2016-12-13 15:46:03.669] [INFO] info - INFO======>/referral/assessmentCase?pageNumber=1&pageSize=10耗时:5
[2016-12-13 15:46:03.774] [INFO] info - INFO======>/manage/sign/currentUser耗时:0
[2016-12-13 15:46:26.322] [INFO] info - INFO======>/system/dictionaryItem耗时:8
[2016-12-13 15:46:26.701] [INFO] info - INFO======>/referral/assessmentCase?pageNumber=1&pageSize=10耗时:8
[2016-12-13 15:46:26.796] [INFO] info - INFO======>/manage/sign/currentUser耗时:0
[2016-12-13 15:49:59.355] [INFO] info - INFO======>/system/dictionaryItem耗时:6
[2016-12-13 15:49:59.563] [INFO] info - INFO======>/referral/assessmentCase?pageNumber=1&pageSize=10耗时:5
[2016-12-13 15:49:59.832] [INFO] info - INFO======>/manage/sign/currentUser耗时:0
[2016-12-13 15:50:24.590] [INFO] info - INFO======>/system/dictionaryItem耗时:4
[2016-12-13 15:50:24.786] [INFO] info - INFO======>/referral/assessmentCase?pageNumber=1&pageSize=10耗时:4
[2016-12-13 15:50:25.085] [INFO] info - INFO======>/manage/sign/currentUser耗时:0
[2016-12-13 15:51:26.071] [INFO] info - INFO======>/system/dictionaryItem耗时:7
[2016-12-13 15:51:26.462] [INFO] info - INFO======>/referral/assessmentCase?pageNumber=1&pageSize=10耗时:5
[2016-12-13 15:51:26.580] [INFO] info - INFO======>/manage/sign/currentUser耗时:0
[2016-12-13 15:51:28.909] [INFO] info - INFO======>/system/dictionaryItem耗时:5
[2016-12-13 15:51:29.095] [INFO] info - INFO======>/referral/assessmentCase?pageNumber=1&pageSize=10耗时:4
[2016-12-13 15:51:29.096] [INFO] info - INFO======>/manage/sign/currentUser耗时:0
[2016-12-13 15:51:47.588] [INFO] info - INFO======>/system/dictionaryItem耗时:7
[2016-12-13 15:51:47.963] [INFO] info - INFO======>/referral/assessmentCase?pageNumber=1&pageSize=10耗时:5
[2016-12-13 15:51:48.051] [INFO] info - INFO======>/manage/sign/currentUser耗时:0
[2016-12-13 15:52:44.050] [INFO] info - INFO======>/system/dictionaryItem耗时:5
[2016-12-13 15:52:44.420] [INFO] info - INFO======>/referral/assessmentCase?pageNumber=1&pageSize=10耗时:3
[2016-12-13 15:52:44.516] [INFO] info - INFO======>/manage/sign/currentUser耗时:0
[2016-12-13 15:52:46.482] [INFO] info - INFO======>/system/dictionaryItem耗时:6
[2016-12-13 15:52:46.531] [INFO] info - INFO======>/manage/sign/currentUser耗时:0
[2016-12-13 15:52:47.750] [INFO] info - INFO======>/system/dictionaryItem耗时:4
[2016-12-13 15:52:47.808] [INFO] info - INFO======>/manage/sign/currentUser耗时:0
[2016-12-13 15:52:52.428] [INFO] info - INFO======>/system/dictionaryItem耗时:5
[2016-12-13 15:52:52.523] [INFO] info - INFO======>/manage/sign/currentUser耗时:0
[2016-12-13 15:53:21.586] [INFO] info - INFO======>/system/dictionaryItem耗时:5
[2016-12-13 15:53:40.103] [INFO] info - INFO======>/manage/sign/currentUser耗时:0
[2016-12-13 15:53:40.650] [INFO] info - INFO======>/system/dictionaryItem耗时:5
[2016-12-13 15:53:40.709] [INFO] info - INFO======>/manage/sign/currentUser耗时:0
[2016-12-13 15:55:08.101] [INFO] info - INFO======>/system/dictionaryItem耗时:5
[2016-12-13 15:55:15.983] [INFO] info - INFO======>/system/dictionaryItem耗时:4
[2016-12-13 15:55:17.240] [INFO] info - INFO======>/manage/sign/currentUser耗时:0
[2016-12-13 15:55:23.924] [INFO] info - INFO======>/manage/sign/login耗时:6
[2016-12-13 15:55:46.630] [INFO] info - INFO======>/system/dictionaryItem耗时:4
[2016-12-13 15:55:57.089] [INFO] info - INFO======>/manage/sign/currentUser耗时:1
[2016-12-13 15:56:05.867] [INFO] info - INFO======>/system/dictionaryItem耗时:5
[2016-12-13 15:56:07.952] [INFO] info - INFO======>/manage/sign/currentUser耗时:0
[2016-12-13 15:56:12.226] [INFO] info - INFO======>/system/dictionaryItem耗时:4
[2016-12-13 15:56:12.285] [INFO] info - INFO======>/manage/sign/currentUser耗时:0
[2016-12-13 15:56:14.215] [INFO] info - INFO======>/system/dictionaryItem耗时:7
[2016-12-13 15:56:14.573] [INFO] info - INFO======>/manage/sign/currentUser耗时:0
[2016-12-13 15:56:48.988] [INFO] info - INFO======>/system/dictionaryItem耗时:9
[2016-12-13 15:56:49.339] [INFO] info - INFO======>/manage/sign/currentUser耗时:0
[2016-12-13 15:56:58.444] [INFO] info - INFO======>/system/dictionaryItem耗时:5
[2016-12-13 15:56:58.493] [INFO] info - INFO======>/manage/sign/currentUser耗时:0
[2016-12-13 15:57:16.670] [INFO] info - INFO======>/system/dictionaryItem耗时:4
[2016-12-13 15:57:16.716] [INFO] info - INFO======>/manage/sign/currentUser耗时:0
[2016-12-13 15:57:19.653] [INFO] info - INFO======>/system/dictionaryItem耗时:8
[2016-12-13 15:57:19.729] [INFO] info - INFO======>/manage/sign/currentUser耗时:1
[2016-12-13 15:58:04.482] [INFO] info - INFO======>/system/dictionaryItem耗时:5
[2016-12-13 15:58:04.560] [INFO] info - INFO======>/manage/sign/currentUser耗时:0
[2016-12-13 15:58:17.566] [INFO] info - INFO======>/system/dictionaryItem耗时:7
[2016-12-13 15:58:17.905] [INFO] info - INFO======>/manage/sign/currentUser耗时:0
[2016-12-13 15:59:27.250] [INFO] info - INFO======>/system/dictionaryItem耗时:7
[2016-12-13 15:59:27.605] [INFO] info - INFO======>/manage/sign/currentUser耗时:0
[2016-12-13 15:59:40.661] [INFO] info - INFO======>/manage/sign/logout耗时:0
[2016-12-13 15:59:42.844] [INFO] info - INFO======>/system/dictionaryItem耗时:6
[2016-12-13 15:59:51.872] [INFO] info - INFO======>/manage/sign/login耗时:5
[2016-12-13 15:59:51.886] [INFO] info - INFO======>/manage/sign/currentUser耗时:0
[2016-12-13 16:00:23.010] [INFO] info - INFO======>/manage/sign/logout耗时:0
[2016-12-13 16:01:52.312] [INFO] info - INFO======>/system/dictionaryItem耗时:5
[2016-12-13 16:01:56.088] [INFO] info - INFO======>/manage/sign/login耗时:2
[2016-12-13 16:01:56.102] [INFO] info - INFO======>/manage/sign/currentUser耗时:0
[2016-12-13 16:01:57.487] [INFO] info - INFO======>/system/dictionaryItem耗时:7
[2016-12-13 16:01:57.534] [INFO] info - INFO======>/manage/sign/currentUser耗时:0
[2016-12-13 16:01:59.185] [INFO] info - INFO======>/manage/account?pageNumber=1&pageSize=10耗时:6
[2016-12-13 16:02:02.416] [INFO] info - INFO======>/system/dictionaryItem耗时:5
[2016-12-13 16:02:02.770] [INFO] info - INFO======>/manage/sign/currentUser耗时:1
[2016-12-13 16:02:02.892] [INFO] info - INFO======>/manage/account?pageNumber=1&pageSize=10耗时:3
[2016-12-13 16:25:48.300] [INFO] info - Redis connecting!
[2016-12-13 16:25:48.305] [INFO] info - Redis auth pass!
[2016-12-13 16:26:32.334] [INFO] info - Redis connecting!
[2016-12-13 16:26:32.337] [INFO] info - Redis auth pass!
[2016-12-13 16:26:57.536] [INFO] info - Redis connecting!
[2016-12-13 16:26:57.541] [INFO] info - Redis auth pass!
[2016-12-13 16:27:28.989] [INFO] info - INFO======>/manage/sign/currentUser耗时:3
[2016-12-13 16:27:29.679] [INFO] info - INFO======>/system/dictionaryItem耗时:156
[2016-12-13 16:27:29.762] [INFO] info - INFO======>/manage/sign/currentUser耗时:1
[2016-12-13 16:27:32.207] [INFO] info - INFO======>/manage/account?pageNumber=1&pageSize=10耗时:7
[2016-12-13 16:28:27.381] [INFO] info - Redis connecting!
[2016-12-13 16:28:27.385] [INFO] info - Redis auth pass!
[2016-12-13 16:29:40.334] [INFO] info - Redis connecting!
[2016-12-13 16:29:40.337] [INFO] info - Redis auth pass!
[2016-12-13 16:30:01.941] [INFO] info - INFO======>/system/dictionaryItem耗时:21421
[2016-12-13 16:31:36.200] [INFO] info - Redis connecting!
[2016-12-13 16:31:36.203] [INFO] info - Redis auth pass!
[2016-12-13 16:32:21.316] [INFO] info - INFO======>/system/dictionaryItem耗时:43674
[2016-12-13 16:35:15.271] [INFO] info - Redis connecting!
[2016-12-13 16:35:15.274] [INFO] info - Redis auth pass!
[2016-12-13 16:35:21.647] [INFO] info - Redis connecting!
[2016-12-13 16:35:21.651] [INFO] info - Redis auth pass!
[2016-12-13 16:35:32.563] [INFO] info - INFO======>/system/dictionaryItem耗时:7093
[2016-12-13 16:35:40.143] [INFO] info - INFO======>/system/dictionaryItem/use/all耗时:2031
[2016-12-13 16:38:16.675] [INFO] info - Redis connecting!
[2016-12-13 16:38:16.678] [INFO] info - Redis auth pass!
[2016-12-13 16:39:31.323] [INFO] info - INFO======>/hospital/saveWithAccount耗时:60660
[2016-12-13 17:31:42.334] [INFO] info - Redis connecting!
[2016-12-13 17:31:42.337] [INFO] info - Redis auth pass!
[2016-12-13 17:32:00.598] [INFO] info - INFO======>/system/dictionaryItem耗时:8131
[2016-12-13 17:32:00.678] [INFO] info - INFO======>/manage/sign/currentUser耗时:1
[2016-12-13 17:32:03.089] [INFO] info - INFO======>/system/dictionaryItem耗时:1
[2016-12-13 17:32:07.257] [INFO] info - INFO======>/manage/sign/login耗时:48
[2016-12-13 17:32:07.283] [INFO] info - INFO======>/manage/sign/currentUser耗时:1
[2016-12-13 17:32:14.196] [INFO] info - INFO======>/manage/account?pageNumber=1&pageSize=10耗时:1
[2016-12-13 17:32:16.579] [INFO] info - INFO======>/system/dictionaryType?pageNumber=1&pageSize=10耗时:1
[2016-12-13 17:32:59.317] [INFO] info - Redis connecting!
[2016-12-13 17:32:59.320] [INFO] info - Redis auth pass!
[2016-12-13 17:33:05.019] [INFO] info - INFO======>/system/dictionaryItem耗时:4265
[2016-12-13 17:33:05.074] [INFO] info - INFO======>/manage/sign/currentUser耗时:0
[2016-12-13 17:33:05.399] [INFO] info - INFO======>/system/dictionaryType?pageNumber=1&pageSize=10耗时:7
[2016-12-13 17:33:06.408] [INFO] info - INFO======>/manage/account?pageNumber=1&pageSize=10耗时:5
[2016-12-13 17:33:07.648] [INFO] info - INFO======>/hospital?pageNumber=1&pageSize=10耗时:8
[2016-12-13 17:33:08.114] [INFO] info - INFO======>/referral/assessmentCase?pageNumber=1&pageSize=10耗时:7
