[2017-01-16 09:08:48.230] [INFO] info - 刷新缓存：DICTIONARY_ITEM_USE_ALL
[2017-01-16 09:08:48.265] [INFO] info - 刷新缓存：SYSTEMVARIABLE_USE_ALL
[2017-01-16 09:09:48.067] [INFO] info - 刷新缓存：DICTIONARY_ITEM_USE_ALL
[2017-01-16 09:09:48.075] [INFO] info - 刷新缓存：SYSTEMVARIABLE_USE_ALL
[2017-01-16 09:24:17.858] [INFO] info - 刷新缓存：DICTIONARY_ITEM_USE_ALL
[2017-01-16 09:24:17.867] [INFO] info - 刷新缓存：SYSTEMVARIABLE_USE_ALL
[2017-01-16 09:25:05.670] [INFO] info - 2017-01-16T01:25:05.670Z
[2017-01-16 09:26:05.671] [INFO] info - 2017-01-16T01:26:05.671Z
[2017-01-16 09:29:43.011] [INFO] info - 刷新缓存：DICTIONARY_ITEM_USE_ALL
[2017-01-16 09:29:43.021] [INFO] info - 刷新缓存：SYSTEMVARIABLE_USE_ALL
[2017-01-16 09:30:00.831] [INFO] info - 2017-01-16T01:30:00.831Z
[2017-01-16 09:31:00.833] [INFO] info - 2017-01-16T01:31:00.833Z
[2017-01-16 09:33:27.344] [INFO] info - 刷新缓存：DICTIONARY_ITEM_USE_ALL
[2017-01-16 09:33:27.352] [INFO] info - 刷新缓存：SYSTEMVARIABLE_USE_ALL
[2017-01-16 09:34:00.008] [INFO] info - 2017-01-16T01:34:00.008Z
[2017-01-16 09:34:05.008] [INFO] info - 2017-01-16T01:34:05.008Z
[2017-01-16 09:34:10.008] [INFO] info - 2017-01-16T01:34:10.008Z
[2017-01-16 09:34:15.007] [INFO] info - 2017-01-16T01:34:15.007Z
[2017-01-16 09:34:20.008] [INFO] info - 2017-01-16T01:34:20.008Z
[2017-01-16 09:34:53.772] [INFO] info - 刷新缓存：DICTIONARY_ITEM_USE_ALL
[2017-01-16 09:34:53.780] [INFO] info - 刷新缓存：SYSTEMVARIABLE_USE_ALL
[2017-01-16 09:35:00.432] [INFO] info - 2017-01-16T01:35:00.432Z
[2017-01-16 09:36:00.436] [INFO] info - 2017-01-16T01:36:00.436Z
[2017-01-16 09:36:26.686] [INFO] info - 刷新缓存：DICTIONARY_ITEM_USE_ALL
[2017-01-16 09:36:26.696] [INFO] info - 刷新缓存：SYSTEMVARIABLE_USE_ALL
[2017-01-16 09:36:30.496] [INFO] info - 2017-01-16T01:36:30.496Z
[2017-01-16 09:36:35.498] [INFO] info - 2017-01-16T01:36:35.498Z
[2017-01-16 09:36:40.498] [INFO] info - 2017-01-16T01:36:40.498Z
[2017-01-16 09:36:45.497] [INFO] info - 2017-01-16T01:36:45.497Z
[2017-01-16 09:36:50.496] [INFO] info - 2017-01-16T01:36:50.496Z
[2017-01-16 09:36:55.496] [INFO] info - 2017-01-16T01:36:55.496Z
[2017-01-16 09:37:00.496] [INFO] info - 2017-01-16T01:37:00.496Z
[2017-01-16 09:37:05.496] [INFO] info - 2017-01-16T01:37:05.496Z
[2017-01-16 09:43:11.448] [INFO] info - 刷新缓存：DICTIONARY_ITEM_USE_ALL
[2017-01-16 09:43:25.838] [INFO] info - 刷新缓存：DICTIONARY_ITEM_USE_ALL
[2017-01-16 09:43:25.848] [INFO] info - 刷新缓存：SYSTEMVARIABLE_USE_ALL
[2017-01-16 09:45:19.802] [INFO] info - 刷新缓存：DICTIONARY_ITEM_USE_ALL
[2017-01-16 09:45:19.811] [INFO] info - 刷新缓存：SYSTEMVARIABLE_USE_ALL
[2017-01-16 10:21:03.208] [INFO] info - 刷新缓存：DICTIONARY_ITEM_USE_ALL
[2017-01-16 10:21:03.218] [INFO] info - 刷新缓存：SYSTEMVARIABLE_USE_ALL
[2017-01-16 10:21:14.530] [INFO] info - 刷新缓存：DICTIONARY_ITEM_USE_ALL
[2017-01-16 10:21:14.540] [INFO] info - 刷新缓存：SYSTEMVARIABLE_USE_ALL
[2017-01-16 10:21:37.731] [INFO] info - 刷新缓存：DICTIONARY_ITEM_USE_ALL
[2017-01-16 10:21:37.749] [INFO] info - 刷新缓存：SYSTEMVARIABLE_USE_ALL
[2017-01-16 10:31:23.250] [INFO] info - 刷新缓存：DICTIONARY_ITEM_USE_ALL
[2017-01-16 10:31:23.260] [INFO] info - 刷新缓存：SYSTEMVARIABLE_USE_ALL
[2017-01-16 10:31:24.013] [INFO] info - /business/payment/request/plateNumber
[2017-01-16 10:31:24.013] [INFO] info - multipart/form-data; boundary=----WebKitFormBoundaryLU56WKZA2CA9rRlP
[2017-01-16 10:31:25.819] [INFO] info - REQUEST=======> 2017-1-16 10:31:24 [POST] /business/payment/request/plateNumber，耗时:1807ms
[2017-01-16 10:31:55.643] [INFO] info - /business/payment/request/plateNumber
[2017-01-16 10:31:55.644] [INFO] info - application/x-www-form-urlencoded
[2017-01-16 10:31:58.982] [INFO] info - REQUEST=======> 2017-1-16 10:31:55 [POST] /business/payment/request/plateNumber，耗时:3339ms
[2017-01-16 10:32:07.668] [INFO] info - /business/payment/request/plateNumber
[2017-01-16 10:32:07.669] [INFO] info - application/x-www-form-urlencoded
[2017-01-16 10:32:16.416] [INFO] info - REQUEST=======> 2017-1-16 10:32:07 [POST] /business/payment/request/plateNumber，耗时:8748ms
[2017-01-16 10:32:33.617] [INFO] info - /business/payment/request/plateNumber
[2017-01-16 10:32:33.618] [INFO] info - application/x-www-form-urlencoded
[2017-01-16 10:32:36.150] [INFO] info - REQUEST=======> 2017-1-16 10:32:33 [POST] /business/payment/request/plateNumber，耗时:2533ms
[2017-01-16 10:33:07.407] [INFO] info - /business/payment/request/plateNumber
[2017-01-16 10:33:07.407] [INFO] info - application/x-www-form-urlencoded
[2017-01-16 10:33:10.136] [INFO] info - REQUEST=======> 2017-1-16 10:33:07 [POST] /business/payment/request/plateNumber，耗时:2729ms
[2017-01-16 10:33:50.119] [INFO] info - /business/payment/request/plateNumber
[2017-01-16 10:33:50.119] [INFO] info - application/x-www-form-urlencoded
[2017-01-16 10:33:53.890] [INFO] info - REQUEST=======> 2017-1-16 10:33:50 [POST] /business/payment/request/plateNumber，耗时:3771ms
[2017-01-16 10:34:20.283] [INFO] info - /business/payment/request/plateNumber
[2017-01-16 10:34:20.283] [INFO] info - application/x-www-form-urlencoded
[2017-01-16 10:34:25.566] [INFO] info - REQUEST=======> 2017-1-16 10:34:20 [POST] /business/payment/request/plateNumber，耗时:5283ms
[2017-01-16 13:32:18.785] [INFO] info - /business/payment/request/plateNumber
[2017-01-16 13:32:18.785] [INFO] info - application/x-www-form-urlencoded
[2017-01-16 13:32:19.327] [INFO] info - REQUEST=======> 2017-1-16 13:32:18 [POST] /business/payment/request/plateNumber，耗时:542ms
[2017-01-16 13:32:27.037] [INFO] info - /business/payment/request/plateNumber
[2017-01-16 13:32:27.037] [INFO] info - application/x-www-form-urlencoded
[2017-01-16 13:32:27.397] [INFO] info - REQUEST=======> 2017-1-16 13:32:27 [POST] /business/payment/request/plateNumber，耗时:360ms
[2017-01-16 13:32:36.390] [INFO] info - /business/payment/request/plateNumber
[2017-01-16 13:32:36.391] [INFO] info - application/x-www-form-urlencoded
[2017-01-16 13:32:36.690] [INFO] info - REQUEST=======> 2017-1-16 13:32:36 [POST] /business/payment/request/plateNumber，耗时:300ms
[2017-01-16 13:33:17.272] [INFO] info - /business/payment/request/plateNumber
[2017-01-16 13:33:17.272] [INFO] info - application/x-www-form-urlencoded
[2017-01-16 13:34:32.920] [INFO] info - REQUEST=======> 2017-1-16 13:33:17 [POST] /business/payment/request/plateNumber，耗时:75648ms
[2017-01-16 13:44:47.682] [INFO] info - /manage/sign/login
[2017-01-16 13:44:47.682] [INFO] info - application/x-www-form-urlencoded; charset=UTF-8
[2017-01-16 13:44:47.706] [INFO] info - REQUEST=======> 2017-1-16 13:44:47 [POST] /manage/sign/login，耗时:24ms
[2017-01-16 13:44:49.631] [INFO] info - /manage/account
[2017-01-16 13:44:49.632] [INFO] info - undefined
[2017-01-16 13:44:49.640] [INFO] info - REQUEST=======> 2017-1-16 13:44:49 [GET] /manage/account?pageNumber=1&pageSize=10，耗时:9ms
[2017-01-16 13:44:50.125] [INFO] info - /system/dictionaryType
[2017-01-16 13:44:50.126] [INFO] info - undefined
[2017-01-16 13:44:50.131] [INFO] info - REQUEST=======> 2017-1-16 13:44:50 [GET] /system/dictionaryType?pageNumber=1&pageSize=10，耗时:6ms
[2017-01-16 13:44:50.652] [INFO] info - /system/systemVariable
[2017-01-16 13:44:50.652] [INFO] info - undefined
[2017-01-16 13:44:50.659] [INFO] info - REQUEST=======> 2017-1-16 13:44:50 [GET] /system/systemVariable?pageNumber=1&pageSize=10，耗时:7ms
[2017-01-16 13:44:51.851] [INFO] info - /system/dictionaryType
[2017-01-16 13:44:51.851] [INFO] info - undefined
[2017-01-16 13:44:51.856] [INFO] info - REQUEST=======> 2017-1-16 13:44:51 [GET] /system/dictionaryType?pageNumber=1&pageSize=10，耗时:5ms
[2017-01-16 13:44:52.202] [INFO] info - /manage/account
[2017-01-16 13:44:52.202] [INFO] info - undefined
[2017-01-16 13:44:52.208] [INFO] info - REQUEST=======> 2017-1-16 13:44:52 [GET] /manage/account?pageNumber=1&pageSize=10，耗时:6ms
[2017-01-16 13:44:54.869] [INFO] info - /system/dictionaryType
[2017-01-16 13:44:54.870] [INFO] info - undefined
[2017-01-16 13:44:54.874] [INFO] info - REQUEST=======> 2017-1-16 13:44:54 [GET] /system/dictionaryType?pageNumber=1&pageSize=10，耗时:5ms
[2017-01-16 13:44:55.122] [INFO] info - /system/systemVariable
[2017-01-16 13:44:55.122] [INFO] info - undefined
[2017-01-16 13:44:55.128] [INFO] info - REQUEST=======> 2017-1-16 13:44:55 [GET] /system/systemVariable?pageNumber=1&pageSize=10，耗时:6ms
[2017-01-16 13:51:25.856] [INFO] info - /system/dictionaryItem/use/all
[2017-01-16 13:51:25.857] [INFO] info - undefined
[2017-01-16 13:51:25.858] [INFO] info - REQUEST=======> 2017-1-16 13:51:25 [GET] /system/dictionaryItem/use/all，耗时:2ms
[2017-01-16 13:51:25.894] [INFO] info - /manage/sign/currentUser
[2017-01-16 13:51:25.895] [INFO] info - undefined
[2017-01-16 13:51:25.895] [INFO] info - REQUEST=======> 2017-1-16 13:51:25 [GET] /manage/sign/currentUser，耗时:1ms
[2017-01-16 13:51:25.900] [INFO] info - /manage/sign/currentUser
[2017-01-16 13:51:25.900] [INFO] info - undefined
[2017-01-16 13:51:25.900] [INFO] info - REQUEST=======> 2017-1-16 13:51:25 [GET] /manage/sign/currentUser，耗时:0ms
[2017-01-16 13:51:26.053] [INFO] info - /system/systemVariable
[2017-01-16 13:51:26.053] [INFO] info - undefined
[2017-01-16 13:51:26.058] [INFO] info - REQUEST=======> 2017-1-16 13:51:26 [GET] /system/systemVariable?pageNumber=1&pageSize=10，耗时:5ms
[2017-01-16 13:51:33.827] [INFO] info - /system/dictionaryItem/use/all
[2017-01-16 13:51:33.828] [INFO] info - undefined
[2017-01-16 13:51:33.828] [INFO] info - REQUEST=======> 2017-1-16 13:51:33 [GET] /system/dictionaryItem/use/all，耗时:1ms
[2017-01-16 13:51:33.875] [INFO] info - /manage/sign/currentUser
[2017-01-16 13:51:33.875] [INFO] info - undefined
[2017-01-16 13:51:33.875] [INFO] info - REQUEST=======> 2017-1-16 13:51:33 [GET] /manage/sign/currentUser，耗时:0ms
[2017-01-16 13:51:34.189] [INFO] info - /manage/sign/currentUser
[2017-01-16 13:51:34.189] [INFO] info - undefined
[2017-01-16 13:51:34.189] [INFO] info - REQUEST=======> 2017-1-16 13:51:34 [GET] /manage/sign/currentUser，耗时:0ms
[2017-01-16 13:51:34.333] [INFO] info - /system/systemVariable
[2017-01-16 13:51:34.333] [INFO] info - undefined
[2017-01-16 13:51:34.338] [INFO] info - REQUEST=======> 2017-1-16 13:51:34 [GET] /system/systemVariable?pageNumber=1&pageSize=10，耗时:5ms
[2017-01-16 13:53:56.594] [INFO] info - /system/dictionaryItem/use/all
[2017-01-16 13:53:56.594] [INFO] info - undefined
[2017-01-16 13:53:56.594] [INFO] info - REQUEST=======> 2017-1-16 13:53:56 [GET] /system/dictionaryItem/use/all，耗时:0ms
[2017-01-16 13:54:06.040] [INFO] info - /system/dictionaryItem/use/all
[2017-01-16 13:54:06.040] [INFO] info - undefined
[2017-01-16 13:54:06.040] [INFO] info - REQUEST=======> 2017-1-16 13:54:06 [GET] /system/dictionaryItem/use/all，耗时:0ms
[2017-01-16 13:54:06.385] [INFO] info - /manage/sign/currentUser
[2017-01-16 13:54:06.385] [INFO] info - undefined
[2017-01-16 13:54:06.386] [INFO] info - REQUEST=======> 2017-1-16 13:54:06 [GET] /manage/sign/currentUser，耗时:1ms
[2017-01-16 13:54:06.400] [INFO] info - /manage/sign/currentUser
[2017-01-16 13:54:06.400] [INFO] info - undefined
[2017-01-16 13:54:06.400] [INFO] info - REQUEST=======> 2017-1-16 13:54:06 [GET] /manage/sign/currentUser，耗时:0ms
[2017-01-16 13:54:06.637] [INFO] info - /system/systemVariable
[2017-01-16 13:54:06.637] [INFO] info - undefined
[2017-01-16 13:54:06.644] [INFO] info - REQUEST=======> 2017-1-16 13:54:06 [GET] /system/systemVariable?pageNumber=1&pageSize=10，耗时:7ms
[2017-01-16 13:54:31.662] [INFO] info - /system/systemVariable
[2017-01-16 13:54:31.662] [INFO] info - undefined
[2017-01-16 13:54:31.666] [INFO] info - REQUEST=======> 2017-1-16 13:54:31 [GET] /system/systemVariable?pageNumber=1&pageSize=10，耗时:4ms
[2017-01-16 13:54:49.810] [INFO] info - /system/dictionaryItem/use/all
[2017-01-16 13:54:49.810] [INFO] info - undefined
[2017-01-16 13:54:49.810] [INFO] info - REQUEST=======> 2017-1-16 13:54:49 [GET] /system/dictionaryItem/use/all，耗时:0ms
[2017-01-16 13:54:49.856] [INFO] info - /manage/sign/currentUser
[2017-01-16 13:54:49.856] [INFO] info - undefined
[2017-01-16 13:54:49.856] [INFO] info - REQUEST=======> 2017-1-16 13:54:49 [GET] /manage/sign/currentUser，耗时:0ms
[2017-01-16 13:54:50.172] [INFO] info - /manage/sign/currentUser
[2017-01-16 13:54:50.172] [INFO] info - undefined
[2017-01-16 13:54:50.173] [INFO] info - REQUEST=======> 2017-1-16 13:54:50 [GET] /manage/sign/currentUser，耗时:1ms
[2017-01-16 13:54:50.320] [INFO] info - /system/systemVariable
[2017-01-16 13:54:50.320] [INFO] info - undefined
[2017-01-16 13:54:50.323] [INFO] info - REQUEST=======> 2017-1-16 13:54:50 [GET] /system/systemVariable?pageNumber=1&pageSize=10，耗时:3ms
[2017-01-16 13:54:52.381] [INFO] info - /system/dictionaryItem/use/all
[2017-01-16 13:54:52.381] [INFO] info - undefined
[2017-01-16 13:54:52.382] [INFO] info - REQUEST=======> 2017-1-16 13:54:52 [GET] /system/dictionaryItem/use/all，耗时:1ms
[2017-01-16 13:54:52.416] [INFO] info - /manage/sign/currentUser
[2017-01-16 13:54:52.416] [INFO] info - undefined
[2017-01-16 13:54:52.416] [INFO] info - REQUEST=======> 2017-1-16 13:54:52 [GET] /manage/sign/currentUser，耗时:0ms
[2017-01-16 13:54:52.421] [INFO] info - /manage/sign/currentUser
[2017-01-16 13:54:52.421] [INFO] info - undefined
[2017-01-16 13:54:52.422] [INFO] info - REQUEST=======> 2017-1-16 13:54:52 [GET] /manage/sign/currentUser，耗时:1ms
[2017-01-16 13:54:52.609] [INFO] info - /system/systemVariable
[2017-01-16 13:54:52.609] [INFO] info - undefined
[2017-01-16 13:54:52.613] [INFO] info - REQUEST=======> 2017-1-16 13:54:52 [GET] /system/systemVariable?pageNumber=1&pageSize=10，耗时:4ms
[2017-01-16 13:54:54.234] [INFO] info - /system/systemVariable
[2017-01-16 13:54:54.234] [INFO] info - undefined
[2017-01-16 13:54:54.238] [INFO] info - REQUEST=======> 2017-1-16 13:54:54 [GET] /system/systemVariable?pageNumber=1&pageSize=10，耗时:4ms
[2017-01-16 13:54:54.790] [INFO] info - /system/dictionaryType
[2017-01-16 13:54:54.790] [INFO] info - undefined
[2017-01-16 13:54:54.797] [INFO] info - REQUEST=======> 2017-1-16 13:54:54 [GET] /system/dictionaryType?pageNumber=1&pageSize=10，耗时:7ms
[2017-01-16 13:54:55.456] [INFO] info - /system/systemVariable
[2017-01-16 13:54:55.456] [INFO] info - undefined
[2017-01-16 13:54:55.459] [INFO] info - REQUEST=======> 2017-1-16 13:54:55 [GET] /system/systemVariable?pageNumber=1&pageSize=10，耗时:3ms
[2017-01-16 13:54:56.719] [INFO] info - /system/systemVariable
[2017-01-16 13:54:56.719] [INFO] info - undefined
[2017-01-16 13:54:56.723] [INFO] info - REQUEST=======> 2017-1-16 13:54:56 [GET] /system/systemVariable?pageNumber=1&pageSize=10，耗时:4ms
[2017-01-16 13:55:09.756] [INFO] info - /system/dictionaryType
[2017-01-16 13:55:09.756] [INFO] info - undefined
[2017-01-16 13:55:09.759] [INFO] info - REQUEST=======> 2017-1-16 13:55:09 [GET] /system/dictionaryType?pageNumber=1&pageSize=10，耗时:3ms
[2017-01-16 13:55:10.105] [INFO] info - /system/systemVariable
[2017-01-16 13:55:10.106] [INFO] info - undefined
[2017-01-16 13:55:10.111] [INFO] info - REQUEST=======> 2017-1-16 13:55:10 [GET] /system/systemVariable?pageNumber=1&pageSize=10，耗时:6ms
[2017-01-16 13:55:11.226] [INFO] info - /system/dictionaryType
[2017-01-16 13:55:11.226] [INFO] info - undefined
[2017-01-16 13:55:11.228] [INFO] info - REQUEST=======> 2017-1-16 13:55:11 [GET] /system/dictionaryType?pageNumber=1&pageSize=10，耗时:2ms
[2017-01-16 13:55:12.146] [INFO] info - /manage/account
[2017-01-16 13:55:12.146] [INFO] info - undefined
[2017-01-16 13:55:12.149] [INFO] info - REQUEST=======> 2017-1-16 13:55:12 [GET] /manage/account?pageNumber=1&pageSize=10，耗时:3ms
[2017-01-16 13:55:13.184] [INFO] info - /system/dictionaryType
[2017-01-16 13:55:13.185] [INFO] info - undefined
[2017-01-16 13:55:13.188] [INFO] info - REQUEST=======> 2017-1-16 13:55:13 [GET] /system/dictionaryType?pageNumber=1&pageSize=10，耗时:3ms
[2017-01-16 13:55:13.435] [INFO] info - /system/systemVariable
[2017-01-16 13:55:13.435] [INFO] info - undefined
[2017-01-16 13:55:13.438] [INFO] info - REQUEST=======> 2017-1-16 13:55:13 [GET] /system/systemVariable?pageNumber=1&pageSize=10，耗时:3ms
[2017-01-16 14:04:25.368] [INFO] info - /system/dictionaryItem/use/all
[2017-01-16 14:04:25.368] [INFO] info - undefined
[2017-01-16 14:04:25.368] [INFO] info - REQUEST=======> 2017-1-16 14:04:25 [GET] /system/dictionaryItem/use/all，耗时:0ms
[2017-01-16 14:04:25.745] [INFO] info - /manage/sign/currentUser
[2017-01-16 14:04:25.745] [INFO] info - undefined
[2017-01-16 14:04:25.745] [INFO] info - REQUEST=======> 2017-1-16 14:04:25 [GET] /manage/sign/currentUser，耗时:0ms
[2017-01-16 14:04:25.792] [INFO] info - /manage/sign/currentUser
[2017-01-16 14:04:25.792] [INFO] info - undefined
[2017-01-16 14:04:25.793] [INFO] info - REQUEST=======> 2017-1-16 14:04:25 [GET] /manage/sign/currentUser，耗时:1ms
[2017-01-16 14:04:39.957] [INFO] info - /system/dictionaryItem/use/all
[2017-01-16 14:04:39.957] [INFO] info - undefined
[2017-01-16 14:04:39.958] [INFO] info - REQUEST=======> 2017-1-16 14:04:39 [GET] /system/dictionaryItem/use/all，耗时:1ms
[2017-01-16 14:04:40.306] [INFO] info - /manage/sign/currentUser
[2017-01-16 14:04:40.307] [INFO] info - undefined
[2017-01-16 14:04:40.307] [INFO] info - REQUEST=======> 2017-1-16 14:04:40 [GET] /manage/sign/currentUser，耗时:1ms
[2017-01-16 14:04:40.329] [INFO] info - /manage/sign/currentUser
[2017-01-16 14:04:40.329] [INFO] info - undefined
[2017-01-16 14:04:40.329] [INFO] info - REQUEST=======> 2017-1-16 14:04:40 [GET] /manage/sign/currentUser，耗时:0ms
[2017-01-16 14:04:51.771] [INFO] info - /system/dictionaryItem/use/all
[2017-01-16 14:04:51.771] [INFO] info - undefined
[2017-01-16 14:04:51.772] [INFO] info - REQUEST=======> 2017-1-16 14:04:51 [GET] /system/dictionaryItem/use/all，耗时:1ms
[2017-01-16 14:05:00.508] [INFO] info - /manage/sign/currentUser
[2017-01-16 14:05:00.508] [INFO] info - undefined
[2017-01-16 14:05:00.509] [INFO] info - REQUEST=======> 2017-1-16 14:05:00 [GET] /manage/sign/currentUser，耗时:1ms
[2017-01-16 14:05:00.521] [INFO] info - /manage/sign/currentUser
[2017-01-16 14:05:00.522] [INFO] info - undefined
[2017-01-16 14:05:00.522] [INFO] info - REQUEST=======> 2017-1-16 14:05:00 [GET] /manage/sign/currentUser，耗时:1ms
[2017-01-16 14:05:01.650] [INFO] info - /system/dictionaryItem/use/all
[2017-01-16 14:05:01.650] [INFO] info - undefined
[2017-01-16 14:05:01.651] [INFO] info - REQUEST=======> 2017-1-16 14:05:01 [GET] /system/dictionaryItem/use/all，耗时:1ms
[2017-01-16 14:05:01.699] [INFO] info - /manage/sign/currentUser
[2017-01-16 14:05:01.699] [INFO] info - undefined
[2017-01-16 14:05:01.700] [INFO] info - REQUEST=======> 2017-1-16 14:05:01 [GET] /manage/sign/currentUser，耗时:1ms
[2017-01-16 14:05:01.703] [INFO] info - /manage/sign/currentUser
[2017-01-16 14:05:01.704] [INFO] info - undefined
[2017-01-16 14:05:01.704] [INFO] info - REQUEST=======> 2017-1-16 14:05:01 [GET] /manage/sign/currentUser，耗时:1ms
[2017-01-16 14:06:07.865] [INFO] info - /system/dictionaryItem/use/all
[2017-01-16 14:06:07.865] [INFO] info - undefined
[2017-01-16 14:06:07.866] [INFO] info - REQUEST=======> 2017-1-16 14:06:07 [GET] /system/dictionaryItem/use/all，耗时:1ms
[2017-01-16 14:06:08.242] [INFO] info - /manage/sign/currentUser
[2017-01-16 14:06:08.242] [INFO] info - undefined
[2017-01-16 14:06:08.242] [INFO] info - REQUEST=======> 2017-1-16 14:06:08 [GET] /manage/sign/currentUser，耗时:0ms
[2017-01-16 14:06:08.250] [INFO] info - /manage/sign/currentUser
[2017-01-16 14:06:08.251] [INFO] info - undefined
[2017-01-16 14:06:08.251] [INFO] info - REQUEST=======> 2017-1-16 14:06:08 [GET] /manage/sign/currentUser，耗时:1ms
[2017-01-16 14:06:09.565] [INFO] info - /system/dictionaryItem/use/all
[2017-01-16 14:06:09.565] [INFO] info - undefined
[2017-01-16 14:06:09.566] [INFO] info - REQUEST=======> 2017-1-16 14:06:09 [GET] /system/dictionaryItem/use/all，耗时:1ms
[2017-01-16 14:06:09.608] [INFO] info - /manage/sign/currentUser
[2017-01-16 14:06:09.608] [INFO] info - undefined
[2017-01-16 14:06:09.608] [INFO] info - REQUEST=======> 2017-1-16 14:06:09 [GET] /manage/sign/currentUser，耗时:0ms
[2017-01-16 14:06:09.612] [INFO] info - /manage/sign/currentUser
[2017-01-16 14:06:09.612] [INFO] info - undefined
[2017-01-16 14:06:09.613] [INFO] info - REQUEST=======> 2017-1-16 14:06:09 [GET] /manage/sign/currentUser，耗时:1ms
[2017-01-16 14:06:20.570] [INFO] info - /system/dictionaryItem/use/all
[2017-01-16 14:06:20.570] [INFO] info - undefined
[2017-01-16 14:06:20.570] [INFO] info - REQUEST=======> 2017-1-16 14:06:20 [GET] /system/dictionaryItem/use/all，耗时:0ms
[2017-01-16 14:06:20.954] [INFO] info - /manage/sign/currentUser
[2017-01-16 14:06:20.954] [INFO] info - undefined
[2017-01-16 14:06:20.955] [INFO] info - REQUEST=======> 2017-1-16 14:06:20 [GET] /manage/sign/currentUser，耗时:1ms
[2017-01-16 14:06:20.981] [INFO] info - /manage/sign/currentUser
[2017-01-16 14:06:20.981] [INFO] info - undefined
[2017-01-16 14:06:20.982] [INFO] info - REQUEST=======> 2017-1-16 14:06:20 [GET] /manage/sign/currentUser，耗时:1ms
[2017-01-16 14:06:40.023] [INFO] info - /system/dictionaryItem/use/all
[2017-01-16 14:06:40.023] [INFO] info - undefined
[2017-01-16 14:06:40.024] [INFO] info - REQUEST=======> 2017-1-16 14:06:40 [GET] /system/dictionaryItem/use/all，耗时:1ms
[2017-01-16 14:06:40.381] [INFO] info - /manage/sign/currentUser
[2017-01-16 14:06:40.381] [INFO] info - undefined
[2017-01-16 14:06:40.381] [INFO] info - REQUEST=======> 2017-1-16 14:06:40 [GET] /manage/sign/currentUser，耗时:0ms
[2017-01-16 14:06:40.418] [INFO] info - /manage/sign/currentUser
[2017-01-16 14:06:40.418] [INFO] info - undefined
[2017-01-16 14:06:40.419] [INFO] info - REQUEST=======> 2017-1-16 14:06:40 [GET] /manage/sign/currentUser，耗时:1ms
[2017-01-16 14:06:51.605] [INFO] info - /system/dictionaryItem/use/all
[2017-01-16 14:06:51.605] [INFO] info - undefined
[2017-01-16 14:06:51.608] [INFO] info - REQUEST=======> 2017-1-16 14:06:51 [GET] /system/dictionaryItem/use/all，耗时:3ms
[2017-01-16 14:06:51.956] [INFO] info - /manage/sign/currentUser
[2017-01-16 14:06:51.956] [INFO] info - undefined
[2017-01-16 14:06:51.957] [INFO] info - REQUEST=======> 2017-1-16 14:06:51 [GET] /manage/sign/currentUser，耗时:1ms
[2017-01-16 14:06:51.979] [INFO] info - /manage/sign/currentUser
[2017-01-16 14:06:51.979] [INFO] info - undefined
[2017-01-16 14:06:51.980] [INFO] info - REQUEST=======> 2017-1-16 14:06:51 [GET] /manage/sign/currentUser，耗时:1ms
[2017-01-16 14:07:17.388] [INFO] info - /system/dictionaryItem/use/all
[2017-01-16 14:07:17.388] [INFO] info - undefined
[2017-01-16 14:07:17.389] [INFO] info - REQUEST=======> 2017-1-16 14:07:17 [GET] /system/dictionaryItem/use/all，耗时:1ms
[2017-01-16 14:07:18.754] [INFO] info - /manage/sign/currentUser
[2017-01-16 14:07:18.754] [INFO] info - undefined
[2017-01-16 14:07:18.755] [INFO] info - REQUEST=======> 2017-1-16 14:07:18 [GET] /manage/sign/currentUser，耗时:1ms
[2017-01-16 14:07:18.776] [INFO] info - /manage/sign/currentUser
[2017-01-16 14:07:18.776] [INFO] info - undefined
[2017-01-16 14:07:18.777] [INFO] info - REQUEST=======> 2017-1-16 14:07:18 [GET] /manage/sign/currentUser，耗时:1ms
[2017-01-16 14:07:20.337] [INFO] info - /system/dictionaryItem/use/all
[2017-01-16 14:07:20.337] [INFO] info - undefined
[2017-01-16 14:07:20.338] [INFO] info - REQUEST=======> 2017-1-16 14:07:20 [GET] /system/dictionaryItem/use/all，耗时:1ms
[2017-01-16 14:07:21.298] [INFO] info - /manage/sign/currentUser
[2017-01-16 14:07:21.298] [INFO] info - undefined
[2017-01-16 14:07:21.299] [INFO] info - REQUEST=======> 2017-1-16 14:07:21 [GET] /manage/sign/currentUser，耗时:1ms
[2017-01-16 14:07:21.305] [INFO] info - /manage/sign/currentUser
[2017-01-16 14:07:21.305] [INFO] info - undefined
[2017-01-16 14:07:21.305] [INFO] info - REQUEST=======> 2017-1-16 14:07:21 [GET] /manage/sign/currentUser，耗时:0ms
[2017-01-16 14:07:26.793] [INFO] info - /system/dictionaryItem/use/all
[2017-01-16 14:07:26.793] [INFO] info - undefined
[2017-01-16 14:07:26.794] [INFO] info - REQUEST=======> 2017-1-16 14:07:26 [GET] /system/dictionaryItem/use/all，耗时:1ms
[2017-01-16 14:07:29.021] [INFO] info - /manage/sign/currentUser
[2017-01-16 14:07:29.021] [INFO] info - undefined
[2017-01-16 14:07:29.021] [INFO] info - REQUEST=======> 2017-1-16 14:07:29 [GET] /manage/sign/currentUser，耗时:0ms
[2017-01-16 14:07:29.327] [INFO] info - /manage/sign/currentUser
[2017-01-16 14:07:29.327] [INFO] info - undefined
[2017-01-16 14:07:29.327] [INFO] info - REQUEST=======> 2017-1-16 14:07:29 [GET] /manage/sign/currentUser，耗时:0ms
[2017-01-16 14:07:41.102] [INFO] info - /system/dictionaryItem/use/all
[2017-01-16 14:07:41.102] [INFO] info - undefined
[2017-01-16 14:07:41.102] [INFO] info - REQUEST=======> 2017-1-16 14:07:41 [GET] /system/dictionaryItem/use/all，耗时:0ms
[2017-01-16 14:07:42.913] [INFO] info - /manage/sign/currentUser
[2017-01-16 14:07:42.913] [INFO] info - undefined
[2017-01-16 14:07:42.913] [INFO] info - REQUEST=======> 2017-1-16 14:07:42 [GET] /manage/sign/currentUser，耗时:0ms
[2017-01-16 14:07:42.929] [INFO] info - /manage/sign/currentUser
[2017-01-16 14:07:42.929] [INFO] info - undefined
[2017-01-16 14:07:42.929] [INFO] info - REQUEST=======> 2017-1-16 14:07:42 [GET] /manage/sign/currentUser，耗时:0ms
[2017-01-16 14:08:15.231] [INFO] info - /system/dictionaryItem/use/all
[2017-01-16 14:08:15.231] [INFO] info - undefined
[2017-01-16 14:08:15.232] [INFO] info - REQUEST=======> 2017-1-16 14:08:15 [GET] /system/dictionaryItem/use/all，耗时:1ms
[2017-01-16 14:08:15.634] [INFO] info - /manage/sign/currentUser
[2017-01-16 14:08:15.634] [INFO] info - undefined
[2017-01-16 14:08:15.636] [INFO] info - REQUEST=======> 2017-1-16 14:08:15 [GET] /manage/sign/currentUser，耗时:2ms
[2017-01-16 14:08:15.680] [INFO] info - /manage/sign/currentUser
[2017-01-16 14:08:15.680] [INFO] info - undefined
[2017-01-16 14:08:15.681] [INFO] info - REQUEST=======> 2017-1-16 14:08:15 [GET] /manage/sign/currentUser，耗时:1ms
[2017-01-16 14:08:30.082] [INFO] info - /system/dictionaryItem/use/all
[2017-01-16 14:08:30.082] [INFO] info - undefined
[2017-01-16 14:08:30.083] [INFO] info - REQUEST=======> 2017-1-16 14:08:30 [GET] /system/dictionaryItem/use/all，耗时:1ms
[2017-01-16 14:08:31.323] [INFO] info - /manage/sign/currentUser
[2017-01-16 14:08:31.323] [INFO] info - undefined
[2017-01-16 14:08:31.323] [INFO] info - REQUEST=======> 2017-1-16 14:08:31 [GET] /manage/sign/currentUser，耗时:0ms
[2017-01-16 14:08:31.630] [INFO] info - /manage/sign/currentUser
[2017-01-16 14:08:31.630] [INFO] info - undefined
[2017-01-16 14:08:31.630] [INFO] info - REQUEST=======> 2017-1-16 14:08:31 [GET] /manage/sign/currentUser，耗时:0ms
[2017-01-16 14:08:33.802] [INFO] info - /system/dictionaryItem/use/all
[2017-01-16 14:08:33.802] [INFO] info - undefined
[2017-01-16 14:08:33.803] [INFO] info - REQUEST=======> 2017-1-16 14:08:33 [GET] /system/dictionaryItem/use/all，耗时:1ms
[2017-01-16 14:08:36.472] [INFO] info - /manage/sign/currentUser
[2017-01-16 14:08:36.472] [INFO] info - undefined
[2017-01-16 14:08:36.472] [INFO] info - REQUEST=======> 2017-1-16 14:08:36 [GET] /manage/sign/currentUser，耗时:0ms
[2017-01-16 14:08:36.479] [INFO] info - /manage/sign/currentUser
[2017-01-16 14:08:36.479] [INFO] info - undefined
[2017-01-16 14:08:36.479] [INFO] info - REQUEST=======> 2017-1-16 14:08:36 [GET] /manage/sign/currentUser，耗时:0ms
[2017-01-16 14:09:58.834] [INFO] info - /system/dictionaryItem/use/all
[2017-01-16 14:09:58.834] [INFO] info - undefined
[2017-01-16 14:09:58.835] [INFO] info - REQUEST=======> 2017-1-16 14:09:58 [GET] /system/dictionaryItem/use/all，耗时:1ms
[2017-01-16 14:09:59.219] [INFO] info - /manage/sign/currentUser
[2017-01-16 14:09:59.219] [INFO] info - undefined
[2017-01-16 14:09:59.219] [INFO] info - REQUEST=======> 2017-1-16 14:09:59 [GET] /manage/sign/currentUser，耗时:0ms
[2017-01-16 14:09:59.242] [INFO] info - /manage/sign/currentUser
[2017-01-16 14:09:59.242] [INFO] info - undefined
[2017-01-16 14:09:59.242] [INFO] info - REQUEST=======> 2017-1-16 14:09:59 [GET] /manage/sign/currentUser，耗时:0ms
[2017-01-16 14:10:00.265] [INFO] info - /system/dictionaryItem/use/all
[2017-01-16 14:10:00.265] [INFO] info - undefined
[2017-01-16 14:10:00.265] [INFO] info - REQUEST=======> 2017-1-16 14:10:00 [GET] /system/dictionaryItem/use/all，耗时:0ms
[2017-01-16 14:10:00.315] [INFO] info - /manage/sign/currentUser
[2017-01-16 14:10:00.315] [INFO] info - undefined
[2017-01-16 14:10:00.315] [INFO] info - REQUEST=======> 2017-1-16 14:10:00 [GET] /manage/sign/currentUser，耗时:0ms
[2017-01-16 14:10:00.621] [INFO] info - /manage/sign/currentUser
[2017-01-16 14:10:00.621] [INFO] info - undefined
[2017-01-16 14:10:00.621] [INFO] info - REQUEST=======> 2017-1-16 14:10:00 [GET] /manage/sign/currentUser，耗时:0ms
[2017-01-16 14:10:11.218] [INFO] info - /system/dictionaryItem/use/all
[2017-01-16 14:10:11.218] [INFO] info - undefined
[2017-01-16 14:10:11.218] [INFO] info - REQUEST=======> 2017-1-16 14:10:11 [GET] /system/dictionaryItem/use/all，耗时:0ms
[2017-01-16 14:10:11.618] [INFO] info - /manage/sign/currentUser
[2017-01-16 14:10:11.618] [INFO] info - undefined
[2017-01-16 14:10:11.619] [INFO] info - REQUEST=======> 2017-1-16 14:10:11 [GET] /manage/sign/currentUser，耗时:1ms
[2017-01-16 14:10:11.651] [INFO] info - /manage/sign/currentUser
[2017-01-16 14:10:11.651] [INFO] info - undefined
[2017-01-16 14:10:11.652] [INFO] info - REQUEST=======> 2017-1-16 14:10:11 [GET] /manage/sign/currentUser，耗时:1ms
[2017-01-16 14:10:30.100] [INFO] info - /system/dictionaryItem/use/all
[2017-01-16 14:10:30.100] [INFO] info - undefined
[2017-01-16 14:10:30.101] [INFO] info - REQUEST=======> 2017-1-16 14:10:30 [GET] /system/dictionaryItem/use/all，耗时:1ms
[2017-01-16 14:10:30.466] [INFO] info - /manage/sign/currentUser
[2017-01-16 14:10:30.466] [INFO] info - undefined
[2017-01-16 14:10:30.466] [INFO] info - REQUEST=======> 2017-1-16 14:10:30 [GET] /manage/sign/currentUser，耗时:0ms
[2017-01-16 14:10:30.484] [INFO] info - /manage/sign/currentUser
[2017-01-16 14:10:30.484] [INFO] info - undefined
[2017-01-16 14:10:30.485] [INFO] info - REQUEST=======> 2017-1-16 14:10:30 [GET] /manage/sign/currentUser，耗时:1ms
[2017-01-16 14:10:42.111] [INFO] info - /system/dictionaryItem/use/all
[2017-01-16 14:10:42.112] [INFO] info - undefined
[2017-01-16 14:10:42.112] [INFO] info - REQUEST=======> 2017-1-16 14:10:42 [GET] /system/dictionaryItem/use/all，耗时:1ms
[2017-01-16 14:10:42.467] [INFO] info - /manage/sign/currentUser
[2017-01-16 14:10:42.467] [INFO] info - undefined
[2017-01-16 14:10:42.468] [INFO] info - REQUEST=======> 2017-1-16 14:10:42 [GET] /manage/sign/currentUser，耗时:1ms
[2017-01-16 14:10:42.482] [INFO] info - /manage/sign/currentUser
[2017-01-16 14:10:42.483] [INFO] info - undefined
[2017-01-16 14:10:42.483] [INFO] info - REQUEST=======> 2017-1-16 14:10:42 [GET] /manage/sign/currentUser，耗时:1ms
[2017-01-16 14:11:00.365] [INFO] info - /system/dictionaryItem/use/all
[2017-01-16 14:11:00.365] [INFO] info - undefined
[2017-01-16 14:11:00.365] [INFO] info - REQUEST=======> 2017-1-16 14:11:00 [GET] /system/dictionaryItem/use/all，耗时:0ms
[2017-01-16 14:11:00.750] [INFO] info - /manage/sign/currentUser
[2017-01-16 14:11:00.750] [INFO] info - undefined
[2017-01-16 14:11:00.751] [INFO] info - REQUEST=======> 2017-1-16 14:11:00 [GET] /manage/sign/currentUser，耗时:1ms
[2017-01-16 14:11:00.761] [INFO] info - /manage/sign/currentUser
[2017-01-16 14:11:00.761] [INFO] info - undefined
[2017-01-16 14:11:00.762] [INFO] info - REQUEST=======> 2017-1-16 14:11:00 [GET] /manage/sign/currentUser，耗时:1ms
[2017-01-16 14:11:03.754] [INFO] info - /system/dictionaryItem/use/all
[2017-01-16 14:11:03.754] [INFO] info - undefined
[2017-01-16 14:11:03.754] [INFO] info - REQUEST=======> 2017-1-16 14:11:03 [GET] /system/dictionaryItem/use/all，耗时:0ms
[2017-01-16 14:11:03.799] [INFO] info - /manage/sign/currentUser
[2017-01-16 14:11:03.799] [INFO] info - undefined
[2017-01-16 14:11:03.799] [INFO] info - REQUEST=======> 2017-1-16 14:11:03 [GET] /manage/sign/currentUser，耗时:0ms
[2017-01-16 14:11:03.803] [INFO] info - /manage/sign/currentUser
[2017-01-16 14:11:03.803] [INFO] info - undefined
[2017-01-16 14:11:03.804] [INFO] info - REQUEST=======> 2017-1-16 14:11:03 [GET] /manage/sign/currentUser，耗时:1ms
[2017-01-16 14:11:24.170] [INFO] info - /system/dictionaryItem/use/all
[2017-01-16 14:11:24.170] [INFO] info - undefined
[2017-01-16 14:11:24.170] [INFO] info - REQUEST=======> 2017-1-16 14:11:24 [GET] /system/dictionaryItem/use/all，耗时:0ms
[2017-01-16 14:11:24.589] [INFO] info - /manage/sign/currentUser
[2017-01-16 14:11:24.589] [INFO] info - undefined
[2017-01-16 14:11:24.589] [INFO] info - REQUEST=======> 2017-1-16 14:11:24 [GET] /manage/sign/currentUser，耗时:0ms
[2017-01-16 14:11:24.600] [INFO] info - /manage/sign/currentUser
[2017-01-16 14:11:24.600] [INFO] info - undefined
[2017-01-16 14:11:24.600] [INFO] info - REQUEST=======> 2017-1-16 14:11:24 [GET] /manage/sign/currentUser，耗时:0ms
[2017-01-16 14:11:31.499] [INFO] info - /system/dictionaryItem/use/all
[2017-01-16 14:11:31.499] [INFO] info - undefined
[2017-01-16 14:11:31.500] [INFO] info - REQUEST=======> 2017-1-16 14:11:31 [GET] /system/dictionaryItem/use/all，耗时:1ms
[2017-01-16 14:11:31.557] [INFO] info - /manage/sign/currentUser
[2017-01-16 14:11:31.557] [INFO] info - undefined
[2017-01-16 14:11:31.557] [INFO] info - REQUEST=======> 2017-1-16 14:11:31 [GET] /manage/sign/currentUser，耗时:0ms
[2017-01-16 14:11:31.568] [INFO] info - /manage/sign/currentUser
[2017-01-16 14:11:31.568] [INFO] info - undefined
[2017-01-16 14:11:31.568] [INFO] info - REQUEST=======> 2017-1-16 14:11:31 [GET] /manage/sign/currentUser，耗时:0ms
[2017-01-16 14:11:44.559] [INFO] info - /system/dictionaryItem/use/all
[2017-01-16 14:11:44.559] [INFO] info - undefined
[2017-01-16 14:11:44.559] [INFO] info - REQUEST=======> 2017-1-16 14:11:44 [GET] /system/dictionaryItem/use/all，耗时:0ms
[2017-01-16 14:11:44.908] [INFO] info - /manage/sign/currentUser
[2017-01-16 14:11:44.908] [INFO] info - undefined
[2017-01-16 14:11:44.909] [INFO] info - REQUEST=======> 2017-1-16 14:11:44 [GET] /manage/sign/currentUser，耗时:1ms
[2017-01-16 14:11:44.944] [INFO] info - /manage/sign/currentUser
[2017-01-16 14:11:44.944] [INFO] info - undefined
[2017-01-16 14:11:44.945] [INFO] info - REQUEST=======> 2017-1-16 14:11:44 [GET] /manage/sign/currentUser，耗时:1ms
[2017-01-16 14:11:47.412] [INFO] info - /system/dictionaryItem/use/all
[2017-01-16 14:11:47.412] [INFO] info - undefined
[2017-01-16 14:11:47.413] [INFO] info - REQUEST=======> 2017-1-16 14:11:47 [GET] /system/dictionaryItem/use/all，耗时:1ms
[2017-01-16 14:11:47.481] [INFO] info - /manage/sign/currentUser
[2017-01-16 14:11:47.481] [INFO] info - undefined
[2017-01-16 14:11:47.482] [INFO] info - REQUEST=======> 2017-1-16 14:11:47 [GET] /manage/sign/currentUser，耗时:1ms
[2017-01-16 14:11:47.485] [INFO] info - /manage/sign/currentUser
[2017-01-16 14:11:47.485] [INFO] info - undefined
[2017-01-16 14:11:47.486] [INFO] info - REQUEST=======> 2017-1-16 14:11:47 [GET] /manage/sign/currentUser，耗时:1ms
[2017-01-16 14:13:10.421] [INFO] info - /system/dictionaryItem/use/all
[2017-01-16 14:13:10.421] [INFO] info - undefined
[2017-01-16 14:13:10.421] [INFO] info - REQUEST=======> 2017-1-16 14:13:10 [GET] /system/dictionaryItem/use/all，耗时:0ms
[2017-01-16 14:13:10.478] [INFO] info - /manage/sign/currentUser
[2017-01-16 14:13:10.478] [INFO] info - undefined
[2017-01-16 14:13:10.479] [INFO] info - REQUEST=======> 2017-1-16 14:13:10 [GET] /manage/sign/currentUser，耗时:1ms
[2017-01-16 14:13:10.784] [INFO] info - /manage/sign/currentUser
[2017-01-16 14:13:10.784] [INFO] info - undefined
[2017-01-16 14:13:10.785] [INFO] info - REQUEST=======> 2017-1-16 14:13:10 [GET] /manage/sign/currentUser，耗时:1ms
[2017-01-16 14:19:09.465] [INFO] info - /system/dictionaryItem/use/all
[2017-01-16 14:19:09.465] [INFO] info - undefined
[2017-01-16 14:19:09.466] [INFO] info - REQUEST=======> 2017-1-16 14:19:09 [GET] /system/dictionaryItem/use/all，耗时:1ms
[2017-01-16 14:19:09.815] [INFO] info - /manage/sign/currentUser
[2017-01-16 14:19:09.815] [INFO] info - undefined
[2017-01-16 14:19:09.816] [INFO] info - REQUEST=======> 2017-1-16 14:19:09 [GET] /manage/sign/currentUser，耗时:1ms
[2017-01-16 14:19:09.831] [INFO] info - /manage/sign/currentUser
[2017-01-16 14:19:09.831] [INFO] info - undefined
[2017-01-16 14:19:09.831] [INFO] info - REQUEST=======> 2017-1-16 14:19:09 [GET] /manage/sign/currentUser，耗时:0ms
[2017-01-16 14:26:34.910] [INFO] info - /system/dictionaryItem/use/all
[2017-01-16 14:26:34.910] [INFO] info - undefined
[2017-01-16 14:26:34.910] [INFO] info - REQUEST=======> 2017-1-16 14:26:34 [GET] /system/dictionaryItem/use/all，耗时:0ms
[2017-01-16 14:26:35.263] [INFO] info - /manage/sign/currentUser
[2017-01-16 14:26:35.263] [INFO] info - undefined
[2017-01-16 14:26:35.264] [INFO] info - REQUEST=======> 2017-1-16 14:26:35 [GET] /manage/sign/currentUser，耗时:1ms
[2017-01-16 14:26:35.365] [INFO] info - /manage/sign/currentUser
[2017-01-16 14:26:35.365] [INFO] info - undefined
[2017-01-16 14:26:35.366] [INFO] info - REQUEST=======> 2017-1-16 14:26:35 [GET] /manage/sign/currentUser，耗时:1ms
[2017-01-16 14:26:36.524] [INFO] info - /system/dictionaryItem/use/all
[2017-01-16 14:26:36.524] [INFO] info - undefined
[2017-01-16 14:26:36.524] [INFO] info - REQUEST=======> 2017-1-16 14:26:36 [GET] /system/dictionaryItem/use/all，耗时:0ms
[2017-01-16 14:26:36.611] [INFO] info - /manage/sign/currentUser
[2017-01-16 14:26:36.611] [INFO] info - undefined
[2017-01-16 14:26:36.612] [INFO] info - REQUEST=======> 2017-1-16 14:26:36 [GET] /manage/sign/currentUser，耗时:1ms
[2017-01-16 14:26:36.615] [INFO] info - /manage/sign/currentUser
[2017-01-16 14:26:36.615] [INFO] info - undefined
[2017-01-16 14:26:36.616] [INFO] info - REQUEST=======> 2017-1-16 14:26:36 [GET] /manage/sign/currentUser，耗时:1ms
[2017-01-16 14:26:48.910] [INFO] info - /system/dictionaryItem/use/all
[2017-01-16 14:26:48.910] [INFO] info - undefined
[2017-01-16 14:26:48.910] [INFO] info - REQUEST=======> 2017-1-16 14:26:48 [GET] /system/dictionaryItem/use/all，耗时:0ms
[2017-01-16 14:26:49.260] [INFO] info - /manage/sign/currentUser
[2017-01-16 14:26:49.260] [INFO] info - undefined
[2017-01-16 14:26:49.260] [INFO] info - REQUEST=======> 2017-1-16 14:26:49 [GET] /manage/sign/currentUser，耗时:0ms
[2017-01-16 14:26:49.855] [INFO] info - /system/dictionaryItem/use/all
[2017-01-16 14:26:49.855] [INFO] info - undefined
[2017-01-16 14:26:49.856] [INFO] info - REQUEST=======> 2017-1-16 14:26:49 [GET] /system/dictionaryItem/use/all，耗时:1ms
[2017-01-16 14:26:49.911] [INFO] info - /manage/sign/currentUser
[2017-01-16 14:26:49.911] [INFO] info - undefined
[2017-01-16 14:26:49.912] [INFO] info - REQUEST=======> 2017-1-16 14:26:49 [GET] /manage/sign/currentUser，耗时:1ms
[2017-01-16 14:26:49.916] [INFO] info - /manage/sign/currentUser
[2017-01-16 14:26:49.916] [INFO] info - undefined
[2017-01-16 14:26:49.917] [INFO] info - REQUEST=======> 2017-1-16 14:26:49 [GET] /manage/sign/currentUser，耗时:1ms
[2017-01-16 14:26:56.999] [INFO] info - /system/dictionaryItem/use/all
[2017-01-16 14:26:56.999] [INFO] info - undefined
[2017-01-16 14:26:57.000] [INFO] info - REQUEST=======> 2017-1-16 14:26:56 [GET] /system/dictionaryItem/use/all，耗时:1ms
[2017-01-16 14:26:57.369] [INFO] info - /manage/sign/currentUser
[2017-01-16 14:26:57.369] [INFO] info - undefined
[2017-01-16 14:26:57.370] [INFO] info - REQUEST=======> 2017-1-16 14:26:57 [GET] /manage/sign/currentUser，耗时:1ms
[2017-01-16 14:26:57.386] [INFO] info - /manage/sign/currentUser
[2017-01-16 14:26:57.386] [INFO] info - undefined
[2017-01-16 14:26:57.386] [INFO] info - REQUEST=======> 2017-1-16 14:26:57 [GET] /manage/sign/currentUser，耗时:1ms
[2017-01-16 14:26:58.272] [INFO] info - /system/dictionaryItem/use/all
[2017-01-16 14:26:58.273] [INFO] info - undefined
[2017-01-16 14:26:58.273] [INFO] info - REQUEST=======> 2017-1-16 14:26:58 [GET] /system/dictionaryItem/use/all，耗时:1ms
[2017-01-16 14:26:58.319] [INFO] info - /manage/sign/currentUser
[2017-01-16 14:26:58.319] [INFO] info - undefined
[2017-01-16 14:26:58.319] [INFO] info - REQUEST=======> 2017-1-16 14:26:58 [GET] /manage/sign/currentUser，耗时:0ms
[2017-01-16 14:26:58.324] [INFO] info - /manage/sign/currentUser
[2017-01-16 14:26:58.324] [INFO] info - undefined
[2017-01-16 14:26:58.324] [INFO] info - REQUEST=======> 2017-1-16 14:26:58 [GET] /manage/sign/currentUser，耗时:0ms
[2017-01-16 14:27:21.721] [INFO] info - /system/dictionaryItem/use/all
[2017-01-16 14:27:21.721] [INFO] info - undefined
[2017-01-16 14:27:21.722] [INFO] info - REQUEST=======> 2017-1-16 14:27:21 [GET] /system/dictionaryItem/use/all，耗时:1ms
[2017-01-16 14:27:22.077] [INFO] info - /manage/sign/currentUser
[2017-01-16 14:27:22.078] [INFO] info - undefined
[2017-01-16 14:27:22.078] [INFO] info - REQUEST=======> 2017-1-16 14:27:22 [GET] /manage/sign/currentUser，耗时:1ms
[2017-01-16 14:27:22.094] [INFO] info - /manage/sign/currentUser
[2017-01-16 14:27:22.094] [INFO] info - undefined
[2017-01-16 14:27:22.095] [INFO] info - REQUEST=======> 2017-1-16 14:27:22 [GET] /manage/sign/currentUser，耗时:1ms
[2017-01-16 14:27:43.097] [INFO] info - /system/dictionaryItem/use/all
[2017-01-16 14:27:43.097] [INFO] info - undefined
[2017-01-16 14:27:43.098] [INFO] info - REQUEST=======> 2017-1-16 14:27:43 [GET] /system/dictionaryItem/use/all，耗时:1ms
[2017-01-16 14:27:43.492] [INFO] info - /manage/sign/currentUser
[2017-01-16 14:27:43.492] [INFO] info - undefined
[2017-01-16 14:27:43.493] [INFO] info - REQUEST=======> 2017-1-16 14:27:43 [GET] /manage/sign/currentUser，耗时:1ms
[2017-01-16 14:27:43.509] [INFO] info - /manage/sign/currentUser
[2017-01-16 14:27:43.509] [INFO] info - undefined
[2017-01-16 14:27:43.509] [INFO] info - REQUEST=======> 2017-1-16 14:27:43 [GET] /manage/sign/currentUser，耗时:0ms
[2017-01-16 14:27:51.362] [INFO] info - /system/dictionaryItem/use/all
[2017-01-16 14:27:51.362] [INFO] info - undefined
[2017-01-16 14:27:51.364] [INFO] info - REQUEST=======> 2017-1-16 14:27:51 [GET] /system/dictionaryItem/use/all，耗时:2ms
[2017-01-16 14:27:51.408] [INFO] info - /manage/sign/currentUser
[2017-01-16 14:27:51.408] [INFO] info - undefined
[2017-01-16 14:27:51.409] [INFO] info - REQUEST=======> 2017-1-16 14:27:51 [GET] /manage/sign/currentUser，耗时:1ms
[2017-01-16 14:27:51.413] [INFO] info - /manage/sign/currentUser
[2017-01-16 14:27:51.413] [INFO] info - undefined
[2017-01-16 14:27:51.413] [INFO] info - REQUEST=======> 2017-1-16 14:27:51 [GET] /manage/sign/currentUser，耗时:0ms
[2017-01-16 14:28:25.977] [INFO] info - /system/dictionaryItem/use/all
[2017-01-16 14:28:25.977] [INFO] info - undefined
[2017-01-16 14:28:25.978] [INFO] info - REQUEST=======> 2017-1-16 14:28:25 [GET] /system/dictionaryItem/use/all，耗时:1ms
[2017-01-16 14:28:26.030] [INFO] info - /manage/sign/currentUser
[2017-01-16 14:28:26.030] [INFO] info - undefined
[2017-01-16 14:28:26.030] [INFO] info - REQUEST=======> 2017-1-16 14:28:26 [GET] /manage/sign/currentUser，耗时:0ms
[2017-01-16 14:28:26.336] [INFO] info - /manage/sign/currentUser
[2017-01-16 14:28:26.336] [INFO] info - undefined
[2017-01-16 14:28:26.337] [INFO] info - REQUEST=======> 2017-1-16 14:28:26 [GET] /manage/sign/currentUser，耗时:1ms
[2017-01-16 14:28:38.858] [INFO] info - /system/systemVariable/use/all
[2017-01-16 14:28:38.858] [INFO] info - undefined
[2017-01-16 14:28:38.859] [INFO] info - REQUEST=======> 2017-1-16 14:28:38 [GET] /system/systemVariable/use/all，耗时:1ms
[2017-01-16 14:28:55.356] [INFO] info - /system/systemVariable
[2017-01-16 14:28:55.356] [INFO] info - undefined
[2017-01-16 14:28:55.361] [INFO] info - REQUEST=======> 2017-1-16 14:28:55 [GET] /system/systemVariable?pageNumber=1&pageSize=10，耗时:5ms
[2017-01-16 14:28:58.634] [INFO] info - /resource/plugin/ueditor
[2017-01-16 14:28:58.635] [INFO] info - undefined
[2017-01-16 14:28:58.635] [INFO] info - REQUEST=======> 2017-1-16 14:28:58 [GET] /resource/plugin/ueditor?action=config&&noCache=1484548138622，耗时:1ms
[2017-01-16 14:29:03.771] [INFO] info - /system/dictionaryItem/use/all
[2017-01-16 14:29:03.771] [INFO] info - undefined
[2017-01-16 14:29:03.772] [INFO] info - REQUEST=======> 2017-1-16 14:29:03 [GET] /system/dictionaryItem/use/all，耗时:1ms
[2017-01-16 14:29:03.816] [INFO] info - /manage/sign/currentUser
[2017-01-16 14:29:03.816] [INFO] info - undefined
[2017-01-16 14:29:03.818] [INFO] info - REQUEST=======> 2017-1-16 14:29:03 [GET] /manage/sign/currentUser，耗时:2ms
[2017-01-16 14:29:03.822] [INFO] info - /manage/sign/currentUser
[2017-01-16 14:29:03.822] [INFO] info - undefined
[2017-01-16 14:29:03.822] [INFO] info - REQUEST=======> 2017-1-16 14:29:03 [GET] /manage/sign/currentUser，耗时:0ms
[2017-01-16 14:29:04.139] [INFO] info - /system/systemVariable
[2017-01-16 14:29:04.139] [INFO] info - undefined
[2017-01-16 14:29:04.144] [INFO] info - REQUEST=======> 2017-1-16 14:29:04 [GET] /system/systemVariable?pageNumber=1&pageSize=10，耗时:5ms
[2017-01-16 14:29:10.584] [INFO] info - /resource/plugin/ueditor
[2017-01-16 14:29:10.584] [INFO] info - undefined
[2017-01-16 14:29:10.584] [INFO] info - REQUEST=======> 2017-1-16 14:29:10 [GET] /resource/plugin/ueditor?action=config&&noCache=1484548150577，耗时:0ms
[2017-01-16 14:30:20.636] [INFO] info - /system/dictionaryItem/use/all
[2017-01-16 14:30:20.636] [INFO] info - undefined
[2017-01-16 14:30:20.637] [INFO] info - REQUEST=======> 2017-1-16 14:30:20 [GET] /system/dictionaryItem/use/all，耗时:1ms
[2017-01-16 14:30:20.685] [INFO] info - /manage/sign/currentUser
[2017-01-16 14:30:20.685] [INFO] info - undefined
[2017-01-16 14:30:20.685] [INFO] info - REQUEST=======> 2017-1-16 14:30:20 [GET] /manage/sign/currentUser，耗时:0ms
[2017-01-16 14:30:20.990] [INFO] info - /manage/sign/currentUser
[2017-01-16 14:30:20.990] [INFO] info - undefined
[2017-01-16 14:30:20.991] [INFO] info - REQUEST=======> 2017-1-16 14:30:20 [GET] /manage/sign/currentUser，耗时:1ms
[2017-01-16 14:30:21.145] [INFO] info - /system/systemVariable
[2017-01-16 14:30:21.145] [INFO] info - undefined
[2017-01-16 14:30:21.151] [INFO] info - REQUEST=======> 2017-1-16 14:30:21 [GET] /system/systemVariable?pageNumber=1&pageSize=10，耗时:6ms
[2017-01-16 14:30:23.327] [INFO] info - /resource/plugin/ueditor
[2017-01-16 14:30:23.327] [INFO] info - undefined
[2017-01-16 14:30:23.328] [INFO] info - REQUEST=======> 2017-1-16 14:30:23 [GET] /resource/plugin/ueditor?action=config&&noCache=1484548223324，耗时:1ms
[2017-01-16 14:30:26.398] [INFO] info - /system/systemVariable/use/all
[2017-01-16 14:30:26.398] [INFO] info - undefined
[2017-01-16 14:30:26.399] [INFO] info - REQUEST=======> 2017-1-16 14:30:26 [GET] /system/systemVariable/use/all，耗时:1ms
[2017-01-16 14:38:05.452] [INFO] info - 刷新缓存：DICTIONARY_ITEM_USE_ALL
[2017-01-16 14:38:05.461] [INFO] info - 刷新缓存：MENU_USE_ALL
[2017-01-16 14:38:05.463] [INFO] info - 刷新缓存：SYSTEMVARIABLE_USE_ALL
[2017-01-16 14:43:53.454] [INFO] info - /system/dictionaryItem/use/all
[2017-01-16 14:43:53.455] [INFO] info - undefined
[2017-01-16 14:43:53.461] [INFO] info - REQUEST=======> 2017-1-16 14:43:53 [GET] /system/dictionaryItem/use/all，耗时:7ms
[2017-01-16 14:43:53.522] [INFO] info - /manage/sign/currentUser
[2017-01-16 14:43:53.522] [INFO] info - undefined
[2017-01-16 14:43:53.524] [INFO] info - REQUEST=======> 2017-1-16 14:43:53 [GET] /manage/sign/currentUser，耗时:2ms
[2017-01-16 14:43:53.832] [INFO] info - /manage/sign/currentUser
[2017-01-16 14:43:53.832] [INFO] info - undefined
[2017-01-16 14:43:53.833] [INFO] info - REQUEST=======> 2017-1-16 14:43:53 [GET] /manage/sign/currentUser，耗时:1ms
[2017-01-16 14:43:53.902] [INFO] info - /system/systemVariable/use/all
[2017-01-16 14:43:53.902] [INFO] info - undefined
[2017-01-16 14:43:53.903] [INFO] info - REQUEST=======> 2017-1-16 14:43:53 [GET] /system/systemVariable/use/all，耗时:1ms
[2017-01-16 14:43:54.083] [INFO] info - /manage/sign/currentUser
[2017-01-16 14:43:54.084] [INFO] info - undefined
[2017-01-16 14:43:54.086] [INFO] info - REQUEST=======> 2017-1-16 14:43:54 [GET] /manage/sign/currentUser，耗时:3ms
[2017-01-16 14:44:16.226] [INFO] info - /system/dictionaryItem/use/all
[2017-01-16 14:44:16.226] [INFO] info - undefined
[2017-01-16 14:44:16.227] [INFO] info - REQUEST=======> 2017-1-16 14:44:16 [GET] /system/dictionaryItem/use/all，耗时:1ms
[2017-01-16 14:44:40.650] [INFO] info - /system/dictionaryItem/use/all
[2017-01-16 14:44:40.650] [INFO] info - undefined
[2017-01-16 14:44:40.651] [INFO] info - REQUEST=======> 2017-1-16 14:44:40 [GET] /system/dictionaryItem/use/all，耗时:2ms
[2017-01-16 14:44:48.231] [INFO] info - /system/dictionaryItem/use/all
[2017-01-16 14:44:48.231] [INFO] info - undefined
[2017-01-16 14:44:48.231] [INFO] info - REQUEST=======> 2017-1-16 14:44:48 [GET] /system/dictionaryItem/use/all，耗时:0ms
[2017-01-16 14:44:48.324] [INFO] info - /manage/sign/currentUser
[2017-01-16 14:44:48.324] [INFO] info - undefined
[2017-01-16 14:44:48.324] [INFO] info - REQUEST=======> 2017-1-16 14:44:48 [GET] /manage/sign/currentUser，耗时:0ms
[2017-01-16 14:44:48.627] [INFO] info - /manage/sign/currentUser
[2017-01-16 14:44:48.627] [INFO] info - undefined
[2017-01-16 14:44:48.629] [INFO] info - REQUEST=======> 2017-1-16 14:44:48 [GET] /manage/sign/currentUser，耗时:2ms
[2017-01-16 14:44:48.708] [INFO] info - /system/menu/use/all
[2017-01-16 14:44:48.709] [INFO] info - undefined
[2017-01-16 14:44:48.710] [INFO] info - REQUEST=======> 2017-1-16 14:44:48 [GET] /system/menu/use/all，耗时:2ms
[2017-01-16 14:44:49.000] [INFO] info - /manage/sign/currentUser
[2017-01-16 14:44:49.000] [INFO] info - undefined
[2017-01-16 14:44:49.001] [INFO] info - REQUEST=======> 2017-1-16 14:44:49 [GET] /manage/sign/currentUser，耗时:1ms
[2017-01-16 14:45:52.603] [INFO] info - /system/dictionaryItem/use/all
[2017-01-16 14:45:52.604] [INFO] info - undefined
[2017-01-16 14:45:52.604] [INFO] info - REQUEST=======> 2017-1-16 14:45:52 [GET] /system/dictionaryItem/use/all，耗时:1ms
[2017-01-16 14:45:52.677] [INFO] info - /manage/sign/currentUser
[2017-01-16 14:45:52.677] [INFO] info - undefined
[2017-01-16 14:45:52.677] [INFO] info - REQUEST=======> 2017-1-16 14:45:52 [GET] /manage/sign/currentUser，耗时:0ms
[2017-01-16 14:45:52.682] [INFO] info - /manage/sign/currentUser
[2017-01-16 14:45:52.683] [INFO] info - undefined
[2017-01-16 14:45:52.684] [INFO] info - REQUEST=======> 2017-1-16 14:45:52 [GET] /manage/sign/currentUser，耗时:2ms
[2017-01-16 14:45:52.993] [INFO] info - /system/menu/use/all
[2017-01-16 14:45:52.993] [INFO] info - undefined
[2017-01-16 14:45:52.994] [INFO] info - REQUEST=======> 2017-1-16 14:45:52 [GET] /system/menu/use/all，耗时:1ms
[2017-01-16 14:45:53.065] [INFO] info - /manage/sign/currentUser
[2017-01-16 14:45:53.065] [INFO] info - undefined
[2017-01-16 14:45:53.065] [INFO] info - REQUEST=======> 2017-1-16 14:45:53 [GET] /manage/sign/currentUser，耗时:0ms
[2017-01-16 14:46:24.400] [INFO] info - /system/dictionaryItem/use/all
[2017-01-16 14:46:24.400] [INFO] info - undefined
[2017-01-16 14:46:24.401] [INFO] info - REQUEST=======> 2017-1-16 14:46:24 [GET] /system/dictionaryItem/use/all，耗时:1ms
[2017-01-16 14:46:24.772] [INFO] info - /manage/sign/currentUser
[2017-01-16 14:46:24.773] [INFO] info - undefined
[2017-01-16 14:46:24.773] [INFO] info - REQUEST=======> 2017-1-16 14:46:24 [GET] /manage/sign/currentUser，耗时:1ms
[2017-01-16 14:46:24.830] [INFO] info - /manage/sign/currentUser
[2017-01-16 14:46:24.830] [INFO] info - undefined
[2017-01-16 14:46:24.831] [INFO] info - REQUEST=======> 2017-1-16 14:46:24 [GET] /manage/sign/currentUser，耗时:1ms
[2017-01-16 14:46:25.026] [INFO] info - /system/menu/use/all
[2017-01-16 14:46:25.026] [INFO] info - undefined
[2017-01-16 14:46:25.026] [INFO] info - REQUEST=======> 2017-1-16 14:46:25 [GET] /system/menu/use/all，耗时:0ms
[2017-01-16 14:46:25.080] [INFO] info - /manage/sign/currentUser
[2017-01-16 14:46:25.080] [INFO] info - undefined
[2017-01-16 14:46:25.081] [INFO] info - REQUEST=======> 2017-1-16 14:46:25 [GET] /manage/sign/currentUser，耗时:1ms
[2017-01-16 14:46:34.073] [INFO] info - /system/dictionaryItem/use/all
[2017-01-16 14:46:34.073] [INFO] info - undefined
[2017-01-16 14:46:34.075] [INFO] info - REQUEST=======> 2017-1-16 14:46:34 [GET] /system/dictionaryItem/use/all，耗时:2ms
[2017-01-16 14:46:34.122] [INFO] info - /manage/sign/currentUser
[2017-01-16 14:46:34.122] [INFO] info - undefined
[2017-01-16 14:46:34.123] [INFO] info - REQUEST=======> 2017-1-16 14:46:34 [GET] /manage/sign/currentUser，耗时:1ms
[2017-01-16 14:46:34.127] [INFO] info - /manage/sign/currentUser
[2017-01-16 14:46:34.127] [INFO] info - undefined
[2017-01-16 14:46:34.128] [INFO] info - REQUEST=======> 2017-1-16 14:46:34 [GET] /manage/sign/currentUser，耗时:1ms
[2017-01-16 14:46:34.224] [INFO] info - /system/menu/use/all
[2017-01-16 14:46:34.224] [INFO] info - undefined
[2017-01-16 14:46:34.225] [INFO] info - REQUEST=======> 2017-1-16 14:46:34 [GET] /system/menu/use/all，耗时:1ms
[2017-01-16 14:46:34.227] [INFO] info - /manage/sign/currentUser
[2017-01-16 14:46:34.228] [INFO] info - undefined
[2017-01-16 14:46:34.228] [INFO] info - REQUEST=======> 2017-1-16 14:46:34 [GET] /manage/sign/currentUser，耗时:1ms
[2017-01-16 14:46:48.094] [INFO] info - /system/dictionaryItem/use/all
[2017-01-16 14:46:48.095] [INFO] info - undefined
[2017-01-16 14:46:48.095] [INFO] info - REQUEST=======> 2017-1-16 14:46:48 [GET] /system/dictionaryItem/use/all，耗时:1ms
[2017-01-16 14:46:48.449] [INFO] info - /manage/sign/currentUser
[2017-01-16 14:46:48.449] [INFO] info - undefined
[2017-01-16 14:46:48.450] [INFO] info - REQUEST=======> 2017-1-16 14:46:48 [GET] /manage/sign/currentUser，耗时:1ms
[2017-01-16 14:46:48.464] [INFO] info - /manage/sign/currentUser
[2017-01-16 14:46:48.464] [INFO] info - undefined
[2017-01-16 14:46:48.465] [INFO] info - REQUEST=======> 2017-1-16 14:46:48 [GET] /manage/sign/currentUser，耗时:1ms
[2017-01-16 14:46:48.704] [INFO] info - /system/menu/use/all
[2017-01-16 14:46:48.704] [INFO] info - undefined
[2017-01-16 14:46:48.704] [INFO] info - REQUEST=======> 2017-1-16 14:46:48 [GET] /system/menu/use/all，耗时:0ms
[2017-01-16 14:46:48.755] [INFO] info - /manage/sign/currentUser
[2017-01-16 14:46:48.755] [INFO] info - undefined
[2017-01-16 14:46:48.756] [INFO] info - REQUEST=======> 2017-1-16 14:46:48 [GET] /manage/sign/currentUser，耗时:1ms
[2017-01-16 14:47:21.057] [INFO] info - /system/menu/use/all
[2017-01-16 14:47:21.058] [INFO] info - undefined
[2017-01-16 14:47:21.058] [INFO] info - REQUEST=======> 2017-1-16 14:47:21 [GET] /system/menu/use/all，耗时:1ms
[2017-01-16 14:47:23.253] [INFO] info - /system/dictionaryItem/use/all
[2017-01-16 14:47:23.253] [INFO] info - undefined
[2017-01-16 14:47:23.254] [INFO] info - REQUEST=======> 2017-1-16 14:47:23 [GET] /system/dictionaryItem/use/all，耗时:1ms
[2017-01-16 14:47:23.314] [INFO] info - /manage/sign/currentUser
[2017-01-16 14:47:23.315] [INFO] info - undefined
[2017-01-16 14:47:23.316] [INFO] info - REQUEST=======> 2017-1-16 14:47:23 [GET] /manage/sign/currentUser，耗时:2ms
[2017-01-16 14:47:23.623] [INFO] info - /manage/sign/currentUser
[2017-01-16 14:47:23.623] [INFO] info - undefined
[2017-01-16 14:47:23.624] [INFO] info - REQUEST=======> 2017-1-16 14:47:23 [GET] /manage/sign/currentUser，耗时:1ms
[2017-01-16 14:47:23.708] [INFO] info - /system/menu/use/all
[2017-01-16 14:47:23.709] [INFO] info - undefined
[2017-01-16 14:47:23.710] [INFO] info - REQUEST=======> 2017-1-16 14:47:23 [GET] /system/menu/use/all，耗时:3ms
[2017-01-16 14:47:23.871] [INFO] info - /manage/sign/currentUser
[2017-01-16 14:47:23.871] [INFO] info - undefined
[2017-01-16 14:47:23.872] [INFO] info - REQUEST=======> 2017-1-16 14:47:23 [GET] /manage/sign/currentUser，耗时:1ms
[2017-01-16 14:49:45.778] [INFO] info - /system/dictionaryItem/use/all
[2017-01-16 14:49:45.779] [INFO] info - undefined
[2017-01-16 14:49:45.779] [INFO] info - REQUEST=======> 2017-1-16 14:49:45 [GET] /system/dictionaryItem/use/all，耗时:1ms
[2017-01-16 14:49:46.144] [INFO] info - /manage/sign/currentUser
[2017-01-16 14:49:46.144] [INFO] info - undefined
[2017-01-16 14:49:46.145] [INFO] info - REQUEST=======> 2017-1-16 14:49:46 [GET] /manage/sign/currentUser，耗时:1ms
[2017-01-16 14:49:46.159] [INFO] info - /manage/sign/currentUser
[2017-01-16 14:49:46.159] [INFO] info - undefined
[2017-01-16 14:49:46.159] [INFO] info - REQUEST=======> 2017-1-16 14:49:46 [GET] /manage/sign/currentUser，耗时:0ms
[2017-01-16 14:49:46.400] [INFO] info - /system/menu/use/all
[2017-01-16 14:49:46.400] [INFO] info - undefined
[2017-01-16 14:49:46.401] [INFO] info - REQUEST=======> 2017-1-16 14:49:46 [GET] /system/menu/use/all，耗时:1ms
[2017-01-16 14:49:46.449] [INFO] info - /manage/sign/currentUser
[2017-01-16 14:49:46.449] [INFO] info - undefined
[2017-01-16 14:49:46.450] [INFO] info - REQUEST=======> 2017-1-16 14:49:46 [GET] /manage/sign/currentUser，耗时:1ms
[2017-01-16 14:50:05.140] [INFO] info - /system/dictionaryItem/use/all
[2017-01-16 14:50:05.140] [INFO] info - undefined
[2017-01-16 14:50:05.141] [INFO] info - REQUEST=======> 2017-1-16 14:50:05 [GET] /system/dictionaryItem/use/all，耗时:1ms
[2017-01-16 14:50:05.489] [INFO] info - /manage/sign/currentUser
[2017-01-16 14:50:05.491] [INFO] info - undefined
[2017-01-16 14:50:05.491] [INFO] info - REQUEST=======> 2017-1-16 14:50:05 [GET] /manage/sign/currentUser，耗时:2ms
[2017-01-16 14:50:05.504] [INFO] info - /manage/sign/currentUser
[2017-01-16 14:50:05.504] [INFO] info - undefined
[2017-01-16 14:50:05.505] [INFO] info - REQUEST=======> 2017-1-16 14:50:05 [GET] /manage/sign/currentUser，耗时:1ms
[2017-01-16 14:50:05.742] [INFO] info - /system/menu/use/all
[2017-01-16 14:50:05.742] [INFO] info - undefined
[2017-01-16 14:50:05.742] [INFO] info - REQUEST=======> 2017-1-16 14:50:05 [GET] /system/menu/use/all，耗时:0ms
[2017-01-16 14:50:05.795] [INFO] info - /manage/sign/currentUser
[2017-01-16 14:50:05.795] [INFO] info - undefined
[2017-01-16 14:50:05.795] [INFO] info - REQUEST=======> 2017-1-16 14:50:05 [GET] /manage/sign/currentUser，耗时:0ms
[2017-01-16 14:51:35.038] [INFO] info - /system/dictionaryItem/use/all
[2017-01-16 14:51:35.038] [INFO] info - undefined
[2017-01-16 14:51:35.038] [INFO] info - REQUEST=======> 2017-1-16 14:51:35 [GET] /system/dictionaryItem/use/all，耗时:0ms
[2017-01-16 14:51:35.103] [INFO] info - /manage/sign/currentUser
[2017-01-16 14:51:35.103] [INFO] info - undefined
[2017-01-16 14:51:35.104] [INFO] info - REQUEST=======> 2017-1-16 14:51:35 [GET] /manage/sign/currentUser，耗时:1ms
[2017-01-16 14:51:35.409] [INFO] info - /manage/sign/currentUser
[2017-01-16 14:51:35.409] [INFO] info - undefined
[2017-01-16 14:51:35.409] [INFO] info - REQUEST=======> 2017-1-16 14:51:35 [GET] /manage/sign/currentUser，耗时:0ms
[2017-01-16 14:51:35.530] [INFO] info - /system/menu/use/all
[2017-01-16 14:51:35.530] [INFO] info - undefined
[2017-01-16 14:51:35.531] [INFO] info - REQUEST=======> 2017-1-16 14:51:35 [GET] /system/menu/use/all，耗时:1ms
[2017-01-16 14:51:35.659] [INFO] info - /manage/sign/currentUser
[2017-01-16 14:51:35.659] [INFO] info - undefined
[2017-01-16 14:51:35.660] [INFO] info - REQUEST=======> 2017-1-16 14:51:35 [GET] /manage/sign/currentUser，耗时:1ms
[2017-01-16 14:54:25.963] [INFO] info - /system/dictionaryItem/use/all
[2017-01-16 14:54:25.963] [INFO] info - undefined
[2017-01-16 14:54:25.963] [INFO] info - REQUEST=======> 2017-1-16 14:54:25 [GET] /system/dictionaryItem/use/all，耗时:0ms
[2017-01-16 14:54:26.323] [INFO] info - /manage/sign/currentUser
[2017-01-16 14:54:26.324] [INFO] info - undefined
[2017-01-16 14:54:26.324] [INFO] info - REQUEST=======> 2017-1-16 14:54:26 [GET] /manage/sign/currentUser，耗时:1ms
[2017-01-16 14:54:26.360] [INFO] info - /manage/sign/currentUser
[2017-01-16 14:54:26.360] [INFO] info - undefined
[2017-01-16 14:54:26.361] [INFO] info - REQUEST=======> 2017-1-16 14:54:26 [GET] /manage/sign/currentUser，耗时:1ms
[2017-01-16 14:54:26.578] [INFO] info - /system/menu/use/all
[2017-01-16 14:54:26.578] [INFO] info - undefined
[2017-01-16 14:54:26.578] [INFO] info - REQUEST=======> 2017-1-16 14:54:26 [GET] /system/menu/use/all，耗时:0ms
[2017-01-16 14:54:26.628] [INFO] info - /manage/sign/currentUser
[2017-01-16 14:54:26.628] [INFO] info - undefined
[2017-01-16 14:54:26.629] [INFO] info - REQUEST=======> 2017-1-16 14:54:26 [GET] /manage/sign/currentUser，耗时:1ms
[2017-01-16 14:54:35.380] [INFO] info - /system/dictionaryItem/use/all
[2017-01-16 14:54:35.380] [INFO] info - undefined
[2017-01-16 14:54:35.380] [INFO] info - REQUEST=======> 2017-1-16 14:54:35 [GET] /system/dictionaryItem/use/all，耗时:0ms
[2017-01-16 14:54:35.424] [INFO] info - /manage/sign/currentUser
[2017-01-16 14:54:35.424] [INFO] info - undefined
[2017-01-16 14:54:35.425] [INFO] info - REQUEST=======> 2017-1-16 14:54:35 [GET] /manage/sign/currentUser，耗时:2ms
[2017-01-16 14:54:35.429] [INFO] info - /manage/sign/currentUser
[2017-01-16 14:54:35.430] [INFO] info - undefined
[2017-01-16 14:54:35.430] [INFO] info - REQUEST=======> 2017-1-16 14:54:35 [GET] /manage/sign/currentUser，耗时:1ms
[2017-01-16 14:54:35.532] [INFO] info - /system/menu/use/all
[2017-01-16 14:54:35.532] [INFO] info - undefined
[2017-01-16 14:54:35.533] [INFO] info - REQUEST=======> 2017-1-16 14:54:35 [GET] /system/menu/use/all，耗时:1ms
[2017-01-16 14:54:35.535] [INFO] info - /manage/sign/currentUser
[2017-01-16 14:54:35.535] [INFO] info - undefined
[2017-01-16 14:54:35.535] [INFO] info - REQUEST=======> 2017-1-16 14:54:35 [GET] /manage/sign/currentUser，耗时:0ms
[2017-01-16 14:57:31.039] [INFO] info - /system/dictionaryItem/use/all
[2017-01-16 14:57:31.040] [INFO] info - undefined
[2017-01-16 14:57:31.040] [INFO] info - REQUEST=======> 2017-1-16 14:57:31 [GET] /system/dictionaryItem/use/all，耗时:1ms
[2017-01-16 14:57:31.403] [INFO] info - /manage/sign/currentUser
[2017-01-16 14:57:31.403] [INFO] info - undefined
[2017-01-16 14:57:31.403] [INFO] info - REQUEST=======> 2017-1-16 14:57:31 [GET] /manage/sign/currentUser，耗时:0ms
[2017-01-16 14:57:31.428] [INFO] info - /manage/sign/currentUser
[2017-01-16 14:57:31.428] [INFO] info - undefined
[2017-01-16 14:57:31.429] [INFO] info - REQUEST=======> 2017-1-16 14:57:31 [GET] /manage/sign/currentUser，耗时:1ms
[2017-01-16 14:57:31.657] [INFO] info - /system/menu/use/all
[2017-01-16 14:57:31.657] [INFO] info - undefined
[2017-01-16 14:57:31.658] [INFO] info - REQUEST=======> 2017-1-16 14:57:31 [GET] /system/menu/use/all，耗时:1ms
[2017-01-16 14:57:31.708] [INFO] info - /manage/sign/currentUser
[2017-01-16 14:57:31.709] [INFO] info - undefined
[2017-01-16 14:57:31.709] [INFO] info - REQUEST=======> 2017-1-16 14:57:31 [GET] /manage/sign/currentUser，耗时:1ms
[2017-01-16 14:57:46.431] [INFO] info - /system/dictionaryItem/use/all
[2017-01-16 14:57:46.432] [INFO] info - undefined
[2017-01-16 14:57:46.432] [INFO] info - REQUEST=======> 2017-1-16 14:57:46 [GET] /system/dictionaryItem/use/all，耗时:1ms
[2017-01-16 14:57:46.781] [INFO] info - /manage/sign/currentUser
[2017-01-16 14:57:46.781] [INFO] info - undefined
[2017-01-16 14:57:46.782] [INFO] info - REQUEST=======> 2017-1-16 14:57:46 [GET] /manage/sign/currentUser，耗时:1ms
[2017-01-16 14:57:46.817] [INFO] info - /manage/sign/currentUser
[2017-01-16 14:57:46.817] [INFO] info - undefined
[2017-01-16 14:57:46.817] [INFO] info - REQUEST=======> 2017-1-16 14:57:46 [GET] /manage/sign/currentUser，耗时:0ms
[2017-01-16 14:57:47.035] [INFO] info - /system/menu/use/all
[2017-01-16 14:57:47.035] [INFO] info - undefined
[2017-01-16 14:57:47.035] [INFO] info - REQUEST=======> 2017-1-16 14:57:47 [GET] /system/menu/use/all，耗时:0ms
[2017-01-16 14:57:47.087] [INFO] info - /manage/sign/currentUser
[2017-01-16 14:57:47.087] [INFO] info - undefined
[2017-01-16 14:57:47.088] [INFO] info - REQUEST=======> 2017-1-16 14:57:47 [GET] /manage/sign/currentUser，耗时:1ms
[2017-01-16 14:58:02.482] [INFO] info - /system/dictionaryItem/use/all
[2017-01-16 14:58:02.482] [INFO] info - undefined
[2017-01-16 14:58:02.483] [INFO] info - REQUEST=======> 2017-1-16 14:58:02 [GET] /system/dictionaryItem/use/all，耗时:1ms
[2017-01-16 14:58:02.846] [INFO] info - /manage/sign/currentUser
[2017-01-16 14:58:02.846] [INFO] info - undefined
[2017-01-16 14:58:02.846] [INFO] info - REQUEST=======> 2017-1-16 14:58:02 [GET] /manage/sign/currentUser，耗时:0ms
[2017-01-16 14:58:02.885] [INFO] info - /manage/sign/currentUser
[2017-01-16 14:58:02.885] [INFO] info - undefined
[2017-01-16 14:58:02.886] [INFO] info - REQUEST=======> 2017-1-16 14:58:02 [GET] /manage/sign/currentUser，耗时:1ms
[2017-01-16 14:58:03.098] [INFO] info - /system/menu/use/all
[2017-01-16 14:58:03.098] [INFO] info - undefined
[2017-01-16 14:58:03.099] [INFO] info - REQUEST=======> 2017-1-16 14:58:03 [GET] /system/menu/use/all，耗时:1ms
[2017-01-16 14:58:03.151] [INFO] info - /manage/sign/currentUser
[2017-01-16 14:58:03.151] [INFO] info - undefined
[2017-01-16 14:58:03.152] [INFO] info - REQUEST=======> 2017-1-16 14:58:03 [GET] /manage/sign/currentUser，耗时:1ms
[2017-01-16 15:10:11.148] [INFO] info - /business/payment/request/plateNumber
[2017-01-16 15:10:11.149] [INFO] info - application/x-www-form-urlencoded
[2017-01-16 15:10:18.335] [INFO] info - REQUEST=======> 2017-1-16 15:10:11 [POST] /business/payment/request/plateNumber，耗时:7187ms
[2017-01-16 15:10:25.911] [INFO] info - /business/payment/request/plateNumber
[2017-01-16 15:10:25.911] [INFO] info - application/x-www-form-urlencoded
[2017-01-16 15:10:27.754] [INFO] info - REQUEST=======> 2017-1-16 15:10:25 [POST] /business/payment/request/plateNumber，耗时:1843ms
[2017-01-16 16:42:46.058] [INFO] info - /system/dictionaryItem/use/all
[2017-01-16 16:42:46.058] [INFO] info - undefined
[2017-01-16 16:42:46.060] [INFO] info - REQUEST=======> 2017-1-16 16:42:46 [GET] /system/dictionaryItem/use/all，耗时:2ms
[2017-01-16 16:42:46.108] [INFO] info - /manage/sign/currentUser
[2017-01-16 16:42:46.108] [INFO] info - undefined
[2017-01-16 16:42:46.109] [INFO] info - REQUEST=======> 2017-1-16 16:42:46 [GET] /manage/sign/currentUser，耗时:1ms
[2017-01-16 16:42:46.417] [INFO] info - /manage/sign/currentUser
[2017-01-16 16:42:46.417] [INFO] info - undefined
[2017-01-16 16:42:46.418] [INFO] info - REQUEST=======> 2017-1-16 16:42:46 [GET] /manage/sign/currentUser，耗时:1ms
[2017-01-16 16:42:46.494] [INFO] info - /system/menu/use/all
[2017-01-16 16:42:46.495] [INFO] info - undefined
[2017-01-16 16:42:46.495] [INFO] info - REQUEST=======> 2017-1-16 16:42:46 [GET] /system/menu/use/all，耗时:1ms
[2017-01-16 16:42:46.665] [INFO] info - /manage/sign/currentUser
[2017-01-16 16:42:46.665] [INFO] info - undefined
[2017-01-16 16:42:46.666] [INFO] info - REQUEST=======> 2017-1-16 16:42:46 [GET] /manage/sign/currentUser，耗时:1ms
