[2017-01-11 00:00:10.393] [INFO] info - REQUEST=======> 2017-1-11 00:00:10 [GET] /system/dictionaryType?pageNumber=1&pageSize=10，耗时:8ms
[2017-01-11 00:01:30.734] [INFO] info - REQUEST=======> 2017-1-11 00:01:30 [GET] /system/dictionaryType?pageNumber=1&pageSize=10，耗时:11ms
[2017-01-11 00:01:30.911] [INFO] info - REQUEST=======> 2017-1-11 00:01:30 [GET] /system/dictionaryType?pageNumber=1&pageSize=10，耗时:8ms
[2017-01-11 00:01:35.662] [INFO] info - REQUEST=======> 2017-1-11 00:01:35 [GET] /system/dictionaryType?pageNumber=1&pageSize=10，耗时:5ms
[2017-01-11 00:01:35.841] [INFO] info - REQUEST=======> 2017-1-11 00:01:35 [GET] /system/dictionaryType?pageNumber=1&pageSize=10，耗时:5ms
[2017-01-11 00:01:36.351] [INFO] info - REQUEST=======> 2017-1-11 00:01:36 [GET] /system/dictionaryType?pageNumber=1&pageSize=10，耗时:4ms
[2017-01-11 00:01:40.241] [INFO] info - REQUEST=======> 2017-1-11 00:01:40 [GET] /system/dictionaryType?pageNumber=1&pageSize=10，耗时:4ms
[2017-01-11 00:01:40.658] [INFO] info - REQUEST=======> 2017-1-11 00:01:40 [GET] /system/dictionaryType?pageNumber=1&pageSize=10，耗时:6ms
[2017-01-11 00:01:40.905] [INFO] info - REQUEST=======> 2017-1-11 00:01:40 [GET] /system/dictionaryType?pageNumber=1&pageSize=10，耗时:4ms
[2017-01-11 00:01:40.997] [INFO] info - REQUEST=======> 2017-1-11 00:01:40 [GET] /system/dictionaryType?pageNumber=1&pageSize=10，耗时:8ms
[2017-01-11 00:04:17.335] [INFO] info - REQUEST=======> 2017-1-11 00:04:17 [GET] /system/dictionaryItem/use/all，耗时:1ms
[2017-01-11 00:04:17.410] [INFO] info - REQUEST=======> 2017-1-11 00:04:17 [GET] /manage/sign/currentUser，耗时:1ms
[2017-01-11 00:04:17.723] [INFO] info - REQUEST=======> 2017-1-11 00:04:17 [GET] /manage/sign/currentUser，耗时:1ms
[2017-01-11 00:04:18.526] [INFO] info - REQUEST=======> 2017-1-11 00:04:18 [GET] /system/dictionaryItem/use/all，耗时:2ms
[2017-01-11 00:04:18.607] [INFO] info - REQUEST=======> 2017-1-11 00:04:18 [GET] /manage/sign/currentUser，耗时:1ms
[2017-01-11 00:04:18.614] [INFO] info - REQUEST=======> 2017-1-11 00:04:18 [GET] /manage/sign/currentUser，耗时:0ms
[2017-01-11 00:04:18.896] [INFO] info - REQUEST=======> 2017-1-11 00:04:18 [GET] /system/dictionaryType?pageNumber=1&pageSize=10，耗时:4ms
[2017-01-11 00:05:54.292] [INFO] info - REQUEST=======> 2017-1-11 00:05:54 [GET] /system/dictionaryItem/use/all，耗时:3ms
[2017-01-11 00:05:54.354] [INFO] info - REQUEST=======> 2017-1-11 00:05:54 [GET] /manage/sign/currentUser，耗时:1ms
[2017-01-11 00:05:54.662] [INFO] info - REQUEST=======> 2017-1-11 00:05:54 [GET] /manage/sign/currentUser，耗时:1ms
[2017-01-11 00:05:54.894] [INFO] info - REQUEST=======> 2017-1-11 00:05:54 [GET] /business/payment?pageNumber=1&pageSize=10，耗时:5ms
[2017-01-11 00:06:06.861] [INFO] info - REQUEST=======> 2017-1-11 00:06:06 [GET] /business/payment?pageNumber=1&pageSize=10，耗时:5ms
[2017-01-11 00:06:20.310] [INFO] info - REQUEST=======> 2017-1-11 00:06:20 [GET] /business/payment?pageNumber=1&pageSize=10，耗时:4ms
[2017-01-11 00:06:21.803] [INFO] info - REQUEST=======> 2017-1-11 00:06:21 [GET] /system/dictionaryItem/use/all，耗时:1ms
[2017-01-11 00:06:22.187] [INFO] info - REQUEST=======> 2017-1-11 00:06:22 [GET] /manage/sign/currentUser，耗时:0ms
[2017-01-11 00:06:22.209] [INFO] info - REQUEST=======> 2017-1-11 00:06:22 [GET] /manage/sign/currentUser，耗时:1ms
[2017-01-11 00:06:22.435] [INFO] info - REQUEST=======> 2017-1-11 00:06:22 [GET] /business/payment?pageNumber=1&pageSize=10，耗时:2ms
[2017-01-11 00:06:31.126] [INFO] info - REQUEST=======> 2017-1-11 00:06:31 [GET] /business/payment?pageNumber=1&pageSize=10，耗时:3ms
[2017-01-11 00:07:55.361] [INFO] info - REQUEST=======> 2017-1-11 00:07:55 [GET] /business/payment?pageNumber=1&pageSize=10，耗时:3ms
[2017-01-11 00:07:57.962] [INFO] info - REQUEST=======> 2017-1-11 00:07:57 [GET] /system/dictionaryItem/use/all，耗时:1ms
[2017-01-11 00:07:58.017] [INFO] info - REQUEST=======> 2017-1-11 00:07:58 [GET] /manage/sign/currentUser，耗时:0ms
[2017-01-11 00:07:58.336] [INFO] info - REQUEST=======> 2017-1-11 00:07:58 [GET] /manage/sign/currentUser，耗时:1ms
[2017-01-11 00:07:58.547] [INFO] info - REQUEST=======> 2017-1-11 00:07:58 [GET] /business/payment?pageNumber=1&pageSize=10，耗时:1ms
[2017-01-11 00:08:12.979] [INFO] info - REQUEST=======> 2017-1-11 00:08:12 [GET] /system/dictionaryItem/use/all，耗时:1ms
[2017-01-11 00:08:13.032] [INFO] info - REQUEST=======> 2017-1-11 00:08:13 [GET] /manage/sign/currentUser，耗时:1ms
[2017-01-11 00:08:13.347] [INFO] info - REQUEST=======> 2017-1-11 00:08:13 [GET] /manage/sign/currentUser，耗时:0ms
[2017-01-11 00:08:13.537] [INFO] info - REQUEST=======> 2017-1-11 00:08:13 [GET] /business/payment?pageNumber=1&pageSize=10，耗时:2ms
[2017-01-11 00:08:26.815] [INFO] info - REQUEST=======> 2017-1-11 00:08:26 [GET] /business/payment?pageNumber=1&pageSize=10，耗时:3ms
[2017-01-11 00:08:32.554] [INFO] info - REQUEST=======> 2017-1-11 00:08:32 [GET] /business/payment?pageNumber=1&pageSize=10，耗时:3ms
[2017-01-11 00:08:34.417] [INFO] info - REQUEST=======> 2017-1-11 00:08:34 [GET] /system/dictionaryItem/use/all，耗时:1ms
[2017-01-11 00:08:34.474] [INFO] info - REQUEST=======> 2017-1-11 00:08:34 [GET] /manage/sign/currentUser，耗时:1ms
[2017-01-11 00:08:34.790] [INFO] info - REQUEST=======> 2017-1-11 00:08:34 [GET] /manage/sign/currentUser，耗时:1ms
[2017-01-11 00:08:35.000] [INFO] info - REQUEST=======> 2017-1-11 00:08:34 [GET] /business/payment?pageNumber=1&pageSize=10，耗时:3ms
[2017-01-11 00:08:58.890] [INFO] info - REQUEST=======> 2017-1-11 00:08:58 [GET] /business/payment?pageNumber=1&pageSize=10，耗时:2ms
[2017-01-11 00:09:00.937] [INFO] info - REQUEST=======> 2017-1-11 00:09:00 [GET] /system/dictionaryItem/use/all，耗时:0ms
[2017-01-11 00:09:01.287] [INFO] info - REQUEST=======> 2017-1-11 00:09:01 [GET] /manage/sign/currentUser，耗时:0ms
[2017-01-11 00:09:01.320] [INFO] info - REQUEST=======> 2017-1-11 00:09:01 [GET] /manage/sign/currentUser，耗时:1ms
[2017-01-11 00:09:01.559] [INFO] info - REQUEST=======> 2017-1-11 00:09:01 [GET] /business/payment?pageNumber=1&pageSize=10，耗时:7ms
[2017-01-11 00:09:30.904] [INFO] info - REQUEST=======> 2017-1-11 00:09:30 [GET] /business/payment?pageNumber=1&pageSize=10，耗时:2ms
[2017-01-11 00:09:48.462] [INFO] info - REQUEST=======> 2017-1-11 00:09:48 [GET] /business/payment?pageNumber=1&pageSize=10，耗时:3ms
[2017-01-11 00:09:49.624] [INFO] info - REQUEST=======> 2017-1-11 00:09:49 [GET] /system/dictionaryItem/use/all，耗时:1ms
[2017-01-11 00:09:49.998] [INFO] info - REQUEST=======> 2017-1-11 00:09:49 [GET] /manage/sign/currentUser，耗时:0ms
[2017-01-11 00:09:50.032] [INFO] info - REQUEST=======> 2017-1-11 00:09:50 [GET] /manage/sign/currentUser，耗时:1ms
[2017-01-11 00:09:50.278] [INFO] info - REQUEST=======> 2017-1-11 00:09:50 [GET] /business/payment?pageNumber=1&pageSize=10，耗时:9ms
[2017-01-11 00:11:10.085] [INFO] info - REQUEST=======> 2017-1-11 00:11:10 [GET] /business/payment?pageNumber=1&pageSize=10，耗时:2ms
[2017-01-11 00:11:45.507] [INFO] info - REQUEST=======> 2017-1-11 00:11:45 [GET] /business/payment?pageNumber=1&pageSize=10，耗时:2ms
[2017-01-11 00:11:47.896] [INFO] info - REQUEST=======> 2017-1-11 00:11:47 [GET] /system/dictionaryItem/use/all，耗时:1ms
[2017-01-11 00:11:48.252] [INFO] info - REQUEST=======> 2017-1-11 00:11:48 [GET] /manage/sign/currentUser，耗时:1ms
[2017-01-11 00:11:48.274] [INFO] info - REQUEST=======> 2017-1-11 00:11:48 [GET] /manage/sign/currentUser，耗时:0ms
[2017-01-11 00:11:48.507] [INFO] info - REQUEST=======> 2017-1-11 00:11:48 [GET] /business/payment?pageNumber=1&pageSize=10，耗时:2ms
[2017-01-11 00:12:03.528] [INFO] info - REQUEST=======> 2017-1-11 00:12:03 [GET] /business/payment?pageNumber=1&pageSize=10，耗时:3ms
[2017-01-11 00:12:05.645] [INFO] info - REQUEST=======> 2017-1-11 00:12:05 [GET] /system/dictionaryItem/use/all，耗时:1ms
[2017-01-11 00:12:05.705] [INFO] info - REQUEST=======> 2017-1-11 00:12:05 [GET] /manage/sign/currentUser，耗时:1ms
[2017-01-11 00:12:06.021] [INFO] info - REQUEST=======> 2017-1-11 00:12:06 [GET] /manage/sign/currentUser，耗时:0ms
[2017-01-11 00:12:06.206] [INFO] info - REQUEST=======> 2017-1-11 00:12:06 [GET] /business/payment?pageNumber=1&pageSize=10，耗时:2ms
[2017-01-11 00:13:41.698] [INFO] info - REQUEST=======> 2017-1-11 00:13:41 [GET] /business/payment?pageNumber=1&pageSize=10，耗时:3ms
[2017-01-11 00:14:05.503] [INFO] info - REQUEST=======> 2017-1-11 00:14:05 [GET] /business/payment?pageNumber=1&pageSize=10，耗时:4ms
[2017-01-11 00:14:07.085] [INFO] info - REQUEST=======> 2017-1-11 00:14:07 [GET] /system/dictionaryItem/use/all，耗时:1ms
[2017-01-11 00:14:07.462] [INFO] info - REQUEST=======> 2017-1-11 00:14:07 [GET] /manage/sign/currentUser，耗时:0ms
[2017-01-11 00:14:07.499] [INFO] info - REQUEST=======> 2017-1-11 00:14:07 [GET] /manage/sign/currentUser，耗时:0ms
[2017-01-11 00:14:07.721] [INFO] info - REQUEST=======> 2017-1-11 00:14:07 [GET] /business/payment?pageNumber=1&pageSize=10，耗时:2ms
[2017-01-11 00:14:25.857] [INFO] info - REQUEST=======> 2017-1-11 00:14:25 [POST] /business/payment，耗时:43ms
[2017-01-11 00:15:15.480] [INFO] info - 刷新缓存：DICTIONARY_ITEM_USE_ALL
[2017-01-11 00:15:15.697] [INFO] info - Redis connecting!
[2017-01-11 00:15:21.144] [INFO] info - REQUEST=======> 2017-1-11 00:15:15 [POST] /business/payment，耗时:5426ms
[2017-01-11 00:15:42.266] [INFO] info - REQUEST=======> 2017-1-11 00:15:42 [GET] /business/payment?pageNumber=1&pageSize=10，耗时:18ms
[2017-01-11 00:15:43.316] [INFO] info - REQUEST=======> 2017-1-11 00:15:43 [POST] /business/payment，耗时:14ms
[2017-01-11 00:15:47.959] [INFO] info - REQUEST=======> 2017-1-11 00:15:47 [GET] /system/dictionaryItem/use/all，耗时:2ms
[2017-01-11 00:15:48.013] [INFO] info - REQUEST=======> 2017-1-11 00:15:48 [GET] /manage/sign/currentUser，耗时:0ms
[2017-01-11 00:15:48.328] [INFO] info - REQUEST=======> 2017-1-11 00:15:48 [GET] /manage/sign/currentUser，耗时:1ms
[2017-01-11 00:15:48.521] [INFO] info - REQUEST=======> 2017-1-11 00:15:48 [GET] /business/payment?pageNumber=1&pageSize=10，耗时:6ms
[2017-01-11 00:16:03.177] [INFO] info - REQUEST=======> 2017-1-11 00:16:03 [POST] /business/payment，耗时:7ms
[2017-01-11 00:16:06.332] [INFO] info - REQUEST=======> 2017-1-11 00:16:06 [POST] /business/payment，耗时:3ms
[2017-01-11 00:16:22.435] [INFO] info - REQUEST=======> 2017-1-11 00:16:22 [GET] /business/payment?pageNumber=1&pageSize=10，耗时:4ms
[2017-01-11 00:16:23.104] [INFO] info - REQUEST=======> 2017-1-11 00:16:23 [POST] /business/payment，耗时:6ms
[2017-01-11 00:16:25.801] [INFO] info - REQUEST=======> 2017-1-11 00:16:25 [GET] /system/dictionaryItem/use/all，耗时:2ms
[2017-01-11 00:16:25.864] [INFO] info - REQUEST=======> 2017-1-11 00:16:25 [GET] /manage/sign/currentUser，耗时:2ms
[2017-01-11 00:16:26.171] [INFO] info - REQUEST=======> 2017-1-11 00:16:26 [GET] /manage/sign/currentUser，耗时:1ms
[2017-01-11 00:16:26.364] [INFO] info - REQUEST=======> 2017-1-11 00:16:26 [GET] /business/payment?pageNumber=1&pageSize=10，耗时:5ms
[2017-01-11 00:17:06.796] [INFO] info - REQUEST=======> 2017-1-11 00:17:06 [GET] /business/payment?pageNumber=1&pageSize=10，耗时:4ms
[2017-01-11 00:17:08.061] [INFO] info - REQUEST=======> 2017-1-11 00:17:08 [GET] /system/dictionaryItem/use/all，耗时:1ms
[2017-01-11 00:17:08.424] [INFO] info - REQUEST=======> 2017-1-11 00:17:08 [GET] /manage/sign/currentUser，耗时:1ms
[2017-01-11 00:17:08.461] [INFO] info - REQUEST=======> 2017-1-11 00:17:08 [GET] /manage/sign/currentUser，耗时:0ms
[2017-01-11 00:17:08.680] [INFO] info - REQUEST=======> 2017-1-11 00:17:08 [GET] /business/payment?pageNumber=1&pageSize=10，耗时:4ms
[2017-01-11 00:18:45.032] [INFO] info - REQUEST=======> 2017-1-11 00:18:45 [POST] /business/payment，耗时:6ms
[2017-01-11 00:18:46.092] [INFO] info - REQUEST=======> 2017-1-11 00:18:46 [GET] /system/dictionaryItem/use/all，耗时:2ms
[2017-01-11 00:18:46.170] [INFO] info - REQUEST=======> 2017-1-11 00:18:46 [GET] /manage/sign/currentUser，耗时:1ms
[2017-01-11 00:18:46.483] [INFO] info - REQUEST=======> 2017-1-11 00:18:46 [GET] /manage/sign/currentUser，耗时:1ms
[2017-01-11 00:18:46.760] [INFO] info - REQUEST=======> 2017-1-11 00:18:46 [GET] /business/payment?pageNumber=1&pageSize=10，耗时:3ms
[2017-01-11 00:18:57.347] [INFO] info - REQUEST=======> 2017-1-11 00:18:57 [POST] /business/payment，耗时:5ms
[2017-01-11 00:20:21.355] [INFO] info - 刷新缓存：DICTIONARY_ITEM_USE_ALL
[2017-01-11 00:20:21.580] [INFO] info - Redis connecting!
[2017-01-11 00:20:22.589] [INFO] info - REQUEST=======> 2017-1-11 00:20:22 [POST] /business/payment，耗时:45ms
[2017-01-11 00:20:22.773] [INFO] info - REQUEST=======> 2017-1-11 00:20:22 [GET] /business/payment?pageNumber=1&pageSize=10，耗时:5ms
[2017-01-11 00:21:11.814] [INFO] info - REQUEST=======> 2017-1-11 00:21:11 [GET] /business/payment?pageNumber=1&pageSize=10，耗时:6ms
[2017-01-11 00:21:17.466] [INFO] info - REQUEST=======> 2017-1-11 00:21:17 [GET] /system/dictionaryItem/use/all，耗时:2ms
[2017-01-11 00:21:17.814] [INFO] info - REQUEST=======> 2017-1-11 00:21:17 [GET] /manage/sign/currentUser，耗时:0ms
[2017-01-11 00:21:17.838] [INFO] info - REQUEST=======> 2017-1-11 00:21:17 [GET] /manage/sign/currentUser，耗时:1ms
[2017-01-11 00:21:18.084] [INFO] info - REQUEST=======> 2017-1-11 00:21:18 [GET] /business/payment?pageNumber=1&pageSize=10，耗时:8ms
[2017-01-11 00:21:28.353] [INFO] info - REQUEST=======> 2017-1-11 00:21:28 [POST] /business/payment，耗时:2ms
[2017-01-11 00:21:28.680] [INFO] info - REQUEST=======> 2017-1-11 00:21:28 [GET] /business/payment?pageNumber=1&pageSize=10，耗时:4ms
[2017-01-11 00:22:04.455] [INFO] info - REQUEST=======> 2017-1-11 00:22:04 [GET] /business/payment?pageNumber=1&pageSize=10，耗时:11ms
[2017-01-11 00:22:06.678] [INFO] info - REQUEST=======> 2017-1-11 00:22:06 [GET] /system/dictionaryItem/use/all，耗时:1ms
[2017-01-11 00:22:07.033] [INFO] info - REQUEST=======> 2017-1-11 00:22:07 [GET] /manage/sign/currentUser，耗时:1ms
[2017-01-11 00:22:07.068] [INFO] info - REQUEST=======> 2017-1-11 00:22:07 [GET] /manage/sign/currentUser，耗时:0ms
[2017-01-11 00:22:07.300] [INFO] info - REQUEST=======> 2017-1-11 00:22:07 [GET] /business/payment?pageNumber=1&pageSize=10，耗时:12ms
[2017-01-11 00:22:48.114] [INFO] info - REQUEST=======> 2017-1-11 00:22:48 [GET] /business/payment?pageNumber=1&pageSize=10，耗时:10ms
[2017-01-11 00:22:50.061] [INFO] info - REQUEST=======> 2017-1-11 00:22:50 [GET] /system/dictionaryItem/use/all，耗时:1ms
[2017-01-11 00:22:50.123] [INFO] info - REQUEST=======> 2017-1-11 00:22:50 [GET] /manage/sign/currentUser，耗时:1ms
[2017-01-11 00:22:50.430] [INFO] info - REQUEST=======> 2017-1-11 00:22:50 [GET] /manage/sign/currentUser，耗时:0ms
[2017-01-11 00:22:50.656] [INFO] info - REQUEST=======> 2017-1-11 00:22:50 [GET] /business/payment?pageNumber=1&pageSize=10，耗时:10ms
[2017-01-11 00:22:57.591] [INFO] info - REQUEST=======> 2017-1-11 00:22:57 [GET] /business/payment?date%5B%5D=&date%5B%5D=&plateNumber=1&pageNumber=1&pageSize=10，耗时:6ms
[2017-01-11 00:22:58.599] [INFO] info - REQUEST=======> 2017-1-11 00:22:58 [GET] /business/payment?date%5B%5D=&date%5B%5D=&plateNumber=12&pageNumber=1&pageSize=10，耗时:8ms
[2017-01-11 00:22:59.709] [INFO] info - REQUEST=======> 2017-1-11 00:22:59 [GET] /business/payment?date%5B%5D=&date%5B%5D=&plateNumber=122&pageNumber=1&pageSize=10，耗时:3ms
[2017-01-11 00:23:00.229] [INFO] info - REQUEST=======> 2017-1-11 00:23:00 [GET] /business/payment?date%5B%5D=&date%5B%5D=&plateNumber=1222&pageNumber=1&pageSize=10，耗时:6ms
[2017-01-11 00:23:23.075] [INFO] info - REQUEST=======> 2017-1-11 00:23:23 [GET] /business/payment?date%5B%5D=&date%5B%5D=&plateNumber=1222&pageNumber=1&pageSize=10，耗时:10ms
[2017-01-11 00:26:23.655] [INFO] info - REQUEST=======> 2017-1-11 00:23:36 [GET] /business/payment?date%5B%5D=&date%5B%5D=&plateNumber=1222&pageNumber=1&pageSize=10，耗时:167471ms
[2017-01-11 00:27:15.929] [INFO] info - REQUEST=======> 2017-1-11 00:27:00 [GET] /business/payment?date%5B%5D=&date%5B%5D=&plateNumber=1222&pageNumber=1&pageSize=10，耗时:15769ms
[2017-01-11 00:28:00.557] [INFO] info - 刷新缓存：DICTIONARY_ITEM_USE_ALL
[2017-01-11 00:28:00.811] [INFO] info - Redis connecting!
[2017-01-11 00:28:07.711] [INFO] info - REQUEST=======> 2017-1-11 00:28:01 [GET] /business/payment?date%5B%5D=&date%5B%5D=&plateNumber=1222&pageNumber=1&pageSize=10，耗时:5899ms
[2017-01-11 00:28:30.725] [INFO] info - REQUEST=======> 2017-1-11 00:28:30 [GET] /business/payment?date%5B%5D=&date%5B%5D=&plateNumber=&pageNumber=1&pageSize=10，耗时:10ms
[2017-01-11 00:28:37.197] [INFO] info - REQUEST=======> 2017-1-11 00:28:37 [GET] /business/payment?date%5B%5D=&date%5B%5D=&plateNumber=12&pageNumber=1&pageSize=10，耗时:11ms
[2017-01-11 00:28:47.784] [INFO] info - REQUEST=======> 2017-1-11 00:28:47 [GET] /business/payment?date%5B%5D=&date%5B%5D=&plateNumber=33&pageNumber=1&pageSize=10，耗时:3ms
[2017-01-11 00:28:49.215] [INFO] info - REQUEST=======> 2017-1-11 00:28:49 [GET] /business/payment?date%5B%5D=&date%5B%5D=&plateNumber=312&pageNumber=1&pageSize=10，耗时:8ms
[2017-01-11 00:29:15.036] [INFO] info - REQUEST=======> 2017-1-11 00:29:15 [GET] /business/payment?pageNumber=1&pageSize=10，耗时:8ms
[2017-01-11 00:29:16.427] [INFO] info - REQUEST=======> 2017-1-11 00:29:16 [GET] /system/dictionaryItem/use/all，耗时:2ms
[2017-01-11 00:29:16.795] [INFO] info - REQUEST=======> 2017-1-11 00:29:16 [GET] /manage/sign/currentUser，耗时:0ms
[2017-01-11 00:29:16.827] [INFO] info - REQUEST=======> 2017-1-11 00:29:16 [GET] /manage/sign/currentUser，耗时:1ms
[2017-01-11 00:29:17.055] [INFO] info - REQUEST=======> 2017-1-11 00:29:17 [GET] /business/payment?pageNumber=1&pageSize=10，耗时:5ms
[2017-01-11 00:30:23.058] [INFO] info - REQUEST=======> 2017-1-11 00:30:23 [GET] /business/payment?date%5B0%5D=Sun%20Jan%2001%202017%2000%3A00%3A00%20GMT%2B0800%20(%E4%B8%AD%E5%9B%BD%E6%A0%87%E5%87%86%E6%97%B6%E9%97%B4)&date%5B1%5D=Wed%20Feb%2008%202017%2000%3A00%3A00%20GMT%2B0800%20(%E4%B8%AD%E5%9B%BD%E6%A0%87%E5%87%86%E6%97%B6%E9%97%B4)&plateNumber=123&pageNumber=1&pageSize=10，耗时:7ms
[2017-01-11 00:30:23.957] [INFO] info - REQUEST=======> 2017-1-11 00:30:23 [GET] /system/dictionaryItem/use/all，耗时:1ms
[2017-01-11 00:30:24.008] [INFO] info - REQUEST=======> 2017-1-11 00:30:24 [GET] /manage/sign/currentUser，耗时:1ms
[2017-01-11 00:30:24.316] [INFO] info - REQUEST=======> 2017-1-11 00:30:24 [GET] /manage/sign/currentUser，耗时:0ms
[2017-01-11 00:30:24.530] [INFO] info - REQUEST=======> 2017-1-11 00:30:24 [GET] /business/payment?pageNumber=1&pageSize=10，耗时:9ms
[2017-01-11 00:30:28.526] [INFO] info - REQUEST=======> 2017-1-11 00:30:28 [GET] /business/payment?startTime=Thu%20Jan%2005%202017%2000%3A00%3A00%20GMT%2B0800%20(%E4%B8%AD%E5%9B%BD%E6%A0%87%E5%87%86%E6%97%B6%E9%97%B4)&endTime=Tue%20Feb%2014%202017%2000%3A00%3A00%20GMT%2B0800%20(%E4%B8%AD%E5%9B%BD%E6%A0%87%E5%87%86%E6%97%B6%E9%97%B4)&pageNumber=1&pageSize=10，耗时:9ms
[2017-01-11 00:30:34.437] [INFO] info - REQUEST=======> 2017-1-11 00:30:34 [GET] /business/payment?startTime=Thu%20Jan%2005%202017%2000%3A00%3A00%20GMT%2B0800%20(%E4%B8%AD%E5%9B%BD%E6%A0%87%E5%87%86%E6%97%B6%E9%97%B4)&endTime=Tue%20Feb%2014%202017%2000%3A00%3A00%20GMT%2B0800%20(%E4%B8%AD%E5%9B%BD%E6%A0%87%E5%87%86%E6%97%B6%E9%97%B4)&pageNumber=1&pageSize=10，耗时:8ms
[2017-01-11 00:31:06.873] [INFO] info - 刷新缓存：DICTIONARY_ITEM_USE_ALL
[2017-01-11 00:31:07.115] [INFO] info - Redis connecting!
[2017-01-11 00:31:08.963] [INFO] info - REQUEST=======> 2017-1-11 00:31:08 [GET] /business/payment?startTime=Thu%20Jan%2005%202017%2000%3A00%3A00%20GMT%2B0800%20(%E4%B8%AD%E5%9B%BD%E6%A0%87%E5%87%86%E6%97%B6%E9%97%B4)&endTime=Tue%20Feb%2014%202017%2000%3A00%3A00%20GMT%2B0800%20(%E4%B8%AD%E5%9B%BD%E6%A0%87%E5%87%86%E6%97%B6%E9%97%B4)&pageNumber=1&pageSize=10，耗时:22ms
[2017-01-11 00:31:17.443] [INFO] info - REQUEST=======> 2017-1-11 00:31:17 [GET] /business/payment?startTime=Thu%20Jan%2005%202017%2000%3A00%3A00%20GMT%2B0800%20(%E4%B8%AD%E5%9B%BD%E6%A0%87%E5%87%86%E6%97%B6%E9%97%B4)&endTime=Tue%20Feb%2014%202017%2000%3A00%3A00%20GMT%2B0800%20(%E4%B8%AD%E5%9B%BD%E6%A0%87%E5%87%86%E6%97%B6%E9%97%B4)&pageNumber=1&pageSize=10，耗时:7ms
[2017-01-11 00:32:08.982] [INFO] info - REQUEST=======> 2017-1-11 00:32:08 [GET] /business/payment?startTime=Thu%20Jan%2026%202017%2000%3A00%3A00%20GMT%2B0800%20(%E4%B8%AD%E5%9B%BD%E6%A0%87%E5%87%86%E6%97%B6%E9%97%B4)&endTime=Fri%20Jan%2027%202017%2000%3A00%3A00%20GMT%2B0800%20(%E4%B8%AD%E5%9B%BD%E6%A0%87%E5%87%86%E6%97%B6%E9%97%B4)&pageNumber=1&pageSize=10，耗时:5ms
[2017-01-11 00:32:14.337] [INFO] info - REQUEST=======> 2017-1-11 00:32:14 [GET] /business/payment?startTime=Thu%20Jan%2026%202017%2000%3A00%3A00%20GMT%2B0800%20(%E4%B8%AD%E5%9B%BD%E6%A0%87%E5%87%86%E6%97%B6%E9%97%B4)&endTime=Fri%20Jan%2027%202017%2000%3A00%3A00%20GMT%2B0800%20(%E4%B8%AD%E5%9B%BD%E6%A0%87%E5%87%86%E6%97%B6%E9%97%B4)&pageNumber=1&pageSize=10，耗时:8ms
[2017-01-11 00:32:18.892] [INFO] info - REQUEST=======> 2017-1-11 00:32:18 [GET] /business/payment?startTime=Thu%20Jan%2005%202017%2000%3A00%3A00%20GMT%2B0800%20(%E4%B8%AD%E5%9B%BD%E6%A0%87%E5%87%86%E6%97%B6%E9%97%B4)&endTime=Thu%20Jan%2005%202017%2000%3A00%3A00%20GMT%2B0800%20(%E4%B8%AD%E5%9B%BD%E6%A0%87%E5%87%86%E6%97%B6%E9%97%B4)&pageNumber=1&pageSize=10，耗时:3ms
[2017-01-11 00:33:41.410] [INFO] info - REQUEST=======> 2017-1-11 00:33:41 [GET] /business/payment?pageNumber=1&pageSize=10，耗时:8ms
[2017-01-11 00:33:43.748] [INFO] info - REQUEST=======> 2017-1-11 00:33:43 [GET] /system/dictionaryItem/use/all，耗时:0ms
[2017-01-11 00:33:44.099] [INFO] info - REQUEST=======> 2017-1-11 00:33:44 [GET] /manage/sign/currentUser，耗时:0ms
[2017-01-11 00:33:44.128] [INFO] info - REQUEST=======> 2017-1-11 00:33:44 [GET] /manage/sign/currentUser，耗时:0ms
[2017-01-11 00:33:44.364] [INFO] info - REQUEST=======> 2017-1-11 00:33:44 [GET] /business/payment?pageNumber=1&pageSize=10，耗时:8ms
[2017-01-11 00:33:45.359] [INFO] info - REQUEST=======> 2017-1-11 00:33:45 [GET] /system/dictionaryItem/use/all，耗时:1ms
[2017-01-11 00:33:45.413] [INFO] info - REQUEST=======> 2017-1-11 00:33:45 [GET] /manage/sign/currentUser，耗时:1ms
[2017-01-11 00:33:45.421] [INFO] info - REQUEST=======> 2017-1-11 00:33:45 [GET] /manage/sign/currentUser，耗时:0ms
[2017-01-11 00:33:45.685] [INFO] info - REQUEST=======> 2017-1-11 00:33:45 [GET] /business/payment?pageNumber=1&pageSize=10，耗时:10ms
[2017-01-11 00:33:57.235] [INFO] info - REQUEST=======> 2017-1-11 00:33:57 [GET] /business/payment?startTime=Wed%20Jan%2011%202017%2000%3A00%3A00%20GMT%2B0800%20(%E4%B8%AD%E5%9B%BD%E6%A0%87%E5%87%86%E6%97%B6%E9%97%B4)&endTime=Wed%20Jan%2011%202017%2023%3A59%3A59%20GMT%2B0800%20(%E4%B8%AD%E5%9B%BD%E6%A0%87%E5%87%86%E6%97%B6%E9%97%B4)&pageNumber=1&pageSize=10，耗时:7ms
