[2017-01-13 09:23:14.783] [INFO] info - 刷新缓存：DICTIONARY_ITEM_USE_ALL
[2017-01-13 09:23:14.873] [INFO] info - 刷新缓存：SYSTEMVARIABLE_USE_ALL
[2017-01-13 09:25:18.473] [INFO] info - REQUEST=======> 2017-1-13 09:25:18 [GET] /system/dictionaryItem/use/all，耗时:5ms
[2017-01-13 09:25:18.587] [INFO] info - REQUEST=======> 2017-1-13 09:25:18 [GET] /manage/sign/currentUser，耗时:1ms
[2017-01-13 09:25:18.595] [INFO] info - REQUEST=======> 2017-1-13 09:25:18 [GET] /manage/sign/currentUser，耗时:1ms
[2017-01-13 09:25:24.369] [INFO] info - REQUEST=======> 2017-1-13 09:25:24 [GET] /manage/sign/currentUser，耗时:1ms
[2017-01-13 09:25:24.414] [INFO] info - REQUEST=======> 2017-1-13 09:25:24 [GET] /manage/sign/currentUser，耗时:1ms
[2017-01-13 09:25:30.005] [INFO] info - REQUEST=======> 2017-1-13 09:25:30 [GET] /manage/sign/logout，耗时:0ms
[2017-01-13 09:25:33.821] [INFO] info - REQUEST=======> 2017-1-13 09:25:33 [POST] /manage/sign/login，耗时:200ms
[2017-01-13 09:25:36.661] [INFO] info - REQUEST=======> 2017-1-13 09:25:36 [GET] /system/systemVariable?pageNumber=1&pageSize=10，耗时:6ms
[2017-01-13 09:25:37.473] [INFO] info - REQUEST=======> 2017-1-13 09:25:37 [GET] /system/dictionaryType?pageNumber=1&pageSize=10，耗时:5ms
[2017-01-13 09:25:37.919] [INFO] info - REQUEST=======> 2017-1-13 09:25:37 [GET] /manage/account?pageNumber=1&pageSize=10，耗时:7ms
[2017-01-13 09:25:38.775] [INFO] info - REQUEST=======> 2017-1-13 09:25:38 [GET] /system/dictionaryType?pageNumber=1&pageSize=10，耗时:4ms
[2017-01-13 09:25:39.778] [INFO] info - REQUEST=======> 2017-1-13 09:25:39 [GET] /system/systemVariable?pageNumber=1&pageSize=10，耗时:4ms
[2017-01-13 09:25:43.342] [INFO] info - REQUEST=======> 2017-1-13 09:25:43 [GET] /business/payment?pageNumber=1&pageSize=10，耗时:3ms
[2017-01-13 09:25:49.066] [INFO] info - REQUEST=======> 2017-1-13 09:25:49 [GET] /manage/account?pageNumber=1&pageSize=10，耗时:5ms
[2017-01-13 09:35:38.397] [INFO] info - REQUEST=======> 2017-1-13 09:35:38 [GET] /system/dictionaryItem/use/all，耗时:1ms
[2017-01-13 09:35:38.744] [INFO] info - REQUEST=======> 2017-1-13 09:35:38 [GET] /manage/sign/currentUser，耗时:0ms
[2017-01-13 09:35:38.994] [INFO] info - REQUEST=======> 2017-1-13 09:35:38 [GET] /manage/sign/currentUser，耗时:0ms
[2017-01-13 09:35:41.387] [INFO] info - REQUEST=======> 2017-1-13 09:35:41 [GET] /manage/account?pageNumber=1&pageSize=10，耗时:4ms
[2017-01-13 09:35:50.327] [INFO] info - REQUEST=======> 2017-1-13 09:35:50 [GET] /system/dictionaryItem/use/all，耗时:0ms
[2017-01-13 09:35:50.360] [INFO] info - REQUEST=======> 2017-1-13 09:35:50 [GET] /manage/sign/currentUser，耗时:0ms
[2017-01-13 09:35:50.365] [INFO] info - REQUEST=======> 2017-1-13 09:35:50 [GET] /manage/sign/currentUser，耗时:0ms
[2017-01-13 09:35:50.515] [INFO] info - REQUEST=======> 2017-1-13 09:35:50 [GET] /manage/account?pageNumber=1&pageSize=10，耗时:7ms
[2017-01-13 09:37:43.215] [INFO] info - REQUEST=======> 2017-1-13 09:37:43 [GET] /system/dictionaryItem/use/all，耗时:0ms
[2017-01-13 09:37:43.551] [INFO] info - REQUEST=======> 2017-1-13 09:37:43 [GET] /manage/sign/currentUser，耗时:0ms
[2017-01-13 09:37:43.569] [INFO] info - REQUEST=======> 2017-1-13 09:37:43 [GET] /manage/sign/currentUser，耗时:1ms
[2017-01-13 09:37:43.813] [INFO] info - REQUEST=======> 2017-1-13 09:37:43 [GET] /manage/account?pageNumber=1&pageSize=10，耗时:5ms
[2017-01-13 09:37:59.520] [INFO] info - REQUEST=======> 2017-1-13 09:37:59 [GET] /manage/account?pageNumber=1&pageSize=10，耗时:7ms
[2017-01-13 09:38:00.491] [INFO] info - REQUEST=======> 2017-1-13 09:38:00 [GET] /system/dictionaryItem/use/all，耗时:0ms
[2017-01-13 09:38:00.531] [INFO] info - REQUEST=======> 2017-1-13 09:38:00 [GET] /manage/sign/currentUser，耗时:1ms
[2017-01-13 09:38:00.535] [INFO] info - REQUEST=======> 2017-1-13 09:38:00 [GET] /manage/sign/currentUser，耗时:1ms
[2017-01-13 09:38:00.708] [INFO] info - REQUEST=======> 2017-1-13 09:38:00 [GET] /manage/account?pageNumber=1&pageSize=10，耗时:5ms
[2017-01-13 09:38:39.260] [INFO] info - REQUEST=======> 2017-1-13 09:38:39 [GET] /system/dictionaryItem/use/all，耗时:0ms
[2017-01-13 09:38:39.608] [INFO] info - REQUEST=======> 2017-1-13 09:38:39 [GET] /manage/sign/currentUser，耗时:1ms
[2017-01-13 09:38:39.624] [INFO] info - REQUEST=======> 2017-1-13 09:38:39 [GET] /manage/sign/currentUser，耗时:0ms
[2017-01-13 09:38:43.021] [INFO] info - REQUEST=======> 2017-1-13 09:38:43 [GET] /system/dictionaryItem/use/all，耗时:1ms
[2017-01-13 09:38:43.067] [INFO] info - REQUEST=======> 2017-1-13 09:38:43 [GET] /manage/sign/currentUser，耗时:0ms
[2017-01-13 09:38:43.071] [INFO] info - REQUEST=======> 2017-1-13 09:38:43 [GET] /manage/sign/currentUser，耗时:0ms
[2017-01-13 09:39:09.637] [INFO] info - REQUEST=======> 2017-1-13 09:39:09 [GET] /system/dictionaryItem/use/all，耗时:1ms
[2017-01-13 09:39:10.002] [INFO] info - REQUEST=======> 2017-1-13 09:39:10 [GET] /manage/sign/currentUser，耗时:0ms
[2017-01-13 09:39:10.034] [INFO] info - REQUEST=======> 2017-1-13 09:39:10 [GET] /manage/sign/currentUser，耗时:0ms
[2017-01-13 09:39:13.995] [INFO] info - REQUEST=======> 2017-1-13 09:39:13 [GET] /system/dictionaryItem/use/all，耗时:0ms
[2017-01-13 09:39:14.041] [INFO] info - REQUEST=======> 2017-1-13 09:39:14 [GET] /manage/sign/currentUser，耗时:0ms
[2017-01-13 09:39:14.048] [INFO] info - REQUEST=======> 2017-1-13 09:39:14 [GET] /manage/sign/currentUser，耗时:0ms
[2017-01-13 09:39:23.396] [INFO] info - REQUEST=======> 2017-1-13 09:39:23 [GET] /system/dictionaryItem/use/all，耗时:0ms
[2017-01-13 09:39:23.746] [INFO] info - REQUEST=======> 2017-1-13 09:39:23 [GET] /manage/sign/currentUser，耗时:1ms
[2017-01-13 09:39:23.758] [INFO] info - REQUEST=======> 2017-1-13 09:39:23 [GET] /manage/sign/currentUser，耗时:0ms
[2017-01-13 09:39:27.016] [INFO] info - REQUEST=======> 2017-1-13 09:39:27 [GET] /system/dictionaryItem/use/all，耗时:2ms
[2017-01-13 09:39:27.057] [INFO] info - REQUEST=======> 2017-1-13 09:39:27 [GET] /manage/sign/currentUser，耗时:0ms
[2017-01-13 09:39:27.064] [INFO] info - REQUEST=======> 2017-1-13 09:39:27 [GET] /manage/sign/currentUser，耗时:1ms
[2017-01-13 09:39:32.458] [INFO] info - REQUEST=======> 2017-1-13 09:39:32 [GET] /system/dictionaryItem/use/all，耗时:1ms
[2017-01-13 09:39:32.502] [INFO] info - REQUEST=======> 2017-1-13 09:39:32 [GET] /manage/sign/currentUser，耗时:0ms
[2017-01-13 09:39:32.811] [INFO] info - REQUEST=======> 2017-1-13 09:39:32 [GET] /manage/sign/currentUser，耗时:0ms
[2017-01-13 09:39:41.673] [INFO] info - REQUEST=======> 2017-1-13 09:39:41 [GET] /system/dictionaryItem/use/all，耗时:0ms
[2017-01-13 09:39:41.720] [INFO] info - REQUEST=======> 2017-1-13 09:39:41 [GET] /manage/sign/currentUser，耗时:0ms
[2017-01-13 09:39:42.032] [INFO] info - REQUEST=======> 2017-1-13 09:39:42 [GET] /manage/sign/currentUser，耗时:0ms
[2017-01-13 09:39:52.132] [INFO] info - REQUEST=======> 2017-1-13 09:39:52 [GET] /system/dictionaryItem/use/all，耗时:0ms
[2017-01-13 09:39:52.181] [INFO] info - REQUEST=======> 2017-1-13 09:39:52 [GET] /manage/sign/currentUser，耗时:1ms
[2017-01-13 09:39:52.496] [INFO] info - REQUEST=======> 2017-1-13 09:39:52 [GET] /manage/sign/currentUser，耗时:0ms
[2017-01-13 09:40:16.030] [INFO] info - REQUEST=======> 2017-1-13 09:40:16 [GET] /system/dictionaryItem/use/all，耗时:1ms
[2017-01-13 09:40:16.382] [INFO] info - REQUEST=======> 2017-1-13 09:40:16 [GET] /manage/sign/currentUser，耗时:1ms
[2017-01-13 09:40:16.396] [INFO] info - REQUEST=======> 2017-1-13 09:40:16 [GET] /manage/sign/currentUser，耗时:0ms
[2017-01-13 09:40:49.498] [INFO] info - REQUEST=======> 2017-1-13 09:40:49 [GET] /system/dictionaryItem/use/all，耗时:1ms
[2017-01-13 09:40:49.848] [INFO] info - REQUEST=======> 2017-1-13 09:40:49 [GET] /manage/sign/currentUser，耗时:1ms
[2017-01-13 09:40:49.861] [INFO] info - REQUEST=======> 2017-1-13 09:40:49 [GET] /manage/sign/currentUser，耗时:1ms
[2017-01-13 09:40:55.713] [INFO] info - REQUEST=======> 2017-1-13 09:40:55 [GET] /system/dictionaryItem/use/all，耗时:0ms
[2017-01-13 09:40:55.769] [INFO] info - REQUEST=======> 2017-1-13 09:40:55 [GET] /manage/sign/currentUser，耗时:0ms
[2017-01-13 09:40:55.779] [INFO] info - REQUEST=======> 2017-1-13 09:40:55 [GET] /manage/sign/currentUser，耗时:1ms
[2017-01-13 09:41:09.954] [INFO] info - REQUEST=======> 2017-1-13 09:41:09 [GET] /system/dictionaryItem/use/all，耗时:1ms
[2017-01-13 09:41:10.303] [INFO] info - REQUEST=======> 2017-1-13 09:41:10 [GET] /manage/sign/currentUser，耗时:0ms
[2017-01-13 09:41:10.330] [INFO] info - REQUEST=======> 2017-1-13 09:41:10 [GET] /manage/sign/currentUser，耗时:0ms
[2017-01-13 09:41:14.848] [INFO] info - REQUEST=======> 2017-1-13 09:41:14 [GET] /system/dictionaryItem/use/all，耗时:0ms
[2017-01-13 09:41:14.891] [INFO] info - REQUEST=======> 2017-1-13 09:41:14 [GET] /manage/sign/currentUser，耗时:1ms
[2017-01-13 09:41:14.895] [INFO] info - REQUEST=======> 2017-1-13 09:41:14 [GET] /manage/sign/currentUser，耗时:0ms
[2017-01-13 09:42:23.852] [INFO] info - REQUEST=======> 2017-1-13 09:42:23 [GET] /system/dictionaryItem/use/all，耗时:0ms
[2017-01-13 09:42:24.208] [INFO] info - REQUEST=======> 2017-1-13 09:42:24 [GET] /manage/sign/currentUser，耗时:0ms
[2017-01-13 09:42:24.231] [INFO] info - REQUEST=======> 2017-1-13 09:42:24 [GET] /manage/sign/currentUser，耗时:0ms
[2017-01-13 09:42:33.655] [INFO] info - REQUEST=======> 2017-1-13 09:42:33 [GET] /system/dictionaryItem/use/all，耗时:0ms
[2017-01-13 09:42:33.705] [INFO] info - REQUEST=======> 2017-1-13 09:42:33 [GET] /manage/sign/currentUser，耗时:1ms
[2017-01-13 09:42:33.709] [INFO] info - REQUEST=======> 2017-1-13 09:42:33 [GET] /manage/sign/currentUser，耗时:1ms
[2017-01-13 09:42:46.267] [INFO] info - REQUEST=======> 2017-1-13 09:42:46 [GET] /system/dictionaryItem/use/all，耗时:1ms
[2017-01-13 09:42:46.635] [INFO] info - REQUEST=======> 2017-1-13 09:42:46 [GET] /manage/sign/currentUser，耗时:0ms
[2017-01-13 09:42:46.649] [INFO] info - REQUEST=======> 2017-1-13 09:42:46 [GET] /manage/sign/currentUser，耗时:1ms
[2017-01-13 09:44:05.625] [INFO] info - REQUEST=======> 2017-1-13 09:44:05 [GET] /system/dictionaryItem/use/all，耗时:0ms
[2017-01-13 09:44:05.969] [INFO] info - REQUEST=======> 2017-1-13 09:44:05 [GET] /manage/sign/currentUser，耗时:1ms
[2017-01-13 09:44:05.992] [INFO] info - REQUEST=======> 2017-1-13 09:44:05 [GET] /manage/sign/currentUser，耗时:0ms
[2017-01-13 09:46:36.636] [INFO] info - REQUEST=======> 2017-1-13 09:46:36 [GET] /system/dictionaryItem/use/all，耗时:1ms
[2017-01-13 09:46:36.680] [INFO] info - REQUEST=======> 2017-1-13 09:46:36 [GET] /manage/sign/currentUser，耗时:0ms
[2017-01-13 09:46:36.990] [INFO] info - REQUEST=======> 2017-1-13 09:46:36 [GET] /manage/sign/currentUser，耗时:1ms
[2017-01-13 09:46:54.376] [INFO] info - REQUEST=======> 2017-1-13 09:46:54 [GET] /system/dictionaryItem/use/all，耗时:1ms
[2017-01-13 09:46:54.748] [INFO] info - REQUEST=======> 2017-1-13 09:46:54 [GET] /manage/sign/currentUser，耗时:0ms
[2017-01-13 09:46:54.757] [INFO] info - REQUEST=======> 2017-1-13 09:46:54 [GET] /manage/sign/currentUser，耗时:0ms
[2017-01-13 09:47:05.362] [INFO] info - REQUEST=======> 2017-1-13 09:47:05 [GET] /system/dictionaryItem/use/all，耗时:1ms
[2017-01-13 09:47:05.718] [INFO] info - REQUEST=======> 2017-1-13 09:47:05 [GET] /manage/sign/currentUser，耗时:0ms
[2017-01-13 09:47:05.749] [INFO] info - REQUEST=======> 2017-1-13 09:47:05 [GET] /manage/sign/currentUser，耗时:0ms
[2017-01-13 09:47:12.397] [INFO] info - REQUEST=======> 2017-1-13 09:47:12 [GET] /system/dictionaryItem/use/all，耗时:1ms
[2017-01-13 09:47:12.442] [INFO] info - REQUEST=======> 2017-1-13 09:47:12 [GET] /manage/sign/currentUser，耗时:0ms
[2017-01-13 09:47:12.446] [INFO] info - REQUEST=======> 2017-1-13 09:47:12 [GET] /manage/sign/currentUser，耗时:1ms
[2017-01-13 09:47:18.164] [INFO] info - REQUEST=======> 2017-1-13 09:47:18 [GET] /system/dictionaryItem/use/all，耗时:0ms
[2017-01-13 09:47:18.511] [INFO] info - REQUEST=======> 2017-1-13 09:47:18 [GET] /manage/sign/currentUser，耗时:0ms
[2017-01-13 09:47:18.537] [INFO] info - REQUEST=======> 2017-1-13 09:47:18 [GET] /manage/sign/currentUser，耗时:0ms
[2017-01-13 09:49:30.336] [INFO] info - REQUEST=======> 2017-1-13 09:49:30 [GET] /business/payment?pageNumber=1&pageSize=10，耗时:2ms
[2017-01-13 09:50:31.575] [INFO] info - REQUEST=======> 2017-1-13 09:50:31 [GET] /business/payment?pageNumber=1&pageSize=10，耗时:3ms
[2017-01-13 09:50:33.717] [INFO] info - REQUEST=======> 2017-1-13 09:50:33 [GET] /system/dictionaryItem/use/all，耗时:1ms
[2017-01-13 09:50:34.058] [INFO] info - REQUEST=======> 2017-1-13 09:50:34 [GET] /manage/sign/currentUser，耗时:0ms
[2017-01-13 09:50:34.095] [INFO] info - REQUEST=======> 2017-1-13 09:50:34 [GET] /manage/sign/currentUser，耗时:1ms
[2017-01-13 09:50:34.312] [INFO] info - REQUEST=======> 2017-1-13 09:50:34 [GET] /business/payment?pageNumber=1&pageSize=10，耗时:2ms
[2017-01-13 09:51:11.871] [INFO] info - REQUEST=======> 2017-1-13 09:51:11 [GET] /system/dictionaryItem/use/all，耗时:0ms
[2017-01-13 09:51:12.218] [INFO] info - REQUEST=======> 2017-1-13 09:51:12 [GET] /manage/sign/currentUser，耗时:0ms
[2017-01-13 09:51:12.254] [INFO] info - REQUEST=======> 2017-1-13 09:51:12 [GET] /manage/sign/currentUser，耗时:0ms
[2017-01-13 09:51:12.466] [INFO] info - REQUEST=======> 2017-1-13 09:51:12 [GET] /business/payment?pageNumber=1&pageSize=10，耗时:2ms
[2017-01-13 09:51:58.672] [INFO] info - REQUEST=======> 2017-1-13 09:51:58 [GET] /business/payment?pageNumber=1&pageSize=10，耗时:3ms
[2017-01-13 09:51:59.880] [INFO] info - REQUEST=======> 2017-1-13 09:51:59 [GET] /system/dictionaryItem/use/all，耗时:0ms
[2017-01-13 09:51:59.928] [INFO] info - REQUEST=======> 2017-1-13 09:51:59 [GET] /manage/sign/currentUser，耗时:1ms
[2017-01-13 09:52:00.233] [INFO] info - REQUEST=======> 2017-1-13 09:52:00 [GET] /manage/sign/currentUser，耗时:0ms
[2017-01-13 09:52:00.422] [INFO] info - REQUEST=======> 2017-1-13 09:52:00 [GET] /business/payment?pageNumber=1&pageSize=10，耗时:2ms
[2017-01-13 09:52:40.798] [INFO] info - REQUEST=======> 2017-1-13 09:52:40 [GET] /system/dictionaryItem/use/all，耗时:1ms
[2017-01-13 09:52:40.842] [INFO] info - REQUEST=======> 2017-1-13 09:52:40 [GET] /manage/sign/currentUser，耗时:0ms
[2017-01-13 09:52:41.157] [INFO] info - REQUEST=======> 2017-1-13 09:52:41 [GET] /manage/sign/currentUser，耗时:0ms
[2017-01-13 09:52:41.324] [INFO] info - REQUEST=======> 2017-1-13 09:52:41 [GET] /business/payment?pageNumber=1&pageSize=10，耗时:2ms
[2017-01-13 09:52:59.857] [INFO] info - REQUEST=======> 2017-1-13 09:52:59 [GET] /business/payment?pageNumber=1&pageSize=10，耗时:2ms
[2017-01-13 09:53:04.743] [INFO] info - REQUEST=======> 2017-1-13 09:53:04 [GET] /business/payment?pageNumber=1&pageSize=10，耗时:1ms
[2017-01-13 09:53:05.883] [INFO] info - REQUEST=======> 2017-1-13 09:53:05 [GET] /system/dictionaryItem/use/all，耗时:0ms
[2017-01-13 09:53:05.923] [INFO] info - REQUEST=======> 2017-1-13 09:53:05 [GET] /manage/sign/currentUser，耗时:1ms
[2017-01-13 09:53:06.237] [INFO] info - REQUEST=======> 2017-1-13 09:53:06 [GET] /manage/sign/currentUser，耗时:0ms
[2017-01-13 09:53:06.400] [INFO] info - REQUEST=======> 2017-1-13 09:53:06 [GET] /business/payment?pageNumber=1&pageSize=10，耗时:2ms
[2017-01-13 09:53:20.893] [INFO] info - REQUEST=======> 2017-1-13 09:53:20 [GET] /system/dictionaryItem/use/all，耗时:1ms
[2017-01-13 09:53:20.947] [INFO] info - REQUEST=======> 2017-1-13 09:53:20 [GET] /manage/sign/currentUser，耗时:0ms
[2017-01-13 09:53:21.253] [INFO] info - REQUEST=======> 2017-1-13 09:53:21 [GET] /manage/sign/currentUser，耗时:0ms
[2017-01-13 09:53:21.428] [INFO] info - REQUEST=======> 2017-1-13 09:53:21 [GET] /business/payment?pageNumber=1&pageSize=10，耗时:2ms
[2017-01-13 09:54:37.232] [INFO] info - REQUEST=======> 2017-1-13 09:54:37 [GET] /business/payment?pageNumber=1&pageSize=10，耗时:3ms
[2017-01-13 09:54:38.758] [INFO] info - REQUEST=======> 2017-1-13 09:54:38 [GET] /system/dictionaryItem/use/all，耗时:0ms
[2017-01-13 09:54:38.813] [INFO] info - REQUEST=======> 2017-1-13 09:54:38 [GET] /manage/sign/currentUser，耗时:1ms
[2017-01-13 09:54:39.122] [INFO] info - REQUEST=======> 2017-1-13 09:54:39 [GET] /manage/sign/currentUser，耗时:0ms
[2017-01-13 09:54:39.309] [INFO] info - REQUEST=======> 2017-1-13 09:54:39 [GET] /business/payment?pageNumber=1&pageSize=10，耗时:1ms
[2017-01-13 09:54:45.309] [INFO] info - REQUEST=======> 2017-1-13 09:54:45 [GET] /business/payment?pageNumber=1&pageSize=10，耗时:2ms
[2017-01-13 09:54:46.316] [INFO] info - REQUEST=======> 2017-1-13 09:54:46 [GET] /system/dictionaryItem/use/all，耗时:1ms
[2017-01-13 09:54:46.375] [INFO] info - REQUEST=======> 2017-1-13 09:54:46 [GET] /manage/sign/currentUser，耗时:0ms
[2017-01-13 09:54:46.682] [INFO] info - REQUEST=======> 2017-1-13 09:54:46 [GET] /manage/sign/currentUser，耗时:1ms
[2017-01-13 09:54:46.848] [INFO] info - REQUEST=======> 2017-1-13 09:54:46 [GET] /business/payment?pageNumber=1&pageSize=10，耗时:4ms
[2017-01-13 09:55:00.515] [INFO] info - REQUEST=======> 2017-1-13 09:55:00 [GET] /system/dictionaryItem/use/all，耗时:1ms
[2017-01-13 09:55:00.576] [INFO] info - REQUEST=======> 2017-1-13 09:55:00 [GET] /manage/sign/currentUser，耗时:0ms
[2017-01-13 09:55:00.581] [INFO] info - REQUEST=======> 2017-1-13 09:55:00 [GET] /manage/sign/currentUser，耗时:0ms
[2017-01-13 09:55:00.895] [INFO] info - REQUEST=======> 2017-1-13 09:55:00 [GET] /business/payment?pageNumber=1&pageSize=10，耗时:2ms
[2017-01-13 09:55:10.061] [INFO] info - REQUEST=======> 2017-1-13 09:55:10 [GET] /business/payment?pageNumber=1&pageSize=10，耗时:2ms
[2017-01-13 09:55:10.980] [INFO] info - REQUEST=======> 2017-1-13 09:55:10 [GET] /system/dictionaryItem/use/all，耗时:1ms
[2017-01-13 09:55:11.029] [INFO] info - REQUEST=======> 2017-1-13 09:55:11 [GET] /manage/sign/currentUser，耗时:0ms
[2017-01-13 09:55:11.033] [INFO] info - REQUEST=======> 2017-1-13 09:55:11 [GET] /manage/sign/currentUser，耗时:0ms
[2017-01-13 09:55:11.263] [INFO] info - REQUEST=======> 2017-1-13 09:55:11 [GET] /business/payment?pageNumber=1&pageSize=10，耗时:1ms
[2017-01-13 09:55:19.529] [INFO] info - REQUEST=======> 2017-1-13 09:55:19 [GET] /system/dictionaryItem/use/all，耗时:1ms
[2017-01-13 09:55:19.577] [INFO] info - REQUEST=======> 2017-1-13 09:55:19 [GET] /manage/sign/currentUser，耗时:0ms
[2017-01-13 09:55:19.893] [INFO] info - REQUEST=======> 2017-1-13 09:55:19 [GET] /manage/sign/currentUser，耗时:0ms
[2017-01-13 09:55:20.085] [INFO] info - REQUEST=======> 2017-1-13 09:55:20 [GET] /business/payment?pageNumber=1&pageSize=10，耗时:1ms
[2017-01-13 09:55:28.967] [INFO] info - REQUEST=======> 2017-1-13 09:55:28 [GET] /business/payment?pageNumber=1&pageSize=10，耗时:2ms
[2017-01-13 09:55:30.133] [INFO] info - REQUEST=======> 2017-1-13 09:55:30 [GET] /system/dictionaryItem/use/all，耗时:1ms
[2017-01-13 09:55:30.178] [INFO] info - REQUEST=======> 2017-1-13 09:55:30 [GET] /manage/sign/currentUser，耗时:0ms
[2017-01-13 09:55:30.484] [INFO] info - REQUEST=======> 2017-1-13 09:55:30 [GET] /manage/sign/currentUser，耗时:0ms
[2017-01-13 09:55:30.672] [INFO] info - REQUEST=======> 2017-1-13 09:55:30 [GET] /business/payment?pageNumber=1&pageSize=10，耗时:2ms
[2017-01-13 09:55:36.418] [INFO] info - REQUEST=======> 2017-1-13 09:55:36 [GET] /business/payment?pageNumber=1&pageSize=10，耗时:2ms
[2017-01-13 09:55:37.431] [INFO] info - REQUEST=======> 2017-1-13 09:55:37 [GET] /system/dictionaryItem/use/all，耗时:1ms
[2017-01-13 09:55:37.467] [INFO] info - REQUEST=======> 2017-1-13 09:55:37 [GET] /manage/sign/currentUser，耗时:0ms
[2017-01-13 09:55:37.774] [INFO] info - REQUEST=======> 2017-1-13 09:55:37 [GET] /manage/sign/currentUser，耗时:0ms
[2017-01-13 09:55:37.933] [INFO] info - REQUEST=======> 2017-1-13 09:55:37 [GET] /business/payment?pageNumber=1&pageSize=10，耗时:1ms
[2017-01-13 09:55:46.878] [INFO] info - REQUEST=======> 2017-1-13 09:55:46 [GET] /business/payment?startTime=Wed%20Dec%2014%202016%2009%3A55%3A44%20GMT%2B0800%20(%E4%B8%AD%E5%9B%BD%E6%A0%87%E5%87%86%E6%97%B6%E9%97%B4)&endTime=Sat%20Jan%2014%202017%2009%3A55%3A44%20GMT%2B0800%20(%E4%B8%AD%E5%9B%BD%E6%A0%87%E5%87%86%E6%97%B6%E9%97%B4)&pageNumber=1&pageSize=10，耗时:93ms
[2017-01-13 09:56:44.690] [INFO] info - REQUEST=======> 2017-1-13 09:56:44 [GET] /manage/account?pageNumber=1&pageSize=10，耗时:16ms
[2017-01-13 09:56:55.544] [INFO] info - REQUEST=======> 2017-1-13 09:56:55 [GET] /system/systemVariable?pageNumber=1&pageSize=10，耗时:16ms
[2017-01-13 10:22:27.525] [INFO] info - REQUEST=======> 2017-1-13 10:22:27 [GET] /system/dictionaryItem/use/all，耗时:1ms
[2017-01-13 10:22:27.572] [INFO] info - REQUEST=======> 2017-1-13 10:22:27 [GET] /manage/sign/currentUser，耗时:0ms
[2017-01-13 10:22:27.894] [INFO] info - REQUEST=======> 2017-1-13 10:22:27 [GET] /manage/sign/currentUser，耗时:2ms
[2017-01-13 10:22:28.044] [INFO] info - REQUEST=======> 2017-1-13 10:22:28 [GET] /system/systemVariable?pageNumber=1&pageSize=10，耗时:5ms
[2017-01-13 10:22:32.612] [INFO] info - REQUEST=======> 2017-1-13 10:22:32 [GET] /system/dictionaryItem/use/all，耗时:1ms
[2017-01-13 10:22:32.649] [INFO] info - REQUEST=======> 2017-1-13 10:22:32 [GET] /manage/sign/currentUser，耗时:1ms
[2017-01-13 10:22:32.951] [INFO] info - REQUEST=======> 2017-1-13 10:22:32 [GET] /manage/sign/currentUser，耗时:0ms
[2017-01-13 10:22:33.115] [INFO] info - REQUEST=======> 2017-1-13 10:22:33 [GET] /system/systemVariable?pageNumber=1&pageSize=10，耗时:5ms
[2017-01-13 10:22:42.641] [INFO] info - REQUEST=======> 2017-1-13 10:22:42 [GET] /system/dictionaryItem/use/all，耗时:1ms
[2017-01-13 10:22:42.986] [INFO] info - REQUEST=======> 2017-1-13 10:22:42 [GET] /manage/sign/currentUser，耗时:0ms
[2017-01-13 10:22:42.997] [INFO] info - REQUEST=======> 2017-1-13 10:22:42 [GET] /manage/sign/currentUser，耗时:1ms
[2017-01-13 10:22:43.247] [INFO] info - REQUEST=======> 2017-1-13 10:22:43 [GET] /system/systemVariable?pageNumber=1&pageSize=10，耗时:2ms
[2017-01-13 10:24:34.389] [INFO] info - REQUEST=======> 2017-1-13 10:24:34 [GET] /system/dictionaryItem/use/all，耗时:0ms
[2017-01-13 10:24:34.774] [INFO] info - REQUEST=======> 2017-1-13 10:24:34 [GET] /manage/sign/currentUser，耗时:0ms
[2017-01-13 10:24:34.916] [INFO] info - REQUEST=======> 2017-1-13 10:24:34 [GET] /manage/sign/currentUser，耗时:0ms
[2017-01-13 10:24:35.104] [INFO] info - REQUEST=======> 2017-1-13 10:24:35 [GET] /system/systemVariable?pageNumber=1&pageSize=10，耗时:4ms
[2017-01-13 10:24:45.331] [INFO] info - REQUEST=======> 2017-1-13 10:24:45 [GET] /system/dictionaryItem/use/all，耗时:1ms
[2017-01-13 10:24:45.733] [INFO] info - REQUEST=======> 2017-1-13 10:24:45 [GET] /manage/sign/currentUser，耗时:0ms
[2017-01-13 10:24:45.822] [INFO] info - REQUEST=======> 2017-1-13 10:24:45 [GET] /manage/sign/currentUser，耗时:1ms
[2017-01-13 10:24:46.056] [INFO] info - REQUEST=======> 2017-1-13 10:24:46 [GET] /system/systemVariable?pageNumber=1&pageSize=10，耗时:6ms
[2017-01-13 10:26:47.444] [INFO] info - REQUEST=======> 2017-1-13 10:26:47 [GET] /system/dictionaryItem/use/all，耗时:1ms
[2017-01-13 10:26:47.497] [INFO] info - REQUEST=======> 2017-1-13 10:26:47 [GET] /manage/sign/currentUser，耗时:1ms
[2017-01-13 10:26:47.813] [INFO] info - REQUEST=======> 2017-1-13 10:26:47 [GET] /manage/sign/currentUser，耗时:0ms
[2017-01-13 10:26:47.978] [INFO] info - REQUEST=======> 2017-1-13 10:26:47 [GET] /system/systemVariable?pageNumber=1&pageSize=10，耗时:7ms
[2017-01-13 10:28:47.059] [INFO] info - REQUEST=======> 2017-1-13 10:28:47 [GET] /system/dictionaryItem/use/all，耗时:1ms
[2017-01-13 10:28:47.112] [INFO] info - REQUEST=======> 2017-1-13 10:28:47 [GET] /manage/sign/currentUser，耗时:0ms
[2017-01-13 10:28:47.429] [INFO] info - REQUEST=======> 2017-1-13 10:28:47 [GET] /manage/sign/currentUser，耗时:0ms
[2017-01-13 10:28:47.582] [INFO] info - REQUEST=======> 2017-1-13 10:28:47 [GET] /system/systemVariable?pageNumber=1&pageSize=10，耗时:5ms
[2017-01-13 10:28:49.758] [INFO] info - REQUEST=======> 2017-1-13 10:28:49 [GET] /system/dictionaryItem/use/all，耗时:0ms
[2017-01-13 10:28:49.804] [INFO] info - REQUEST=======> 2017-1-13 10:28:49 [GET] /manage/sign/currentUser，耗时:1ms
[2017-01-13 10:28:50.120] [INFO] info - REQUEST=======> 2017-1-13 10:28:50 [GET] /manage/sign/currentUser，耗时:0ms
[2017-01-13 10:28:50.265] [INFO] info - REQUEST=======> 2017-1-13 10:28:50 [GET] /system/systemVariable?pageNumber=1&pageSize=10，耗时:4ms
[2017-01-13 10:30:50.060] [INFO] info - REQUEST=======> 2017-1-13 10:30:50 [GET] /system/systemVariable?pageNumber=1&pageSize=10，耗时:3ms
[2017-01-13 10:30:56.119] [INFO] info - REQUEST=======> 2017-1-13 10:30:56 [GET] /system/dictionaryItem/use/all，耗时:1ms
[2017-01-13 10:30:56.477] [INFO] info - REQUEST=======> 2017-1-13 10:30:56 [GET] /manage/sign/currentUser，耗时:1ms
[2017-01-13 10:30:56.488] [INFO] info - REQUEST=======> 2017-1-13 10:30:56 [GET] /manage/sign/currentUser，耗时:1ms
[2017-01-13 10:30:56.725] [INFO] info - REQUEST=======> 2017-1-13 10:30:56 [GET] /system/systemVariable?pageNumber=1&pageSize=10，耗时:3ms
[2017-01-13 10:37:47.909] [INFO] info - REQUEST=======> 2017-1-13 10:37:47 [GET] /system/dictionaryItem/use/all，耗时:1ms
[2017-01-13 10:37:48.284] [INFO] info - REQUEST=======> 2017-1-13 10:37:48 [GET] /manage/sign/currentUser，耗时:0ms
[2017-01-13 10:37:48.313] [INFO] info - REQUEST=======> 2017-1-13 10:37:48 [GET] /manage/sign/currentUser，耗时:0ms
[2017-01-13 10:37:48.543] [INFO] info - REQUEST=======> 2017-1-13 10:37:48 [GET] /system/systemVariable?pageNumber=1&pageSize=10，耗时:3ms
[2017-01-13 10:38:20.909] [INFO] info - REQUEST=======> 2017-1-13 10:38:20 [GET] /system/dictionaryItem/use/all，耗时:1ms
[2017-01-13 10:38:21.277] [INFO] info - REQUEST=======> 2017-1-13 10:38:21 [GET] /manage/sign/currentUser，耗时:0ms
[2017-01-13 10:38:21.282] [INFO] info - REQUEST=======> 2017-1-13 10:38:21 [GET] /manage/sign/currentUser，耗时:1ms
[2017-01-13 10:38:21.518] [INFO] info - REQUEST=======> 2017-1-13 10:38:21 [GET] /system/systemVariable?pageNumber=1&pageSize=10，耗时:2ms
[2017-01-13 10:39:17.414] [INFO] info - REQUEST=======> 2017-1-13 10:39:17 [GET] /system/dictionaryItem/use/all，耗时:1ms
[2017-01-13 10:39:17.767] [INFO] info - REQUEST=======> 2017-1-13 10:39:17 [GET] /manage/sign/currentUser，耗时:0ms
[2017-01-13 10:39:17.795] [INFO] info - REQUEST=======> 2017-1-13 10:39:17 [GET] /manage/sign/currentUser，耗时:0ms
[2017-01-13 10:39:18.016] [INFO] info - REQUEST=======> 2017-1-13 10:39:18 [GET] /system/systemVariable?pageNumber=1&pageSize=10，耗时:4ms
[2017-01-13 10:40:01.015] [INFO] info - REQUEST=======> 2017-1-13 10:40:01 [GET] /system/dictionaryItem/use/all，耗时:1ms
[2017-01-13 10:40:01.368] [INFO] info - REQUEST=======> 2017-1-13 10:40:01 [GET] /manage/sign/currentUser，耗时:0ms
[2017-01-13 10:40:01.374] [INFO] info - REQUEST=======> 2017-1-13 10:40:01 [GET] /manage/sign/currentUser，耗时:0ms
[2017-01-13 10:40:01.636] [INFO] info - REQUEST=======> 2017-1-13 10:40:01 [GET] /system/systemVariable?pageNumber=1&pageSize=10，耗时:4ms
[2017-01-13 10:40:24.881] [INFO] info - REQUEST=======> 2017-1-13 10:40:24 [GET] /system/dictionaryItem/use/all，耗时:1ms
[2017-01-13 10:40:25.225] [INFO] info - REQUEST=======> 2017-1-13 10:40:25 [GET] /manage/sign/currentUser，耗时:0ms
[2017-01-13 10:40:25.394] [INFO] info - REQUEST=======> 2017-1-13 10:40:25 [GET] /manage/sign/currentUser，耗时:1ms
[2017-01-13 10:40:25.549] [INFO] info - REQUEST=======> 2017-1-13 10:40:25 [GET] /system/systemVariable?pageNumber=1&pageSize=10，耗时:3ms
[2017-01-13 10:40:54.308] [INFO] info - REQUEST=======> 2017-1-13 10:40:54 [GET] /system/dictionaryItem/use/all，耗时:1ms
[2017-01-13 10:40:54.379] [INFO] info - REQUEST=======> 2017-1-13 10:40:54 [GET] /manage/sign/currentUser，耗时:1ms
[2017-01-13 10:40:54.687] [INFO] info - REQUEST=======> 2017-1-13 10:40:54 [GET] /manage/sign/currentUser，耗时:0ms
[2017-01-13 10:40:54.822] [INFO] info - REQUEST=======> 2017-1-13 10:40:54 [GET] /system/systemVariable?pageNumber=1&pageSize=10，耗时:3ms
[2017-01-13 10:42:25.433] [INFO] info - REQUEST=======> 2017-1-13 10:42:25 [GET] /manage/account?pageNumber=1&pageSize=10，耗时:5ms
[2017-01-13 10:42:25.674] [INFO] info - REQUEST=======> 2017-1-13 10:42:25 [GET] /manage/account?pageNumber=1&pageSize=10，耗时:0ms
[2017-01-13 10:42:27.626] [INFO] info - REQUEST=======> 2017-1-13 10:42:27 [GET] /manage/account?pageNumber=1&pageSize=10，耗时:3ms
[2017-01-13 10:42:27.943] [INFO] info - REQUEST=======> 2017-1-13 10:42:27 [GET] /manage/account?pageNumber=1&pageSize=10，耗时:0ms
[2017-01-13 10:43:26.634] [INFO] info - REQUEST=======> 2017-1-13 10:43:26 [GET] /system/dictionaryItem/use/all，耗时:0ms
[2017-01-13 10:43:27.007] [INFO] info - REQUEST=======> 2017-1-13 10:43:27 [GET] /manage/sign/currentUser，耗时:1ms
[2017-01-13 10:43:27.011] [INFO] info - REQUEST=======> 2017-1-13 10:43:27 [GET] /manage/sign/currentUser，耗时:0ms
[2017-01-13 10:43:27.333] [INFO] info - REQUEST=======> 2017-1-13 10:43:27 [GET] /manage/account?pageNumber=1&pageSize=10，耗时:6ms
[2017-01-13 10:43:27.347] [INFO] info - REQUEST=======> 2017-1-13 10:43:27 [GET] /manage/account?pageNumber=1&pageSize=10，耗时:2ms
[2017-01-13 10:44:22.567] [INFO] info - REQUEST=======> 2017-1-13 10:44:22 [GET] /manage/account?pageNumber=1&pageSize=10，耗时:3ms
[2017-01-13 10:44:26.827] [INFO] info - REQUEST=======> 2017-1-13 10:44:26 [GET] /system/dictionaryType?pageNumber=1&pageSize=10，耗时:3ms
[2017-01-13 10:44:36.826] [INFO] info - REQUEST=======> 2017-1-13 10:44:36 [GET] /system/dictionaryItem/use/all，耗时:1ms
[2017-01-13 10:44:37.172] [INFO] info - REQUEST=======> 2017-1-13 10:44:37 [GET] /manage/sign/currentUser，耗时:1ms
[2017-01-13 10:44:37.179] [INFO] info - REQUEST=======> 2017-1-13 10:44:37 [GET] /manage/sign/currentUser，耗时:0ms
[2017-01-13 10:44:37.435] [INFO] info - REQUEST=======> 2017-1-13 10:44:37 [GET] /system/dictionaryType?pageNumber=1&pageSize=10，耗时:6ms
[2017-01-13 10:44:42.317] [INFO] info - REQUEST=======> 2017-1-13 10:44:42 [GET] /manage/account?pageNumber=1&pageSize=10，耗时:2ms
[2017-01-13 10:45:10.496] [INFO] info - REQUEST=======> 2017-1-13 10:45:10 [GET] /system/dictionaryType?pageNumber=1&pageSize=10，耗时:2ms
[2017-01-13 10:45:34.165] [INFO] info - REQUEST=======> 2017-1-13 10:45:34 [GET] /system/dictionaryItem/use/all，耗时:0ms
[2017-01-13 10:45:34.238] [INFO] info - REQUEST=======> 2017-1-13 10:45:34 [GET] /manage/sign/currentUser，耗时:0ms
[2017-01-13 10:45:34.242] [INFO] info - REQUEST=======> 2017-1-13 10:45:34 [GET] /manage/sign/currentUser，耗时:0ms
[2017-01-13 10:45:34.593] [INFO] info - REQUEST=======> 2017-1-13 10:45:34 [GET] /system/dictionaryType?pageNumber=1&pageSize=10，耗时:3ms
[2017-01-13 10:45:35.382] [INFO] info - REQUEST=======> 2017-1-13 10:45:35 [GET] /manage/account?pageNumber=1&pageSize=10，耗时:4ms
[2017-01-13 10:45:36.955] [INFO] info - REQUEST=======> 2017-1-13 10:45:36 [GET] /manage/account?pageNumber=1&pageSize=10，耗时:2ms
[2017-01-13 10:45:36.970] [INFO] info - REQUEST=======> 2017-1-13 10:45:36 [GET] /manage/account?pageNumber=1&pageSize=10，耗时:3ms
[2017-01-13 10:47:03.237] [INFO] info - REQUEST=======> 2017-1-13 10:47:03 [GET] /system/dictionaryItem/use/all，耗时:0ms
[2017-01-13 10:47:03.586] [INFO] info - REQUEST=======> 2017-1-13 10:47:03 [GET] /manage/sign/currentUser，耗时:0ms
[2017-01-13 10:47:03.611] [INFO] info - REQUEST=======> 2017-1-13 10:47:03 [GET] /manage/sign/currentUser，耗时:0ms
[2017-01-13 10:47:27.411] [INFO] info - REQUEST=======> 2017-1-13 10:47:27 [GET] /system/dictionaryItem/use/all，耗时:2ms
[2017-01-13 10:47:27.760] [INFO] info - REQUEST=======> 2017-1-13 10:47:27 [GET] /manage/sign/currentUser，耗时:0ms
[2017-01-13 10:47:27.788] [INFO] info - REQUEST=======> 2017-1-13 10:47:27 [GET] /manage/sign/currentUser，耗时:0ms
[2017-01-13 10:48:36.450] [INFO] info - REQUEST=======> 2017-1-13 10:48:36 [GET] /system/dictionaryItem/use/all，耗时:0ms
[2017-01-13 10:48:36.805] [INFO] info - REQUEST=======> 2017-1-13 10:48:36 [GET] /manage/sign/currentUser，耗时:0ms
[2017-01-13 10:48:36.986] [INFO] info - REQUEST=======> 2017-1-13 10:48:36 [GET] /manage/sign/currentUser，耗时:0ms
[2017-01-13 10:48:56.134] [INFO] info - REQUEST=======> 2017-1-13 10:48:56 [GET] /system/dictionaryItem/use/all，耗时:1ms
[2017-01-13 10:48:56.485] [INFO] info - REQUEST=======> 2017-1-13 10:48:56 [GET] /manage/sign/currentUser，耗时:1ms
[2017-01-13 10:48:56.512] [INFO] info - REQUEST=======> 2017-1-13 10:48:56 [GET] /manage/sign/currentUser，耗时:0ms
[2017-01-13 10:51:05.132] [INFO] info - REQUEST=======> 2017-1-13 10:51:05 [GET] /system/dictionaryItem/use/all，耗时:0ms
[2017-01-13 10:51:05.500] [INFO] info - REQUEST=======> 2017-1-13 10:51:05 [GET] /manage/sign/currentUser，耗时:1ms
[2017-01-13 10:51:05.516] [INFO] info - REQUEST=======> 2017-1-13 10:51:05 [GET] /manage/sign/currentUser，耗时:0ms
[2017-01-13 10:51:07.128] [INFO] info - REQUEST=======> 2017-1-13 10:51:07 [GET] /manage/account?pageNumber=1&pageSize=10，耗时:4ms
[2017-01-13 10:51:07.141] [INFO] info - REQUEST=======> 2017-1-13 10:51:07 [GET] /manage/account?pageNumber=1&pageSize=10，耗时:3ms
[2017-01-13 10:52:35.324] [INFO] info - REQUEST=======> 2017-1-13 10:52:35 [GET] /manage/account?pageNumber=1&pageSize=10，耗时:3ms
[2017-01-13 10:52:36.405] [INFO] info - REQUEST=======> 2017-1-13 10:52:36 [GET] /manage/account?pageNumber=1&pageSize=10，耗时:5ms
[2017-01-13 10:52:46.940] [INFO] info - REQUEST=======> 2017-1-13 10:52:46 [GET] /manage/account?pageNumber=1&pageSize=10，耗时:3ms
[2017-01-13 10:52:47.330] [INFO] info - REQUEST=======> 2017-1-13 10:52:47 [GET] /manage/account?pageNumber=1&pageSize=10，耗时:3ms
[2017-01-13 10:52:51.615] [INFO] info - REQUEST=======> 2017-1-13 10:52:51 [GET] /manage/account?pageNumber=1&pageSize=10，耗时:3ms
[2017-01-13 10:52:51.925] [INFO] info - REQUEST=======> 2017-1-13 10:52:51 [GET] /manage/account?pageNumber=1&pageSize=10，耗时:5ms
[2017-01-13 10:52:56.037] [INFO] info - REQUEST=======> 2017-1-13 10:52:56 [GET] /manage/account?pageNumber=1&pageSize=10，耗时:7ms
[2017-01-13 10:52:57.463] [INFO] info - REQUEST=======> 2017-1-13 10:52:57 [GET] /manage/account?pageNumber=1&pageSize=10，耗时:2ms
[2017-01-13 10:53:08.473] [INFO] info - REQUEST=======> 2017-1-13 10:53:08 [GET] /manage/account?pageNumber=1&pageSize=10，耗时:2ms
[2017-01-13 10:53:10.748] [INFO] info - REQUEST=======> 2017-1-13 10:53:10 [GET] /manage/account?pageNumber=1&pageSize=10，耗时:3ms
[2017-01-13 10:53:16.413] [INFO] info - REQUEST=======> 2017-1-13 10:53:16 [GET] /manage/account?pageNumber=1&pageSize=10，耗时:2ms
[2017-01-13 10:53:16.518] [INFO] info - REQUEST=======> 2017-1-13 10:53:16 [GET] /manage/account?pageNumber=1&pageSize=10，耗时:3ms
[2017-01-13 10:53:30.736] [INFO] info - REQUEST=======> 2017-1-13 10:53:30 [GET] /manage/account?pageNumber=1&pageSize=10，耗时:3ms
[2017-01-13 10:53:30.931] [INFO] info - REQUEST=======> 2017-1-13 10:53:30 [GET] /manage/account?pageNumber=1&pageSize=10，耗时:4ms
[2017-01-13 10:53:35.372] [INFO] info - REQUEST=======> 2017-1-13 10:53:35 [GET] /manage/account?pageNumber=1&pageSize=10，耗时:3ms
[2017-01-13 10:53:36.145] [INFO] info - REQUEST=======> 2017-1-13 10:53:36 [GET] /manage/account?pageNumber=1&pageSize=10，耗时:2ms
[2017-01-13 10:53:42.967] [INFO] info - REQUEST=======> 2017-1-13 10:53:42 [GET] /manage/account?pageNumber=1&pageSize=10，耗时:2ms
[2017-01-13 10:53:43.397] [INFO] info - REQUEST=======> 2017-1-13 10:53:43 [GET] /manage/account?pageNumber=1&pageSize=10，耗时:4ms
[2017-01-13 10:53:46.746] [INFO] info - REQUEST=======> 2017-1-13 10:53:46 [GET] /manage/account?pageNumber=1&pageSize=10，耗时:2ms
[2017-01-13 10:53:47.166] [INFO] info - REQUEST=======> 2017-1-13 10:53:47 [GET] /manage/account?pageNumber=1&pageSize=10，耗时:2ms
[2017-01-13 10:53:52.537] [INFO] info - REQUEST=======> 2017-1-13 10:53:52 [GET] /manage/account?pageNumber=1&pageSize=10，耗时:2ms
[2017-01-13 10:53:52.952] [INFO] info - REQUEST=======> 2017-1-13 10:53:52 [GET] /manage/account?pageNumber=1&pageSize=10，耗时:2ms
[2017-01-13 10:53:59.957] [INFO] info - REQUEST=======> 2017-1-13 10:53:59 [GET] /manage/account?pageNumber=1&pageSize=10，耗时:2ms
[2017-01-13 10:54:00.367] [INFO] info - REQUEST=======> 2017-1-13 10:54:00 [GET] /manage/account?pageNumber=1&pageSize=10，耗时:2ms
[2017-01-13 10:54:06.323] [INFO] info - REQUEST=======> 2017-1-13 10:54:06 [GET] /manage/account?pageNumber=1&pageSize=10，耗时:3ms
[2017-01-13 10:54:06.722] [INFO] info - REQUEST=======> 2017-1-13 10:54:06 [GET] /manage/account?pageNumber=1&pageSize=10，耗时:4ms
[2017-01-13 10:54:28.668] [INFO] info - REQUEST=======> 2017-1-13 10:54:28 [GET] /manage/account?pageNumber=1&pageSize=10，耗时:2ms
[2017-01-13 10:54:28.808] [INFO] info - REQUEST=======> 2017-1-13 10:54:28 [GET] /manage/account?pageNumber=1&pageSize=10，耗时:2ms
[2017-01-13 10:54:31.736] [INFO] info - REQUEST=======> 2017-1-13 10:54:31 [GET] /manage/account?pageNumber=1&pageSize=10，耗时:4ms
[2017-01-13 10:54:32.190] [INFO] info - REQUEST=======> 2017-1-13 10:54:32 [GET] /manage/account?pageNumber=1&pageSize=10，耗时:2ms
[2017-01-13 10:54:35.276] [INFO] info - REQUEST=======> 2017-1-13 10:54:35 [GET] /manage/account?pageNumber=1&pageSize=10，耗时:2ms
[2017-01-13 10:54:35.981] [INFO] info - REQUEST=======> 2017-1-13 10:54:35 [GET] /manage/account?pageNumber=1&pageSize=10，耗时:3ms
[2017-01-13 10:54:38.774] [INFO] info - REQUEST=======> 2017-1-13 10:54:38 [GET] /manage/account?pageNumber=1&pageSize=10，耗时:2ms
[2017-01-13 10:54:39.223] [INFO] info - REQUEST=======> 2017-1-13 10:54:39 [GET] /manage/account?pageNumber=1&pageSize=10，耗时:2ms
[2017-01-13 10:54:42.783] [INFO] info - REQUEST=======> 2017-1-13 10:54:42 [GET] /manage/account?pageNumber=1&pageSize=10，耗时:2ms
[2017-01-13 10:54:43.377] [INFO] info - REQUEST=======> 2017-1-13 10:54:43 [GET] /manage/account?pageNumber=1&pageSize=10，耗时:2ms
[2017-01-13 10:54:46.688] [INFO] info - REQUEST=======> 2017-1-13 10:54:46 [GET] /manage/account?pageNumber=1&pageSize=10，耗时:2ms
[2017-01-13 10:54:47.162] [INFO] info - REQUEST=======> 2017-1-13 10:54:47 [GET] /manage/account?pageNumber=1&pageSize=10，耗时:4ms
[2017-01-13 10:54:51.658] [INFO] info - REQUEST=======> 2017-1-13 10:54:51 [GET] /manage/account?pageNumber=1&pageSize=10，耗时:2ms
[2017-01-13 10:54:52.068] [INFO] info - REQUEST=======> 2017-1-13 10:54:52 [GET] /manage/account?pageNumber=1&pageSize=10，耗时:2ms
[2017-01-13 10:55:59.475] [INFO] info - REQUEST=======> 2017-1-13 10:55:59 [GET] /manage/account?pageNumber=1&pageSize=10，耗时:3ms
[2017-01-13 10:55:59.839] [INFO] info - REQUEST=======> 2017-1-13 10:55:59 [GET] /manage/account?pageNumber=1&pageSize=10，耗时:2ms
[2017-01-13 10:56:02.394] [INFO] info - REQUEST=======> 2017-1-13 10:56:02 [GET] /system/dictionaryItem/use/all，耗时:1ms
[2017-01-13 10:56:02.439] [INFO] info - REQUEST=======> 2017-1-13 10:56:02 [GET] /manage/sign/currentUser，耗时:0ms
[2017-01-13 10:56:02.757] [INFO] info - REQUEST=======> 2017-1-13 10:56:02 [GET] /manage/sign/currentUser，耗时:0ms
[2017-01-13 10:56:03.048] [INFO] info - REQUEST=======> 2017-1-13 10:56:03 [GET] /manage/account?pageNumber=1&pageSize=10，耗时:2ms
[2017-01-13 10:56:03.055] [INFO] info - REQUEST=======> 2017-1-13 10:56:03 [GET] /manage/account?pageNumber=1&pageSize=10，耗时:3ms
[2017-01-13 10:56:16.913] [INFO] info - REQUEST=======> 2017-1-13 10:56:16 [GET] /system/dictionaryItem/use/all，耗时:0ms
[2017-01-13 10:56:16.953] [INFO] info - REQUEST=======> 2017-1-13 10:56:16 [GET] /manage/sign/currentUser，耗时:0ms
[2017-01-13 10:56:17.268] [INFO] info - REQUEST=======> 2017-1-13 10:56:17 [GET] /manage/sign/currentUser，耗时:0ms
[2017-01-13 10:56:17.650] [INFO] info - REQUEST=======> 2017-1-13 10:56:17 [GET] /manage/account?pageNumber=1&pageSize=10，耗时:3ms
[2017-01-13 10:56:17.656] [INFO] info - REQUEST=======> 2017-1-13 10:56:17 [GET] /manage/account?pageNumber=1&pageSize=10，耗时:2ms
[2017-01-13 10:56:47.522] [INFO] info - REQUEST=======> 2017-1-13 10:56:47 [GET] /manage/account?pageNumber=1&pageSize=10，耗时:2ms
[2017-01-13 10:56:47.726] [INFO] info - REQUEST=======> 2017-1-13 10:56:47 [GET] /manage/account?pageNumber=1&pageSize=10，耗时:2ms
[2017-01-13 10:58:11.307] [INFO] info - REQUEST=======> 2017-1-13 10:58:11 [GET] /manage/account?pageNumber=1&pageSize=10，耗时:5ms
[2017-01-13 10:58:12.033] [INFO] info - REQUEST=======> 2017-1-13 10:58:12 [GET] /manage/account?pageNumber=1&pageSize=10，耗时:3ms
[2017-01-13 10:58:19.482] [INFO] info - REQUEST=======> 2017-1-13 10:58:19 [GET] /system/dictionaryItem/use/all，耗时:1ms
[2017-01-13 10:58:19.831] [INFO] info - REQUEST=======> 2017-1-13 10:58:19 [GET] /manage/sign/currentUser，耗时:0ms
[2017-01-13 10:58:19.863] [INFO] info - REQUEST=======> 2017-1-13 10:58:19 [GET] /manage/sign/currentUser，耗时:0ms
[2017-01-13 10:58:20.199] [INFO] info - REQUEST=======> 2017-1-13 10:58:20 [GET] /manage/account?pageNumber=1&pageSize=10，耗时:3ms
[2017-01-13 10:58:20.205] [INFO] info - REQUEST=======> 2017-1-13 10:58:20 [GET] /manage/account?pageNumber=1&pageSize=10，耗时:3ms
[2017-01-13 10:58:46.580] [INFO] info - REQUEST=======> 2017-1-13 10:58:46 [GET] /manage/account?pageNumber=1&pageSize=10，耗时:2ms
[2017-01-13 10:58:46.790] [INFO] info - REQUEST=======> 2017-1-13 10:58:46 [GET] /manage/account?pageNumber=1&pageSize=10，耗时:3ms
[2017-01-13 10:58:54.743] [INFO] info - REQUEST=======> 2017-1-13 10:58:54 [GET] /system/dictionaryItem/use/all，耗时:0ms
[2017-01-13 10:58:55.103] [INFO] info - REQUEST=======> 2017-1-13 10:58:55 [GET] /manage/sign/currentUser，耗时:0ms
[2017-01-13 10:58:55.107] [INFO] info - REQUEST=======> 2017-1-13 10:58:55 [GET] /manage/sign/currentUser，耗时:0ms
[2017-01-13 10:58:55.406] [INFO] info - REQUEST=======> 2017-1-13 10:58:55 [GET] /manage/account?pageNumber=1&pageSize=10，耗时:2ms
[2017-01-13 10:58:55.445] [INFO] info - REQUEST=======> 2017-1-13 10:58:55 [GET] /manage/account?pageNumber=1&pageSize=10，耗时:1ms
[2017-01-13 11:03:13.874] [INFO] info - REQUEST=======> 2017-1-13 11:03:13 [GET] /system/dictionaryItem/use/all，耗时:0ms
[2017-01-13 11:03:14.230] [INFO] info - REQUEST=======> 2017-1-13 11:03:14 [GET] /manage/sign/currentUser，耗时:1ms
[2017-01-13 11:03:14.257] [INFO] info - REQUEST=======> 2017-1-13 11:03:14 [GET] /manage/sign/currentUser，耗时:0ms
[2017-01-13 11:03:14.560] [INFO] info - REQUEST=======> 2017-1-13 11:03:14 [GET] /manage/account?pageNumber=1&pageSize=10，耗时:3ms
[2017-01-13 11:03:14.585] [INFO] info - REQUEST=======> 2017-1-13 11:03:14 [GET] /manage/account?pageNumber=1&pageSize=10，耗时:2ms
[2017-01-13 11:03:17.285] [INFO] info - REQUEST=======> 2017-1-13 11:03:17 [GET] /manage/account?pageNumber=1&pageSize=10，耗时:2ms
[2017-01-13 11:03:23.776] [INFO] info - REQUEST=======> 2017-1-13 11:03:23 [GET] /system/dictionaryItem/use/all，耗时:0ms
[2017-01-13 11:03:23.819] [INFO] info - REQUEST=======> 2017-1-13 11:03:23 [GET] /manage/sign/currentUser，耗时:0ms
[2017-01-13 11:03:24.124] [INFO] info - REQUEST=======> 2017-1-13 11:03:24 [GET] /manage/sign/currentUser，耗时:0ms
[2017-01-13 11:03:24.283] [INFO] info - REQUEST=======> 2017-1-13 11:03:24 [GET] /manage/account?pageNumber=1&pageSize=10，耗时:4ms
[2017-01-13 11:03:28.123] [INFO] info - REQUEST=======> 2017-1-13 11:03:28 [GET] /system/dictionaryType?pageNumber=1&pageSize=10，耗时:3ms
[2017-01-13 11:03:30.634] [INFO] info - REQUEST=======> 2017-1-13 11:03:30 [GET] /system/dictionaryItem/use/all，耗时:0ms
[2017-01-13 11:03:30.673] [INFO] info - REQUEST=======> 2017-1-13 11:03:30 [GET] /manage/sign/currentUser，耗时:1ms
[2017-01-13 11:03:30.978] [INFO] info - REQUEST=======> 2017-1-13 11:03:30 [GET] /manage/sign/currentUser，耗时:0ms
[2017-01-13 11:03:31.141] [INFO] info - REQUEST=======> 2017-1-13 11:03:31 [GET] /system/dictionaryType?pageNumber=1&pageSize=10，耗时:3ms
[2017-01-13 11:05:43.862] [INFO] info - REQUEST=======> 2017-1-13 11:05:43 [GET] /system/dictionaryItem/use/all，耗时:1ms
[2017-01-13 11:05:44.213] [INFO] info - REQUEST=======> 2017-1-13 11:05:44 [GET] /manage/sign/currentUser，耗时:0ms
[2017-01-13 11:05:44.239] [INFO] info - REQUEST=======> 2017-1-13 11:05:44 [GET] /manage/sign/currentUser，耗时:1ms
[2017-01-13 11:05:44.472] [INFO] info - REQUEST=======> 2017-1-13 11:05:44 [GET] /system/dictionaryType?pageNumber=1&pageSize=10，耗时:6ms
[2017-01-13 11:05:46.186] [INFO] info - REQUEST=======> 2017-1-13 11:05:46 [GET] /system/dictionaryType?keyword=12312&pageNumber=1&pageSize=10，耗时:4ms
[2017-01-13 11:05:47.970] [INFO] info - REQUEST=======> 2017-1-13 11:05:47 [GET] /system/dictionaryType?keyword=&pageNumber=1&pageSize=10，耗时:4ms
[2017-01-13 11:07:06.441] [INFO] info - REQUEST=======> 2017-1-13 11:07:06 [GET] /system/dictionaryItem/use/all，耗时:1ms
[2017-01-13 11:07:06.483] [INFO] info - REQUEST=======> 2017-1-13 11:07:06 [GET] /manage/sign/currentUser，耗时:0ms
[2017-01-13 11:07:06.791] [INFO] info - REQUEST=======> 2017-1-13 11:07:06 [GET] /manage/sign/currentUser，耗时:0ms
[2017-01-13 11:07:06.987] [INFO] info - REQUEST=======> 2017-1-13 11:07:06 [GET] /system/dictionaryType?pageNumber=1&pageSize=10，耗时:6ms
[2017-01-13 11:09:28.260] [INFO] info - REQUEST=======> 2017-1-13 11:09:28 [GET] /system/dictionaryItem/use/all，耗时:0ms
[2017-01-13 11:09:28.317] [INFO] info - REQUEST=======> 2017-1-13 11:09:28 [GET] /manage/sign/currentUser，耗时:1ms
[2017-01-13 11:09:28.322] [INFO] info - REQUEST=======> 2017-1-13 11:09:28 [GET] /manage/sign/currentUser，耗时:0ms
[2017-01-13 11:09:28.640] [INFO] info - REQUEST=======> 2017-1-13 11:09:28 [GET] /system/dictionaryType?pageNumber=1&pageSize=10，耗时:4ms
[2017-01-13 11:09:34.232] [INFO] info - REQUEST=======> 2017-1-13 11:09:34 [GET] /system/dictionaryType?pageNumber=2&pageSize=10，耗时:3ms
[2017-01-13 11:09:34.968] [INFO] info - REQUEST=======> 2017-1-13 11:09:34 [GET] /system/dictionaryType?pageNumber=1&pageSize=10，耗时:3ms
[2017-01-13 11:09:39.496] [INFO] info - REQUEST=======> 2017-1-13 11:09:39 [GET] /manage/account?pageNumber=1&pageSize=10，耗时:4ms
[2017-01-13 11:09:39.894] [INFO] info - REQUEST=======> 2017-1-13 11:09:39 [GET] /system/dictionaryType?pageNumber=1&pageSize=10，耗时:3ms
[2017-01-13 11:10:01.297] [INFO] info - REQUEST=======> 2017-1-13 11:10:01 [GET] /manage/account?pageNumber=1&pageSize=10，耗时:5ms
[2017-01-13 11:10:01.829] [INFO] info - REQUEST=======> 2017-1-13 11:10:01 [GET] /system/dictionaryType?pageNumber=1&pageSize=10，耗时:5ms
[2017-01-13 11:11:51.316] [INFO] info - REQUEST=======> 2017-1-13 11:11:51 [GET] /system/dictionaryItem/use/all，耗时:0ms
[2017-01-13 11:11:51.361] [INFO] info - REQUEST=======> 2017-1-13 11:11:51 [GET] /manage/sign/currentUser，耗时:0ms
[2017-01-13 11:11:51.667] [INFO] info - REQUEST=======> 2017-1-13 11:11:51 [GET] /manage/sign/currentUser，耗时:1ms
[2017-01-13 11:11:51.846] [INFO] info - REQUEST=======> 2017-1-13 11:11:51 [GET] /system/dictionaryType?pageNumber=1&pageSize=10，耗时:3ms
[2017-01-13 11:11:58.708] [INFO] info - REQUEST=======> 2017-1-13 11:11:58 [GET] /system/dictionaryItem/use/all，耗时:1ms
[2017-01-13 11:11:58.755] [INFO] info - REQUEST=======> 2017-1-13 11:11:58 [GET] /manage/sign/currentUser，耗时:0ms
[2017-01-13 11:11:59.060] [INFO] info - REQUEST=======> 2017-1-13 11:11:59 [GET] /manage/sign/currentUser，耗时:0ms
[2017-01-13 11:11:59.252] [INFO] info - REQUEST=======> 2017-1-13 11:11:59 [GET] /system/dictionaryType?pageNumber=1&pageSize=10，耗时:2ms
[2017-01-13 11:12:57.401] [INFO] info - REQUEST=======> 2017-1-13 11:12:57 [GET] /system/dictionaryItem/use/all，耗时:1ms
[2017-01-13 11:12:57.770] [INFO] info - REQUEST=======> 2017-1-13 11:12:57 [GET] /manage/sign/currentUser，耗时:1ms
[2017-01-13 11:12:57.774] [INFO] info - REQUEST=======> 2017-1-13 11:12:57 [GET] /manage/sign/currentUser，耗时:1ms
[2017-01-13 11:12:58.010] [INFO] info - REQUEST=======> 2017-1-13 11:12:58 [GET] /system/dictionaryType?pageNumber=1&pageSize=10，耗时:3ms
[2017-01-13 11:13:18.121] [INFO] info - REQUEST=======> 2017-1-13 11:13:18 [GET] /manage/account?pageNumber=1&pageSize=10，耗时:4ms
[2017-01-13 11:13:18.859] [INFO] info - REQUEST=======> 2017-1-13 11:13:18 [GET] /system/dictionaryType?pageNumber=1&pageSize=10，耗时:2ms
[2017-01-13 11:13:54.061] [INFO] info - REQUEST=======> 2017-1-13 11:13:54 [GET] /system/dictionaryItem/use/all，耗时:0ms
[2017-01-13 11:13:54.111] [INFO] info - REQUEST=======> 2017-1-13 11:13:54 [GET] /manage/sign/currentUser，耗时:1ms
[2017-01-13 11:13:54.416] [INFO] info - REQUEST=======> 2017-1-13 11:13:54 [GET] /manage/sign/currentUser，耗时:0ms
[2017-01-13 11:13:54.636] [INFO] info - REQUEST=======> 2017-1-13 11:13:54 [GET] /system/dictionaryType?pageNumber=1&pageSize=10，耗时:3ms
[2017-01-13 11:14:41.479] [INFO] info - REQUEST=======> 2017-1-13 11:14:41 [GET] /system/dictionaryItem/use/all，耗时:0ms
[2017-01-13 11:14:41.530] [INFO] info - REQUEST=======> 2017-1-13 11:14:41 [GET] /manage/sign/currentUser，耗时:0ms
[2017-01-13 11:14:41.835] [INFO] info - REQUEST=======> 2017-1-13 11:14:41 [GET] /manage/sign/currentUser，耗时:0ms
[2017-01-13 11:14:42.038] [INFO] info - REQUEST=======> 2017-1-13 11:14:42 [GET] /system/dictionaryType?pageNumber=1&pageSize=10，耗时:3ms
[2017-01-13 11:16:00.204] [INFO] info - REQUEST=======> 2017-1-13 11:16:00 [GET] /system/dictionaryItem/use/all，耗时:1ms
[2017-01-13 11:16:00.572] [INFO] info - REQUEST=======> 2017-1-13 11:16:00 [GET] /manage/sign/currentUser，耗时:0ms
[2017-01-13 11:16:00.821] [INFO] info - REQUEST=======> 2017-1-13 11:16:00 [GET] /manage/sign/currentUser，耗时:0ms
[2017-01-13 11:16:03.418] [INFO] info - REQUEST=======> 2017-1-13 11:16:03 [GET] /system/dictionaryType?pageNumber=1&pageSize=10，耗时:15ms
[2017-01-13 11:16:40.085] [INFO] info - REQUEST=======> 2017-1-13 11:16:40 [GET] /system/dictionaryItem/use/all，耗时:0ms
[2017-01-13 11:16:40.130] [INFO] info - REQUEST=======> 2017-1-13 11:16:40 [GET] /manage/sign/currentUser，耗时:0ms
[2017-01-13 11:16:40.435] [INFO] info - REQUEST=======> 2017-1-13 11:16:40 [GET] /manage/sign/currentUser，耗时:0ms
[2017-01-13 11:16:40.674] [INFO] info - REQUEST=======> 2017-1-13 11:16:40 [GET] /system/dictionaryType?pageNumber=1&pageSize=10，耗时:3ms
[2017-01-13 11:17:58.548] [INFO] info - REQUEST=======> 2017-1-13 11:17:58 [GET] /system/dictionaryItem/use/all，耗时:1ms
[2017-01-13 11:17:58.896] [INFO] info - REQUEST=======> 2017-1-13 11:17:58 [GET] /manage/sign/currentUser，耗时:0ms
[2017-01-13 11:17:58.921] [INFO] info - REQUEST=======> 2017-1-13 11:17:58 [GET] /manage/sign/currentUser，耗时:0ms
[2017-01-13 11:17:59.171] [INFO] info - REQUEST=======> 2017-1-13 11:17:59 [GET] /system/dictionaryType?pageNumber=1&pageSize=10，耗时:8ms
[2017-01-13 11:18:51.421] [INFO] info - REQUEST=======> 2017-1-13 11:18:51 [GET] /system/dictionaryType?pageNumber=1&pageSize=10，耗时:4ms
[2017-01-13 11:18:53.093] [INFO] info - REQUEST=======> 2017-1-13 11:18:53 [GET] /system/dictionaryItem/use/all，耗时:0ms
[2017-01-13 11:18:53.452] [INFO] info - REQUEST=======> 2017-1-13 11:18:53 [GET] /manage/sign/currentUser，耗时:1ms
[2017-01-13 11:18:53.464] [INFO] info - REQUEST=======> 2017-1-13 11:18:53 [GET] /manage/sign/currentUser，耗时:0ms
[2017-01-13 11:18:53.708] [INFO] info - REQUEST=======> 2017-1-13 11:18:53 [GET] /system/dictionaryType?pageNumber=1&pageSize=10，耗时:3ms
[2017-01-13 11:19:01.488] [INFO] info - REQUEST=======> 2017-1-13 11:19:01 [GET] /system/systemVariable?pageNumber=1&pageSize=10，耗时:2ms
[2017-01-13 11:19:02.281] [INFO] info - REQUEST=======> 2017-1-13 11:19:02 [GET] /manage/account?pageNumber=1&pageSize=10，耗时:2ms
[2017-01-13 11:19:07.397] [INFO] info - REQUEST=======> 2017-1-13 11:19:07 [GET] /system/systemVariable?pageNumber=1&pageSize=10，耗时:0ms
[2017-01-13 11:20:26.504] [INFO] info - REQUEST=======> 2017-1-13 11:20:26 [GET] /system/dictionaryItem/use/all，耗时:0ms
[2017-01-13 11:20:26.856] [INFO] info - REQUEST=======> 2017-1-13 11:20:26 [GET] /manage/sign/currentUser，耗时:0ms
[2017-01-13 11:20:26.871] [INFO] info - REQUEST=======> 2017-1-13 11:20:26 [GET] /manage/sign/currentUser，耗时:0ms
[2017-01-13 11:20:27.131] [INFO] info - REQUEST=======> 2017-1-13 11:20:27 [GET] /system/systemVariable?pageNumber=1&pageSize=10，耗时:6ms
[2017-01-13 11:21:50.626] [INFO] info - REQUEST=======> 2017-1-13 11:21:50 [GET] /system/dictionaryItem/use/all，耗时:1ms
[2017-01-13 11:21:51.001] [INFO] info - REQUEST=======> 2017-1-13 11:21:51 [GET] /manage/sign/currentUser，耗时:0ms
[2017-01-13 11:21:51.040] [INFO] info - REQUEST=======> 2017-1-13 11:21:51 [GET] /manage/sign/currentUser，耗时:0ms
[2017-01-13 11:21:51.286] [INFO] info - REQUEST=======> 2017-1-13 11:21:51 [GET] /system/systemVariable?pageNumber=1&pageSize=10，耗时:2ms
[2017-01-13 11:23:35.297] [INFO] info - REQUEST=======> 2017-1-13 11:23:35 [GET] /system/systemVariable?pageNumber=1&pageSize=10，耗时:2ms
[2017-01-13 11:23:36.939] [INFO] info - REQUEST=======> 2017-1-13 11:23:36 [GET] /system/dictionaryItem/use/all，耗时:1ms
[2017-01-13 11:23:36.981] [INFO] info - REQUEST=======> 2017-1-13 11:23:36 [GET] /manage/sign/currentUser，耗时:0ms
[2017-01-13 11:23:37.287] [INFO] info - REQUEST=======> 2017-1-13 11:23:37 [GET] /manage/sign/currentUser，耗时:1ms
[2017-01-13 11:23:37.441] [INFO] info - REQUEST=======> 2017-1-13 11:23:37 [GET] /system/systemVariable?pageNumber=1&pageSize=10，耗时:2ms
[2017-01-13 11:24:17.977] [INFO] info - REQUEST=======> 2017-1-13 11:24:17 [GET] /system/dictionaryItem/use/all，耗时:1ms
[2017-01-13 11:24:18.039] [INFO] info - REQUEST=======> 2017-1-13 11:24:18 [GET] /manage/sign/currentUser，耗时:0ms
[2017-01-13 11:24:18.353] [INFO] info - REQUEST=======> 2017-1-13 11:24:18 [GET] /manage/sign/currentUser，耗时:1ms
[2017-01-13 11:24:18.519] [INFO] info - REQUEST=======> 2017-1-13 11:24:18 [GET] /system/systemVariable?pageNumber=1&pageSize=10，耗时:3ms
[2017-01-13 11:26:23.129] [INFO] info - REQUEST=======> 2017-1-13 11:26:23 [GET] /system/dictionaryItem/use/all，耗时:0ms
[2017-01-13 11:26:23.193] [INFO] info - REQUEST=======> 2017-1-13 11:26:23 [GET] /manage/sign/currentUser，耗时:0ms
[2017-01-13 11:26:23.495] [INFO] info - REQUEST=======> 2017-1-13 11:26:23 [GET] /manage/sign/currentUser，耗时:0ms
[2017-01-13 11:26:23.686] [INFO] info - REQUEST=======> 2017-1-13 11:26:23 [GET] /system/systemVariable?pageNumber=1&pageSize=10，耗时:4ms
[2017-01-13 11:26:23.974] [INFO] info - REQUEST=======> 2017-1-13 11:26:23 [GET] /resource/plugin/ueditor?action=config&&noCache=1484277983712，耗时:0ms
[2017-01-13 11:27:53.948] [INFO] info - REQUEST=======> 2017-1-13 11:27:53 [GET] /system/dictionaryItem/use/all，耗时:1ms
[2017-01-13 11:27:54.005] [INFO] info - REQUEST=======> 2017-1-13 11:27:54 [GET] /manage/sign/currentUser，耗时:1ms
[2017-01-13 11:27:54.009] [INFO] info - REQUEST=======> 2017-1-13 11:27:54 [GET] /manage/sign/currentUser，耗时:0ms
[2017-01-13 11:27:54.366] [INFO] info - REQUEST=======> 2017-1-13 11:27:54 [GET] /system/systemVariable?pageNumber=1&pageSize=10，耗时:3ms
[2017-01-13 11:27:54.406] [INFO] info - REQUEST=======> 2017-1-13 11:27:54 [GET] /resource/plugin/ueditor?action=config&&noCache=1484278074276，耗时:0ms
[2017-01-13 11:28:59.890] [INFO] info - REQUEST=======> 2017-1-13 11:28:59 [GET] /system/dictionaryItem/use/all，耗时:1ms
[2017-01-13 11:28:59.944] [INFO] info - REQUEST=======> 2017-1-13 11:28:59 [GET] /manage/sign/currentUser，耗时:1ms
[2017-01-13 11:29:00.254] [INFO] info - REQUEST=======> 2017-1-13 11:29:00 [GET] /manage/sign/currentUser，耗时:0ms
[2017-01-13 11:29:00.396] [INFO] info - REQUEST=======> 2017-1-13 11:29:00 [GET] /system/systemVariable?pageNumber=1&pageSize=10，耗时:3ms
[2017-01-13 11:29:00.514] [INFO] info - REQUEST=======> 2017-1-13 11:29:00 [GET] /resource/plugin/ueditor?action=config&&noCache=1484278140427，耗时:0ms
[2017-01-13 11:29:11.694] [INFO] info - REQUEST=======> 2017-1-13 11:29:11 [GET] /system/dictionaryItem/use/all，耗时:0ms
[2017-01-13 11:29:11.760] [INFO] info - REQUEST=======> 2017-1-13 11:29:11 [GET] /manage/sign/currentUser，耗时:1ms
[2017-01-13 11:29:12.065] [INFO] info - REQUEST=======> 2017-1-13 11:29:12 [GET] /manage/sign/currentUser，耗时:1ms
[2017-01-13 11:29:12.202] [INFO] info - REQUEST=======> 2017-1-13 11:29:12 [GET] /system/systemVariable?pageNumber=1&pageSize=10，耗时:2ms
[2017-01-13 11:29:12.487] [INFO] info - REQUEST=======> 2017-1-13 11:29:12 [GET] /resource/plugin/ueditor?action=config&&noCache=1484278152256，耗时:0ms
[2017-01-13 11:33:59.326] [INFO] info - REQUEST=======> 2017-1-13 11:33:59 [GET] /system/dictionaryItem/use/all，耗时:1ms
[2017-01-13 11:33:59.382] [INFO] info - REQUEST=======> 2017-1-13 11:33:59 [GET] /manage/sign/currentUser，耗时:1ms
[2017-01-13 11:33:59.689] [INFO] info - REQUEST=======> 2017-1-13 11:33:59 [GET] /manage/sign/currentUser，耗时:1ms
[2017-01-13 11:33:59.851] [INFO] info - REQUEST=======> 2017-1-13 11:33:59 [GET] /system/systemVariable?pageNumber=1&pageSize=10，耗时:3ms
[2017-01-13 11:33:59.942] [INFO] info - REQUEST=======> 2017-1-13 11:33:59 [GET] /resource/plugin/ueditor?action=config&&noCache=1484278439892，耗时:0ms
[2017-01-13 11:34:20.778] [INFO] info - REQUEST=======> 2017-1-13 11:34:20 [GET] /system/dictionaryItem/use/all，耗时:0ms
[2017-01-13 11:34:20.825] [INFO] info - REQUEST=======> 2017-1-13 11:34:20 [GET] /manage/sign/currentUser，耗时:0ms
[2017-01-13 11:34:21.130] [INFO] info - REQUEST=======> 2017-1-13 11:34:21 [GET] /manage/sign/currentUser，耗时:0ms
[2017-01-13 11:34:21.270] [INFO] info - REQUEST=======> 2017-1-13 11:34:21 [GET] /system/systemVariable?pageNumber=1&pageSize=10，耗时:2ms
[2017-01-13 11:34:21.384] [INFO] info - REQUEST=======> 2017-1-13 11:34:21 [GET] /resource/plugin/ueditor?action=config&&noCache=1484278461304，耗时:0ms
[2017-01-13 11:35:31.597] [INFO] info - REQUEST=======> 2017-1-13 11:35:31 [GET] /system/dictionaryItem/use/all，耗时:1ms
[2017-01-13 11:35:31.646] [INFO] info - REQUEST=======> 2017-1-13 11:35:31 [GET] /manage/sign/currentUser，耗时:1ms
[2017-01-13 11:35:31.952] [INFO] info - REQUEST=======> 2017-1-13 11:35:31 [GET] /manage/sign/currentUser，耗时:0ms
[2017-01-13 11:35:32.118] [INFO] info - REQUEST=======> 2017-1-13 11:35:32 [GET] /system/systemVariable?pageNumber=1&pageSize=10，耗时:3ms
[2017-01-13 11:35:32.204] [INFO] info - REQUEST=======> 2017-1-13 11:35:32 [GET] /resource/plugin/ueditor?action=config&&noCache=1484278532179，耗时:1ms
[2017-01-13 11:38:23.921] [INFO] info - REQUEST=======> 2017-1-13 11:38:23 [GET] /system/dictionaryItem/use/all，耗时:0ms
[2017-01-13 11:38:23.977] [INFO] info - REQUEST=======> 2017-1-13 11:38:23 [GET] /manage/sign/currentUser，耗时:0ms
[2017-01-13 11:38:24.284] [INFO] info - REQUEST=======> 2017-1-13 11:38:24 [GET] /manage/sign/currentUser，耗时:1ms
[2017-01-13 11:38:24.448] [INFO] info - REQUEST=======> 2017-1-13 11:38:24 [GET] /system/systemVariable?pageNumber=1&pageSize=10，耗时:2ms
[2017-01-13 11:38:24.534] [INFO] info - REQUEST=======> 2017-1-13 11:38:24 [GET] /resource/plugin/ueditor?action=config&&noCache=1484278704519，耗时:0ms
[2017-01-13 11:52:07.066] [INFO] info - REQUEST=======> 2017-1-13 11:52:07 [GET] /system/dictionaryItem/use/all，耗时:1ms
[2017-01-13 11:52:07.108] [INFO] info - REQUEST=======> 2017-1-13 11:52:07 [GET] /manage/sign/currentUser，耗时:0ms
[2017-01-13 11:52:07.426] [INFO] info - REQUEST=======> 2017-1-13 11:52:07 [GET] /manage/sign/currentUser，耗时:1ms
[2017-01-13 11:52:07.579] [INFO] info - REQUEST=======> 2017-1-13 11:52:07 [GET] /system/systemVariable?pageNumber=1&pageSize=10，耗时:4ms
[2017-01-13 11:52:07.666] [INFO] info - REQUEST=======> 2017-1-13 11:52:07 [GET] /resource/plugin/ueditor?action=config&&noCache=1484279527611，耗时:0ms
[2017-01-13 11:52:46.982] [INFO] info - REQUEST=======> 2017-1-13 11:52:46 [GET] /system/dictionaryItem/use/all，耗时:0ms
[2017-01-13 11:52:47.030] [INFO] info - REQUEST=======> 2017-1-13 11:52:47 [GET] /manage/sign/currentUser，耗时:0ms
[2017-01-13 11:52:47.335] [INFO] info - REQUEST=======> 2017-1-13 11:52:47 [GET] /manage/sign/currentUser，耗时:1ms
[2017-01-13 11:52:47.507] [INFO] info - REQUEST=======> 2017-1-13 11:52:47 [GET] /system/systemVariable?pageNumber=1&pageSize=10，耗时:3ms
[2017-01-13 11:52:47.596] [INFO] info - REQUEST=======> 2017-1-13 11:52:47 [GET] /resource/plugin/ueditor?action=config&&noCache=1484279567590，耗时:1ms
[2017-01-13 11:54:44.189] [INFO] info - REQUEST=======> 2017-1-13 11:54:44 [GET] /system/dictionaryItem/use/all，耗时:0ms
[2017-01-13 11:54:44.556] [INFO] info - REQUEST=======> 2017-1-13 11:54:44 [GET] /manage/sign/currentUser，耗时:1ms
[2017-01-13 11:54:44.617] [INFO] info - REQUEST=======> 2017-1-13 11:54:44 [GET] /manage/sign/currentUser，耗时:0ms
[2017-01-13 11:54:44.802] [INFO] info - REQUEST=======> 2017-1-13 11:54:44 [GET] /system/systemVariable?pageNumber=1&pageSize=10，耗时:5ms
[2017-01-13 11:54:44.865] [INFO] info - REQUEST=======> 2017-1-13 11:54:44 [GET] /resource/plugin/ueditor?action=config&&noCache=1484279684841，耗时:0ms
[2017-01-13 11:54:54.115] [INFO] info - REQUEST=======> 2017-1-13 11:54:54 [GET] /system/dictionaryItem/use/all，耗时:1ms
[2017-01-13 11:54:54.157] [INFO] info - REQUEST=======> 2017-1-13 11:54:54 [GET] /manage/sign/currentUser，耗时:0ms
[2017-01-13 11:54:54.161] [INFO] info - REQUEST=======> 2017-1-13 11:54:54 [GET] /manage/sign/currentUser，耗时:1ms
[2017-01-13 11:54:54.349] [INFO] info - REQUEST=======> 2017-1-13 11:54:54 [GET] /system/systemVariable?pageNumber=1&pageSize=10，耗时:2ms
[2017-01-13 11:54:54.391] [INFO] info - REQUEST=======> 2017-1-13 11:54:54 [GET] /resource/plugin/ueditor?action=config&&noCache=1484279694382，耗时:1ms
[2017-01-13 11:58:27.652] [INFO] info - REQUEST=======> 2017-1-13 11:58:27 [GET] /system/dictionaryItem/use/all，耗时:1ms
[2017-01-13 11:58:28.006] [INFO] info - REQUEST=======> 2017-1-13 11:58:28 [GET] /manage/sign/currentUser，耗时:0ms
[2017-01-13 11:58:28.019] [INFO] info - REQUEST=======> 2017-1-13 11:58:28 [GET] /manage/sign/currentUser，耗时:0ms
[2017-01-13 11:58:28.273] [INFO] info - REQUEST=======> 2017-1-13 11:58:28 [GET] /system/systemVariable?pageNumber=1&pageSize=10，耗时:4ms
[2017-01-13 11:58:28.312] [INFO] info - REQUEST=======> 2017-1-13 11:58:28 [GET] /resource/plugin/ueditor?action=config&&noCache=1484279908219，耗时:0ms
[2017-01-13 11:58:57.863] [INFO] info - REQUEST=======> 2017-1-13 11:58:57 [GET] /system/dictionaryItem/use/all，耗时:0ms
[2017-01-13 11:58:57.908] [INFO] info - REQUEST=======> 2017-1-13 11:58:57 [GET] /manage/sign/currentUser，耗时:1ms
[2017-01-13 11:58:58.229] [INFO] info - REQUEST=======> 2017-1-13 11:58:58 [GET] /manage/sign/currentUser，耗时:0ms
[2017-01-13 11:58:58.375] [INFO] info - REQUEST=======> 2017-1-13 11:58:58 [GET] /system/systemVariable?pageNumber=1&pageSize=10，耗时:3ms
[2017-01-13 11:58:58.470] [INFO] info - REQUEST=======> 2017-1-13 11:58:58 [GET] /resource/plugin/ueditor?action=config&&noCache=1484279938434，耗时:1ms
[2017-01-13 11:59:34.789] [INFO] info - REQUEST=======> 2017-1-13 11:59:34 [GET] /system/dictionaryItem/use/all，耗时:1ms
[2017-01-13 11:59:34.850] [INFO] info - REQUEST=======> 2017-1-13 11:59:34 [GET] /manage/sign/currentUser，耗时:0ms
[2017-01-13 11:59:35.156] [INFO] info - REQUEST=======> 2017-1-13 11:59:35 [GET] /manage/sign/currentUser，耗时:1ms
[2017-01-13 11:59:35.324] [INFO] info - REQUEST=======> 2017-1-13 11:59:35 [GET] /system/systemVariable?pageNumber=1&pageSize=10，耗时:2ms
[2017-01-13 11:59:35.411] [INFO] info - REQUEST=======> 2017-1-13 11:59:35 [GET] /resource/plugin/ueditor?action=config&&noCache=1484279975371，耗时:0ms
[2017-01-13 12:00:10.144] [INFO] info - REQUEST=======> 2017-1-13 12:00:10 [GET] /system/dictionaryItem/use/all，耗时:0ms
[2017-01-13 12:00:10.187] [INFO] info - REQUEST=======> 2017-1-13 12:00:10 [GET] /manage/sign/currentUser，耗时:0ms
[2017-01-13 12:00:10.487] [INFO] info - REQUEST=======> 2017-1-13 12:00:10 [GET] /manage/sign/currentUser，耗时:0ms
[2017-01-13 12:00:10.663] [INFO] info - REQUEST=======> 2017-1-13 12:00:10 [GET] /system/systemVariable?pageNumber=1&pageSize=10，耗时:2ms
[2017-01-13 12:00:10.745] [INFO] info - REQUEST=======> 2017-1-13 12:00:10 [GET] /resource/plugin/ueditor?action=config&&noCache=1484280010729，耗时:1ms
[2017-01-13 12:02:20.106] [INFO] info - REQUEST=======> 2017-1-13 12:02:20 [GET] /system/dictionaryItem/use/all，耗时:1ms
[2017-01-13 12:02:20.149] [INFO] info - REQUEST=======> 2017-1-13 12:02:20 [GET] /manage/sign/currentUser，耗时:0ms
[2017-01-13 12:02:20.153] [INFO] info - REQUEST=======> 2017-1-13 12:02:20 [GET] /manage/sign/currentUser，耗时:0ms
[2017-01-13 12:02:20.472] [INFO] info - REQUEST=======> 2017-1-13 12:02:20 [GET] /system/systemVariable?pageNumber=1&pageSize=10，耗时:2ms
[2017-01-13 12:02:41.848] [INFO] info - REQUEST=======> 2017-1-13 12:02:41 [GET] /resource/plugin/ueditor?action=config&&noCache=1484280161397，耗时:1ms
[2017-01-13 12:02:42.626] [INFO] info - REQUEST=======> 2017-1-13 12:02:42 [GET] /system/dictionaryItem/use/all，耗时:1ms
[2017-01-13 12:02:42.672] [INFO] info - REQUEST=======> 2017-1-13 12:02:42 [GET] /manage/sign/currentUser，耗时:0ms
[2017-01-13 12:02:42.976] [INFO] info - REQUEST=======> 2017-1-13 12:02:42 [GET] /manage/sign/currentUser，耗时:0ms
[2017-01-13 12:02:43.124] [INFO] info - REQUEST=======> 2017-1-13 12:02:43 [GET] /system/systemVariable?pageNumber=1&pageSize=10，耗时:2ms
[2017-01-13 12:02:43.229] [INFO] info - REQUEST=======> 2017-1-13 12:02:43 [GET] /resource/plugin/ueditor?action=config&&noCache=1484280163174，耗时:0ms
[2017-01-13 12:04:02.549] [INFO] info - REQUEST=======> 2017-1-13 12:04:02 [GET] /system/dictionaryItem/use/all，耗时:0ms
[2017-01-13 12:04:02.595] [INFO] info - REQUEST=======> 2017-1-13 12:04:02 [GET] /manage/sign/currentUser，耗时:0ms
[2017-01-13 12:04:02.888] [INFO] info - REQUEST=======> 2017-1-13 12:04:02 [GET] /manage/sign/currentUser，耗时:0ms
[2017-01-13 12:04:03.054] [INFO] info - REQUEST=======> 2017-1-13 12:04:03 [GET] /system/systemVariable?pageNumber=1&pageSize=10，耗时:2ms
[2017-01-13 12:04:03.152] [INFO] info - REQUEST=======> 2017-1-13 12:04:03 [GET] /resource/plugin/ueditor?action=config&&noCache=1484280243110，耗时:0ms
[2017-01-13 12:04:10.080] [INFO] info - REQUEST=======> 2017-1-13 12:04:10 [GET] /system/dictionaryItem/use/all，耗时:1ms
[2017-01-13 12:04:10.124] [INFO] info - REQUEST=======> 2017-1-13 12:04:10 [GET] /manage/sign/currentUser，耗时:0ms
[2017-01-13 12:04:10.129] [INFO] info - REQUEST=======> 2017-1-13 12:04:10 [GET] /manage/sign/currentUser，耗时:0ms
[2017-01-13 12:04:10.297] [INFO] info - REQUEST=======> 2017-1-13 12:04:10 [GET] /system/systemVariable?pageNumber=1&pageSize=10，耗时:5ms
[2017-01-13 12:04:10.582] [INFO] info - REQUEST=======> 2017-1-13 12:04:10 [GET] /resource/plugin/ueditor?action=config&&noCache=1484280250339，耗时:1ms
[2017-01-13 12:07:24.352] [INFO] info - REQUEST=======> 2017-1-13 12:07:24 [GET] /system/dictionaryItem/use/all，耗时:1ms
[2017-01-13 12:07:24.412] [INFO] info - REQUEST=======> 2017-1-13 12:07:24 [GET] /manage/sign/currentUser，耗时:0ms
[2017-01-13 12:07:24.730] [INFO] info - REQUEST=======> 2017-1-13 12:07:24 [GET] /manage/sign/currentUser，耗时:1ms
[2017-01-13 12:07:24.906] [INFO] info - REQUEST=======> 2017-1-13 12:07:24 [GET] /system/systemVariable?pageNumber=1&pageSize=10，耗时:2ms
[2017-01-13 12:07:24.972] [INFO] info - REQUEST=======> 2017-1-13 12:07:24 [GET] /resource/plugin/ueditor?action=config&&noCache=1484280444958，耗时:0ms
[2017-01-13 12:07:39.694] [INFO] info - REQUEST=======> 2017-1-13 12:07:39 [GET] /system/dictionaryItem/use/all，耗时:1ms
[2017-01-13 12:07:39.743] [INFO] info - REQUEST=======> 2017-1-13 12:07:39 [GET] /manage/sign/currentUser，耗时:0ms
[2017-01-13 12:07:40.047] [INFO] info - REQUEST=======> 2017-1-13 12:07:40 [GET] /manage/sign/currentUser，耗时:0ms
[2017-01-13 12:07:40.190] [INFO] info - REQUEST=======> 2017-1-13 12:07:40 [GET] /system/systemVariable?pageNumber=1&pageSize=10，耗时:2ms
[2017-01-13 12:07:40.301] [INFO] info - REQUEST=======> 2017-1-13 12:07:40 [GET] /resource/plugin/ueditor?action=config&&noCache=1484280460236，耗时:1ms
[2017-01-13 12:25:58.525] [INFO] info - REQUEST=======> 2017-1-13 12:25:58 [GET] /system/dictionaryItem/use/all，耗时:0ms
[2017-01-13 12:25:58.599] [INFO] info - REQUEST=======> 2017-1-13 12:25:58 [GET] /manage/sign/currentUser，耗时:1ms
[2017-01-13 12:25:58.904] [INFO] info - REQUEST=======> 2017-1-13 12:25:58 [GET] /manage/sign/currentUser，耗时:0ms
[2017-01-13 12:25:59.097] [INFO] info - REQUEST=======> 2017-1-13 12:25:59 [GET] /system/systemVariable?pageNumber=1&pageSize=10，耗时:3ms
[2017-01-13 12:25:59.160] [INFO] info - REQUEST=======> 2017-1-13 12:25:59 [GET] /resource/plugin/ueditor?action=config&&noCache=1484281559154，耗时:0ms
[2017-01-13 12:27:31.740] [INFO] info - REQUEST=======> 2017-1-13 12:27:31 [GET] /system/dictionaryItem/use/all，耗时:1ms
[2017-01-13 12:27:32.090] [INFO] info - REQUEST=======> 2017-1-13 12:27:32 [GET] /manage/sign/currentUser，耗时:0ms
[2017-01-13 12:27:32.116] [INFO] info - REQUEST=======> 2017-1-13 12:27:32 [GET] /manage/sign/currentUser，耗时:0ms
[2017-01-13 12:27:32.348] [INFO] info - REQUEST=======> 2017-1-13 12:27:32 [GET] /system/systemVariable?pageNumber=1&pageSize=10，耗时:3ms
[2017-01-13 12:27:32.396] [INFO] info - REQUEST=======> 2017-1-13 12:27:32 [GET] /resource/plugin/ueditor?action=config&&noCache=1484281652327，耗时:1ms
[2017-01-13 12:27:46.209] [INFO] info - REQUEST=======> 2017-1-13 12:27:46 [GET] /system/dictionaryItem/use/all，耗时:1ms
[2017-01-13 12:27:46.253] [INFO] info - REQUEST=======> 2017-1-13 12:27:46 [GET] /manage/sign/currentUser，耗时:0ms
[2017-01-13 12:27:46.565] [INFO] info - REQUEST=======> 2017-1-13 12:27:46 [GET] /manage/sign/currentUser，耗时:0ms
[2017-01-13 12:27:46.726] [INFO] info - REQUEST=======> 2017-1-13 12:27:46 [GET] /system/systemVariable?pageNumber=1&pageSize=10，耗时:3ms
[2017-01-13 12:27:46.810] [INFO] info - REQUEST=======> 2017-1-13 12:27:46 [GET] /resource/plugin/ueditor?action=config&&noCache=1484281666738，耗时:1ms
[2017-01-13 12:28:09.744] [INFO] info - REQUEST=======> 2017-1-13 12:28:09 [GET] /system/systemVariable?pageNumber=1&pageSize=10，耗时:6ms
[2017-01-13 12:28:10.314] [INFO] info - REQUEST=======> 2017-1-13 12:28:10 [GET] /system/dictionaryItem/use/all，耗时:1ms
[2017-01-13 12:28:10.379] [INFO] info - REQUEST=======> 2017-1-13 12:28:10 [GET] /manage/sign/currentUser，耗时:1ms
[2017-01-13 12:28:10.392] [INFO] info - REQUEST=======> 2017-1-13 12:28:10 [GET] /manage/sign/currentUser，耗时:0ms
[2017-01-13 12:28:10.766] [INFO] info - REQUEST=======> 2017-1-13 12:28:10 [GET] /system/systemVariable?pageNumber=1&pageSize=10，耗时:3ms
