[2017-01-10 14:58:04.355] [INFO] info - 刷新缓存：DICTIONARY_ITEM_USE_ALL
[2017-01-10 14:58:04.428] [INFO] info - Redis connecting!
[2017-01-10 14:58:04.431] [INFO] info - Redis auth pass!
[2017-01-10 14:59:07.118] [INFO] info - REQUEST=======> 2017-1-10 14:59:07 [GET] /system/dictionaryItem/use/all，耗时:7ms
[2017-01-10 14:59:07.163] [INFO] info - REQUEST=======> 2017-1-10 14:59:07 [GET] /manage/sign/currentUser，耗时:1ms
[2017-01-10 14:59:07.470] [INFO] info - REQUEST=======> 2017-1-10 14:59:07 [GET] /manage/sign/currentUser，耗时:1ms
[2017-01-10 14:59:09.199] [INFO] info - REQUEST=======> 2017-1-10 14:59:09 [GET] /manage/account?pageNumber=1&pageSize=10，耗时:68ms
[2017-01-10 14:59:09.209] [INFO] info - REQUEST=======> 2017-1-10 14:59:09 [GET] /manage/account?pageNumber=1&pageSize=10，耗时:4ms
[2017-01-10 14:59:12.291] [INFO] info - REQUEST=======> 2017-1-10 14:59:12 [GET] /manage/account?pageNumber=1&pageSize=10，耗时:5ms
[2017-01-10 14:59:12.545] [INFO] info - REQUEST=======> 2017-1-10 14:59:12 [GET] /manage/account?pageNumber=1&pageSize=10，耗时:6ms
[2017-01-10 14:59:18.736] [INFO] info - REQUEST=======> 2017-1-10 14:59:18 [PUT] /manage/account，耗时:635ms
[2017-01-10 14:59:19.058] [INFO] info - REQUEST=======> 2017-1-10 14:59:19 [GET] /manage/account?pageNumber=1&pageSize=10，耗时:3ms
[2017-01-10 15:05:09.939] [INFO] info - REQUEST=======> 2017-1-10 15:05:09 [GET] /system/dictionaryItem/use/all，耗时:1ms
[2017-01-10 15:05:09.995] [INFO] info - REQUEST=======> 2017-1-10 15:05:09 [GET] /manage/sign/currentUser，耗时:1ms
[2017-01-10 15:05:10.302] [INFO] info - REQUEST=======> 2017-1-10 15:05:10 [GET] /manage/sign/currentUser，耗时:0ms
[2017-01-10 15:05:58.324] [INFO] info - REQUEST=======> 2017-1-10 15:05:58 [GET] /system/dictionaryItem/use/all，耗时:0ms
[2017-01-10 15:05:58.673] [INFO] info - REQUEST=======> 2017-1-10 15:05:58 [GET] /manage/sign/currentUser，耗时:1ms
[2017-01-10 15:05:58.748] [INFO] info - REQUEST=======> 2017-1-10 15:05:58 [GET] /manage/sign/currentUser，耗时:3ms
[2017-01-10 15:06:28.156] [INFO] info - REQUEST=======> 2017-1-10 15:06:28 [GET] /system/dictionaryType?pageNumber=1&pageSize=10，耗时:5ms
[2017-01-10 15:06:30.463] [INFO] info - REQUEST=======> 2017-1-10 15:06:30 [GET] /system/dictionaryType?pageNumber=1&pageSize=10，耗时:6ms
[2017-01-10 15:06:31.381] [INFO] info - REQUEST=======> 2017-1-10 15:06:31 [GET] /system/dictionaryItem/use/all，耗时:1ms
[2017-01-10 15:06:31.724] [INFO] info - REQUEST=======> 2017-1-10 15:06:31 [GET] /manage/sign/currentUser，耗时:0ms
[2017-01-10 15:06:31.748] [INFO] info - REQUEST=======> 2017-1-10 15:06:31 [GET] /manage/sign/currentUser，耗时:0ms
[2017-01-10 15:06:31.979] [INFO] info - REQUEST=======> 2017-1-10 15:06:31 [GET] /system/dictionaryType?pageNumber=1&pageSize=10，耗时:3ms
[2017-01-10 15:06:34.010] [INFO] info - REQUEST=======> 2017-1-10 15:06:34 [GET] /system/dictionaryType?pageNumber=2&pageSize=10，耗时:6ms
[2017-01-10 15:06:34.655] [INFO] info - REQUEST=======> 2017-1-10 15:06:34 [GET] /system/dictionaryType?pageNumber=3&pageSize=10，耗时:5ms
[2017-01-10 15:06:35.591] [INFO] info - REQUEST=======> 2017-1-10 15:06:35 [GET] /system/dictionaryType?pageNumber=2&pageSize=10，耗时:5ms
[2017-01-10 15:06:36.250] [INFO] info - REQUEST=======> 2017-1-10 15:06:36 [GET] /system/dictionaryType?pageNumber=1&pageSize=10，耗时:6ms
[2017-01-10 15:07:22.551] [INFO] info - REQUEST=======> 2017-1-10 15:07:22 [GET] /system/dictionaryItem/use/all，耗时:1ms
[2017-01-10 15:07:22.594] [INFO] info - REQUEST=======> 2017-1-10 15:07:22 [GET] /manage/sign/currentUser，耗时:1ms
[2017-01-10 15:07:22.901] [INFO] info - REQUEST=======> 2017-1-10 15:07:22 [GET] /manage/sign/currentUser，耗时:1ms
[2017-01-10 15:07:23.063] [INFO] info - REQUEST=======> 2017-1-10 15:07:23 [GET] /system/dictionaryType?pageNumber=1&pageSize=10，耗时:3ms
[2017-01-10 15:07:48.032] [INFO] info - REQUEST=======> 2017-1-10 15:07:48 [GET] /system/dictionaryType?pageNumber=1&pageSize=10，耗时:4ms
[2017-01-10 15:08:00.700] [INFO] info - REQUEST=======> 2017-1-10 15:08:00 [GET] /system/dictionaryType?pageNumber=1&pageSize=10，耗时:4ms
[2017-01-10 15:08:10.005] [INFO] info - REQUEST=======> 2017-1-10 15:08:10 [GET] /system/dictionaryType?pageNumber=1&pageSize=10，耗时:3ms
[2017-01-10 15:08:14.301] [INFO] info - REQUEST=======> 2017-1-10 15:08:14 [GET] /system/dictionaryItem/use/all，耗时:1ms
[2017-01-10 15:08:14.343] [INFO] info - REQUEST=======> 2017-1-10 15:08:14 [GET] /manage/sign/currentUser，耗时:1ms
[2017-01-10 15:08:14.649] [INFO] info - REQUEST=======> 2017-1-10 15:08:14 [GET] /manage/sign/currentUser，耗时:0ms
[2017-01-10 15:08:14.799] [INFO] info - REQUEST=======> 2017-1-10 15:08:14 [GET] /system/dictionaryType?pageNumber=1&pageSize=10，耗时:3ms
[2017-01-10 15:08:33.900] [INFO] info - REQUEST=======> 2017-1-10 15:08:33 [GET] /system/dictionaryType?pageNumber=1&pageSize=10，耗时:3ms
[2017-01-10 15:08:36.803] [INFO] info - REQUEST=======> 2017-1-10 15:08:36 [GET] /system/dictionaryItem/use/all，耗时:1ms
[2017-01-10 15:08:36.848] [INFO] info - REQUEST=======> 2017-1-10 15:08:36 [GET] /manage/sign/currentUser，耗时:0ms
[2017-01-10 15:08:37.153] [INFO] info - REQUEST=======> 2017-1-10 15:08:37 [GET] /manage/sign/currentUser，耗时:1ms
[2017-01-10 15:08:37.320] [INFO] info - REQUEST=======> 2017-1-10 15:08:37 [GET] /system/dictionaryType?pageNumber=1&pageSize=10，耗时:3ms
[2017-01-10 15:08:46.300] [INFO] info - REQUEST=======> 2017-1-10 15:08:46 [GET] /system/dictionaryType?pageNumber=1&pageSize=10，耗时:4ms
[2017-01-10 15:08:49.128] [INFO] info - REQUEST=======> 2017-1-10 15:08:49 [GET] /system/dictionaryType?pageNumber=1&pageSize=10，耗时:3ms
[2017-01-10 15:08:50.245] [INFO] info - REQUEST=======> 2017-1-10 15:08:50 [GET] /system/dictionaryItem/use/all，耗时:2ms
[2017-01-10 15:08:50.599] [INFO] info - REQUEST=======> 2017-1-10 15:08:50 [GET] /manage/sign/currentUser，耗时:0ms
[2017-01-10 15:08:50.623] [INFO] info - REQUEST=======> 2017-1-10 15:08:50 [GET] /manage/sign/currentUser，耗时:1ms
[2017-01-10 15:08:50.856] [INFO] info - REQUEST=======> 2017-1-10 15:08:50 [GET] /system/dictionaryType?pageNumber=1&pageSize=10，耗时:2ms
[2017-01-10 15:09:02.007] [INFO] info - REQUEST=======> 2017-1-10 15:09:01 [GET] /system/dictionaryType?keyword=123&pageNumber=1&pageSize=10，耗时:28ms
[2017-01-10 15:09:03.707] [INFO] info - REQUEST=======> 2017-1-10 15:09:03 [GET] /system/dictionaryType?keyword=&pageNumber=1&pageSize=10，耗时:3ms
[2017-01-10 15:09:06.052] [INFO] info - REQUEST=======> 2017-1-10 15:09:06 [GET] /system/dictionaryType?keyword=Level&pageNumber=1&pageSize=10，耗时:1ms
[2017-01-10 15:09:08.806] [INFO] info - REQUEST=======> 2017-1-10 15:09:08 [GET] /system/dictionaryType?keyword=&pageNumber=1&pageSize=10，耗时:6ms
[2017-01-10 15:09:10.909] [INFO] info - REQUEST=======> 2017-1-10 15:09:10 [GET] /system/dictionaryType?keyword=%E7%AD%89%E7%BA%A7&pageNumber=1&pageSize=10，耗时:2ms
[2017-01-10 15:09:12.578] [INFO] info - REQUEST=======> 2017-1-10 15:09:12 [GET] /system/dictionaryType?keyword=&pageNumber=1&pageSize=10，耗时:2ms
[2017-01-10 15:09:27.085] [INFO] info - REQUEST=======> 2017-1-10 15:09:27 [GET] /system/dictionaryType?pageNumber=1&pageSize=10，耗时:2ms
[2017-01-10 15:09:32.475] [INFO] info - REQUEST=======> 2017-1-10 15:09:32 [GET] /system/dictionaryType?pageNumber=1&pageSize=10，耗时:3ms
[2017-01-10 15:09:33.553] [INFO] info - REQUEST=======> 2017-1-10 15:09:33 [GET] /system/dictionaryItem/use/all，耗时:1ms
[2017-01-10 15:09:33.593] [INFO] info - REQUEST=======> 2017-1-10 15:09:33 [GET] /manage/sign/currentUser，耗时:1ms
[2017-01-10 15:09:33.897] [INFO] info - REQUEST=======> 2017-1-10 15:09:33 [GET] /manage/sign/currentUser，耗时:0ms
[2017-01-10 15:09:34.057] [INFO] info - REQUEST=======> 2017-1-10 15:09:34 [GET] /system/dictionaryType?pageNumber=1&pageSize=10，耗时:4ms
[2017-01-10 15:10:32.986] [INFO] info - REQUEST=======> 2017-1-10 15:10:32 [GET] /system/dictionaryType?pageNumber=1&pageSize=10，耗时:3ms
[2017-01-10 15:10:44.626] [INFO] info - REQUEST=======> 2017-1-10 15:10:44 [GET] /system/dictionaryItem/use/all，耗时:1ms
[2017-01-10 15:10:44.663] [INFO] info - REQUEST=======> 2017-1-10 15:10:44 [GET] /manage/sign/currentUser，耗时:0ms
[2017-01-10 15:10:44.969] [INFO] info - REQUEST=======> 2017-1-10 15:10:44 [GET] /manage/sign/currentUser，耗时:1ms
[2017-01-10 15:10:45.148] [INFO] info - REQUEST=======> 2017-1-10 15:10:45 [GET] /system/dictionaryType?pageNumber=1&pageSize=10，耗时:2ms
[2017-01-10 15:11:30.959] [INFO] info - REQUEST=======> 2017-1-10 15:11:30 [GET] /system/dictionaryType?pageNumber=1&pageSize=10，耗时:4ms
[2017-01-10 15:11:34.512] [INFO] info - REQUEST=======> 2017-1-10 15:11:34 [GET] /system/dictionaryItem/use/all，耗时:2ms
[2017-01-10 15:11:34.561] [INFO] info - REQUEST=======> 2017-1-10 15:11:34 [GET] /manage/sign/currentUser，耗时:1ms
[2017-01-10 15:11:34.866] [INFO] info - REQUEST=======> 2017-1-10 15:11:34 [GET] /manage/sign/currentUser，耗时:0ms
[2017-01-10 15:11:35.023] [INFO] info - REQUEST=======> 2017-1-10 15:11:35 [GET] /system/dictionaryType?pageNumber=1&pageSize=10，耗时:3ms
[2017-01-10 15:11:52.253] [INFO] info - REQUEST=======> 2017-1-10 15:11:52 [GET] /system/dictionaryType?pageNumber=1&pageSize=10，耗时:5ms
[2017-01-10 15:13:02.508] [INFO] info - REQUEST=======> 2017-1-10 15:13:02 [GET] /system/dictionaryItem/getByType/HospitalLevel，耗时:3ms
[2017-01-10 15:13:05.713] [INFO] info - REQUEST=======> 2017-1-10 15:13:05 [GET] /system/dictionaryItem/getByType/ManagerType，耗时:2ms
[2017-01-10 15:13:07.176] [INFO] info - REQUEST=======> 2017-1-10 15:13:07 [GET] /system/dictionaryItem/getByType/BloodType，耗时:3ms
[2017-01-10 15:13:53.159] [INFO] info - REQUEST=======> 2017-1-10 15:13:53 [GET] /system/dictionaryItem/use/all，耗时:0ms
[2017-01-10 15:13:53.211] [INFO] info - REQUEST=======> 2017-1-10 15:13:53 [GET] /manage/sign/currentUser，耗时:0ms
[2017-01-10 15:13:53.552] [INFO] info - REQUEST=======> 2017-1-10 15:13:53 [GET] /manage/sign/currentUser，耗时:0ms
[2017-01-10 15:13:53.717] [INFO] info - REQUEST=======> 2017-1-10 15:13:53 [GET] /system/dictionaryType?pageNumber=1&pageSize=10，耗时:6ms
[2017-01-10 15:14:17.107] [INFO] info - REQUEST=======> 2017-1-10 15:14:17 [GET] /system/dictionaryType?pageNumber=1&pageSize=10，耗时:5ms
[2017-01-10 15:14:18.973] [INFO] info - REQUEST=======> 2017-1-10 15:14:18 [GET] /system/dictionaryItem/use/all，耗时:1ms
[2017-01-10 15:14:19.013] [INFO] info - REQUEST=======> 2017-1-10 15:14:19 [GET] /manage/sign/currentUser，耗时:0ms
[2017-01-10 15:14:19.323] [INFO] info - REQUEST=======> 2017-1-10 15:14:19 [GET] /manage/sign/currentUser，耗时:0ms
[2017-01-10 15:14:19.484] [INFO] info - REQUEST=======> 2017-1-10 15:14:19 [GET] /system/dictionaryType?pageNumber=1&pageSize=10，耗时:2ms
[2017-01-10 15:14:54.901] [INFO] info - REQUEST=======> 2017-1-10 15:14:54 [GET] /system/dictionaryType?pageNumber=1&pageSize=10，耗时:3ms
[2017-01-10 15:14:56.899] [INFO] info - REQUEST=======> 2017-1-10 15:14:56 [GET] /system/dictionaryItem/use/all，耗时:1ms
[2017-01-10 15:14:56.947] [INFO] info - REQUEST=======> 2017-1-10 15:14:56 [GET] /manage/sign/currentUser，耗时:0ms
[2017-01-10 15:14:57.253] [INFO] info - REQUEST=======> 2017-1-10 15:14:57 [GET] /manage/sign/currentUser，耗时:1ms
[2017-01-10 15:14:57.435] [INFO] info - REQUEST=======> 2017-1-10 15:14:57 [GET] /system/dictionaryType?pageNumber=1&pageSize=10，耗时:4ms
[2017-01-10 15:17:04.017] [INFO] info - REQUEST=======> 2017-1-10 15:17:04 [GET] /system/dictionaryItem/use/all，耗时:1ms
[2017-01-10 15:17:04.146] [INFO] info - REQUEST=======> 2017-1-10 15:17:04 [GET] /manage/sign/currentUser，耗时:0ms
[2017-01-10 15:17:04.457] [INFO] info - REQUEST=======> 2017-1-10 15:17:04 [GET] /manage/sign/currentUser，耗时:0ms
[2017-01-10 15:17:04.672] [INFO] info - REQUEST=======> 2017-1-10 15:17:04 [GET] /system/dictionaryType?pageNumber=1&pageSize=10，耗时:4ms
[2017-01-10 15:18:58.789] [INFO] info - REQUEST=======> 2017-1-10 15:18:58 [GET] /system/dictionaryItem/use/all，耗时:1ms
[2017-01-10 15:18:59.134] [INFO] info - REQUEST=======> 2017-1-10 15:18:59 [GET] /manage/sign/currentUser，耗时:0ms
[2017-01-10 15:18:59.155] [INFO] info - REQUEST=======> 2017-1-10 15:18:59 [GET] /manage/sign/currentUser，耗时:0ms
[2017-01-10 15:18:59.394] [INFO] info - REQUEST=======> 2017-1-10 15:18:59 [GET] /system/dictionaryType?pageNumber=1&pageSize=10，耗时:5ms
[2017-01-10 15:19:18.118] [INFO] info - REQUEST=======> 2017-1-10 15:19:18 [GET] /system/dictionaryType?pageNumber=1&pageSize=10，耗时:3ms
[2017-01-10 15:19:22.403] [INFO] info - REQUEST=======> 2017-1-10 15:19:22 [GET] /system/dictionaryType?pageNumber=1&pageSize=10，耗时:3ms
[2017-01-10 15:19:54.587] [INFO] info - REQUEST=======> 2017-1-10 15:19:54 [GET] /system/dictionaryType?pageNumber=1&pageSize=10，耗时:3ms
[2017-01-10 15:20:11.029] [INFO] info - REQUEST=======> 2017-1-10 15:20:11 [GET] /system/dictionaryType?pageNumber=1&pageSize=10，耗时:3ms
[2017-01-10 15:21:28.278] [INFO] info - REQUEST=======> 2017-1-10 15:21:28 [GET] /system/dictionaryItem/use/all，耗时:1ms
[2017-01-10 15:21:28.335] [INFO] info - REQUEST=======> 2017-1-10 15:21:28 [GET] /manage/sign/currentUser，耗时:0ms
[2017-01-10 15:21:28.642] [INFO] info - REQUEST=======> 2017-1-10 15:21:28 [GET] /manage/sign/currentUser，耗时:1ms
[2017-01-10 15:21:28.834] [INFO] info - REQUEST=======> 2017-1-10 15:21:28 [GET] /system/dictionaryType?pageNumber=1&pageSize=10，耗时:2ms
[2017-01-10 15:24:49.253] [INFO] info - REQUEST=======> 2017-1-10 15:24:49 [GET] /system/dictionaryType?pageNumber=1&pageSize=10，耗时:3ms
[2017-01-10 15:24:55.140] [INFO] info - REQUEST=======> 2017-1-10 15:24:55 [GET] /system/dictionaryItem/use/all，耗时:0ms
[2017-01-10 15:24:55.178] [INFO] info - REQUEST=======> 2017-1-10 15:24:55 [GET] /manage/sign/currentUser，耗时:0ms
[2017-01-10 15:24:55.484] [INFO] info - REQUEST=======> 2017-1-10 15:24:55 [GET] /manage/sign/currentUser，耗时:0ms
[2017-01-10 15:24:55.646] [INFO] info - REQUEST=======> 2017-1-10 15:24:55 [GET] /system/dictionaryType?pageNumber=1&pageSize=10，耗时:3ms
[2017-01-10 15:26:01.842] [INFO] info - REQUEST=======> 2017-1-10 15:26:01 [GET] /system/dictionaryType?pageNumber=1&pageSize=10，耗时:4ms
[2017-01-10 15:26:13.198] [INFO] info - REQUEST=======> 2017-1-10 15:26:13 [GET] /system/dictionaryType?pageNumber=1&pageSize=10，耗时:3ms
[2017-01-10 15:26:14.804] [INFO] info - REQUEST=======> 2017-1-10 15:26:14 [GET] /system/dictionaryType?pageNumber=2&pageSize=10，耗时:2ms
[2017-01-10 15:26:16.433] [INFO] info - REQUEST=======> 2017-1-10 15:26:16 [GET] /system/dictionaryType?pageNumber=1&pageSize=10，耗时:2ms
[2017-01-10 15:26:17.956] [INFO] info - REQUEST=======> 2017-1-10 15:26:17 [GET] /system/dictionaryType?pageNumber=2&pageSize=10，耗时:2ms
[2017-01-10 15:26:18.842] [INFO] info - REQUEST=======> 2017-1-10 15:26:18 [GET] /system/dictionaryType?pageNumber=3&pageSize=10，耗时:2ms
[2017-01-10 15:26:21.084] [INFO] info - REQUEST=======> 2017-1-10 15:26:21 [GET] /system/dictionaryType?pageNumber=2&pageSize=10，耗时:2ms
[2017-01-10 15:26:22.097] [INFO] info - REQUEST=======> 2017-1-10 15:26:22 [GET] /system/dictionaryType?pageNumber=1&pageSize=10，耗时:2ms
[2017-01-10 15:26:23.284] [INFO] info - REQUEST=======> 2017-1-10 15:26:23 [GET] /system/dictionaryType?pageNumber=2&pageSize=10，耗时:2ms
[2017-01-10 15:26:24.369] [INFO] info - REQUEST=======> 2017-1-10 15:26:24 [GET] /system/dictionaryType?pageNumber=3&pageSize=10，耗时:2ms
[2017-01-10 15:26:25.926] [INFO] info - REQUEST=======> 2017-1-10 15:26:25 [GET] /system/dictionaryType?pageNumber=2&pageSize=10，耗时:3ms
[2017-01-10 15:27:22.287] [INFO] info - REQUEST=======> 2017-1-10 15:27:22 [GET] /system/dictionaryItem/use/all，耗时:0ms
[2017-01-10 15:27:22.337] [INFO] info - REQUEST=======> 2017-1-10 15:27:22 [GET] /manage/sign/currentUser，耗时:0ms
[2017-01-10 15:27:22.643] [INFO] info - REQUEST=======> 2017-1-10 15:27:22 [GET] /manage/sign/currentUser，耗时:0ms
[2017-01-10 15:27:22.833] [INFO] info - REQUEST=======> 2017-1-10 15:27:22 [GET] /system/dictionaryType?pageNumber=1&pageSize=10，耗时:4ms
[2017-01-10 15:28:20.883] [INFO] info - REQUEST=======> 2017-1-10 15:28:20 [GET] /system/dictionaryItem/use/all，耗时:0ms
[2017-01-10 15:28:20.931] [INFO] info - REQUEST=======> 2017-1-10 15:28:20 [GET] /manage/sign/currentUser，耗时:0ms
[2017-01-10 15:28:21.237] [INFO] info - REQUEST=======> 2017-1-10 15:28:21 [GET] /manage/sign/currentUser，耗时:1ms
[2017-01-10 15:28:21.430] [INFO] info - REQUEST=======> 2017-1-10 15:28:21 [GET] /system/dictionaryType?pageNumber=1&pageSize=10，耗时:3ms
[2017-01-10 15:29:19.863] [INFO] info - REQUEST=======> 2017-1-10 15:29:19 [GET] /system/dictionaryItem/use/all，耗时:0ms
[2017-01-10 15:29:19.906] [INFO] info - REQUEST=======> 2017-1-10 15:29:19 [GET] /manage/sign/currentUser，耗时:0ms
[2017-01-10 15:29:20.215] [INFO] info - REQUEST=======> 2017-1-10 15:29:20 [GET] /manage/sign/currentUser，耗时:1ms
[2017-01-10 15:29:20.390] [INFO] info - REQUEST=======> 2017-1-10 15:29:20 [GET] /system/dictionaryType?pageNumber=1&pageSize=10，耗时:4ms
[2017-01-10 15:30:41.293] [INFO] info - REQUEST=======> 2017-1-10 15:30:41 [GET] /system/dictionaryType?pageNumber=1&pageSize=10，耗时:9ms
[2017-01-10 15:30:43.599] [INFO] info - REQUEST=======> 2017-1-10 15:30:43 [GET] /system/dictionaryItem/use/all，耗时:0ms
[2017-01-10 15:30:43.644] [INFO] info - REQUEST=======> 2017-1-10 15:30:43 [GET] /manage/sign/currentUser，耗时:1ms
[2017-01-10 15:30:43.949] [INFO] info - REQUEST=======> 2017-1-10 15:30:43 [GET] /manage/sign/currentUser，耗时:0ms
[2017-01-10 15:30:44.151] [INFO] info - REQUEST=======> 2017-1-10 15:30:44 [GET] /system/dictionaryType?pageNumber=1&pageSize=10，耗时:4ms
[2017-01-10 15:31:16.198] [INFO] info - REQUEST=======> 2017-1-10 15:31:16 [GET] /system/dictionaryItem/use/all，耗时:2ms
[2017-01-10 15:31:16.248] [INFO] info - REQUEST=======> 2017-1-10 15:31:16 [GET] /manage/sign/currentUser，耗时:1ms
[2017-01-10 15:31:16.555] [INFO] info - REQUEST=======> 2017-1-10 15:31:16 [GET] /manage/sign/currentUser，耗时:0ms
[2017-01-10 15:31:16.721] [INFO] info - REQUEST=======> 2017-1-10 15:31:16 [GET] /system/dictionaryType?pageNumber=1&pageSize=10，耗时:3ms
[2017-01-10 15:32:36.814] [INFO] info - REQUEST=======> 2017-1-10 15:32:36 [GET] /system/dictionaryType?pageNumber=1&pageSize=10，耗时:5ms
[2017-01-10 15:32:38.327] [INFO] info - REQUEST=======> 2017-1-10 15:32:38 [GET] /system/dictionaryItem/use/all，耗时:0ms
[2017-01-10 15:32:38.670] [INFO] info - REQUEST=======> 2017-1-10 15:32:38 [GET] /manage/sign/currentUser，耗时:1ms
[2017-01-10 15:32:38.702] [INFO] info - REQUEST=======> 2017-1-10 15:32:38 [GET] /manage/sign/currentUser，耗时:1ms
[2017-01-10 15:32:38.932] [INFO] info - REQUEST=======> 2017-1-10 15:32:38 [GET] /system/dictionaryType?pageNumber=1&pageSize=10，耗时:5ms
[2017-01-10 15:34:39.941] [INFO] info - REQUEST=======> 2017-1-10 15:34:39 [GET] /system/dictionaryType?pageNumber=1&pageSize=10，耗时:3ms
[2017-01-10 15:34:46.586] [INFO] info - REQUEST=======> 2017-1-10 15:34:46 [GET] /system/dictionaryItem/use/all，耗时:0ms
[2017-01-10 15:34:46.944] [INFO] info - REQUEST=======> 2017-1-10 15:34:46 [GET] /manage/sign/currentUser，耗时:1ms
[2017-01-10 15:34:46.951] [INFO] info - REQUEST=======> 2017-1-10 15:34:46 [GET] /manage/sign/currentUser，耗时:1ms
[2017-01-10 15:34:48.297] [INFO] info - REQUEST=======> 2017-1-10 15:34:48 [GET] /system/dictionaryType?pageNumber=1&pageSize=10，耗时:2ms
[2017-01-10 15:35:03.415] [INFO] info - REQUEST=======> 2017-1-10 15:35:03 [GET] /system/dictionaryType?pageNumber=1&pageSize=10，耗时:4ms
[2017-01-10 15:37:13.391] [INFO] info - REQUEST=======> 2017-1-10 15:37:13 [GET] /system/dictionaryType?pageNumber=1&pageSize=10，耗时:3ms
[2017-01-10 15:37:27.767] [INFO] info - REQUEST=======> 2017-1-10 15:37:27 [GET] /system/dictionaryItem/use/all，耗时:0ms
[2017-01-10 15:37:28.138] [INFO] info - REQUEST=======> 2017-1-10 15:37:28 [GET] /manage/sign/currentUser，耗时:0ms
[2017-01-10 15:37:28.162] [INFO] info - REQUEST=======> 2017-1-10 15:37:28 [GET] /manage/sign/currentUser，耗时:1ms
[2017-01-10 15:37:28.404] [INFO] info - REQUEST=======> 2017-1-10 15:37:28 [GET] /system/dictionaryType?pageNumber=1&pageSize=10，耗时:8ms
[2017-01-10 15:37:31.559] [INFO] info - REQUEST=======> 2017-1-10 15:37:31 [GET] /system/dictionaryType?pageNumber=1&pageSize=10，耗时:3ms
[2017-01-10 15:37:46.092] [INFO] info - REQUEST=======> 2017-1-10 15:37:46 [GET] /system/dictionaryType?pageNumber=1&pageSize=10，耗时:3ms
[2017-01-10 15:38:21.473] [INFO] info - REQUEST=======> 2017-1-10 15:38:21 [GET] /system/dictionaryType?pageNumber=1&pageSize=10，耗时:2ms
[2017-01-10 15:38:35.238] [INFO] info - REQUEST=======> 2017-1-10 15:38:35 [GET] /system/dictionaryType?pageNumber=1&pageSize=10，耗时:3ms
[2017-01-10 15:39:44.162] [INFO] info - REQUEST=======> 2017-1-10 15:39:44 [GET] /system/dictionaryItem/use/all，耗时:1ms
[2017-01-10 15:39:44.578] [INFO] info - REQUEST=======> 2017-1-10 15:39:44 [GET] /manage/sign/currentUser，耗时:1ms
[2017-01-10 15:39:44.587] [INFO] info - REQUEST=======> 2017-1-10 15:39:44 [GET] /manage/sign/currentUser，耗时:0ms
[2017-01-10 15:39:44.839] [INFO] info - REQUEST=======> 2017-1-10 15:39:44 [GET] /system/dictionaryType?pageNumber=1&pageSize=10，耗时:4ms
[2017-01-10 15:40:04.428] [INFO] info - REQUEST=======> 2017-1-10 15:40:04 [GET] /system/dictionaryType?pageNumber=1&pageSize=10，耗时:4ms
[2017-01-10 15:41:03.801] [INFO] info - REQUEST=======> 2017-1-10 15:41:03 [GET] /system/dictionaryType?pageNumber=1&pageSize=10，耗时:3ms
[2017-01-10 15:41:58.768] [INFO] info - REQUEST=======> 2017-1-10 15:41:58 [GET] /system/dictionaryType?pageNumber=1&pageSize=10，耗时:3ms
[2017-01-10 15:42:29.833] [INFO] info - REQUEST=======> 2017-1-10 15:42:29 [GET] /system/dictionaryType?pageNumber=1&pageSize=10，耗时:4ms
[2017-01-10 15:43:30.942] [INFO] info - REQUEST=======> 2017-1-10 15:43:30 [GET] /system/dictionaryItem/use/all，耗时:0ms
[2017-01-10 15:43:31.291] [INFO] info - REQUEST=======> 2017-1-10 15:43:31 [GET] /manage/sign/currentUser，耗时:0ms
[2017-01-10 15:43:31.326] [INFO] info - REQUEST=======> 2017-1-10 15:43:31 [GET] /manage/sign/currentUser，耗时:1ms
[2017-01-10 15:43:31.577] [INFO] info - REQUEST=======> 2017-1-10 15:43:31 [GET] /system/dictionaryType?pageNumber=1&pageSize=10，耗时:3ms
[2017-01-10 15:44:42.347] [INFO] info - REQUEST=======> 2017-1-10 15:44:42 [GET] /system/dictionaryItem/use/all，耗时:1ms
[2017-01-10 15:44:42.697] [INFO] info - REQUEST=======> 2017-1-10 15:44:42 [GET] /manage/sign/currentUser，耗时:0ms
[2017-01-10 15:44:42.716] [INFO] info - REQUEST=======> 2017-1-10 15:44:42 [GET] /manage/sign/currentUser，耗时:0ms
[2017-01-10 15:44:42.960] [INFO] info - REQUEST=======> 2017-1-10 15:44:42 [GET] /system/dictionaryType?pageNumber=1&pageSize=10，耗时:3ms
[2017-01-10 15:45:51.732] [INFO] info - REQUEST=======> 2017-1-10 15:45:51 [GET] /system/dictionaryType?pageNumber=1&pageSize=10，耗时:3ms
[2017-01-10 15:46:19.523] [INFO] info - REQUEST=======> 2017-1-10 15:46:19 [GET] /system/dictionaryType?pageNumber=1&pageSize=10，耗时:2ms
[2017-01-10 15:46:20.332] [INFO] info - REQUEST=======> 2017-1-10 15:46:20 [GET] /system/dictionaryItem/use/all，耗时:1ms
[2017-01-10 15:46:20.381] [INFO] info - REQUEST=======> 2017-1-10 15:46:20 [GET] /manage/sign/currentUser，耗时:0ms
[2017-01-10 15:46:20.687] [INFO] info - REQUEST=======> 2017-1-10 15:46:20 [GET] /manage/sign/currentUser，耗时:0ms
[2017-01-10 15:46:20.863] [INFO] info - REQUEST=======> 2017-1-10 15:46:20 [GET] /system/dictionaryType?pageNumber=1&pageSize=10，耗时:2ms
[2017-01-10 15:46:30.038] [INFO] info - REQUEST=======> 2017-1-10 15:46:30 [GET] /system/dictionaryItem/use/all，耗时:0ms
[2017-01-10 15:46:30.375] [INFO] info - REQUEST=======> 2017-1-10 15:46:30 [GET] /manage/sign/currentUser，耗时:0ms
[2017-01-10 15:46:30.392] [INFO] info - REQUEST=======> 2017-1-10 15:46:30 [GET] /manage/sign/currentUser，耗时:0ms
[2017-01-10 15:46:30.635] [INFO] info - REQUEST=======> 2017-1-10 15:46:30 [GET] /system/dictionaryType?pageNumber=1&pageSize=10，耗时:2ms
[2017-01-10 15:46:48.767] [INFO] info - REQUEST=======> 2017-1-10 15:46:48 [GET] /system/dictionaryItem/use/all，耗时:1ms
[2017-01-10 15:46:49.113] [INFO] info - REQUEST=======> 2017-1-10 15:46:49 [GET] /manage/sign/currentUser，耗时:0ms
[2017-01-10 15:46:49.134] [INFO] info - REQUEST=======> 2017-1-10 15:46:49 [GET] /manage/sign/currentUser，耗时:0ms
[2017-01-10 15:46:49.370] [INFO] info - REQUEST=======> 2017-1-10 15:46:49 [GET] /system/dictionaryType?pageNumber=1&pageSize=10，耗时:4ms
[2017-01-10 15:47:08.460] [INFO] info - REQUEST=======> 2017-1-10 15:47:08 [GET] /system/dictionaryType?pageNumber=1&pageSize=10，耗时:4ms
[2017-01-10 15:47:09.555] [INFO] info - REQUEST=======> 2017-1-10 15:47:09 [GET] /system/dictionaryItem/use/all，耗时:1ms
[2017-01-10 15:47:09.611] [INFO] info - REQUEST=======> 2017-1-10 15:47:09 [GET] /manage/sign/currentUser，耗时:1ms
[2017-01-10 15:47:09.918] [INFO] info - REQUEST=======> 2017-1-10 15:47:09 [GET] /manage/sign/currentUser，耗时:0ms
[2017-01-10 15:47:10.118] [INFO] info - REQUEST=======> 2017-1-10 15:47:10 [GET] /system/dictionaryType?pageNumber=1&pageSize=10，耗时:3ms
[2017-01-10 15:48:47.130] [INFO] info - REQUEST=======> 2017-1-10 15:48:47 [GET] /system/dictionaryType?pageNumber=1&pageSize=10，耗时:4ms
[2017-01-10 15:48:48.020] [INFO] info - REQUEST=======> 2017-1-10 15:48:48 [GET] /system/dictionaryItem/use/all，耗时:1ms
[2017-01-10 15:48:48.363] [INFO] info - REQUEST=======> 2017-1-10 15:48:48 [GET] /manage/sign/currentUser，耗时:0ms
[2017-01-10 15:48:48.387] [INFO] info - REQUEST=======> 2017-1-10 15:48:48 [GET] /manage/sign/currentUser，耗时:0ms
[2017-01-10 15:48:48.621] [INFO] info - REQUEST=======> 2017-1-10 15:48:48 [GET] /system/dictionaryType?pageNumber=1&pageSize=10，耗时:3ms
[2017-01-10 15:49:25.075] [INFO] info - REQUEST=======> 2017-1-10 15:49:25 [GET] /system/dictionaryType?pageNumber=1&pageSize=10，耗时:3ms
[2017-01-10 15:49:27.124] [INFO] info - REQUEST=======> 2017-1-10 15:49:27 [GET] /system/dictionaryItem/use/all，耗时:0ms
[2017-01-10 15:49:27.168] [INFO] info - REQUEST=======> 2017-1-10 15:49:27 [GET] /manage/sign/currentUser，耗时:0ms
[2017-01-10 15:49:27.474] [INFO] info - REQUEST=======> 2017-1-10 15:49:27 [GET] /manage/sign/currentUser，耗时:0ms
[2017-01-10 15:49:27.650] [INFO] info - REQUEST=======> 2017-1-10 15:49:27 [GET] /system/dictionaryType?pageNumber=1&pageSize=10，耗时:2ms
[2017-01-10 15:50:38.160] [INFO] info - REQUEST=======> 2017-1-10 15:50:38 [GET] /system/dictionaryItem/use/all，耗时:1ms
[2017-01-10 15:50:38.524] [INFO] info - REQUEST=======> 2017-1-10 15:50:38 [GET] /manage/sign/currentUser，耗时:1ms
[2017-01-10 15:50:38.544] [INFO] info - REQUEST=======> 2017-1-10 15:50:38 [GET] /manage/sign/currentUser，耗时:1ms
[2017-01-10 15:50:38.797] [INFO] info - REQUEST=======> 2017-1-10 15:50:38 [GET] /system/dictionaryType?pageNumber=1&pageSize=10，耗时:4ms
[2017-01-10 15:50:56.147] [INFO] info - REQUEST=======> 2017-1-10 15:50:56 [GET] /system/dictionaryItem/use/all，耗时:1ms
[2017-01-10 15:50:56.489] [INFO] info - REQUEST=======> 2017-1-10 15:50:56 [GET] /manage/sign/currentUser，耗时:1ms
[2017-01-10 15:50:56.507] [INFO] info - REQUEST=======> 2017-1-10 15:50:56 [GET] /manage/sign/currentUser，耗时:1ms
[2017-01-10 15:50:56.745] [INFO] info - REQUEST=======> 2017-1-10 15:50:56 [GET] /system/dictionaryType?pageNumber=1&pageSize=10，耗时:2ms
[2017-01-10 15:51:28.232] [INFO] info - REQUEST=======> 2017-1-10 15:51:28 [GET] /system/dictionaryItem/use/all，耗时:1ms
[2017-01-10 15:51:28.586] [INFO] info - REQUEST=======> 2017-1-10 15:51:28 [GET] /manage/sign/currentUser，耗时:0ms
[2017-01-10 15:51:28.623] [INFO] info - REQUEST=======> 2017-1-10 15:51:28 [GET] /manage/sign/currentUser，耗时:1ms
[2017-01-10 15:51:28.836] [INFO] info - REQUEST=======> 2017-1-10 15:51:28 [GET] /system/dictionaryType?pageNumber=1&pageSize=10，耗时:3ms
[2017-01-10 15:51:53.394] [INFO] info - REQUEST=======> 2017-1-10 15:51:53 [GET] /system/dictionaryItem/use/all，耗时:1ms
[2017-01-10 15:51:53.739] [INFO] info - REQUEST=======> 2017-1-10 15:51:53 [GET] /manage/sign/currentUser，耗时:0ms
[2017-01-10 15:51:53.755] [INFO] info - REQUEST=======> 2017-1-10 15:51:53 [GET] /manage/sign/currentUser，耗时:0ms
[2017-01-10 15:51:53.994] [INFO] info - REQUEST=======> 2017-1-10 15:51:53 [GET] /system/dictionaryType?pageNumber=1&pageSize=10，耗时:2ms
[2017-01-10 15:52:23.248] [INFO] info - REQUEST=======> 2017-1-10 15:52:23 [GET] /system/dictionaryItem/use/all，耗时:1ms
[2017-01-10 15:52:23.596] [INFO] info - REQUEST=======> 2017-1-10 15:52:23 [GET] /manage/sign/currentUser，耗时:0ms
[2017-01-10 15:52:23.622] [INFO] info - REQUEST=======> 2017-1-10 15:52:23 [GET] /manage/sign/currentUser，耗时:1ms
[2017-01-10 15:52:23.848] [INFO] info - REQUEST=======> 2017-1-10 15:52:23 [GET] /system/dictionaryType?pageNumber=1&pageSize=10，耗时:3ms
[2017-01-10 15:52:38.085] [INFO] info - REQUEST=======> 2017-1-10 15:52:38 [GET] /system/dictionaryItem/use/all，耗时:1ms
[2017-01-10 15:52:38.435] [INFO] info - REQUEST=======> 2017-1-10 15:52:38 [GET] /manage/sign/currentUser，耗时:0ms
[2017-01-10 15:52:38.460] [INFO] info - REQUEST=======> 2017-1-10 15:52:38 [GET] /manage/sign/currentUser，耗时:1ms
[2017-01-10 15:52:38.699] [INFO] info - REQUEST=======> 2017-1-10 15:52:38 [GET] /system/dictionaryType?pageNumber=1&pageSize=10，耗时:2ms
[2017-01-10 15:54:02.036] [INFO] info - REQUEST=======> 2017-1-10 15:54:02 [GET] /system/dictionaryType?pageNumber=1&pageSize=10，耗时:4ms
[2017-01-10 15:54:22.742] [INFO] info - REQUEST=======> 2017-1-10 15:54:22 [GET] /system/dictionaryType?pageNumber=1&pageSize=10，耗时:3ms
[2017-01-10 15:54:33.121] [INFO] info - REQUEST=======> 2017-1-10 15:54:33 [GET] /system/dictionaryType?pageNumber=1&pageSize=10，耗时:5ms
[2017-01-10 15:54:57.829] [INFO] info - REQUEST=======> 2017-1-10 15:54:57 [GET] /system/dictionaryType?pageNumber=1&pageSize=10，耗时:2ms
[2017-01-10 15:55:03.451] [INFO] info - REQUEST=======> 2017-1-10 15:55:03 [GET] /system/dictionaryType?pageNumber=1&pageSize=10，耗时:3ms
[2017-01-10 15:55:08.873] [INFO] info - REQUEST=======> 2017-1-10 15:55:08 [GET] /system/dictionaryItem/use/all，耗时:0ms
[2017-01-10 15:55:08.928] [INFO] info - REQUEST=======> 2017-1-10 15:55:08 [GET] /manage/sign/currentUser，耗时:1ms
[2017-01-10 15:55:09.233] [INFO] info - REQUEST=======> 2017-1-10 15:55:09 [GET] /manage/sign/currentUser，耗时:0ms
[2017-01-10 15:55:09.418] [INFO] info - REQUEST=======> 2017-1-10 15:55:09 [GET] /system/dictionaryType?pageNumber=1&pageSize=10，耗时:5ms
[2017-01-10 15:55:26.980] [INFO] info - REQUEST=======> 2017-1-10 15:55:26 [GET] /system/dictionaryItem/use/all，耗时:0ms
[2017-01-10 15:55:27.032] [INFO] info - REQUEST=======> 2017-1-10 15:55:27 [GET] /manage/sign/currentUser，耗时:0ms
[2017-01-10 15:55:27.338] [INFO] info - REQUEST=======> 2017-1-10 15:55:27 [GET] /manage/sign/currentUser，耗时:0ms
[2017-01-10 15:55:27.516] [INFO] info - REQUEST=======> 2017-1-10 15:55:27 [GET] /system/dictionaryType?pageNumber=1&pageSize=10，耗时:3ms
[2017-01-10 15:57:24.342] [INFO] info - REQUEST=======> 2017-1-10 15:57:24 [GET] /system/dictionaryType?pageNumber=1&pageSize=10，耗时:3ms
[2017-01-10 15:57:59.486] [INFO] info - REQUEST=======> 2017-1-10 15:57:59 [GET] /system/dictionaryType?pageNumber=1&pageSize=10，耗时:4ms
[2017-01-10 15:58:00.659] [INFO] info - REQUEST=======> 2017-1-10 15:58:00 [GET] /system/dictionaryItem/use/all，耗时:0ms
[2017-01-10 15:58:00.706] [INFO] info - REQUEST=======> 2017-1-10 15:58:00 [GET] /manage/sign/currentUser，耗时:1ms
[2017-01-10 15:58:01.021] [INFO] info - REQUEST=======> 2017-1-10 15:58:01 [GET] /manage/sign/currentUser，耗时:0ms
[2017-01-10 15:58:01.217] [INFO] info - REQUEST=======> 2017-1-10 15:58:01 [GET] /system/dictionaryType?pageNumber=1&pageSize=10，耗时:3ms
[2017-01-10 16:00:59.230] [INFO] info - REQUEST=======> 2017-1-10 16:00:59 [GET] /system/dictionaryItem/use/all，耗时:1ms
[2017-01-10 16:00:59.282] [INFO] info - REQUEST=======> 2017-1-10 16:00:59 [GET] /manage/sign/currentUser，耗时:1ms
[2017-01-10 16:00:59.586] [INFO] info - REQUEST=======> 2017-1-10 16:00:59 [GET] /manage/sign/currentUser，耗时:0ms
[2017-01-10 16:00:59.750] [INFO] info - REQUEST=======> 2017-1-10 16:00:59 [GET] /system/dictionaryType?pageNumber=1&pageSize=10，耗时:2ms
[2017-01-10 16:01:04.730] [INFO] info - REQUEST=======> 2017-1-10 16:01:04 [GET] /system/dictionaryType?keyword=123&pageNumber=1&pageSize=10，耗时:2ms
[2017-01-10 16:01:14.433] [INFO] info - REQUEST=======> 2017-1-10 16:01:14 [GET] /system/dictionaryType?keyword=&pageNumber=1&pageSize=10，耗时:4ms
[2017-01-10 22:20:59.046] [INFO] info - 刷新缓存：DICTIONARY_ITEM_USE_ALL
[2017-01-10 22:21:20.085] [INFO] info - Redis auth pass!
[2017-01-10 22:22:21.888] [INFO] info - 刷新缓存：DICTIONARY_ITEM_USE_ALL
[2017-01-10 22:22:22.084] [INFO] info - Redis connecting!
[2017-01-10 22:30:28.448] [INFO] info - REQUEST=======> 2017-1-10 22:30:28 [GET] /system/dictionaryItem/use/all，耗时:12ms
[2017-01-10 22:30:28.555] [INFO] info - REQUEST=======> 2017-1-10 22:30:28 [GET] /manage/sign/currentUser，耗时:11ms
[2017-01-10 22:30:28.843] [INFO] info - REQUEST=======> 2017-1-10 22:30:28 [GET] /manage/sign/currentUser，耗时:1ms
[2017-01-10 22:30:32.282] [INFO] info - REQUEST=======> 2017-1-10 22:30:32 [GET] /system/dictionaryItem/use/all，耗时:1ms
[2017-01-10 22:30:32.367] [INFO] info - REQUEST=======> 2017-1-10 22:30:32 [GET] /manage/sign/currentUser，耗时:2ms
[2017-01-10 22:30:35.956] [INFO] info - REQUEST=======> 2017-1-10 22:30:35 [POST] /manage/sign/login，耗时:43ms
[2017-01-10 22:31:16.761] [INFO] info - 刷新缓存：DICTIONARY_ITEM_USE_ALL
[2017-01-10 22:31:16.979] [INFO] info - Redis connecting!
[2017-01-10 22:31:18.123] [INFO] info - REQUEST=======> 2017-1-10 22:31:18 [POST] /manage/sign/login，耗时:80ms
[2017-01-10 22:31:50.548] [INFO] info - 刷新缓存：DICTIONARY_ITEM_USE_ALL
[2017-01-10 22:31:50.880] [INFO] info - Redis connecting!
[2017-01-10 22:31:51.416] [INFO] info - REQUEST=======> 2017-1-10 22:31:51 [POST] /manage/sign/login，耗时:64ms
[2017-01-10 22:31:55.231] [INFO] info - REQUEST=======> 2017-1-10 22:31:55 [GET] /system/dictionaryItem/use/all，耗时:2ms
[2017-01-10 22:31:55.586] [INFO] info - REQUEST=======> 2017-1-10 22:31:55 [GET] /manage/sign/currentUser，耗时:6ms
[2017-01-10 22:31:55.597] [INFO] info - REQUEST=======> 2017-1-10 22:31:55 [GET] /manage/sign/currentUser，耗时:1ms
[2017-01-10 22:32:01.142] [INFO] info - REQUEST=======> 2017-1-10 22:32:01 [POST] /manage/sign/login，耗时:6ms
[2017-01-10 22:32:33.299] [INFO] info - REQUEST=======> 2017-1-10 22:32:33 [GET] /system/dictionaryItem/use/all，耗时:1ms
[2017-01-10 22:32:33.352] [INFO] info - REQUEST=======> 2017-1-10 22:32:33 [GET] /manage/sign/currentUser，耗时:2ms
[2017-01-10 22:32:33.360] [INFO] info - REQUEST=======> 2017-1-10 22:32:33 [GET] /manage/sign/currentUser，耗时:1ms
[2017-01-10 22:33:24.512] [INFO] info - 刷新缓存：DICTIONARY_ITEM_USE_ALL
[2017-01-10 22:33:24.734] [INFO] info - Redis connecting!
[2017-01-10 22:33:26.302] [INFO] info - REQUEST=======> 2017-1-10 22:33:26 [POST] /manage/sign/login，耗时:70ms
[2017-01-10 22:34:09.932] [INFO] info - REQUEST=======> 2017-1-10 22:34:09 [GET] /system/dictionaryItem/use/all，耗时:3ms
[2017-01-10 22:34:10.022] [INFO] info - REQUEST=======> 2017-1-10 22:34:10 [GET] /manage/sign/currentUser，耗时:2ms
[2017-01-10 22:34:10.341] [INFO] info - REQUEST=======> 2017-1-10 22:34:10 [GET] /manage/sign/currentUser，耗时:1ms
[2017-01-10 22:34:11.649] [INFO] info - REQUEST=======> 2017-1-10 22:34:11 [GET] /system/dictionaryItem/use/all，耗时:1ms
[2017-01-10 22:34:11.714] [INFO] info - REQUEST=======> 2017-1-10 22:34:11 [GET] /manage/sign/currentUser，耗时:1ms
[2017-01-10 22:34:12.028] [INFO] info - REQUEST=======> 2017-1-10 22:34:12 [GET] /manage/sign/currentUser，耗时:1ms
[2017-01-10 22:34:22.662] [INFO] info - REQUEST=======> 2017-1-10 22:34:22 [GET] /system/dictionaryItem/use/all，耗时:1ms
[2017-01-10 22:34:22.711] [INFO] info - REQUEST=======> 2017-1-10 22:34:22 [GET] /manage/sign/currentUser，耗时:0ms
[2017-01-10 22:34:22.722] [INFO] info - REQUEST=======> 2017-1-10 22:34:22 [GET] /manage/sign/currentUser，耗时:1ms
[2017-01-10 22:34:42.832] [INFO] info - REQUEST=======> 2017-1-10 22:34:42 [GET] /system/dictionaryItem/use/all，耗时:0ms
[2017-01-10 22:34:43.190] [INFO] info - REQUEST=======> 2017-1-10 22:34:43 [GET] /manage/sign/currentUser，耗时:1ms
[2017-01-10 22:34:43.205] [INFO] info - REQUEST=======> 2017-1-10 22:34:43 [GET] /manage/sign/currentUser，耗时:0ms
[2017-01-10 22:36:07.686] [INFO] info - REQUEST=======> 2017-1-10 22:36:07 [GET] /system/dictionaryItem/use/all，耗时:1ms
[2017-01-10 22:36:14.191] [INFO] info - REQUEST=======> 2017-1-10 22:36:14 [GET] /system/dictionaryItem/use/all，耗时:1ms
[2017-01-10 22:36:50.400] [INFO] info - REQUEST=======> 2017-1-10 22:36:50 [GET] /system/dictionaryItem/use/all，耗时:1ms
[2017-01-10 22:36:50.770] [INFO] info - REQUEST=======> 2017-1-10 22:36:50 [GET] /manage/sign/currentUser，耗时:1ms
[2017-01-10 22:36:50.811] [INFO] info - REQUEST=======> 2017-1-10 22:36:50 [GET] /manage/sign/currentUser，耗时:2ms
[2017-01-10 22:38:35.714] [INFO] info - REQUEST=======> 2017-1-10 22:38:35 [GET] /system/dictionaryItem/use/all，耗时:1ms
[2017-01-10 22:38:49.541] [INFO] info - REQUEST=======> 2017-1-10 22:38:49 [GET] /system/dictionaryItem/use/all，耗时:1ms
[2017-01-10 22:38:49.919] [INFO] info - REQUEST=======> 2017-1-10 22:38:49 [GET] /manage/sign/currentUser，耗时:1ms
[2017-01-10 22:38:49.942] [INFO] info - REQUEST=======> 2017-1-10 22:38:49 [GET] /manage/sign/currentUser，耗时:0ms
[2017-01-10 22:39:31.599] [INFO] info - REQUEST=======> 2017-1-10 22:39:31 [GET] /system/dictionaryItem/use/all，耗时:1ms
[2017-01-10 22:39:31.954] [INFO] info - REQUEST=======> 2017-1-10 22:39:31 [GET] /manage/sign/currentUser，耗时:0ms
[2017-01-10 22:39:31.974] [INFO] info - REQUEST=======> 2017-1-10 22:39:31 [GET] /manage/sign/currentUser，耗时:1ms
[2017-01-10 22:39:33.910] [INFO] info - REQUEST=======> 2017-1-10 22:39:33 [GET] /manage/account?pageNumber=1&pageSize=10，耗时:11ms
[2017-01-10 22:39:42.133] [INFO] info - REQUEST=======> 2017-1-10 22:39:42 [GET] /system/dictionaryItem/use/all，耗时:2ms
[2017-01-10 22:39:42.190] [INFO] info - REQUEST=======> 2017-1-10 22:39:42 [GET] /manage/sign/currentUser，耗时:1ms
[2017-01-10 22:39:42.198] [INFO] info - REQUEST=======> 2017-1-10 22:39:42 [GET] /manage/sign/currentUser，耗时:1ms
[2017-01-10 22:39:42.450] [INFO] info - REQUEST=======> 2017-1-10 22:39:42 [GET] /manage/account?pageNumber=1&pageSize=10，耗时:5ms
[2017-01-10 22:39:45.485] [INFO] info - REQUEST=======> 2017-1-10 22:39:45 [GET] /manage/account?pageNumber=1&pageSize=10，耗时:8ms
[2017-01-10 22:39:46.771] [INFO] info - REQUEST=======> 2017-1-10 22:39:46 [GET] /system/dictionaryItem/use/all，耗时:0ms
[2017-01-10 22:39:47.122] [INFO] info - REQUEST=======> 2017-1-10 22:39:47 [GET] /manage/sign/currentUser，耗时:1ms
[2017-01-10 22:39:47.142] [INFO] info - REQUEST=======> 2017-1-10 22:39:47 [GET] /manage/sign/currentUser，耗时:1ms
[2017-01-10 22:39:47.383] [INFO] info - REQUEST=======> 2017-1-10 22:39:47 [GET] /manage/account?pageNumber=1&pageSize=10，耗时:4ms
[2017-01-10 22:40:03.377] [INFO] info - REQUEST=======> 2017-1-10 22:40:03 [GET] /system/dictionaryItem/use/all，耗时:2ms
[2017-01-10 22:40:03.748] [INFO] info - REQUEST=======> 2017-1-10 22:40:03 [GET] /manage/sign/currentUser，耗时:0ms
[2017-01-10 22:40:03.784] [INFO] info - REQUEST=======> 2017-1-10 22:40:03 [GET] /manage/sign/currentUser，耗时:0ms
[2017-01-10 22:40:04.025] [INFO] info - REQUEST=======> 2017-1-10 22:40:04 [GET] /manage/account?pageNumber=1&pageSize=10，耗时:10ms
[2017-01-10 22:40:49.842] [INFO] info - REQUEST=======> 2017-1-10 22:40:49 [GET] /system/dictionaryItem/use/all，耗时:1ms
[2017-01-10 22:40:49.928] [INFO] info - REQUEST=======> 2017-1-10 22:40:49 [GET] /manage/sign/currentUser，耗时:0ms
[2017-01-10 22:40:50.240] [INFO] info - REQUEST=======> 2017-1-10 22:40:50 [GET] /manage/sign/currentUser，耗时:1ms
[2017-01-10 22:40:50.517] [INFO] info - REQUEST=======> 2017-1-10 22:40:50 [GET] /manage/account?pageNumber=1&pageSize=10，耗时:4ms
[2017-01-10 22:40:54.479] [INFO] info - REQUEST=======> 2017-1-10 22:40:54 [GET] /system/dictionaryItem/use/all，耗时:1ms
[2017-01-10 22:40:54.531] [INFO] info - REQUEST=======> 2017-1-10 22:40:54 [GET] /manage/sign/currentUser，耗时:1ms
[2017-01-10 22:40:54.537] [INFO] info - REQUEST=======> 2017-1-10 22:40:54 [GET] /manage/sign/currentUser，耗时:1ms
[2017-01-10 22:40:54.864] [INFO] info - REQUEST=======> 2017-1-10 22:40:54 [GET] /manage/account?pageNumber=1&pageSize=10，耗时:4ms
[2017-01-10 22:41:30.259] [INFO] info - REQUEST=======> 2017-1-10 22:41:30 [POST] /manage/account，耗时:11ms
[2017-01-10 22:42:05.074] [INFO] info - REQUEST=======> 2017-1-10 22:42:05 [POST] /manage/account，耗时:5ms
[2017-01-10 22:42:35.644] [INFO] info - REQUEST=======> 2017-1-10 22:42:26 [POST] /manage/account，耗时:8750ms
[2017-01-10 22:43:01.229] [INFO] info - REQUEST=======> 2017-1-10 22:43:01 [GET] /manage/account?pageNumber=1&pageSize=10，耗时:27ms
[2017-01-10 22:43:18.960] [INFO] info - REQUEST=======> 2017-1-10 22:43:12 [POST] /manage/account，耗时:6700ms
[2017-01-10 22:43:22.394] [INFO] info - REQUEST=======> 2017-1-10 22:43:22 [GET] /system/dictionaryItem/use/all，耗时:1ms
[2017-01-10 22:43:22.751] [INFO] info - REQUEST=======> 2017-1-10 22:43:22 [GET] /manage/sign/currentUser，耗时:1ms
[2017-01-10 22:43:22.776] [INFO] info - REQUEST=======> 2017-1-10 22:43:22 [GET] /manage/sign/currentUser，耗时:0ms
[2017-01-10 22:43:23.020] [INFO] info - REQUEST=======> 2017-1-10 22:43:23 [GET] /manage/account?pageNumber=1&pageSize=10，耗时:9ms
[2017-01-10 22:48:39.094] [INFO] info - REQUEST=======> 2017-1-10 22:48:39 [POST] /manage/account，耗时:11ms
[2017-01-10 22:48:39.337] [INFO] info - REQUEST=======> 2017-1-10 22:48:39 [GET] /manage/account?pageNumber=1&pageSize=10，耗时:3ms
[2017-01-10 22:49:27.677] [INFO] info - REQUEST=======> 2017-1-10 22:49:27 [GET] /system/dictionaryItem/use/all，耗时:2ms
[2017-01-10 22:49:27.730] [INFO] info - REQUEST=======> 2017-1-10 22:49:27 [GET] /manage/sign/currentUser，耗时:1ms
[2017-01-10 22:49:28.047] [INFO] info - REQUEST=======> 2017-1-10 22:49:28 [GET] /manage/sign/currentUser，耗时:1ms
[2017-01-10 22:49:28.250] [INFO] info - REQUEST=======> 2017-1-10 22:49:28 [GET] /manage/account?pageNumber=1&pageSize=10，耗时:5ms
[2017-01-10 22:49:51.288] [INFO] info - REQUEST=======> 2017-1-10 22:49:51 [GET] /manage/account?pageNumber=1&pageSize=10，耗时:5ms
[2017-01-10 22:49:53.317] [INFO] info - REQUEST=======> 2017-1-10 22:49:53 [GET] /system/dictionaryItem/use/all，耗时:1ms
[2017-01-10 22:49:53.673] [INFO] info - REQUEST=======> 2017-1-10 22:49:53 [GET] /manage/sign/currentUser，耗时:1ms
[2017-01-10 22:49:53.688] [INFO] info - REQUEST=======> 2017-1-10 22:49:53 [GET] /manage/sign/currentUser，耗时:1ms
[2017-01-10 22:49:53.926] [INFO] info - REQUEST=======> 2017-1-10 22:49:53 [GET] /manage/account?pageNumber=1&pageSize=10，耗时:5ms
[2017-01-10 22:50:25.761] [INFO] info - REQUEST=======> 2017-1-10 22:50:25 [GET] /manage/account?pageNumber=1&pageSize=10，耗时:7ms
[2017-01-10 22:50:27.725] [INFO] info - REQUEST=======> 2017-1-10 22:50:27 [GET] /system/dictionaryItem/use/all，耗时:2ms
[2017-01-10 22:50:27.774] [INFO] info - REQUEST=======> 2017-1-10 22:50:27 [GET] /manage/sign/currentUser，耗时:1ms
[2017-01-10 22:50:28.090] [INFO] info - REQUEST=======> 2017-1-10 22:50:28 [GET] /manage/sign/currentUser，耗时:1ms
[2017-01-10 22:50:28.263] [INFO] info - REQUEST=======> 2017-1-10 22:50:28 [GET] /manage/account?pageNumber=1&pageSize=10，耗时:8ms
[2017-01-10 22:51:53.759] [INFO] info - REQUEST=======> 2017-1-10 22:51:53 [GET] /system/dictionaryItem/use/all，耗时:2ms
[2017-01-10 22:51:53.810] [INFO] info - REQUEST=======> 2017-1-10 22:51:53 [GET] /manage/sign/currentUser，耗时:0ms
[2017-01-10 22:51:54.125] [INFO] info - REQUEST=======> 2017-1-10 22:51:54 [GET] /manage/sign/currentUser，耗时:1ms
[2017-01-10 22:51:54.287] [INFO] info - REQUEST=======> 2017-1-10 22:51:54 [GET] /manage/account?pageNumber=1&pageSize=10，耗时:8ms
[2017-01-10 22:52:19.531] [INFO] info - REQUEST=======> 2017-1-10 22:52:19 [GET] /system/dictionaryItem/use/all，耗时:2ms
[2017-01-10 22:52:19.587] [INFO] info - REQUEST=======> 2017-1-10 22:52:19 [GET] /manage/sign/currentUser，耗时:1ms
[2017-01-10 22:52:19.902] [INFO] info - REQUEST=======> 2017-1-10 22:52:19 [GET] /manage/sign/currentUser，耗时:1ms
[2017-01-10 22:52:20.065] [INFO] info - REQUEST=======> 2017-1-10 22:52:20 [GET] /manage/account?pageNumber=1&pageSize=10，耗时:6ms
[2017-01-10 22:52:49.341] [INFO] info - REQUEST=======> 2017-1-10 22:52:49 [GET] /manage/account?pageNumber=1&pageSize=10，耗时:6ms
[2017-01-10 22:52:52.016] [INFO] info - REQUEST=======> 2017-1-10 22:52:52 [GET] /system/dictionaryItem/use/all，耗时:1ms
[2017-01-10 22:52:52.375] [INFO] info - REQUEST=======> 2017-1-10 22:52:52 [GET] /manage/sign/currentUser，耗时:0ms
[2017-01-10 22:52:52.393] [INFO] info - REQUEST=======> 2017-1-10 22:52:52 [GET] /manage/sign/currentUser，耗时:0ms
[2017-01-10 22:52:52.631] [INFO] info - REQUEST=======> 2017-1-10 22:52:52 [GET] /manage/account?pageNumber=1&pageSize=10，耗时:8ms
[2017-01-10 22:53:08.643] [INFO] info - REQUEST=======> 2017-1-10 22:53:08 [GET] /manage/account?pageNumber=1&pageSize=10，耗时:7ms
[2017-01-10 22:53:11.278] [INFO] info - REQUEST=======> 2017-1-10 22:53:11 [GET] /system/dictionaryItem/use/all，耗时:1ms
[2017-01-10 22:53:11.330] [INFO] info - REQUEST=======> 2017-1-10 22:53:11 [GET] /manage/sign/currentUser，耗时:1ms
[2017-01-10 22:53:11.638] [INFO] info - REQUEST=======> 2017-1-10 22:53:11 [GET] /manage/sign/currentUser，耗时:1ms
[2017-01-10 22:53:11.791] [INFO] info - REQUEST=======> 2017-1-10 22:53:11 [GET] /manage/account?pageNumber=1&pageSize=10，耗时:3ms
[2017-01-10 22:53:41.909] [INFO] info - REQUEST=======> 2017-1-10 22:53:41 [GET] /system/dictionaryType?pageNumber=1&pageSize=10，耗时:4ms
[2017-01-10 22:55:25.287] [INFO] info - REQUEST=======> 2017-1-10 22:55:25 [GET] /system/dictionaryType?pageNumber=1&pageSize=10，耗时:5ms
[2017-01-10 22:56:06.767] [INFO] info - REQUEST=======> 2017-1-10 22:56:06 [GET] /system/dictionaryType?pageNumber=1&pageSize=10，耗时:2ms
[2017-01-10 22:56:06.933] [INFO] info - REQUEST=======> 2017-1-10 22:56:06 [GET] /system/dictionaryType?pageNumber=1&pageSize=10，耗时:3ms
[2017-01-10 22:56:22.267] [INFO] info - REQUEST=======> 2017-1-10 22:56:22 [GET] /system/dictionaryItem/use/all，耗时:1ms
[2017-01-10 22:56:22.326] [INFO] info - REQUEST=======> 2017-1-10 22:56:22 [GET] /manage/sign/currentUser，耗时:1ms
[2017-01-10 22:56:22.633] [INFO] info - REQUEST=======> 2017-1-10 22:56:22 [GET] /manage/sign/currentUser，耗时:1ms
[2017-01-10 22:56:22.826] [INFO] info - REQUEST=======> 2017-1-10 22:56:22 [GET] /system/dictionaryType?pageNumber=1&pageSize=10，耗时:2ms
[2017-01-10 22:57:59.265] [INFO] info - REQUEST=======> 2017-1-10 22:57:59 [GET] /system/dictionaryItem/use/all，耗时:1ms
[2017-01-10 22:57:59.338] [INFO] info - REQUEST=======> 2017-1-10 22:57:59 [GET] /manage/sign/currentUser，耗时:1ms
[2017-01-10 22:57:59.654] [INFO] info - REQUEST=======> 2017-1-10 22:57:59 [GET] /manage/sign/currentUser，耗时:0ms
[2017-01-10 22:57:59.887] [INFO] info - REQUEST=======> 2017-1-10 22:57:59 [GET] /system/dictionaryType?pageNumber=1&pageSize=10，耗时:1ms
[2017-01-10 22:58:16.754] [INFO] info - REQUEST=======> 2017-1-10 22:58:16 [GET] /system/dictionaryItem/use/all，耗时:0ms
[2017-01-10 22:58:16.809] [INFO] info - REQUEST=======> 2017-1-10 22:58:16 [GET] /manage/sign/currentUser，耗时:1ms
[2017-01-10 22:58:17.124] [INFO] info - REQUEST=======> 2017-1-10 22:58:17 [GET] /manage/sign/currentUser，耗时:1ms
[2017-01-10 22:58:17.308] [INFO] info - REQUEST=======> 2017-1-10 22:58:17 [GET] /system/dictionaryType?pageNumber=1&pageSize=10，耗时:2ms
[2017-01-10 22:58:29.408] [INFO] info - REQUEST=======> 2017-1-10 22:58:29 [GET] /system/dictionaryType?pageNumber=1&pageSize=10，耗时:1ms
[2017-01-10 22:58:40.124] [INFO] info - REQUEST=======> 2017-1-10 22:58:40 [GET] /system/dictionaryType?pageNumber=1&pageSize=10，耗时:3ms
[2017-01-10 22:58:40.315] [INFO] info - REQUEST=======> 2017-1-10 22:58:40 [GET] /system/dictionaryType?pageNumber=1&pageSize=10，耗时:3ms
[2017-01-10 22:58:48.729] [INFO] info - REQUEST=======> 2017-1-10 22:58:48 [GET] /system/dictionaryType?pageNumber=1&pageSize=10，耗时:2ms
[2017-01-10 22:58:48.829] [INFO] info - REQUEST=======> 2017-1-10 22:58:48 [GET] /system/dictionaryType?pageNumber=1&pageSize=10，耗时:2ms
[2017-01-10 22:58:49.240] [INFO] info - REQUEST=======> 2017-1-10 22:58:49 [GET] /system/dictionaryType?pageNumber=1&pageSize=10，耗时:2ms
[2017-01-10 22:58:50.400] [INFO] info - REQUEST=======> 2017-1-10 22:58:50 [GET] /system/dictionaryItem/use/all，耗时:2ms
[2017-01-10 22:58:50.747] [INFO] info - REQUEST=======> 2017-1-10 22:58:50 [GET] /manage/sign/currentUser，耗时:1ms
[2017-01-10 22:58:50.767] [INFO] info - REQUEST=======> 2017-1-10 22:58:50 [GET] /manage/sign/currentUser，耗时:1ms
[2017-01-10 22:58:51.015] [INFO] info - REQUEST=======> 2017-1-10 22:58:51 [GET] /system/dictionaryType?pageNumber=1&pageSize=10，耗时:3ms
[2017-01-10 22:59:00.496] [INFO] info - REQUEST=======> 2017-1-10 22:59:00 [GET] /system/dictionaryType?pageNumber=1&pageSize=10，耗时:2ms
[2017-01-10 22:59:07.905] [INFO] info - REQUEST=======> 2017-1-10 22:59:07 [GET] /system/dictionaryItem/use/all，耗时:1ms
[2017-01-10 22:59:07.953] [INFO] info - REQUEST=======> 2017-1-10 22:59:07 [GET] /manage/sign/currentUser，耗时:1ms
[2017-01-10 22:59:08.259] [INFO] info - REQUEST=======> 2017-1-10 22:59:08 [GET] /manage/sign/currentUser，耗时:1ms
[2017-01-10 22:59:08.444] [INFO] info - REQUEST=======> 2017-1-10 22:59:08 [GET] /system/dictionaryType?pageNumber=1&pageSize=10，耗时:2ms
[2017-01-10 22:59:10.609] [INFO] info - REQUEST=======> 2017-1-10 22:59:10 [GET] /system/dictionaryItem/use/all，耗时:2ms
[2017-01-10 22:59:10.964] [INFO] info - REQUEST=======> 2017-1-10 22:59:10 [GET] /manage/sign/currentUser，耗时:0ms
[2017-01-10 22:59:10.991] [INFO] info - REQUEST=======> 2017-1-10 22:59:10 [GET] /manage/sign/currentUser，耗时:1ms
[2017-01-10 22:59:11.222] [INFO] info - REQUEST=======> 2017-1-10 22:59:11 [GET] /system/dictionaryType?pageNumber=1&pageSize=10，耗时:3ms
[2017-01-10 22:59:53.726] [INFO] info - REQUEST=======> 2017-1-10 22:59:53 [GET] /system/dictionaryItem/use/all，耗时:1ms
[2017-01-10 22:59:54.083] [INFO] info - REQUEST=======> 2017-1-10 22:59:54 [GET] /manage/sign/currentUser，耗时:1ms
[2017-01-10 22:59:54.114] [INFO] info - REQUEST=======> 2017-1-10 22:59:54 [GET] /manage/sign/currentUser，耗时:1ms
[2017-01-10 22:59:54.341] [INFO] info - REQUEST=======> 2017-1-10 22:59:54 [GET] /system/dictionaryType?pageNumber=1&pageSize=10，耗时:2ms
[2017-01-10 23:00:15.481] [INFO] info - REQUEST=======> 2017-1-10 23:00:15 [GET] /system/dictionaryItem/use/all，耗时:0ms
[2017-01-10 23:00:15.833] [INFO] info - REQUEST=======> 2017-1-10 23:00:15 [GET] /manage/sign/currentUser，耗时:1ms
[2017-01-10 23:00:15.856] [INFO] info - REQUEST=======> 2017-1-10 23:00:15 [GET] /manage/sign/currentUser，耗时:1ms
[2017-01-10 23:00:16.091] [INFO] info - REQUEST=======> 2017-1-10 23:00:16 [GET] /system/dictionaryType?pageNumber=1&pageSize=10，耗时:1ms
[2017-01-10 23:00:46.487] [INFO] info - REQUEST=======> 2017-1-10 23:00:46 [GET] /system/dictionaryItem/use/all，耗时:0ms
[2017-01-10 23:00:46.840] [INFO] info - REQUEST=======> 2017-1-10 23:00:46 [GET] /manage/sign/currentUser，耗时:0ms
[2017-01-10 23:00:46.869] [INFO] info - REQUEST=======> 2017-1-10 23:00:46 [GET] /manage/sign/currentUser，耗时:2ms
[2017-01-10 23:00:47.098] [INFO] info - REQUEST=======> 2017-1-10 23:00:47 [GET] /system/dictionaryType?pageNumber=1&pageSize=10，耗时:3ms
[2017-01-10 23:01:20.936] [INFO] info - REQUEST=======> 2017-1-10 23:01:20 [GET] /system/dictionaryItem/use/all，耗时:0ms
[2017-01-10 23:01:21.287] [INFO] info - REQUEST=======> 2017-1-10 23:01:21 [GET] /manage/sign/currentUser，耗时:0ms
[2017-01-10 23:01:21.320] [INFO] info - REQUEST=======> 2017-1-10 23:01:21 [GET] /manage/sign/currentUser，耗时:0ms
[2017-01-10 23:01:21.563] [INFO] info - REQUEST=======> 2017-1-10 23:01:21 [GET] /system/dictionaryType?pageNumber=1&pageSize=10，耗时:2ms
[2017-01-10 23:01:34.127] [INFO] info - REQUEST=======> 2017-1-10 23:01:34 [GET] /system/dictionaryItem/use/all，耗时:1ms
[2017-01-10 23:01:34.190] [INFO] info - REQUEST=======> 2017-1-10 23:01:34 [GET] /manage/sign/currentUser，耗时:1ms
[2017-01-10 23:01:34.497] [INFO] info - REQUEST=======> 2017-1-10 23:01:34 [GET] /manage/sign/currentUser，耗时:0ms
[2017-01-10 23:01:34.689] [INFO] info - REQUEST=======> 2017-1-10 23:01:34 [GET] /system/dictionaryType?pageNumber=1&pageSize=10，耗时:2ms
[2017-01-10 23:02:40.214] [INFO] info - REQUEST=======> 2017-1-10 23:02:40 [GET] /system/dictionaryItem/use/all，耗时:1ms
[2017-01-10 23:02:40.261] [INFO] info - REQUEST=======> 2017-1-10 23:02:40 [GET] /manage/sign/currentUser，耗时:0ms
[2017-01-10 23:02:40.577] [INFO] info - REQUEST=======> 2017-1-10 23:02:40 [GET] /manage/sign/currentUser，耗时:1ms
[2017-01-10 23:02:40.766] [INFO] info - REQUEST=======> 2017-1-10 23:02:40 [GET] /system/dictionaryType?pageNumber=1&pageSize=10，耗时:2ms
[2017-01-10 23:05:17.597] [INFO] info - REQUEST=======> 2017-1-10 23:05:17 [GET] /system/dictionaryType?pageNumber=1&pageSize=10，耗时:2ms
[2017-01-10 23:05:19.388] [INFO] info - REQUEST=======> 2017-1-10 23:05:19 [GET] /system/dictionaryItem/use/all，耗时:1ms
[2017-01-10 23:05:19.469] [INFO] info - REQUEST=======> 2017-1-10 23:05:19 [GET] /manage/sign/currentUser，耗时:0ms
[2017-01-10 23:05:19.777] [INFO] info - REQUEST=======> 2017-1-10 23:05:19 [GET] /manage/sign/currentUser，耗时:0ms
[2017-01-10 23:05:19.954] [INFO] info - REQUEST=======> 2017-1-10 23:05:19 [GET] /system/dictionaryType?pageNumber=1&pageSize=10，耗时:2ms
[2017-01-10 23:05:47.767] [INFO] info - REQUEST=======> 2017-1-10 23:05:47 [GET] /system/dictionaryType?pageNumber=1&pageSize=10，耗时:2ms
[2017-01-10 23:05:49.189] [INFO] info - REQUEST=======> 2017-1-10 23:05:49 [GET] /system/dictionaryItem/use/all，耗时:1ms
[2017-01-10 23:05:49.554] [INFO] info - REQUEST=======> 2017-1-10 23:05:49 [GET] /manage/sign/currentUser，耗时:1ms
[2017-01-10 23:05:49.580] [INFO] info - REQUEST=======> 2017-1-10 23:05:49 [GET] /manage/sign/currentUser，耗时:0ms
[2017-01-10 23:05:49.813] [INFO] info - REQUEST=======> 2017-1-10 23:05:49 [GET] /system/dictionaryType?pageNumber=1&pageSize=10，耗时:2ms
[2017-01-10 23:07:16.629] [INFO] info - REQUEST=======> 2017-1-10 23:07:16 [GET] /system/dictionaryItem/use/all，耗时:2ms
[2017-01-10 23:07:16.993] [INFO] info - REQUEST=======> 2017-1-10 23:07:16 [GET] /manage/sign/currentUser，耗时:1ms
[2017-01-10 23:07:17.008] [INFO] info - REQUEST=======> 2017-1-10 23:07:17 [GET] /manage/sign/currentUser，耗时:1ms
[2017-01-10 23:07:17.244] [INFO] info - REQUEST=======> 2017-1-10 23:07:17 [GET] /system/dictionaryType?pageNumber=1&pageSize=10，耗时:2ms
[2017-01-10 23:08:53.282] [INFO] info - REQUEST=======> 2017-1-10 23:08:53 [GET] /system/dictionaryType?pageNumber=1&pageSize=10，耗时:2ms
[2017-01-10 23:08:55.886] [INFO] info - REQUEST=======> 2017-1-10 23:08:55 [GET] /system/dictionaryItem/use/all，耗时:1ms
[2017-01-10 23:08:55.931] [INFO] info - REQUEST=======> 2017-1-10 23:08:55 [GET] /manage/sign/currentUser，耗时:0ms
[2017-01-10 23:08:56.239] [INFO] info - REQUEST=======> 2017-1-10 23:08:56 [GET] /manage/sign/currentUser，耗时:1ms
[2017-01-10 23:08:56.444] [INFO] info - REQUEST=======> 2017-1-10 23:08:56 [GET] /system/dictionaryType?pageNumber=1&pageSize=10，耗时:4ms
[2017-01-10 23:09:51.647] [INFO] info - REQUEST=======> 2017-1-10 23:09:51 [GET] /system/dictionaryType?pageNumber=1&pageSize=10，耗时:2ms
[2017-01-10 23:09:54.232] [INFO] info - REQUEST=======> 2017-1-10 23:09:54 [GET] /system/dictionaryItem/use/all，耗时:1ms
[2017-01-10 23:09:54.583] [INFO] info - REQUEST=======> 2017-1-10 23:09:54 [GET] /manage/sign/currentUser，耗时:0ms
[2017-01-10 23:09:54.612] [INFO] info - REQUEST=======> 2017-1-10 23:09:54 [GET] /manage/sign/currentUser，耗时:1ms
[2017-01-10 23:09:54.841] [INFO] info - REQUEST=======> 2017-1-10 23:09:54 [GET] /system/dictionaryType?pageNumber=1&pageSize=10，耗时:1ms
[2017-01-10 23:09:56.665] [INFO] info - REQUEST=======> 2017-1-10 23:09:56 [GET] /manage/sign/logout，耗时:1ms
[2017-01-10 23:10:00.426] [INFO] info - REQUEST=======> 2017-1-10 23:10:00 [POST] /manage/sign/login，耗时:6ms
[2017-01-10 23:10:01.799] [INFO] info - REQUEST=======> 2017-1-10 23:10:01 [POST] /manage/sign/login，耗时:5ms
[2017-01-10 23:10:02.729] [INFO] info - REQUEST=======> 2017-1-10 23:10:02 [POST] /manage/sign/login，耗时:2ms
[2017-01-10 23:10:03.761] [INFO] info - REQUEST=======> 2017-1-10 23:10:03 [POST] /manage/sign/login，耗时:4ms
[2017-01-10 23:10:12.026] [INFO] info - 刷新缓存：DICTIONARY_ITEM_USE_ALL
[2017-01-10 23:10:12.241] [INFO] info - Redis connecting!
[2017-01-10 23:10:12.934] [INFO] info - REQUEST=======> 2017-1-10 23:10:12 [POST] /manage/sign/login，耗时:49ms
[2017-01-10 23:10:15.927] [INFO] info - REQUEST=======> 2017-1-10 23:10:15 [GET] /manage/account?pageNumber=1&pageSize=10，耗时:11ms
[2017-01-10 23:10:17.005] [INFO] info - REQUEST=======> 2017-1-10 23:10:17 [GET] /system/dictionaryType?pageNumber=1&pageSize=10，耗时:3ms
[2017-01-10 23:10:37.306] [INFO] info - REQUEST=======> 2017-1-10 23:10:37 [GET] /system/dictionaryType?pageNumber=1&pageSize=10，耗时:6ms
[2017-01-10 23:10:39.496] [INFO] info - REQUEST=======> 2017-1-10 23:10:39 [GET] /system/dictionaryType?pageNumber=1&pageSize=10，耗时:8ms
[2017-01-10 23:10:39.809] [INFO] info - REQUEST=======> 2017-1-10 23:10:39 [GET] /system/dictionaryType?pageNumber=1&pageSize=10，耗时:3ms
[2017-01-10 23:10:41.372] [INFO] info - REQUEST=======> 2017-1-10 23:10:41 [GET] /system/dictionaryItem/use/all，耗时:2ms
[2017-01-10 23:10:41.730] [INFO] info - REQUEST=======> 2017-1-10 23:10:41 [GET] /manage/sign/currentUser，耗时:0ms
[2017-01-10 23:10:41.760] [INFO] info - REQUEST=======> 2017-1-10 23:10:41 [GET] /manage/sign/currentUser，耗时:1ms
[2017-01-10 23:10:41.991] [INFO] info - REQUEST=======> 2017-1-10 23:10:41 [GET] /system/dictionaryType?pageNumber=1&pageSize=10，耗时:6ms
[2017-01-10 23:10:45.935] [INFO] info - REQUEST=======> 2017-1-10 23:10:45 [GET] /manage/account?pageNumber=1&pageSize=10，耗时:6ms
[2017-01-10 23:10:47.285] [INFO] info - REQUEST=======> 2017-1-10 23:10:47 [GET] /system/dictionaryType?pageNumber=1&pageSize=10，耗时:4ms
[2017-01-10 23:12:06.968] [INFO] info - REQUEST=======> 2017-1-10 23:12:06 [GET] /system/dictionaryItem/use/all，耗时:1ms
[2017-01-10 23:12:07.022] [INFO] info - REQUEST=======> 2017-1-10 23:12:07 [GET] /manage/sign/currentUser，耗时:1ms
[2017-01-10 23:12:07.329] [INFO] info - REQUEST=======> 2017-1-10 23:12:07 [GET] /manage/sign/currentUser，耗时:0ms
[2017-01-10 23:12:07.536] [INFO] info - REQUEST=======> 2017-1-10 23:12:07 [GET] /system/dictionaryType?pageNumber=1&pageSize=10，耗时:5ms
[2017-01-10 23:12:50.951] [INFO] info - REQUEST=======> 2017-1-10 23:12:50 [GET] /system/dictionaryItem/use/all，耗时:1ms
[2017-01-10 23:12:51.311] [INFO] info - REQUEST=======> 2017-1-10 23:12:51 [GET] /manage/sign/currentUser，耗时:0ms
[2017-01-10 23:12:51.325] [INFO] info - REQUEST=======> 2017-1-10 23:12:51 [GET] /manage/sign/currentUser，耗时:1ms
[2017-01-10 23:12:51.561] [INFO] info - REQUEST=======> 2017-1-10 23:12:51 [GET] /system/dictionaryType?pageNumber=1&pageSize=10，耗时:4ms
[2017-01-10 23:12:58.616] [INFO] info - REQUEST=======> 2017-1-10 23:12:58 [GET] /manage/account?pageNumber=1&pageSize=10，耗时:8ms
[2017-01-10 23:14:49.814] [INFO] info - REQUEST=======> 2017-1-10 23:14:49 [GET] /manage/account?pageNumber=1&pageSize=10，耗时:9ms
[2017-01-10 23:14:54.225] [INFO] info - REQUEST=======> 2017-1-10 23:14:54 [GET] /system/dictionaryItem/use/all，耗时:0ms
[2017-01-10 23:14:54.277] [INFO] info - REQUEST=======> 2017-1-10 23:14:54 [GET] /manage/sign/currentUser，耗时:0ms
[2017-01-10 23:14:54.593] [INFO] info - REQUEST=======> 2017-1-10 23:14:54 [GET] /manage/sign/currentUser，耗时:1ms
[2017-01-10 23:14:54.777] [INFO] info - REQUEST=======> 2017-1-10 23:14:54 [GET] /manage/account?pageNumber=1&pageSize=10，耗时:4ms
[2017-01-10 23:15:28.979] [INFO] info - REQUEST=======> 2017-1-10 23:15:28 [GET] /manage/account?pageNumber=1&pageSize=10，耗时:8ms
[2017-01-10 23:15:31.525] [INFO] info - REQUEST=======> 2017-1-10 23:15:31 [GET] /system/dictionaryItem/use/all，耗时:1ms
[2017-01-10 23:15:31.576] [INFO] info - REQUEST=======> 2017-1-10 23:15:31 [GET] /manage/sign/currentUser，耗时:1ms
[2017-01-10 23:15:31.882] [INFO] info - REQUEST=======> 2017-1-10 23:15:31 [GET] /manage/sign/currentUser，耗时:0ms
[2017-01-10 23:15:32.084] [INFO] info - REQUEST=======> 2017-1-10 23:15:32 [GET] /manage/account?pageNumber=1&pageSize=10，耗时:6ms
[2017-01-10 23:15:45.604] [INFO] info - REQUEST=======> 2017-1-10 23:15:45 [GET] /manage/account?pageNumber=1&pageSize=10，耗时:6ms
[2017-01-10 23:15:46.721] [INFO] info - REQUEST=======> 2017-1-10 23:15:46 [GET] /system/dictionaryItem/use/all，耗时:1ms
[2017-01-10 23:15:47.086] [INFO] info - REQUEST=======> 2017-1-10 23:15:47 [GET] /manage/sign/currentUser，耗时:2ms
[2017-01-10 23:15:47.104] [INFO] info - REQUEST=======> 2017-1-10 23:15:47 [GET] /manage/sign/currentUser，耗时:1ms
[2017-01-10 23:15:47.360] [INFO] info - REQUEST=======> 2017-1-10 23:15:47 [GET] /manage/account?pageNumber=1&pageSize=10，耗时:11ms
[2017-01-10 23:16:00.480] [INFO] info - REQUEST=======> 2017-1-10 23:16:00 [GET] /manage/account?pageNumber=1&pageSize=10，耗时:5ms
[2017-01-10 23:16:01.416] [INFO] info - REQUEST=======> 2017-1-10 23:16:01 [GET] /system/dictionaryItem/use/all，耗时:0ms
[2017-01-10 23:16:01.782] [INFO] info - REQUEST=======> 2017-1-10 23:16:01 [GET] /manage/sign/currentUser，耗时:1ms
[2017-01-10 23:16:01.809] [INFO] info - REQUEST=======> 2017-1-10 23:16:01 [GET] /manage/sign/currentUser，耗时:0ms
[2017-01-10 23:16:02.043] [INFO] info - REQUEST=======> 2017-1-10 23:16:02 [GET] /manage/account?pageNumber=1&pageSize=10，耗时:4ms
[2017-01-10 23:16:11.248] [INFO] info - REQUEST=======> 2017-1-10 23:16:11 [GET] /manage/account?pageNumber=1&pageSize=10，耗时:4ms
[2017-01-10 23:16:21.069] [INFO] info - REQUEST=======> 2017-1-10 23:16:21 [GET] /system/dictionaryType?pageNumber=1&pageSize=10，耗时:2ms
[2017-01-10 23:16:42.839] [INFO] info - REQUEST=======> 2017-1-10 23:16:42 [GET] /system/dictionaryType?pageNumber=1&pageSize=10，耗时:3ms
[2017-01-10 23:16:46.896] [INFO] info - REQUEST=======> 2017-1-10 23:16:46 [GET] /system/dictionaryType?pageNumber=1&pageSize=10，耗时:3ms
[2017-01-10 23:16:48.463] [INFO] info - REQUEST=======> 2017-1-10 23:16:48 [GET] /system/dictionaryItem/use/all，耗时:1ms
[2017-01-10 23:16:48.520] [INFO] info - REQUEST=======> 2017-1-10 23:16:48 [GET] /manage/sign/currentUser，耗时:1ms
[2017-01-10 23:16:48.826] [INFO] info - REQUEST=======> 2017-1-10 23:16:48 [GET] /manage/sign/currentUser，耗时:0ms
[2017-01-10 23:16:49.018] [INFO] info - REQUEST=======> 2017-1-10 23:16:49 [GET] /system/dictionaryType?pageNumber=1&pageSize=10，耗时:3ms
[2017-01-10 23:17:12.589] [INFO] info - REQUEST=======> 2017-1-10 23:17:12 [GET] /system/dictionaryType?pageNumber=1&pageSize=10，耗时:2ms
[2017-01-10 23:17:17.924] [INFO] info - REQUEST=======> 2017-1-10 23:17:17 [GET] /system/dictionaryType?pageNumber=1&pageSize=10，耗时:2ms
[2017-01-10 23:17:19.260] [INFO] info - REQUEST=======> 2017-1-10 23:17:19 [GET] /system/dictionaryItem/use/all，耗时:1ms
[2017-01-10 23:17:19.618] [INFO] info - REQUEST=======> 2017-1-10 23:17:19 [GET] /manage/sign/currentUser，耗时:1ms
[2017-01-10 23:17:19.639] [INFO] info - REQUEST=======> 2017-1-10 23:17:19 [GET] /manage/sign/currentUser，耗时:0ms
[2017-01-10 23:17:19.876] [INFO] info - REQUEST=======> 2017-1-10 23:17:19 [GET] /system/dictionaryType?pageNumber=1&pageSize=10，耗时:3ms
[2017-01-10 23:18:32.582] [INFO] info - REQUEST=======> 2017-1-10 23:18:32 [GET] /system/dictionaryItem/use/all，耗时:1ms
[2017-01-10 23:18:32.929] [INFO] info - REQUEST=======> 2017-1-10 23:18:32 [GET] /manage/sign/currentUser，耗时:0ms
[2017-01-10 23:18:32.949] [INFO] info - REQUEST=======> 2017-1-10 23:18:32 [GET] /manage/sign/currentUser，耗时:1ms
[2017-01-10 23:18:33.188] [INFO] info - REQUEST=======> 2017-1-10 23:18:33 [GET] /system/dictionaryType?pageNumber=1&pageSize=10，耗时:3ms
[2017-01-10 23:19:10.578] [INFO] info - REQUEST=======> 2017-1-10 23:19:10 [GET] /system/dictionaryItem/use/all，耗时:1ms
[2017-01-10 23:19:10.931] [INFO] info - REQUEST=======> 2017-1-10 23:19:10 [GET] /manage/sign/currentUser，耗时:1ms
[2017-01-10 23:19:10.955] [INFO] info - REQUEST=======> 2017-1-10 23:19:10 [GET] /manage/sign/currentUser，耗时:1ms
[2017-01-10 23:19:11.188] [INFO] info - REQUEST=======> 2017-1-10 23:19:11 [GET] /system/dictionaryType?pageNumber=1&pageSize=10，耗时:3ms
[2017-01-10 23:19:44.647] [INFO] info - REQUEST=======> 2017-1-10 23:19:44 [GET] /system/dictionaryItem/use/all，耗时:1ms
[2017-01-10 23:19:45.007] [INFO] info - REQUEST=======> 2017-1-10 23:19:45 [GET] /manage/sign/currentUser，耗时:1ms
[2017-01-10 23:19:45.018] [INFO] info - REQUEST=======> 2017-1-10 23:19:45 [GET] /manage/sign/currentUser，耗时:1ms
[2017-01-10 23:19:45.252] [INFO] info - REQUEST=======> 2017-1-10 23:19:45 [GET] /system/dictionaryType?pageNumber=1&pageSize=10，耗时:2ms
[2017-01-10 23:20:29.196] [INFO] info - REQUEST=======> 2017-1-10 23:20:29 [GET] /system/dictionaryType?pageNumber=1&pageSize=10，耗时:3ms
[2017-01-10 23:20:32.596] [INFO] info - REQUEST=======> 2017-1-10 23:20:32 [GET] /system/dictionaryItem/use/all，耗时:1ms
[2017-01-10 23:20:32.649] [INFO] info - REQUEST=======> 2017-1-10 23:20:32 [GET] /manage/sign/currentUser，耗时:1ms
[2017-01-10 23:20:32.964] [INFO] info - REQUEST=======> 2017-1-10 23:20:32 [GET] /manage/sign/currentUser，耗时:1ms
[2017-01-10 23:20:33.147] [INFO] info - REQUEST=======> 2017-1-10 23:20:33 [GET] /system/dictionaryType?pageNumber=1&pageSize=10，耗时:1ms
[2017-01-10 23:21:08.234] [INFO] info - REQUEST=======> 2017-1-10 23:21:08 [GET] /manage/account?pageNumber=1&pageSize=10，耗时:5ms
[2017-01-10 23:21:09.865] [INFO] info - REQUEST=======> 2017-1-10 23:21:09 [GET] /system/dictionaryItem/use/all，耗时:1ms
[2017-01-10 23:21:10.214] [INFO] info - REQUEST=======> 2017-1-10 23:21:10 [GET] /manage/sign/currentUser，耗时:1ms
[2017-01-10 23:21:10.236] [INFO] info - REQUEST=======> 2017-1-10 23:21:10 [GET] /manage/sign/currentUser，耗时:1ms
[2017-01-10 23:21:10.480] [INFO] info - REQUEST=======> 2017-1-10 23:21:10 [GET] /manage/account?pageNumber=1&pageSize=10，耗时:3ms
[2017-01-10 23:21:32.698] [INFO] info - REQUEST=======> 2017-1-10 23:21:32 [GET] /system/dictionaryItem/use/all，耗时:1ms
[2017-01-10 23:21:33.053] [INFO] info - REQUEST=======> 2017-1-10 23:21:33 [GET] /manage/sign/currentUser，耗时:1ms
[2017-01-10 23:21:33.066] [INFO] info - REQUEST=======> 2017-1-10 23:21:33 [GET] /manage/sign/currentUser，耗时:0ms
[2017-01-10 23:21:33.301] [INFO] info - REQUEST=======> 2017-1-10 23:21:33 [GET] /manage/account?pageNumber=1&pageSize=10，耗时:2ms
[2017-01-10 23:22:15.858] [INFO] info - REQUEST=======> 2017-1-10 23:22:15 [GET] /system/dictionaryItem/use/all，耗时:1ms
[2017-01-10 23:22:16.207] [INFO] info - REQUEST=======> 2017-1-10 23:22:16 [GET] /manage/sign/currentUser，耗时:0ms
[2017-01-10 23:22:16.232] [INFO] info - REQUEST=======> 2017-1-10 23:22:16 [GET] /manage/sign/currentUser，耗时:0ms
[2017-01-10 23:22:16.467] [INFO] info - REQUEST=======> 2017-1-10 23:22:16 [GET] /manage/account?pageNumber=1&pageSize=10，耗时:3ms
[2017-01-10 23:22:21.087] [INFO] info - REQUEST=======> 2017-1-10 23:22:21 [GET] /system/dictionaryType?pageNumber=1&pageSize=10，耗时:2ms
[2017-01-10 23:22:52.019] [INFO] info - REQUEST=======> 2017-1-10 23:22:52 [GET] /system/dictionaryItem/use/all，耗时:1ms
[2017-01-10 23:22:52.091] [INFO] info - REQUEST=======> 2017-1-10 23:22:52 [GET] /manage/sign/currentUser，耗时:1ms
[2017-01-10 23:22:52.398] [INFO] info - REQUEST=======> 2017-1-10 23:22:52 [GET] /manage/sign/currentUser，耗时:1ms
[2017-01-10 23:22:52.621] [INFO] info - REQUEST=======> 2017-1-10 23:22:52 [GET] /system/dictionaryType?pageNumber=1&pageSize=10，耗时:2ms
[2017-01-10 23:23:58.095] [INFO] info - REQUEST=======> 2017-1-10 23:23:58 [GET] /system/dictionaryType?pageNumber=1&pageSize=10，耗时:4ms
[2017-01-10 23:23:59.733] [INFO] info - REQUEST=======> 2017-1-10 23:23:59 [GET] /system/dictionaryItem/use/all，耗时:1ms
[2017-01-10 23:23:59.813] [INFO] info - REQUEST=======> 2017-1-10 23:23:59 [GET] /manage/sign/currentUser，耗时:1ms
[2017-01-10 23:24:00.121] [INFO] info - REQUEST=======> 2017-1-10 23:24:00 [GET] /manage/sign/currentUser，耗时:1ms
[2017-01-10 23:24:00.350] [INFO] info - REQUEST=======> 2017-1-10 23:24:00 [GET] /system/dictionaryType?pageNumber=1&pageSize=10，耗时:2ms
[2017-01-10 23:24:04.952] [INFO] info - REQUEST=======> 2017-1-10 23:24:04 [POST] /system/dictionaryType，耗时:14ms
[2017-01-10 23:24:05.282] [INFO] info - REQUEST=======> 2017-1-10 23:24:05 [GET] /system/dictionaryType?pageNumber=1&pageSize=10，耗时:4ms
[2017-01-10 23:24:08.132] [INFO] info - REQUEST=======> 2017-1-10 23:24:08 [DELETE] /system/dictionaryType/1，耗时:25ms
[2017-01-10 23:24:08.448] [INFO] info - REQUEST=======> 2017-1-10 23:24:08 [GET] /system/dictionaryType?pageNumber=1&pageSize=10，耗时:2ms
[2017-01-10 23:24:29.684] [INFO] info - REQUEST=======> 2017-1-10 23:24:29 [POST] /system/dictionaryType，耗时:9ms
[2017-01-10 23:24:29.922] [INFO] info - REQUEST=======> 2017-1-10 23:24:29 [GET] /system/dictionaryType?pageNumber=1&pageSize=10，耗时:5ms
[2017-01-10 23:24:38.536] [INFO] info - REQUEST=======> 2017-1-10 23:24:38 [GET] /system/dictionaryType?pageNumber=1&pageSize=10，耗时:10ms
[2017-01-10 23:24:40.470] [INFO] info - REQUEST=======> 2017-1-10 23:24:40 [GET] /system/dictionaryItem/use/all，耗时:1ms
[2017-01-10 23:24:40.544] [INFO] info - REQUEST=======> 2017-1-10 23:24:40 [GET] /manage/sign/currentUser，耗时:1ms
[2017-01-10 23:24:40.852] [INFO] info - REQUEST=======> 2017-1-10 23:24:40 [GET] /manage/sign/currentUser，耗时:1ms
[2017-01-10 23:24:41.066] [INFO] info - REQUEST=======> 2017-1-10 23:24:41 [GET] /system/dictionaryType?pageNumber=1&pageSize=10，耗时:9ms
[2017-01-10 23:24:43.314] [INFO] info - REQUEST=======> 2017-1-10 23:24:43 [GET] /system/dictionaryItem/getByType/PlateNumberPrefix，耗时:3ms
[2017-01-10 23:26:16.462] [INFO] info - REQUEST=======> 2017-1-10 23:26:16 [GET] /system/dictionaryType?pageNumber=1&pageSize=10，耗时:7ms
[2017-01-10 23:26:18.514] [INFO] info - REQUEST=======> 2017-1-10 23:26:18 [GET] /system/dictionaryItem/use/all，耗时:0ms
[2017-01-10 23:26:18.867] [INFO] info - REQUEST=======> 2017-1-10 23:26:18 [GET] /manage/sign/currentUser，耗时:0ms
[2017-01-10 23:26:18.899] [INFO] info - REQUEST=======> 2017-1-10 23:26:18 [GET] /manage/sign/currentUser，耗时:1ms
[2017-01-10 23:26:19.126] [INFO] info - REQUEST=======> 2017-1-10 23:26:19 [GET] /system/dictionaryType?pageNumber=1&pageSize=10，耗时:5ms
[2017-01-10 23:26:19.977] [INFO] info - REQUEST=======> 2017-1-10 23:26:19 [GET] /system/dictionaryItem/getByType/PlateNumberPrefix，耗时:4ms
[2017-01-10 23:28:27.265] [INFO] info - REQUEST=======> 2017-1-10 23:28:27 [GET] /system/dictionaryItem/use/all，耗时:2ms
[2017-01-10 23:28:27.625] [INFO] info - REQUEST=======> 2017-1-10 23:28:27 [GET] /manage/sign/currentUser，耗时:0ms
[2017-01-10 23:28:27.658] [INFO] info - REQUEST=======> 2017-1-10 23:28:27 [GET] /manage/sign/currentUser，耗时:0ms
[2017-01-10 23:28:27.952] [INFO] info - REQUEST=======> 2017-1-10 23:28:27 [GET] /system/dictionaryType?pageNumber=1&pageSize=10，耗时:6ms
[2017-01-10 23:28:28.562] [INFO] info - REQUEST=======> 2017-1-10 23:28:28 [GET] /system/dictionaryItem/getByType/PlateNumberPrefix，耗时:2ms
[2017-01-10 23:28:37.657] [INFO] info - REQUEST=======> 2017-1-10 23:28:37 [GET] /system/dictionaryItem/getByType/PlateNumberPrefix，耗时:2ms
[2017-01-10 23:29:09.253] [INFO] info - REQUEST=======> 2017-1-10 23:29:09 [GET] /system/dictionaryItem/use/all，耗时:0ms
[2017-01-10 23:29:09.303] [INFO] info - REQUEST=======> 2017-1-10 23:29:09 [GET] /manage/sign/currentUser，耗时:1ms
[2017-01-10 23:29:09.612] [INFO] info - REQUEST=======> 2017-1-10 23:29:09 [GET] /manage/sign/currentUser，耗时:1ms
[2017-01-10 23:29:09.833] [INFO] info - REQUEST=======> 2017-1-10 23:29:09 [GET] /system/dictionaryType?pageNumber=1&pageSize=10，耗时:4ms
[2017-01-10 23:29:11.382] [INFO] info - REQUEST=======> 2017-1-10 23:29:11 [GET] /system/dictionaryItem/getByType/PlateNumberPrefix，耗时:3ms
[2017-01-10 23:31:33.134] [INFO] info - REQUEST=======> 2017-1-10 23:31:33 [GET] /system/dictionaryItem/use/all，耗时:1ms
[2017-01-10 23:31:33.511] [INFO] info - REQUEST=======> 2017-1-10 23:31:33 [GET] /manage/sign/currentUser，耗时:0ms
[2017-01-10 23:31:33.548] [INFO] info - REQUEST=======> 2017-1-10 23:31:33 [GET] /manage/sign/currentUser，耗时:1ms
[2017-01-10 23:32:37.080] [INFO] info - REQUEST=======> 2017-1-10 23:32:37 [GET] /system/dictionaryItem/use/all，耗时:0ms
[2017-01-10 23:32:37.431] [INFO] info - REQUEST=======> 2017-1-10 23:32:37 [GET] /manage/sign/currentUser，耗时:0ms
[2017-01-10 23:32:37.464] [INFO] info - REQUEST=======> 2017-1-10 23:32:37 [GET] /manage/sign/currentUser，耗时:0ms
[2017-01-10 23:36:32.931] [INFO] info - REQUEST=======> 2017-1-10 23:36:32 [GET] /system/dictionaryItem/use/all，耗时:1ms
[2017-01-10 23:36:33.294] [INFO] info - REQUEST=======> 2017-1-10 23:36:33 [GET] /manage/sign/currentUser，耗时:1ms
[2017-01-10 23:36:33.318] [INFO] info - REQUEST=======> 2017-1-10 23:36:33 [GET] /manage/sign/currentUser，耗时:0ms
[2017-01-10 23:36:33.555] [INFO] info - REQUEST=======> 2017-1-10 23:36:33 [GET] /system/dictionaryType?pageNumber=1&pageSize=10，耗时:3ms
[2017-01-10 23:36:35.417] [INFO] info - REQUEST=======> 2017-1-10 23:36:35 [GET] /system/dictionaryItem/getByType/PlateNumberPrefix，耗时:5ms
[2017-01-10 23:37:13.940] [INFO] info - REQUEST=======> 2017-1-10 23:37:13 [GET] /system/dictionaryItem/use/all，耗时:2ms
[2017-01-10 23:37:14.335] [INFO] info - REQUEST=======> 2017-1-10 23:37:14 [GET] /manage/sign/currentUser，耗时:1ms
[2017-01-10 23:37:14.378] [INFO] info - REQUEST=======> 2017-1-10 23:37:14 [GET] /manage/sign/currentUser，耗时:1ms
[2017-01-10 23:37:14.656] [INFO] info - REQUEST=======> 2017-1-10 23:37:14 [GET] /system/dictionaryType?pageNumber=1&pageSize=10，耗时:4ms
[2017-01-10 23:37:15.501] [INFO] info - REQUEST=======> 2017-1-10 23:37:15 [GET] /system/dictionaryItem/use/all，耗时:1ms
[2017-01-10 23:37:15.543] [INFO] info - REQUEST=======> 2017-1-10 23:37:15 [GET] /manage/sign/currentUser，耗时:1ms
[2017-01-10 23:37:15.551] [INFO] info - REQUEST=======> 2017-1-10 23:37:15 [GET] /manage/sign/currentUser，耗时:2ms
[2017-01-10 23:37:15.886] [INFO] info - REQUEST=======> 2017-1-10 23:37:15 [GET] /system/dictionaryType?pageNumber=1&pageSize=10，耗时:3ms
[2017-01-10 23:37:16.471] [INFO] info - REQUEST=======> 2017-1-10 23:37:16 [GET] /system/dictionaryItem/getByType/PlateNumberPrefix，耗时:3ms
[2017-01-10 23:37:29.690] [INFO] info - REQUEST=======> 2017-1-10 23:37:29 [GET] /system/dictionaryItem/use/all，耗时:1ms
[2017-01-10 23:37:30.078] [INFO] info - REQUEST=======> 2017-1-10 23:37:30 [GET] /manage/sign/currentUser，耗时:2ms
[2017-01-10 23:37:30.954] [INFO] info - REQUEST=======> 2017-1-10 23:37:30 [GET] /system/dictionaryItem/use/all，耗时:1ms
[2017-01-10 23:37:31.022] [INFO] info - REQUEST=======> 2017-1-10 23:37:31 [GET] /manage/sign/currentUser，耗时:1ms
[2017-01-10 23:37:31.030] [INFO] info - REQUEST=======> 2017-1-10 23:37:31 [GET] /manage/sign/currentUser，耗时:0ms
[2017-01-10 23:37:31.329] [INFO] info - REQUEST=======> 2017-1-10 23:37:31 [GET] /system/dictionaryType?pageNumber=1&pageSize=10，耗时:6ms
[2017-01-10 23:37:32.349] [INFO] info - REQUEST=======> 2017-1-10 23:37:32 [GET] /system/dictionaryItem/getByType/PlateNumberPrefix，耗时:2ms
[2017-01-10 23:38:49.428] [INFO] info - REQUEST=======> 2017-1-10 23:38:49 [GET] /system/dictionaryItem/use/all，耗时:4ms
[2017-01-10 23:38:49.797] [INFO] info - REQUEST=======> 2017-1-10 23:38:49 [GET] /manage/sign/currentUser，耗时:1ms
[2017-01-10 23:38:49.823] [INFO] info - REQUEST=======> 2017-1-10 23:38:49 [GET] /manage/sign/currentUser，耗时:0ms
[2017-01-10 23:38:50.143] [INFO] info - REQUEST=======> 2017-1-10 23:38:50 [GET] /system/dictionaryType?pageNumber=1&pageSize=10，耗时:29ms
[2017-01-10 23:39:14.067] [INFO] info - REQUEST=======> 2017-1-10 23:39:14 [GET] /system/dictionaryItem/use/all，耗时:1ms
[2017-01-10 23:39:14.125] [INFO] info - REQUEST=======> 2017-1-10 23:39:14 [GET] /manage/sign/currentUser，耗时:0ms
[2017-01-10 23:39:14.433] [INFO] info - REQUEST=======> 2017-1-10 23:39:14 [GET] /manage/sign/currentUser，耗时:0ms
[2017-01-10 23:39:14.726] [INFO] info - REQUEST=======> 2017-1-10 23:39:14 [GET] /system/dictionaryType?pageNumber=1&pageSize=10，耗时:7ms
[2017-01-10 23:39:20.109] [INFO] info - REQUEST=======> 2017-1-10 23:39:20 [GET] /system/dictionaryItem/use/all，耗时:1ms
[2017-01-10 23:39:20.459] [INFO] info - REQUEST=======> 2017-1-10 23:39:20 [GET] /manage/sign/currentUser，耗时:1ms
[2017-01-10 23:39:21.027] [INFO] info - REQUEST=======> 2017-1-10 23:39:21 [GET] /system/dictionaryItem/use/all，耗时:1ms
[2017-01-10 23:39:21.077] [INFO] info - REQUEST=======> 2017-1-10 23:39:21 [GET] /manage/sign/currentUser，耗时:1ms
[2017-01-10 23:39:21.083] [INFO] info - REQUEST=======> 2017-1-10 23:39:21 [GET] /manage/sign/currentUser，耗时:1ms
[2017-01-10 23:39:21.344] [INFO] info - REQUEST=======> 2017-1-10 23:39:21 [GET] /system/dictionaryType?pageNumber=1&pageSize=10，耗时:4ms
[2017-01-10 23:39:23.452] [INFO] info - REQUEST=======> 2017-1-10 23:39:23 [GET] /system/dictionaryItem/getByType/PlateNumberPrefix，耗时:10ms
[2017-01-10 23:39:25.722] [INFO] info - 刷新缓存：DICTIONARY_ITEM_USE_ALL
[2017-01-10 23:39:25.723] [INFO] info - REQUEST=======> 2017-1-10 23:39:25 [POST] /system/dictionaryItem，耗时:15ms
[2017-01-10 23:39:28.602] [INFO] info - REQUEST=======> 2017-1-10 23:39:28 [GET] /system/dictionaryItem/use/all，耗时:1ms
[2017-01-10 23:39:28.948] [INFO] info - REQUEST=======> 2017-1-10 23:39:28 [GET] /manage/sign/currentUser，耗时:0ms
[2017-01-10 23:39:28.965] [INFO] info - REQUEST=======> 2017-1-10 23:39:28 [GET] /manage/sign/currentUser，耗时:0ms
[2017-01-10 23:39:29.206] [INFO] info - REQUEST=======> 2017-1-10 23:39:29 [GET] /system/dictionaryType?pageNumber=1&pageSize=10，耗时:4ms
[2017-01-10 23:39:29.917] [INFO] info - REQUEST=======> 2017-1-10 23:39:29 [GET] /system/dictionaryItem/getByType/PlateNumberPrefix，耗时:5ms
[2017-01-10 23:40:00.017] [INFO] info - REQUEST=======> 2017-1-10 23:40:00 [GET] /system/dictionaryItem/use/all，耗时:2ms
[2017-01-10 23:40:00.379] [INFO] info - REQUEST=======> 2017-1-10 23:40:00 [GET] /manage/sign/currentUser，耗时:1ms
[2017-01-10 23:40:00.403] [INFO] info - REQUEST=======> 2017-1-10 23:40:00 [GET] /manage/sign/currentUser，耗时:0ms
[2017-01-10 23:40:00.733] [INFO] info - REQUEST=======> 2017-1-10 23:40:00 [GET] /system/dictionaryType?pageNumber=1&pageSize=10，耗时:5ms
[2017-01-10 23:40:07.980] [INFO] info - REQUEST=======> 2017-1-10 23:40:07 [GET] /system/dictionaryItem/getByType/PlateNumberPrefix，耗时:2ms
[2017-01-10 23:40:56.003] [INFO] info - REQUEST=======> 2017-1-10 23:40:56 [GET] /system/dictionaryItem/use/all，耗时:1ms
[2017-01-10 23:40:56.355] [INFO] info - REQUEST=======> 2017-1-10 23:40:56 [GET] /manage/sign/currentUser，耗时:0ms
[2017-01-10 23:40:56.382] [INFO] info - REQUEST=======> 2017-1-10 23:40:56 [GET] /manage/sign/currentUser，耗时:0ms
[2017-01-10 23:40:56.629] [INFO] info - REQUEST=======> 2017-1-10 23:40:56 [GET] /system/dictionaryType?pageNumber=1&pageSize=10，耗时:4ms
[2017-01-10 23:41:06.733] [INFO] info - REQUEST=======> 2017-1-10 23:41:06 [GET] /system/dictionaryItem/getByType/PlateNumberPrefix，耗时:4ms
[2017-01-10 23:41:54.058] [INFO] info - REQUEST=======> 2017-1-10 23:41:54 [GET] /system/dictionaryItem/use/all，耗时:1ms
[2017-01-10 23:41:54.409] [INFO] info - REQUEST=======> 2017-1-10 23:41:54 [GET] /manage/sign/currentUser，耗时:0ms
[2017-01-10 23:41:54.428] [INFO] info - REQUEST=======> 2017-1-10 23:41:54 [GET] /manage/sign/currentUser，耗时:0ms
[2017-01-10 23:41:54.677] [INFO] info - REQUEST=======> 2017-1-10 23:41:54 [GET] /system/dictionaryType?pageNumber=1&pageSize=10，耗时:7ms
[2017-01-10 23:42:00.105] [INFO] info - REQUEST=======> 2017-1-10 23:42:00 [GET] /system/dictionaryItem/use/all，耗时:1ms
[2017-01-10 23:42:00.156] [INFO] info - REQUEST=======> 2017-1-10 23:42:00 [GET] /manage/sign/currentUser，耗时:0ms
[2017-01-10 23:42:00.160] [INFO] info - REQUEST=======> 2017-1-10 23:42:00 [GET] /manage/sign/currentUser，耗时:0ms
[2017-01-10 23:42:00.397] [INFO] info - REQUEST=======> 2017-1-10 23:42:00 [GET] /system/dictionaryType?pageNumber=1&pageSize=10，耗时:7ms
[2017-01-10 23:42:02.040] [INFO] info - REQUEST=======> 2017-1-10 23:42:02 [GET] /system/dictionaryItem/getByType/PlateNumberPrefix，耗时:2ms
[2017-01-10 23:42:08.042] [INFO] info - 刷新缓存：DICTIONARY_ITEM_USE_ALL
[2017-01-10 23:42:08.045] [INFO] info - REQUEST=======> 2017-1-10 23:42:08 [POST] /system/dictionaryItem，耗时:12ms
[2017-01-10 23:42:32.926] [INFO] info - REQUEST=======> 2017-1-10 23:42:32 [GET] /system/dictionaryItem/use/all，耗时:1ms
[2017-01-10 23:42:32.982] [INFO] info - REQUEST=======> 2017-1-10 23:42:32 [GET] /manage/sign/currentUser，耗时:0ms
[2017-01-10 23:42:33.298] [INFO] info - REQUEST=======> 2017-1-10 23:42:33 [GET] /manage/sign/currentUser，耗时:1ms
[2017-01-10 23:42:33.525] [INFO] info - REQUEST=======> 2017-1-10 23:42:33 [GET] /system/dictionaryType?pageNumber=1&pageSize=10，耗时:2ms
[2017-01-10 23:42:52.924] [INFO] info - REQUEST=======> 2017-1-10 23:42:52 [GET] /system/dictionaryItem/use/all，耗时:1ms
[2017-01-10 23:42:52.976] [INFO] info - REQUEST=======> 2017-1-10 23:42:52 [GET] /manage/sign/currentUser，耗时:0ms
[2017-01-10 23:42:53.284] [INFO] info - REQUEST=======> 2017-1-10 23:42:53 [GET] /manage/sign/currentUser，耗时:1ms
[2017-01-10 23:42:53.484] [INFO] info - REQUEST=======> 2017-1-10 23:42:53 [GET] /system/dictionaryType?pageNumber=1&pageSize=10，耗时:4ms
[2017-01-10 23:42:54.138] [INFO] info - REQUEST=======> 2017-1-10 23:42:54 [GET] /system/dictionaryItem/getByType/PlateNumberPrefix，耗时:2ms
[2017-01-10 23:43:00.296] [INFO] info - 刷新缓存：DICTIONARY_ITEM_USE_ALL
[2017-01-10 23:43:00.297] [INFO] info - REQUEST=======> 2017-1-10 23:43:00 [POST] /system/dictionaryItem，耗时:9ms
[2017-01-10 23:43:19.707] [INFO] info - REQUEST=======> 2017-1-10 23:43:19 [GET] /system/dictionaryItem/use/all，耗时:1ms
[2017-01-10 23:43:19.759] [INFO] info - REQUEST=======> 2017-1-10 23:43:19 [GET] /manage/sign/currentUser，耗时:1ms
[2017-01-10 23:43:20.066] [INFO] info - REQUEST=======> 2017-1-10 23:43:20 [GET] /manage/sign/currentUser，耗时:1ms
[2017-01-10 23:43:20.265] [INFO] info - REQUEST=======> 2017-1-10 23:43:20 [GET] /system/dictionaryType?pageNumber=1&pageSize=10，耗时:3ms
[2017-01-10 23:43:21.368] [INFO] info - REQUEST=======> 2017-1-10 23:43:21 [GET] /system/dictionaryItem/getByType/PlateNumberPrefix，耗时:4ms
[2017-01-10 23:43:24.755] [INFO] info - 刷新缓存：DICTIONARY_ITEM_USE_ALL
[2017-01-10 23:43:24.757] [INFO] info - REQUEST=======> 2017-1-10 23:43:24 [POST] /system/dictionaryItem，耗时:11ms
[2017-01-10 23:43:30.074] [INFO] info - 刷新缓存：DICTIONARY_ITEM_USE_ALL
[2017-01-10 23:43:30.075] [INFO] info - REQUEST=======> 2017-1-10 23:43:30 [POST] /system/dictionaryItem，耗时:5ms
[2017-01-10 23:44:11.090] [INFO] info - REQUEST=======> 2017-1-10 23:44:11 [GET] /system/dictionaryItem/use/all，耗时:1ms
[2017-01-10 23:44:11.447] [INFO] info - REQUEST=======> 2017-1-10 23:44:11 [GET] /manage/sign/currentUser，耗时:1ms
[2017-01-10 23:44:11.464] [INFO] info - REQUEST=======> 2017-1-10 23:44:11 [GET] /manage/sign/currentUser，耗时:1ms
[2017-01-10 23:44:11.699] [INFO] info - REQUEST=======> 2017-1-10 23:44:11 [GET] /system/dictionaryType?pageNumber=1&pageSize=10，耗时:4ms
[2017-01-10 23:44:12.767] [INFO] info - REQUEST=======> 2017-1-10 23:44:12 [GET] /system/dictionaryItem/getByType/PlateNumberPrefix，耗时:4ms
[2017-01-10 23:44:15.497] [INFO] info - 刷新缓存：DICTIONARY_ITEM_USE_ALL
[2017-01-10 23:44:15.499] [INFO] info - REQUEST=======> 2017-1-10 23:44:15 [POST] /system/dictionaryItem，耗时:6ms
[2017-01-10 23:45:57.948] [INFO] info - REQUEST=======> 2017-1-10 23:45:57 [GET] /system/dictionaryItem/use/all，耗时:1ms
[2017-01-10 23:45:58.006] [INFO] info - REQUEST=======> 2017-1-10 23:45:58 [GET] /manage/sign/currentUser，耗时:1ms
[2017-01-10 23:45:58.314] [INFO] info - REQUEST=======> 2017-1-10 23:45:58 [GET] /manage/sign/currentUser，耗时:1ms
[2017-01-10 23:45:58.584] [INFO] info - REQUEST=======> 2017-1-10 23:45:58 [GET] /system/dictionaryType?pageNumber=1&pageSize=10，耗时:7ms
[2017-01-10 23:46:21.002] [INFO] info - REQUEST=======> 2017-1-10 23:46:21 [GET] /system/dictionaryItem/use/all，耗时:1ms
[2017-01-10 23:46:21.048] [INFO] info - REQUEST=======> 2017-1-10 23:46:21 [GET] /manage/sign/currentUser，耗时:1ms
[2017-01-10 23:46:21.365] [INFO] info - REQUEST=======> 2017-1-10 23:46:21 [GET] /manage/sign/currentUser，耗时:1ms
[2017-01-10 23:46:21.564] [INFO] info - REQUEST=======> 2017-1-10 23:46:21 [GET] /system/dictionaryType?pageNumber=1&pageSize=10，耗时:3ms
[2017-01-10 23:46:23.512] [INFO] info - REQUEST=======> 2017-1-10 23:46:23 [GET] /system/dictionaryItem/getByType/PlateNumberPrefix，耗时:1ms
[2017-01-10 23:46:26.608] [INFO] info - 刷新缓存：DICTIONARY_ITEM_USE_ALL
[2017-01-10 23:46:26.610] [INFO] info - REQUEST=======> 2017-1-10 23:46:26 [POST] /system/dictionaryItem，耗时:10ms
[2017-01-10 23:46:26.926] [INFO] info - REQUEST=======> 2017-1-10 23:46:26 [GET] /system/dictionaryItem/getByType/PlateNumberPrefix，耗时:1ms
[2017-01-10 23:49:29.619] [INFO] info - REQUEST=======> 2017-1-10 23:49:29 [GET] /system/dictionaryType?pageNumber=1&pageSize=10，耗时:3ms
[2017-01-10 23:49:29.943] [INFO] info - REQUEST=======> 2017-1-10 23:49:29 [GET] /system/dictionaryItem/getByType/PlateNumberPrefix，耗时:2ms
[2017-01-10 23:50:16.565] [INFO] info - REQUEST=======> 2017-1-10 23:50:16 [GET] /system/dictionaryItem/use/all，耗时:0ms
[2017-01-10 23:50:16.928] [INFO] info - REQUEST=======> 2017-1-10 23:50:16 [GET] /manage/sign/currentUser，耗时:0ms
[2017-01-10 23:50:16.959] [INFO] info - REQUEST=======> 2017-1-10 23:50:16 [GET] /manage/sign/currentUser，耗时:2ms
[2017-01-10 23:50:17.240] [INFO] info - REQUEST=======> 2017-1-10 23:50:17 [GET] /system/dictionaryType?pageNumber=1&pageSize=10，耗时:11ms
[2017-01-10 23:50:19.977] [INFO] info - REQUEST=======> 2017-1-10 23:50:19 [GET] /system/dictionaryItem/getByType/PlateNumberPrefix，耗时:2ms
[2017-01-10 23:50:31.451] [INFO] info - 刷新缓存：DICTIONARY_ITEM_USE_ALL
[2017-01-10 23:50:31.453] [INFO] info - REQUEST=======> 2017-1-10 23:50:31 [PUT] /system/dictionaryItem，耗时:11ms
[2017-01-10 23:50:31.771] [INFO] info - REQUEST=======> 2017-1-10 23:50:31 [GET] /system/dictionaryItem/getByType/PlateNumberPrefix，耗时:3ms
[2017-01-10 23:50:34.649] [INFO] info - 刷新缓存：DICTIONARY_ITEM_USE_ALL
[2017-01-10 23:50:34.649] [INFO] info - REQUEST=======> 2017-1-10 23:50:34 [PUT] /system/dictionaryItem，耗时:5ms
[2017-01-10 23:50:34.964] [INFO] info - REQUEST=======> 2017-1-10 23:50:34 [GET] /system/dictionaryItem/getByType/PlateNumberPrefix，耗时:3ms
[2017-01-10 23:52:04.931] [INFO] info - 刷新缓存：DICTIONARY_ITEM_USE_ALL
[2017-01-10 23:52:04.932] [INFO] info - REQUEST=======> 2017-1-10 23:52:04 [PUT] /system/dictionaryItem，耗时:6ms
[2017-01-10 23:52:05.155] [INFO] info - REQUEST=======> 2017-1-10 23:52:05 [GET] /system/dictionaryItem/getByType/PlateNumberPrefix，耗时:2ms
[2017-01-10 23:52:08.792] [INFO] info - 刷新缓存：DICTIONARY_ITEM_USE_ALL
[2017-01-10 23:52:08.793] [INFO] info - REQUEST=======> 2017-1-10 23:52:08 [PUT] /system/dictionaryItem，耗时:5ms
[2017-01-10 23:52:09.115] [INFO] info - REQUEST=======> 2017-1-10 23:52:09 [GET] /system/dictionaryItem/getByType/PlateNumberPrefix，耗时:3ms
[2017-01-10 23:53:04.880] [INFO] info - REQUEST=======> 2017-1-10 23:53:04 [GET] /system/dictionaryType?pageNumber=1&pageSize=10，耗时:3ms
[2017-01-10 23:53:05.085] [INFO] info - REQUEST=======> 2017-1-10 23:53:05 [GET] /system/dictionaryItem/getByType/PlateNumberPrefix，耗时:3ms
[2017-01-10 23:53:05.915] [INFO] info - REQUEST=======> 2017-1-10 23:53:05 [GET] /system/dictionaryItem/use/all，耗时:1ms
[2017-01-10 23:53:05.990] [INFO] info - REQUEST=======> 2017-1-10 23:53:05 [GET] /manage/sign/currentUser，耗时:1ms
[2017-01-10 23:53:05.997] [INFO] info - REQUEST=======> 2017-1-10 23:53:05 [GET] /manage/sign/currentUser，耗时:0ms
[2017-01-10 23:53:06.351] [INFO] info - REQUEST=======> 2017-1-10 23:53:06 [GET] /system/dictionaryType?pageNumber=1&pageSize=10，耗时:8ms
[2017-01-10 23:53:07.825] [INFO] info - REQUEST=======> 2017-1-10 23:53:07 [GET] /system/dictionaryItem/getByType/PlateNumberPrefix，耗时:2ms
[2017-01-10 23:53:18.077] [INFO] info - REQUEST=======> 2017-1-10 23:53:18 [GET] /system/dictionaryType?pageNumber=1&pageSize=10，耗时:4ms
[2017-01-10 23:53:18.419] [INFO] info - REQUEST=======> 2017-1-10 23:53:18 [GET] /system/dictionaryItem/getByType/PlateNumberPrefix，耗时:4ms
[2017-01-10 23:53:33.736] [INFO] info - REQUEST=======> 2017-1-10 23:53:33 [GET] /system/dictionaryItem/use/all，耗时:1ms
[2017-01-10 23:53:33.807] [INFO] info - REQUEST=======> 2017-1-10 23:53:33 [GET] /manage/sign/currentUser，耗时:1ms
[2017-01-10 23:53:34.116] [INFO] info - REQUEST=======> 2017-1-10 23:53:34 [GET] /manage/sign/currentUser，耗时:1ms
[2017-01-10 23:53:34.329] [INFO] info - REQUEST=======> 2017-1-10 23:53:34 [GET] /system/dictionaryType?pageNumber=1&pageSize=10，耗时:3ms
[2017-01-10 23:53:35.202] [INFO] info - REQUEST=======> 2017-1-10 23:53:35 [GET] /system/dictionaryItem/getByType/PlateNumberPrefix，耗时:3ms
[2017-01-10 23:53:38.334] [INFO] info - 刷新缓存：DICTIONARY_ITEM_USE_ALL
[2017-01-10 23:53:38.335] [INFO] info - REQUEST=======> 2017-1-10 23:53:38 [DELETE] /system/dictionaryItem/7，耗时:5ms
[2017-01-10 23:53:41.064] [INFO] info - 刷新缓存：DICTIONARY_ITEM_USE_ALL
[2017-01-10 23:53:41.064] [INFO] info - REQUEST=======> 2017-1-10 23:53:41 [DELETE] /system/dictionaryItem/7，耗时:2ms
[2017-01-10 23:53:43.168] [INFO] info - 刷新缓存：DICTIONARY_ITEM_USE_ALL
[2017-01-10 23:53:43.169] [INFO] info - REQUEST=======> 2017-1-10 23:53:43 [DELETE] /system/dictionaryItem/7，耗时:2ms
[2017-01-10 23:53:45.683] [INFO] info - 刷新缓存：DICTIONARY_ITEM_USE_ALL
[2017-01-10 23:53:45.684] [INFO] info - REQUEST=======> 2017-1-10 23:53:45 [DELETE] /system/dictionaryItem/7，耗时:2ms
[2017-01-10 23:53:48.774] [INFO] info - REQUEST=======> 2017-1-10 23:53:48 [GET] /system/dictionaryItem/getByType/PlateNumberPrefix，耗时:2ms
[2017-01-10 23:53:51.131] [INFO] info - 刷新缓存：DICTIONARY_ITEM_USE_ALL
[2017-01-10 23:53:51.132] [INFO] info - REQUEST=======> 2017-1-10 23:53:51 [DELETE] /system/dictionaryItem/6，耗时:7ms
[2017-01-10 23:53:52.392] [INFO] info - REQUEST=======> 2017-1-10 23:53:52 [GET] /system/dictionaryItem/getByType/PlateNumberPrefix，耗时:2ms
[2017-01-10 23:54:09.892] [INFO] info - 刷新缓存：DICTIONARY_ITEM_USE_ALL
[2017-01-10 23:54:09.893] [INFO] info - REQUEST=======> 2017-1-10 23:54:09 [DELETE] /system/dictionaryItem/5，耗时:4ms
[2017-01-10 23:54:12.574] [INFO] info - REQUEST=======> 2017-1-10 23:54:12 [GET] /system/dictionaryItem/use/all，耗时:1ms
[2017-01-10 23:54:12.938] [INFO] info - REQUEST=======> 2017-1-10 23:54:12 [GET] /manage/sign/currentUser，耗时:1ms
[2017-01-10 23:54:12.961] [INFO] info - REQUEST=======> 2017-1-10 23:54:12 [GET] /manage/sign/currentUser，耗时:1ms
[2017-01-10 23:54:13.189] [INFO] info - REQUEST=======> 2017-1-10 23:54:13 [GET] /system/dictionaryType?pageNumber=1&pageSize=10，耗时:2ms
[2017-01-10 23:54:16.046] [INFO] info - REQUEST=======> 2017-1-10 23:54:16 [GET] /system/dictionaryItem/getByType/PlateNumberPrefix，耗时:2ms
[2017-01-10 23:54:18.246] [INFO] info - 刷新缓存：DICTIONARY_ITEM_USE_ALL
[2017-01-10 23:54:18.246] [INFO] info - REQUEST=======> 2017-1-10 23:54:18 [DELETE] /system/dictionaryItem/4，耗时:4ms
[2017-01-10 23:54:19.813] [INFO] info - REQUEST=======> 2017-1-10 23:54:19 [GET] /system/dictionaryItem/getByType/PlateNumberPrefix，耗时:2ms
[2017-01-10 23:55:11.395] [INFO] info - REQUEST=======> 2017-1-10 23:55:11 [GET] /system/dictionaryType?pageNumber=1&pageSize=10，耗时:4ms
[2017-01-10 23:55:11.599] [INFO] info - REQUEST=======> 2017-1-10 23:55:11 [GET] /system/dictionaryItem/getByType/PlateNumberPrefix，耗时:2ms
[2017-01-10 23:55:17.999] [INFO] info - REQUEST=======> 2017-1-10 23:55:17 [GET] /system/dictionaryType?pageNumber=1&pageSize=10，耗时:4ms
[2017-01-10 23:55:18.328] [INFO] info - REQUEST=======> 2017-1-10 23:55:18 [GET] /system/dictionaryItem/getByType/PlateNumberPrefix，耗时:3ms
[2017-01-10 23:55:24.475] [INFO] info - REQUEST=======> 2017-1-10 23:55:24 [GET] /system/dictionaryItem/use/all，耗时:1ms
[2017-01-10 23:55:24.827] [INFO] info - REQUEST=======> 2017-1-10 23:55:24 [GET] /manage/sign/currentUser，耗时:1ms
[2017-01-10 23:55:24.844] [INFO] info - REQUEST=======> 2017-1-10 23:55:24 [GET] /manage/sign/currentUser，耗时:0ms
[2017-01-10 23:55:25.085] [INFO] info - REQUEST=======> 2017-1-10 23:55:25 [GET] /system/dictionaryType?pageNumber=1&pageSize=10，耗时:3ms
[2017-01-10 23:55:25.989] [INFO] info - REQUEST=======> 2017-1-10 23:55:25 [GET] /system/dictionaryItem/getByType/PlateNumberPrefix，耗时:2ms
[2017-01-10 23:55:28.347] [INFO] info - 刷新缓存：DICTIONARY_ITEM_USE_ALL
[2017-01-10 23:55:28.348] [INFO] info - REQUEST=======> 2017-1-10 23:55:28 [DELETE] /system/dictionaryItem/3，耗时:7ms
[2017-01-10 23:55:28.366] [INFO] info - REQUEST=======> 2017-1-10 23:55:28 [GET] /system/dictionaryItem/getByType/PlateNumberPrefix，耗时:2ms
[2017-01-10 23:55:30.867] [INFO] info - 刷新缓存：DICTIONARY_ITEM_USE_ALL
[2017-01-10 23:55:30.868] [INFO] info - REQUEST=======> 2017-1-10 23:55:30 [DELETE] /system/dictionaryItem/2，耗时:6ms
[2017-01-10 23:55:30.886] [INFO] info - REQUEST=======> 2017-1-10 23:55:30 [GET] /system/dictionaryItem/getByType/PlateNumberPrefix，耗时:3ms
[2017-01-10 23:55:37.830] [INFO] info - REQUEST=======> 2017-1-10 23:55:37 [GET] /system/dictionaryItem/getByType/PlateNumberPrefix，耗时:4ms
[2017-01-10 23:55:40.312] [INFO] info - 刷新缓存：DICTIONARY_ITEM_USE_ALL
[2017-01-10 23:55:40.313] [INFO] info - REQUEST=======> 2017-1-10 23:55:40 [DELETE] /system/dictionaryItem/1，耗时:8ms
[2017-01-10 23:55:40.639] [INFO] info - REQUEST=======> 2017-1-10 23:55:40 [GET] /system/dictionaryItem/getByType/PlateNumberPrefix，耗时:5ms
[2017-01-10 23:56:23.501] [INFO] info - REQUEST=======> 2017-1-10 23:56:23 [GET] /system/dictionaryItem/use/all，耗时:1ms
[2017-01-10 23:56:23.566] [INFO] info - REQUEST=======> 2017-1-10 23:56:23 [GET] /manage/sign/currentUser，耗时:1ms
[2017-01-10 23:56:23.873] [INFO] info - REQUEST=======> 2017-1-10 23:56:23 [GET] /manage/sign/currentUser，耗时:1ms
[2017-01-10 23:56:24.168] [INFO] info - REQUEST=======> 2017-1-10 23:56:24 [GET] /system/dictionaryType?pageNumber=1&pageSize=10，耗时:9ms
[2017-01-10 23:56:25.458] [INFO] info - REQUEST=======> 2017-1-10 23:56:25 [GET] /system/dictionaryItem/getByType/PlateNumberPrefix，耗时:4ms
[2017-01-10 23:56:50.149] [INFO] info - 刷新缓存：DICTIONARY_ITEM_USE_ALL
[2017-01-10 23:56:50.151] [INFO] info - REQUEST=======> 2017-1-10 23:56:50 [POST] /system/dictionaryItem，耗时:9ms
[2017-01-10 23:56:50.470] [INFO] info - REQUEST=======> 2017-1-10 23:56:50 [GET] /system/dictionaryItem/getByType/PlateNumberPrefix，耗时:2ms
[2017-01-10 23:56:57.114] [INFO] info - 刷新缓存：DICTIONARY_ITEM_USE_ALL
[2017-01-10 23:56:57.116] [INFO] info - REQUEST=======> 2017-1-10 23:56:57 [POST] /system/dictionaryItem，耗时:21ms
[2017-01-10 23:56:57.430] [INFO] info - REQUEST=======> 2017-1-10 23:56:57 [GET] /system/dictionaryItem/getByType/PlateNumberPrefix，耗时:2ms
[2017-01-10 23:57:00.972] [INFO] info - REQUEST=======> 2017-1-10 23:57:00 [GET] /system/dictionaryItem/getByType/PlateNumberPrefix，耗时:4ms
[2017-01-10 23:57:33.332] [INFO] info - REQUEST=======> 2017-1-10 23:57:33 [GET] /manage/account?pageNumber=1&pageSize=10，耗时:9ms
[2017-01-10 23:57:33.604] [INFO] info - REQUEST=======> 2017-1-10 23:57:33 [GET] /system/dictionaryType?pageNumber=1&pageSize=10，耗时:4ms
[2017-01-10 23:57:35.136] [INFO] info - REQUEST=======> 2017-1-10 23:57:35 [GET] /manage/account?pageNumber=1&pageSize=10，耗时:3ms
[2017-01-10 23:57:35.526] [INFO] info - REQUEST=======> 2017-1-10 23:57:35 [GET] /system/dictionaryType?pageNumber=1&pageSize=10，耗时:5ms
[2017-01-10 23:57:41.706] [INFO] info - REQUEST=======> 2017-1-10 23:57:41 [GET] /manage/account?pageNumber=1&pageSize=10，耗时:5ms
[2017-01-10 23:57:42.229] [INFO] info - REQUEST=======> 2017-1-10 23:57:42 [GET] /system/dictionaryType?pageNumber=1&pageSize=10，耗时:3ms
[2017-01-10 23:57:47.395] [INFO] info - REQUEST=======> 2017-1-10 23:57:47 [GET] /system/dictionaryType?keyword=rPrefix&pageNumber=1&pageSize=10，耗时:4ms
[2017-01-10 23:57:47.641] [INFO] info - REQUEST=======> 2017-1-10 23:57:47 [GET] /system/dictionaryType?keyword=rPrefix&pageNumber=1&pageSize=10，耗时:2ms
[2017-01-10 23:57:50.187] [INFO] info - REQUEST=======> 2017-1-10 23:57:50 [GET] /system/dictionaryType?keyword=&pageNumber=1&pageSize=10，耗时:3ms
[2017-01-10 23:57:55.704] [INFO] info - REQUEST=======> 2017-1-10 23:57:55 [GET] /system/dictionaryType?keyword=%09PlateNumberPrefix&pageNumber=1&pageSize=10，耗时:3ms
[2017-01-10 23:57:58.006] [INFO] info - REQUEST=======> 2017-1-10 23:57:58 [GET] /system/dictionaryType?keyword=PlateNumberPrefix&pageNumber=1&pageSize=10，耗时:3ms
[2017-01-10 23:57:59.621] [INFO] info - REQUEST=======> 2017-1-10 23:57:59 [GET] /system/dictionaryType?keyword=PlateNumberPrefix&pageNumber=1&pageSize=10，耗时:9ms
[2017-01-10 23:58:41.836] [INFO] info - 刷新缓存：DICTIONARY_ITEM_USE_ALL
[2017-01-10 23:58:42.070] [INFO] info - Redis connecting!
[2017-01-10 23:58:44.362] [INFO] info - REQUEST=======> 2017-1-10 23:58:44 [GET] /system/dictionaryType?keyword=refix&pageNumber=1&pageSize=10，耗时:19ms
[2017-01-10 23:58:45.283] [INFO] info - REQUEST=======> 2017-1-10 23:58:45 [GET] /system/dictionaryType?keyword=refix1&pageNumber=1&pageSize=10，耗时:3ms
[2017-01-10 23:58:46.684] [INFO] info - REQUEST=======> 2017-1-10 23:58:46 [GET] /system/dictionaryType?keyword=refix&pageNumber=1&pageSize=10，耗时:10ms
[2017-01-10 23:58:48.433] [INFO] info - REQUEST=======> 2017-1-10 23:58:48 [GET] /system/dictionaryType?keyword=&pageNumber=1&pageSize=10，耗时:9ms
[2017-01-10 23:59:33.272] [INFO] info - REQUEST=======> 2017-1-10 23:59:33 [GET] /manage/account?pageNumber=1&pageSize=10，耗时:7ms
[2017-01-10 23:59:33.726] [INFO] info - REQUEST=======> 2017-1-10 23:59:33 [GET] /system/dictionaryType?pageNumber=1&pageSize=10，耗时:6ms
[2017-01-10 23:59:36.939] [INFO] info - REQUEST=======> 2017-1-10 23:59:36 [GET] /manage/account?pageNumber=1&pageSize=10，耗时:6ms
[2017-01-10 23:59:40.533] [INFO] info - REQUEST=======> 2017-1-10 23:59:40 [GET] /system/dictionaryType?pageNumber=1&pageSize=10，耗时:4ms
[2017-01-10 23:59:41.952] [INFO] info - REQUEST=======> 2017-1-10 23:59:41 [GET] /manage/account?pageNumber=1&pageSize=10，耗时:4ms
[2017-01-10 23:59:46.696] [INFO] info - REQUEST=======> 2017-1-10 23:59:46 [GET] /system/dictionaryType?pageNumber=1&pageSize=10，耗时:11ms
[2017-01-10 23:59:48.564] [INFO] info - REQUEST=======> 2017-1-10 23:59:48 [GET] /manage/account?pageNumber=1&pageSize=10，耗时:6ms
[2017-01-10 23:59:49.325] [INFO] info - REQUEST=======> 2017-1-10 23:59:49 [GET] /system/dictionaryType?pageNumber=1&pageSize=10，耗时:6ms
