[2017-03-22 15:06:29.564] [INFO] info - 刷新缓存：DICTIONARY_ITEM_USE_ALL
[2017-03-22 15:06:29.615] [INFO] info - 刷新缓存：MENU_USE_ALL
[2017-03-22 15:06:29.636] [INFO] info - 刷新缓存：SYSTEMVARIABLE_USE_ALL
[2017-03-22 19:04:22.736] [INFO] info - 刷新缓存：DICTIONARY_ITEM_USE_ALL
[2017-03-22 19:04:22.746] [INFO] info - 刷新缓存：MENU_USE_ALL
[2017-03-22 19:04:22.750] [INFO] info - 刷新缓存：SYSTEMVARIABLE_USE_ALL
[2017-03-22 19:09:02.374] [INFO] info - /manage/account
[2017-03-22 19:09:02.374] [INFO] info - undefined
[2017-03-22 19:09:02.391] [INFO] info - REQUEST=======> 2017-3-22 19:09:02 [GET] /manage/account?pageNumber=1&pageSize=10，耗时:18ms
[2017-03-22 19:09:02.405] [INFO] info - /manage/account
[2017-03-22 19:09:02.405] [INFO] info - undefined
[2017-03-22 19:09:02.410] [INFO] info - REQUEST=======> 2017-3-22 19:09:02 [GET] /manage/account?pageNumber=1&pageSize=10，耗时:5ms
[2017-03-22 19:09:42.923] [INFO] info - /manage/account
[2017-03-22 19:09:42.923] [INFO] info - undefined
[2017-03-22 19:09:42.929] [INFO] info - REQUEST=======> 2017-3-22 19:09:42 [GET] /manage/account?pageNumber=1&pageSize=10，耗时:6ms
[2017-03-22 19:09:54.665] [INFO] info - /manage/account
[2017-03-22 19:09:54.666] [INFO] info - undefined
[2017-03-22 19:09:54.671] [INFO] info - REQUEST=======> 2017-3-22 19:09:54 [GET] /manage/account?pageNumber=1&pageSize=10，耗时:6ms
[2017-03-22 19:10:23.157] [INFO] info - /manage/account
[2017-03-22 19:10:23.157] [INFO] info - undefined
[2017-03-22 19:10:23.163] [INFO] info - REQUEST=======> 2017-3-22 19:10:23 [GET] /manage/account?pageNumber=1&pageSize=10，耗时:6ms
[2017-03-22 19:10:26.783] [INFO] info - /manage/account
[2017-03-22 19:10:26.784] [INFO] info - undefined
[2017-03-22 19:10:26.790] [INFO] info - REQUEST=======> 2017-3-22 19:10:26 [GET] /manage/account?pageNumber=1&pageSize=10，耗时:7ms
[2017-03-22 19:10:26.798] [INFO] info - /manage/account
[2017-03-22 19:10:26.798] [INFO] info - undefined
[2017-03-22 19:10:26.801] [INFO] info - REQUEST=======> 2017-3-22 19:10:26 [GET] /manage/account?pageNumber=1&pageSize=10，耗时:3ms
[2017-03-22 19:10:48.373] [INFO] info - /manage/account
[2017-03-22 19:10:48.373] [INFO] info - undefined
[2017-03-22 19:10:48.380] [INFO] info - REQUEST=======> 2017-3-22 19:10:48 [GET] /manage/account?pageNumber=1&pageSize=10，耗时:7ms
[2017-03-22 19:10:48.694] [INFO] info - /manage/account
[2017-03-22 19:10:48.695] [INFO] info - undefined
[2017-03-22 19:10:48.700] [INFO] info - REQUEST=======> 2017-3-22 19:10:48 [GET] /manage/account?pageNumber=1&pageSize=10，耗时:6ms
[2017-03-22 19:10:53.222] [INFO] info - /manage/account
[2017-03-22 19:10:53.222] [INFO] info - undefined
[2017-03-22 19:10:53.230] [INFO] info - REQUEST=======> 2017-3-22 19:10:53 [GET] /manage/account?pageNumber=1&pageSize=10，耗时:8ms
[2017-03-22 19:10:53.540] [INFO] info - /manage/account
[2017-03-22 19:10:53.540] [INFO] info - undefined
[2017-03-22 19:10:53.547] [INFO] info - REQUEST=======> 2017-3-22 19:10:53 [GET] /manage/account?pageNumber=1&pageSize=10，耗时:7ms
[2017-03-22 19:11:13.595] [INFO] info - /manage/account
[2017-03-22 19:11:13.595] [INFO] info - undefined
[2017-03-22 19:11:13.600] [INFO] info - REQUEST=======> 2017-3-22 19:11:13 [GET] /manage/account?pageNumber=1&pageSize=10，耗时:5ms
[2017-03-22 19:11:13.619] [INFO] info - /manage/account
[2017-03-22 19:11:13.619] [INFO] info - undefined
[2017-03-22 19:11:13.622] [INFO] info - REQUEST=======> 2017-3-22 19:11:13 [GET] /manage/account?pageNumber=1&pageSize=10，耗时:3ms
[2017-03-22 19:11:31.577] [INFO] info - /manage/account
[2017-03-22 19:11:31.577] [INFO] info - undefined
[2017-03-22 19:11:31.581] [INFO] info - REQUEST=======> 2017-3-22 19:11:31 [GET] /manage/account?pageNumber=1&pageSize=10，耗时:4ms
[2017-03-22 19:11:31.895] [INFO] info - /manage/account
[2017-03-22 19:11:31.895] [INFO] info - undefined
[2017-03-22 19:11:31.899] [INFO] info - REQUEST=======> 2017-3-22 19:11:31 [GET] /manage/account?pageNumber=1&pageSize=10，耗时:4ms
[2017-03-22 19:12:00.953] [INFO] info - /manage/account
[2017-03-22 19:12:00.954] [INFO] info - undefined
[2017-03-22 19:12:00.957] [INFO] info - REQUEST=======> 2017-3-22 19:12:00 [GET] /manage/account?pageNumber=1&pageSize=10，耗时:4ms
[2017-03-22 19:12:01.265] [INFO] info - /manage/account
[2017-03-22 19:12:01.266] [INFO] info - undefined
[2017-03-22 19:12:01.269] [INFO] info - REQUEST=======> 2017-3-22 19:12:01 [GET] /manage/account?pageNumber=1&pageSize=10，耗时:4ms
[2017-03-22 19:12:11.965] [INFO] info - /manage/account
[2017-03-22 19:12:11.965] [INFO] info - undefined
[2017-03-22 19:12:11.968] [INFO] info - REQUEST=======> 2017-3-22 19:12:11 [GET] /manage/account?pageNumber=1&pageSize=10，耗时:3ms
[2017-03-22 19:12:12.273] [INFO] info - /manage/account
[2017-03-22 19:12:12.273] [INFO] info - undefined
[2017-03-22 19:12:12.276] [INFO] info - REQUEST=======> 2017-3-22 19:12:12 [GET] /manage/account?pageNumber=1&pageSize=10，耗时:3ms
[2017-03-22 19:12:43.114] [INFO] info - /manage/account
[2017-03-22 19:12:43.114] [INFO] info - undefined
[2017-03-22 19:12:43.117] [INFO] info - REQUEST=======> 2017-3-22 19:12:43 [GET] /manage/account?pageNumber=1&pageSize=10，耗时:3ms
[2017-03-22 19:12:43.159] [INFO] info - /manage/account
[2017-03-22 19:12:43.160] [INFO] info - undefined
[2017-03-22 19:12:43.163] [INFO] info - REQUEST=======> 2017-3-22 19:12:43 [GET] /manage/account?pageNumber=1&pageSize=10，耗时:4ms
[2017-03-22 19:12:48.950] [INFO] info - /manage/account
[2017-03-22 19:12:48.950] [INFO] info - undefined
[2017-03-22 19:12:48.954] [INFO] info - REQUEST=======> 2017-3-22 19:12:48 [GET] /manage/account?pageNumber=1&pageSize=10，耗时:4ms
[2017-03-22 19:12:48.963] [INFO] info - /manage/account
[2017-03-22 19:12:48.964] [INFO] info - undefined
[2017-03-22 19:12:48.967] [INFO] info - REQUEST=======> 2017-3-22 19:12:48 [GET] /manage/account?pageNumber=1&pageSize=10，耗时:4ms
[2017-03-22 19:12:51.187] [INFO] info - /manage/account
[2017-03-22 19:12:51.187] [INFO] info - undefined
[2017-03-22 19:12:51.193] [INFO] info - REQUEST=======> 2017-3-22 19:12:51 [GET] /manage/account?pageNumber=1&pageSize=10，耗时:6ms
[2017-03-22 19:12:51.198] [INFO] info - /manage/account
[2017-03-22 19:12:51.198] [INFO] info - undefined
[2017-03-22 19:12:51.201] [INFO] info - REQUEST=======> 2017-3-22 19:12:51 [GET] /manage/account?pageNumber=1&pageSize=10，耗时:2ms
[2017-03-22 19:12:52.806] [INFO] info - /manage/account
[2017-03-22 19:12:52.806] [INFO] info - undefined
[2017-03-22 19:12:52.809] [INFO] info - REQUEST=======> 2017-3-22 19:12:52 [GET] /manage/account?pageNumber=1&pageSize=10，耗时:3ms
[2017-03-22 19:12:53.057] [INFO] info - /manage/account
[2017-03-22 19:12:53.057] [INFO] info - undefined
[2017-03-22 19:12:53.061] [INFO] info - REQUEST=======> 2017-3-22 19:12:53 [GET] /manage/account?pageNumber=1&pageSize=10，耗时:4ms
[2017-03-22 19:13:11.663] [INFO] info - /manage/account
[2017-03-22 19:13:11.663] [INFO] info - undefined
[2017-03-22 19:13:11.666] [INFO] info - REQUEST=======> 2017-3-22 19:13:11 [GET] /manage/account?pageNumber=1&pageSize=10，耗时:3ms
[2017-03-22 19:13:11.674] [INFO] info - /manage/account
[2017-03-22 19:13:11.674] [INFO] info - undefined
[2017-03-22 19:13:11.677] [INFO] info - REQUEST=======> 2017-3-22 19:13:11 [GET] /manage/account?pageNumber=1&pageSize=10，耗时:3ms
[2017-03-22 19:13:16.375] [INFO] info - /manage/account
[2017-03-22 19:13:16.376] [INFO] info - undefined
[2017-03-22 19:13:16.378] [INFO] info - REQUEST=======> 2017-3-22 19:13:16 [GET] /manage/account?pageNumber=1&pageSize=10，耗时:3ms
[2017-03-22 19:13:16.385] [INFO] info - /manage/account
[2017-03-22 19:13:16.385] [INFO] info - undefined
[2017-03-22 19:13:16.389] [INFO] info - REQUEST=======> 2017-3-22 19:13:16 [GET] /manage/account?pageNumber=1&pageSize=10，耗时:4ms
[2017-03-22 19:13:32.437] [INFO] info - /manage/account
[2017-03-22 19:13:32.437] [INFO] info - undefined
[2017-03-22 19:13:32.439] [INFO] info - REQUEST=======> 2017-3-22 19:13:32 [GET] /manage/account?pageNumber=1&pageSize=10，耗时:2ms
[2017-03-22 19:13:32.750] [INFO] info - /manage/account
[2017-03-22 19:13:32.750] [INFO] info - undefined
[2017-03-22 19:13:32.752] [INFO] info - REQUEST=======> 2017-3-22 19:13:32 [GET] /manage/account?pageNumber=1&pageSize=10，耗时:2ms
[2017-03-22 19:13:38.628] [INFO] info - /manage/account
[2017-03-22 19:13:38.628] [INFO] info - undefined
[2017-03-22 19:13:38.631] [INFO] info - REQUEST=======> 2017-3-22 19:13:38 [GET] /manage/account?pageNumber=1&pageSize=10，耗时:3ms
[2017-03-22 19:13:38.942] [INFO] info - /manage/account
[2017-03-22 19:13:38.942] [INFO] info - undefined
[2017-03-22 19:13:38.944] [INFO] info - REQUEST=======> 2017-3-22 19:13:38 [GET] /manage/account?pageNumber=1&pageSize=10，耗时:2ms
[2017-03-22 19:13:39.579] [INFO] info - /manage/account
[2017-03-22 19:13:39.579] [INFO] info - undefined
[2017-03-22 19:13:39.582] [INFO] info - REQUEST=======> 2017-3-22 19:13:39 [GET] /manage/account?pageNumber=1&pageSize=10，耗时:3ms
[2017-03-22 19:13:39.604] [INFO] info - /manage/account
[2017-03-22 19:13:39.604] [INFO] info - undefined
[2017-03-22 19:13:39.608] [INFO] info - REQUEST=======> 2017-3-22 19:13:39 [GET] /manage/account?pageNumber=1&pageSize=10，耗时:4ms
[2017-03-22 19:15:24.562] [INFO] info - /manage/account
[2017-03-22 19:15:24.563] [INFO] info - undefined
[2017-03-22 19:15:24.567] [INFO] info - REQUEST=======> 2017-3-22 19:15:24 [GET] /manage/account?pageNumber=1&pageSize=10，耗时:5ms
[2017-03-22 19:15:24.873] [INFO] info - /manage/account
[2017-03-22 19:15:24.874] [INFO] info - undefined
[2017-03-22 19:15:24.876] [INFO] info - REQUEST=======> 2017-3-22 19:15:24 [GET] /manage/account?pageNumber=1&pageSize=10，耗时:3ms
[2017-03-22 19:15:43.428] [INFO] info - /manage/account
[2017-03-22 19:15:43.429] [INFO] info - undefined
[2017-03-22 19:15:43.436] [INFO] info - REQUEST=======> 2017-3-22 19:15:43 [GET] /manage/account?pageNumber=1&pageSize=10，耗时:8ms
[2017-03-22 19:15:43.743] [INFO] info - /manage/account
[2017-03-22 19:15:43.744] [INFO] info - undefined
[2017-03-22 19:15:43.748] [INFO] info - REQUEST=======> 2017-3-22 19:15:43 [GET] /manage/account?pageNumber=1&pageSize=10，耗时:5ms
[2017-03-22 19:15:56.626] [INFO] info - /manage/account
[2017-03-22 19:15:56.626] [INFO] info - undefined
[2017-03-22 19:15:56.629] [INFO] info - REQUEST=======> 2017-3-22 19:15:56 [GET] /manage/account?pageNumber=1&pageSize=10，耗时:3ms
[2017-03-22 19:15:56.948] [INFO] info - /manage/account
[2017-03-22 19:15:56.948] [INFO] info - undefined
[2017-03-22 19:15:56.951] [INFO] info - REQUEST=======> 2017-3-22 19:15:56 [GET] /manage/account?pageNumber=1&pageSize=10，耗时:3ms
[2017-03-22 19:16:02.934] [INFO] info - /manage/account
[2017-03-22 19:16:02.934] [INFO] info - undefined
[2017-03-22 19:16:02.937] [INFO] info - REQUEST=======> 2017-3-22 19:16:02 [GET] /manage/account?pageNumber=1&pageSize=10，耗时:3ms
[2017-03-22 19:16:02.958] [INFO] info - /manage/account
[2017-03-22 19:16:02.959] [INFO] info - undefined
[2017-03-22 19:16:02.963] [INFO] info - REQUEST=======> 2017-3-22 19:16:02 [GET] /manage/account?pageNumber=1&pageSize=10，耗时:5ms
[2017-03-22 19:17:40.389] [INFO] info - /manage/account
[2017-03-22 19:17:40.389] [INFO] info - undefined
[2017-03-22 19:17:40.393] [INFO] info - REQUEST=======> 2017-3-22 19:17:40 [GET] /manage/account?pageNumber=1&pageSize=10，耗时:4ms
[2017-03-22 19:17:40.713] [INFO] info - /manage/account
[2017-03-22 19:17:40.713] [INFO] info - undefined
[2017-03-22 19:17:40.716] [INFO] info - REQUEST=======> 2017-3-22 19:17:40 [GET] /manage/account?pageNumber=1&pageSize=10，耗时:3ms
[2017-03-22 19:17:41.815] [INFO] info - /manage/account
[2017-03-22 19:17:41.815] [INFO] info - undefined
[2017-03-22 19:17:41.817] [INFO] info - REQUEST=======> 2017-3-22 19:17:41 [GET] /manage/account?pageNumber=1&pageSize=10，耗时:2ms
[2017-03-22 19:17:41.827] [INFO] info - /manage/account
[2017-03-22 19:17:41.827] [INFO] info - undefined
[2017-03-22 19:17:41.830] [INFO] info - REQUEST=======> 2017-3-22 19:17:41 [GET] /manage/account?pageNumber=1&pageSize=10，耗时:3ms
[2017-03-22 19:17:43.308] [INFO] info - /manage/account
[2017-03-22 19:17:43.308] [INFO] info - undefined
[2017-03-22 19:17:43.312] [INFO] info - REQUEST=======> 2017-3-22 19:17:43 [GET] /manage/account?pageNumber=1&pageSize=10，耗时:4ms
[2017-03-22 19:17:43.622] [INFO] info - /manage/account
[2017-03-22 19:17:43.622] [INFO] info - undefined
[2017-03-22 19:17:43.625] [INFO] info - REQUEST=======> 2017-3-22 19:17:43 [GET] /manage/account?pageNumber=1&pageSize=10，耗时:3ms
[2017-03-22 19:17:45.427] [INFO] info - /manage/account
[2017-03-22 19:17:45.427] [INFO] info - undefined
[2017-03-22 19:17:45.430] [INFO] info - REQUEST=======> 2017-3-22 19:17:45 [GET] /manage/account?pageNumber=1&pageSize=10，耗时:3ms
[2017-03-22 19:17:45.448] [INFO] info - /manage/account
[2017-03-22 19:17:45.449] [INFO] info - undefined
[2017-03-22 19:17:45.451] [INFO] info - REQUEST=======> 2017-3-22 19:17:45 [GET] /manage/account?pageNumber=1&pageSize=10，耗时:3ms
[2017-03-22 19:17:46.659] [INFO] info - /manage/account
[2017-03-22 19:17:46.659] [INFO] info - undefined
[2017-03-22 19:17:46.661] [INFO] info - REQUEST=======> 2017-3-22 19:17:46 [GET] /manage/account?pageNumber=1&pageSize=10，耗时:2ms
[2017-03-22 19:17:46.968] [INFO] info - /manage/account
[2017-03-22 19:17:46.968] [INFO] info - undefined
[2017-03-22 19:17:46.971] [INFO] info - REQUEST=======> 2017-3-22 19:17:46 [GET] /manage/account?pageNumber=1&pageSize=10，耗时:3ms
[2017-03-22 19:17:47.897] [INFO] info - /manage/account
[2017-03-22 19:17:47.897] [INFO] info - undefined
[2017-03-22 19:17:47.899] [INFO] info - REQUEST=======> 2017-3-22 19:17:47 [GET] /manage/account?pageNumber=1&pageSize=10，耗时:2ms
[2017-03-22 19:17:47.906] [INFO] info - /manage/account
[2017-03-22 19:17:47.906] [INFO] info - undefined
[2017-03-22 19:17:47.910] [INFO] info - REQUEST=======> 2017-3-22 19:17:47 [GET] /manage/account?pageNumber=1&pageSize=10，耗时:4ms
[2017-03-22 19:17:49.284] [INFO] info - /manage/account
[2017-03-22 19:17:49.284] [INFO] info - undefined
[2017-03-22 19:17:49.288] [INFO] info - REQUEST=======> 2017-3-22 19:17:49 [GET] /manage/account?pageNumber=1&pageSize=10，耗时:4ms
[2017-03-22 19:17:49.599] [INFO] info - /manage/account
[2017-03-22 19:17:49.599] [INFO] info - undefined
[2017-03-22 19:17:49.605] [INFO] info - REQUEST=======> 2017-3-22 19:17:49 [GET] /manage/account?pageNumber=1&pageSize=10，耗时:6ms
[2017-03-22 19:17:51.197] [INFO] info - /manage/account
[2017-03-22 19:17:51.197] [INFO] info - undefined
[2017-03-22 19:17:51.200] [INFO] info - REQUEST=======> 2017-3-22 19:17:51 [GET] /manage/account?pageNumber=1&pageSize=10，耗时:3ms
[2017-03-22 19:17:51.209] [INFO] info - /manage/account
[2017-03-22 19:17:51.209] [INFO] info - undefined
[2017-03-22 19:17:51.211] [INFO] info - REQUEST=======> 2017-3-22 19:17:51 [GET] /manage/account?pageNumber=1&pageSize=10，耗时:2ms
[2017-03-22 19:17:55.845] [INFO] info - /manage/account
[2017-03-22 19:17:55.846] [INFO] info - undefined
[2017-03-22 19:17:55.849] [INFO] info - REQUEST=======> 2017-3-22 19:17:55 [GET] /manage/account?pageNumber=1&pageSize=10，耗时:4ms
[2017-03-22 19:17:56.155] [INFO] info - /manage/account
[2017-03-22 19:17:56.155] [INFO] info - undefined
[2017-03-22 19:17:56.159] [INFO] info - REQUEST=======> 2017-3-22 19:17:56 [GET] /manage/account?pageNumber=1&pageSize=10，耗时:4ms
[2017-03-22 19:17:57.336] [INFO] info - /manage/account
[2017-03-22 19:17:57.336] [INFO] info - undefined
[2017-03-22 19:17:57.341] [INFO] info - REQUEST=======> 2017-3-22 19:17:57 [GET] /manage/account?pageNumber=1&pageSize=10，耗时:5ms
[2017-03-22 19:17:57.651] [INFO] info - /manage/account
[2017-03-22 19:17:57.651] [INFO] info - undefined
[2017-03-22 19:17:57.656] [INFO] info - REQUEST=======> 2017-3-22 19:17:57 [GET] /manage/account?pageNumber=1&pageSize=10，耗时:5ms
[2017-03-22 19:18:01.680] [INFO] info - /manage/account
[2017-03-22 19:18:01.680] [INFO] info - undefined
[2017-03-22 19:18:01.684] [INFO] info - REQUEST=======> 2017-3-22 19:18:01 [GET] /manage/account?pageNumber=1&pageSize=10，耗时:4ms
[2017-03-22 19:18:01.694] [INFO] info - /manage/account
[2017-03-22 19:18:01.694] [INFO] info - undefined
[2017-03-22 19:18:01.697] [INFO] info - REQUEST=======> 2017-3-22 19:18:01 [GET] /manage/account?pageNumber=1&pageSize=10，耗时:3ms
[2017-03-22 19:18:13.078] [INFO] info - /manage/account
[2017-03-22 19:18:13.079] [INFO] info - undefined
[2017-03-22 19:18:13.081] [INFO] info - REQUEST=======> 2017-3-22 19:18:13 [GET] /manage/account?pageNumber=1&pageSize=10，耗时:3ms
[2017-03-22 19:18:13.391] [INFO] info - /manage/account
[2017-03-22 19:18:13.391] [INFO] info - undefined
[2017-03-22 19:18:13.394] [INFO] info - REQUEST=======> 2017-3-22 19:18:13 [GET] /manage/account?pageNumber=1&pageSize=10，耗时:3ms
[2017-03-22 19:18:18.149] [INFO] info - /manage/account
[2017-03-22 19:18:18.149] [INFO] info - undefined
[2017-03-22 19:18:18.152] [INFO] info - REQUEST=======> 2017-3-22 19:18:18 [GET] /manage/account?pageNumber=1&pageSize=10，耗时:3ms
[2017-03-22 19:18:18.160] [INFO] info - /manage/account
[2017-03-22 19:18:18.160] [INFO] info - undefined
[2017-03-22 19:18:18.162] [INFO] info - REQUEST=======> 2017-3-22 19:18:18 [GET] /manage/account?pageNumber=1&pageSize=10，耗时:2ms
[2017-03-22 19:18:25.929] [INFO] info - /manage/account
[2017-03-22 19:18:25.929] [INFO] info - undefined
[2017-03-22 19:18:25.931] [INFO] info - REQUEST=======> 2017-3-22 19:18:25 [GET] /manage/account?pageNumber=1&pageSize=10，耗时:2ms
[2017-03-22 19:18:26.241] [INFO] info - /manage/account
[2017-03-22 19:18:26.241] [INFO] info - undefined
[2017-03-22 19:18:26.243] [INFO] info - REQUEST=======> 2017-3-22 19:18:26 [GET] /manage/account?pageNumber=1&pageSize=10，耗时:2ms
[2017-03-22 19:18:29.351] [INFO] info - /manage/account
[2017-03-22 19:18:29.351] [INFO] info - undefined
[2017-03-22 19:18:29.355] [INFO] info - REQUEST=======> 2017-3-22 19:18:29 [GET] /manage/account?pageNumber=1&pageSize=10，耗时:4ms
[2017-03-22 19:18:29.362] [INFO] info - /manage/account
[2017-03-22 19:18:29.362] [INFO] info - undefined
[2017-03-22 19:18:29.364] [INFO] info - REQUEST=======> 2017-3-22 19:18:29 [GET] /manage/account?pageNumber=1&pageSize=10，耗时:2ms
[2017-03-22 19:18:34.079] [INFO] info - /manage/account
[2017-03-22 19:18:34.079] [INFO] info - undefined
[2017-03-22 19:18:34.084] [INFO] info - REQUEST=======> 2017-3-22 19:18:34 [GET] /manage/account?pageNumber=1&pageSize=10，耗时:5ms
[2017-03-22 19:18:34.401] [INFO] info - /manage/account
[2017-03-22 19:18:34.402] [INFO] info - undefined
[2017-03-22 19:18:34.404] [INFO] info - REQUEST=======> 2017-3-22 19:18:34 [GET] /manage/account?pageNumber=1&pageSize=10，耗时:3ms
[2017-03-22 19:18:57.080] [INFO] info - /manage/account
[2017-03-22 19:18:57.080] [INFO] info - undefined
[2017-03-22 19:18:57.082] [INFO] info - REQUEST=======> 2017-3-22 19:18:57 [GET] /manage/account?pageNumber=1&pageSize=10，耗时:2ms
[2017-03-22 19:18:57.391] [INFO] info - /manage/account
[2017-03-22 19:18:57.391] [INFO] info - undefined
[2017-03-22 19:18:57.394] [INFO] info - REQUEST=======> 2017-3-22 19:18:57 [GET] /manage/account?pageNumber=1&pageSize=10，耗时:3ms
[2017-03-22 19:20:21.766] [INFO] info - /manage/account
[2017-03-22 19:20:21.766] [INFO] info - undefined
[2017-03-22 19:20:21.768] [INFO] info - REQUEST=======> 2017-3-22 19:20:21 [GET] /manage/account?pageNumber=1&pageSize=10，耗时:2ms
[2017-03-22 19:20:22.082] [INFO] info - /manage/account
[2017-03-22 19:20:22.082] [INFO] info - undefined
[2017-03-22 19:20:22.084] [INFO] info - REQUEST=======> 2017-3-22 19:20:22 [GET] /manage/account?pageNumber=1&pageSize=10，耗时:2ms
[2017-03-22 19:21:15.481] [INFO] info - /manage/account
[2017-03-22 19:21:15.482] [INFO] info - undefined
[2017-03-22 19:21:15.485] [INFO] info - REQUEST=======> 2017-3-22 19:21:15 [GET] /manage/account?pageNumber=1&pageSize=10，耗时:4ms
[2017-03-22 19:21:15.784] [INFO] info - /manage/account
[2017-03-22 19:21:15.784] [INFO] info - undefined
[2017-03-22 19:21:15.787] [INFO] info - REQUEST=======> 2017-3-22 19:21:15 [GET] /manage/account?pageNumber=1&pageSize=10，耗时:3ms
[2017-03-22 19:21:18.382] [INFO] info - /manage/account
[2017-03-22 19:21:18.382] [INFO] info - undefined
[2017-03-22 19:21:18.386] [INFO] info - REQUEST=======> 2017-3-22 19:21:18 [GET] /manage/account?pageNumber=1&pageSize=10，耗时:4ms
[2017-03-22 19:21:18.392] [INFO] info - /manage/account
[2017-03-22 19:21:18.392] [INFO] info - undefined
[2017-03-22 19:21:18.394] [INFO] info - REQUEST=======> 2017-3-22 19:21:18 [GET] /manage/account?pageNumber=1&pageSize=10，耗时:2ms
[2017-03-22 19:21:34.994] [INFO] info - /manage/account
[2017-03-22 19:21:34.994] [INFO] info - undefined
[2017-03-22 19:21:34.997] [INFO] info - REQUEST=======> 2017-3-22 19:21:34 [GET] /manage/account?pageNumber=1&pageSize=10，耗时:3ms
[2017-03-22 19:21:35.310] [INFO] info - /manage/account
[2017-03-22 19:21:35.311] [INFO] info - undefined
[2017-03-22 19:21:35.313] [INFO] info - REQUEST=======> 2017-3-22 19:21:35 [GET] /manage/account?pageNumber=1&pageSize=10，耗时:3ms
[2017-03-22 19:22:36.194] [INFO] info - /manage/account
[2017-03-22 19:22:36.194] [INFO] info - undefined
[2017-03-22 19:22:36.196] [INFO] info - REQUEST=======> 2017-3-22 19:22:36 [GET] /manage/account?pageNumber=1&pageSize=10，耗时:2ms
[2017-03-22 19:22:36.249] [INFO] info - /manage/account
[2017-03-22 19:22:36.249] [INFO] info - undefined
[2017-03-22 19:22:36.253] [INFO] info - REQUEST=======> 2017-3-22 19:22:36 [GET] /manage/account?pageNumber=1&pageSize=10，耗时:3ms
[2017-03-22 19:22:39.088] [INFO] info - /manage/account
[2017-03-22 19:22:39.088] [INFO] info - undefined
[2017-03-22 19:22:39.091] [INFO] info - REQUEST=======> 2017-3-22 19:22:39 [GET] /manage/account?pageNumber=1&pageSize=10，耗时:3ms
[2017-03-22 19:22:39.095] [INFO] info - /manage/account
[2017-03-22 19:22:39.095] [INFO] info - undefined
[2017-03-22 19:22:39.097] [INFO] info - REQUEST=======> 2017-3-22 19:22:39 [GET] /manage/account?pageNumber=1&pageSize=10，耗时:2ms
[2017-03-22 19:23:33.985] [INFO] info - /manage/account
[2017-03-22 19:23:33.985] [INFO] info - undefined
[2017-03-22 19:23:33.989] [INFO] info - REQUEST=======> 2017-3-22 19:23:33 [GET] /manage/account?pageNumber=1&pageSize=10，耗时:4ms
[2017-03-22 19:23:34.305] [INFO] info - /manage/account
[2017-03-22 19:23:34.305] [INFO] info - undefined
[2017-03-22 19:23:34.307] [INFO] info - REQUEST=======> 2017-3-22 19:23:34 [GET] /manage/account?pageNumber=1&pageSize=10，耗时:2ms
[2017-03-22 19:24:15.435] [INFO] info - /manage/account
[2017-03-22 19:24:15.435] [INFO] info - undefined
[2017-03-22 19:24:15.438] [INFO] info - REQUEST=======> 2017-3-22 19:24:15 [GET] /manage/account?pageNumber=1&pageSize=10，耗时:3ms
[2017-03-22 19:24:15.444] [INFO] info - /manage/account
[2017-03-22 19:24:15.444] [INFO] info - undefined
[2017-03-22 19:24:15.446] [INFO] info - REQUEST=======> 2017-3-22 19:24:15 [GET] /manage/account?pageNumber=1&pageSize=10，耗时:2ms
[2017-03-22 19:24:17.807] [INFO] info - /manage/account
[2017-03-22 19:24:17.807] [INFO] info - undefined
[2017-03-22 19:24:17.810] [INFO] info - REQUEST=======> 2017-3-22 19:24:17 [GET] /manage/account?pageNumber=1&pageSize=10，耗时:3ms
[2017-03-22 19:24:18.125] [INFO] info - /manage/account
[2017-03-22 19:24:18.125] [INFO] info - undefined
[2017-03-22 19:24:18.129] [INFO] info - REQUEST=======> 2017-3-22 19:24:18 [GET] /manage/account?pageNumber=1&pageSize=10，耗时:4ms
[2017-03-22 19:24:19.115] [INFO] info - /manage/account
[2017-03-22 19:24:19.115] [INFO] info - undefined
[2017-03-22 19:24:19.118] [INFO] info - REQUEST=======> 2017-3-22 19:24:19 [GET] /manage/account?pageNumber=1&pageSize=10，耗时:3ms
[2017-03-22 19:24:19.443] [INFO] info - /manage/account
[2017-03-22 19:24:19.443] [INFO] info - undefined
[2017-03-22 19:24:19.445] [INFO] info - REQUEST=======> 2017-3-22 19:24:19 [GET] /manage/account?pageNumber=1&pageSize=10，耗时:2ms
[2017-03-22 19:24:20.634] [INFO] info - /manage/account
[2017-03-22 19:24:20.634] [INFO] info - undefined
[2017-03-22 19:24:20.637] [INFO] info - REQUEST=======> 2017-3-22 19:24:20 [GET] /manage/account?pageNumber=1&pageSize=10，耗时:3ms
[2017-03-22 19:24:20.942] [INFO] info - /manage/account
[2017-03-22 19:24:20.942] [INFO] info - undefined
[2017-03-22 19:24:20.945] [INFO] info - REQUEST=======> 2017-3-22 19:24:20 [GET] /manage/account?pageNumber=1&pageSize=10，耗时:3ms
[2017-03-22 19:24:39.279] [INFO] info - /manage/account
[2017-03-22 19:24:39.279] [INFO] info - undefined
[2017-03-22 19:24:39.282] [INFO] info - REQUEST=======> 2017-3-22 19:24:39 [GET] /manage/account?pageNumber=1&pageSize=10，耗时:3ms
[2017-03-22 19:24:39.360] [INFO] info - /manage/account
[2017-03-22 19:24:39.360] [INFO] info - undefined
[2017-03-22 19:24:39.362] [INFO] info - REQUEST=======> 2017-3-22 19:24:39 [GET] /manage/account?pageNumber=1&pageSize=10，耗时:2ms
[2017-03-22 19:24:41.383] [INFO] info - /manage/account
[2017-03-22 19:24:41.383] [INFO] info - undefined
[2017-03-22 19:24:41.386] [INFO] info - REQUEST=======> 2017-3-22 19:24:41 [GET] /manage/account?pageNumber=1&pageSize=10，耗时:3ms
[2017-03-22 19:24:41.768] [INFO] info - /manage/account
[2017-03-22 19:24:41.768] [INFO] info - undefined
[2017-03-22 19:24:41.771] [INFO] info - REQUEST=======> 2017-3-22 19:24:41 [GET] /manage/account?pageNumber=1&pageSize=10，耗时:3ms
[2017-03-22 19:24:42.561] [INFO] info - /manage/account
[2017-03-22 19:24:42.561] [INFO] info - undefined
[2017-03-22 19:24:42.564] [INFO] info - REQUEST=======> 2017-3-22 19:24:42 [GET] /manage/account?pageNumber=1&pageSize=10，耗时:3ms
[2017-03-22 19:24:42.572] [INFO] info - /manage/account
[2017-03-22 19:24:42.572] [INFO] info - undefined
[2017-03-22 19:24:42.574] [INFO] info - REQUEST=======> 2017-3-22 19:24:42 [GET] /manage/account?pageNumber=1&pageSize=10，耗时:2ms
[2017-03-22 19:24:43.776] [INFO] info - /manage/account
[2017-03-22 19:24:43.777] [INFO] info - undefined
[2017-03-22 19:24:43.779] [INFO] info - REQUEST=======> 2017-3-22 19:24:43 [GET] /manage/account?pageNumber=1&pageSize=10，耗时:3ms
[2017-03-22 19:24:44.085] [INFO] info - /manage/account
[2017-03-22 19:24:44.085] [INFO] info - undefined
[2017-03-22 19:24:44.088] [INFO] info - REQUEST=======> 2017-3-22 19:24:44 [GET] /manage/account?pageNumber=1&pageSize=10，耗时:3ms
[2017-03-22 19:24:44.763] [INFO] info - /manage/account
[2017-03-22 19:24:44.763] [INFO] info - undefined
[2017-03-22 19:24:44.765] [INFO] info - REQUEST=======> 2017-3-22 19:24:44 [GET] /manage/account?pageNumber=1&pageSize=10，耗时:2ms
[2017-03-22 19:24:45.070] [INFO] info - /manage/account
[2017-03-22 19:24:45.070] [INFO] info - undefined
[2017-03-22 19:24:45.073] [INFO] info - REQUEST=======> 2017-3-22 19:24:45 [GET] /manage/account?pageNumber=1&pageSize=10，耗时:3ms
[2017-03-22 19:24:45.955] [INFO] info - /manage/account
[2017-03-22 19:24:45.955] [INFO] info - undefined
[2017-03-22 19:24:45.958] [INFO] info - REQUEST=======> 2017-3-22 19:24:45 [GET] /manage/account?pageNumber=1&pageSize=10，耗时:3ms
[2017-03-22 19:24:46.262] [INFO] info - /manage/account
[2017-03-22 19:24:46.262] [INFO] info - undefined
[2017-03-22 19:24:46.264] [INFO] info - REQUEST=======> 2017-3-22 19:24:46 [GET] /manage/account?pageNumber=1&pageSize=10，耗时:2ms
[2017-03-22 19:25:02.382] [INFO] info - /manage/account
[2017-03-22 19:25:02.382] [INFO] info - undefined
[2017-03-22 19:25:02.384] [INFO] info - REQUEST=======> 2017-3-22 19:25:02 [GET] /manage/account?pageNumber=1&pageSize=10，耗时:3ms
[2017-03-22 19:25:02.634] [INFO] info - /manage/account
[2017-03-22 19:25:02.634] [INFO] info - undefined
[2017-03-22 19:25:02.637] [INFO] info - REQUEST=======> 2017-3-22 19:25:02 [GET] /manage/account?pageNumber=1&pageSize=10，耗时:3ms
[2017-03-22 19:30:25.317] [INFO] info - /manage/account
[2017-03-22 19:30:25.317] [INFO] info - undefined
[2017-03-22 19:30:25.319] [INFO] info - REQUEST=======> 2017-3-22 19:30:25 [GET] /manage/account?pageNumber=1&pageSize=10，耗时:2ms
[2017-03-22 19:30:49.801] [INFO] info - /manage/account
[2017-03-22 19:30:49.801] [INFO] info - undefined
[2017-03-22 19:30:49.803] [INFO] info - REQUEST=======> 2017-3-22 19:30:49 [GET] /manage/account?pageNumber=1&pageSize=10，耗时:2ms
[2017-03-22 19:31:38.983] [INFO] info - /manage/account
[2017-03-22 19:31:38.983] [INFO] info - undefined
[2017-03-22 19:31:38.986] [INFO] info - REQUEST=======> 2017-3-22 19:31:38 [GET] /manage/account?pageNumber=1&pageSize=10，耗时:3ms
[2017-03-22 19:31:47.141] [INFO] info - /manage/account
[2017-03-22 19:31:47.141] [INFO] info - undefined
[2017-03-22 19:31:47.143] [INFO] info - REQUEST=======> 2017-3-22 19:31:47 [GET] /manage/account?pageNumber=1&pageSize=10，耗时:2ms
[2017-03-22 19:32:00.358] [INFO] info - /manage/account
[2017-03-22 19:32:00.358] [INFO] info - undefined
[2017-03-22 19:32:00.362] [INFO] info - REQUEST=======> 2017-3-22 19:32:00 [GET] /manage/account?pageNumber=1&pageSize=10，耗时:4ms
[2017-03-22 19:32:01.824] [INFO] info - /manage/account
[2017-03-22 19:32:01.824] [INFO] info - undefined
[2017-03-22 19:32:01.827] [INFO] info - REQUEST=======> 2017-3-22 19:32:01 [GET] /manage/account?pageNumber=1&pageSize=10，耗时:3ms
[2017-03-22 19:32:03.205] [INFO] info - /manage/account
[2017-03-22 19:32:03.205] [INFO] info - undefined
[2017-03-22 19:32:03.209] [INFO] info - REQUEST=======> 2017-3-22 19:32:03 [GET] /manage/account?pageNumber=1&pageSize=10，耗时:4ms
[2017-03-22 19:32:04.725] [INFO] info - /manage/account
[2017-03-22 19:32:04.725] [INFO] info - undefined
[2017-03-22 19:32:04.727] [INFO] info - REQUEST=======> 2017-3-22 19:32:04 [GET] /manage/account?pageNumber=1&pageSize=10，耗时:2ms
[2017-03-22 19:36:45.073] [INFO] info - /manage/account
[2017-03-22 19:36:45.073] [INFO] info - undefined
[2017-03-22 19:36:45.079] [INFO] info - REQUEST=======> 2017-3-22 19:36:45 [GET] /manage/account?pageNumber=1&pageSize=10，耗时:6ms
[2017-03-22 19:36:47.508] [INFO] info - /manage/account
[2017-03-22 19:36:47.508] [INFO] info - undefined
[2017-03-22 19:36:47.513] [INFO] info - REQUEST=======> 2017-3-22 19:36:47 [GET] /manage/account?pageNumber=1&pageSize=10，耗时:5ms
[2017-03-22 19:41:03.590] [INFO] info - /manage/account
[2017-03-22 19:41:03.590] [INFO] info - undefined
[2017-03-22 19:41:03.594] [INFO] info - REQUEST=======> 2017-3-22 19:41:03 [GET] /manage/account?pageNumber=1&pageSize=10，耗时:4ms
[2017-03-22 19:41:05.728] [INFO] info - /manage/account
[2017-03-22 19:41:05.728] [INFO] info - undefined
[2017-03-22 19:41:05.734] [INFO] info - REQUEST=======> 2017-3-22 19:41:05 [GET] /manage/account?pageNumber=1&pageSize=10，耗时:6ms
[2017-03-22 19:42:36.343] [INFO] info - /manage/account
[2017-03-22 19:42:36.343] [INFO] info - undefined
[2017-03-22 19:42:36.350] [INFO] info - REQUEST=======> 2017-3-22 19:42:36 [GET] /manage/account?pageNumber=1&pageSize=10，耗时:7ms
[2017-03-22 19:42:39.890] [INFO] info - /manage/account
[2017-03-22 19:42:39.890] [INFO] info - undefined
[2017-03-22 19:42:39.893] [INFO] info - REQUEST=======> 2017-3-22 19:42:39 [GET] /manage/account?pageNumber=1&pageSize=10，耗时:3ms
[2017-03-22 19:42:43.122] [INFO] info - /manage/account
[2017-03-22 19:42:43.123] [INFO] info - undefined
[2017-03-22 19:42:43.127] [INFO] info - REQUEST=======> 2017-3-22 19:42:43 [GET] /manage/account?pageNumber=1&pageSize=10，耗时:5ms
[2017-03-22 19:42:48.685] [INFO] info - /manage/account
[2017-03-22 19:42:48.685] [INFO] info - undefined
[2017-03-22 19:42:48.690] [INFO] info - REQUEST=======> 2017-3-22 19:42:48 [GET] /manage/account?pageNumber=1&pageSize=10，耗时:5ms
[2017-03-22 19:47:42.492] [INFO] info - /manage/account
[2017-03-22 19:47:42.492] [INFO] info - undefined
[2017-03-22 19:47:42.500] [INFO] info - REQUEST=======> 2017-3-22 19:47:42 [GET] /manage/account?pageNumber=1&pageSize=10，耗时:8ms
[2017-03-22 19:47:43.819] [INFO] info - /manage/account
[2017-03-22 19:47:43.819] [INFO] info - undefined
[2017-03-22 19:47:43.823] [INFO] info - REQUEST=======> 2017-3-22 19:47:43 [GET] /manage/account?pageNumber=1&pageSize=10，耗时:5ms
[2017-03-22 19:47:49.251] [INFO] info - /manage/account
[2017-03-22 19:47:49.251] [INFO] info - undefined
[2017-03-22 19:47:49.255] [INFO] info - REQUEST=======> 2017-3-22 19:47:49 [GET] /manage/account?pageNumber=1&pageSize=10，耗时:4ms
[2017-03-22 19:47:50.438] [INFO] info - /manage/account
[2017-03-22 19:47:50.438] [INFO] info - undefined
[2017-03-22 19:47:50.441] [INFO] info - REQUEST=======> 2017-3-22 19:47:50 [GET] /manage/account?pageNumber=1&pageSize=10，耗时:3ms
[2017-03-22 19:48:42.082] [INFO] info - /manage/account
[2017-03-22 19:48:42.083] [INFO] info - undefined
[2017-03-22 19:48:42.086] [INFO] info - REQUEST=======> 2017-3-22 19:48:42 [GET] /manage/account?pageNumber=1&pageSize=10，耗时:4ms
[2017-03-22 19:48:59.044] [INFO] info - /manage/account
[2017-03-22 19:48:59.044] [INFO] info - undefined
[2017-03-22 19:48:59.048] [INFO] info - REQUEST=======> 2017-3-22 19:48:59 [GET] /manage/account?pageNumber=1&pageSize=10，耗时:4ms
[2017-03-22 19:49:25.679] [INFO] info - /manage/account
[2017-03-22 19:49:25.679] [INFO] info - undefined
[2017-03-22 19:49:25.681] [INFO] info - REQUEST=======> 2017-3-22 19:49:25 [GET] /manage/account?pageNumber=1&pageSize=10，耗时:2ms
[2017-03-22 19:49:52.825] [INFO] info - /manage/account
[2017-03-22 19:49:52.826] [INFO] info - undefined
[2017-03-22 19:49:52.828] [INFO] info - REQUEST=======> 2017-3-22 19:49:52 [GET] /manage/account?pageNumber=1&pageSize=10，耗时:3ms
[2017-03-22 19:49:54.541] [INFO] info - /manage/account
[2017-03-22 19:49:54.542] [INFO] info - undefined
[2017-03-22 19:49:54.544] [INFO] info - REQUEST=======> 2017-3-22 19:49:54 [GET] /manage/account?pageNumber=1&pageSize=10，耗时:3ms
[2017-03-22 19:50:06.041] [INFO] info - /manage/account
[2017-03-22 19:50:06.041] [INFO] info - undefined
[2017-03-22 19:50:06.044] [INFO] info - REQUEST=======> 2017-3-22 19:50:06 [GET] /manage/account?pageNumber=1&pageSize=10，耗时:3ms
[2017-03-22 19:53:13.013] [INFO] info - /manage/account
[2017-03-22 19:53:13.013] [INFO] info - undefined
[2017-03-22 19:53:13.018] [INFO] info - REQUEST=======> 2017-3-22 19:53:13 [GET] /manage/account?pageNumber=1&pageSize=10，耗时:4ms
[2017-03-22 19:53:16.342] [INFO] info - /manage/account
[2017-03-22 19:53:16.342] [INFO] info - undefined
[2017-03-22 19:53:16.345] [INFO] info - REQUEST=======> 2017-3-22 19:53:16 [GET] /manage/account?pageNumber=1&pageSize=10，耗时:3ms
[2017-03-22 19:53:27.208] [INFO] info - /manage/account
[2017-03-22 19:53:27.208] [INFO] info - undefined
[2017-03-22 19:53:27.212] [INFO] info - REQUEST=======> 2017-3-22 19:53:27 [GET] /manage/account?pageNumber=1&pageSize=10，耗时:4ms
[2017-03-22 19:53:37.928] [INFO] info - /manage/account
[2017-03-22 19:53:37.928] [INFO] info - undefined
[2017-03-22 19:53:37.933] [INFO] info - REQUEST=======> 2017-3-22 19:53:37 [GET] /manage/account?pageNumber=1&pageSize=10，耗时:5ms
[2017-03-22 19:53:41.102] [INFO] info - /manage/account
[2017-03-22 19:53:41.102] [INFO] info - undefined
[2017-03-22 19:53:41.105] [INFO] info - REQUEST=======> 2017-3-22 19:53:41 [GET] /manage/account?pageNumber=1&pageSize=10，耗时:3ms
[2017-03-22 19:54:53.055] [INFO] info - /manage/account
[2017-03-22 19:54:53.055] [INFO] info - undefined
[2017-03-22 19:54:53.058] [INFO] info - REQUEST=======> 2017-3-22 19:54:53 [GET] /manage/account?pageNumber=1&pageSize=10，耗时:3ms
[2017-03-22 19:54:54.921] [INFO] info - /manage/account
[2017-03-22 19:54:54.921] [INFO] info - undefined
[2017-03-22 19:54:54.923] [INFO] info - REQUEST=======> 2017-3-22 19:54:54 [GET] /manage/account?pageNumber=1&pageSize=10，耗时:2ms
[2017-03-22 19:55:03.973] [INFO] info - /manage/account
[2017-03-22 19:55:03.973] [INFO] info - undefined
[2017-03-22 19:55:03.975] [INFO] info - REQUEST=======> 2017-3-22 19:55:03 [GET] /manage/account?pageNumber=1&pageSize=10，耗时:2ms
[2017-03-22 19:55:10.597] [INFO] info - /manage/account
[2017-03-22 19:55:10.598] [INFO] info - undefined
[2017-03-22 19:55:10.603] [INFO] info - REQUEST=======> 2017-3-22 19:55:10 [GET] /manage/account?pageNumber=1&pageSize=10，耗时:6ms
[2017-03-22 19:55:11.247] [INFO] info - /manage/account
[2017-03-22 19:55:11.247] [INFO] info - undefined
[2017-03-22 19:55:11.249] [INFO] info - REQUEST=======> 2017-3-22 19:55:11 [GET] /manage/account?pageNumber=1&pageSize=10，耗时:2ms
[2017-03-22 19:55:12.514] [INFO] info - /manage/account
[2017-03-22 19:55:12.514] [INFO] info - undefined
[2017-03-22 19:55:12.517] [INFO] info - REQUEST=======> 2017-3-22 19:55:12 [GET] /manage/account?pageNumber=1&pageSize=10，耗时:3ms
[2017-03-22 19:59:05.353] [INFO] info - /manage/account
[2017-03-22 19:59:05.353] [INFO] info - undefined
[2017-03-22 19:59:05.356] [INFO] info - REQUEST=======> 2017-3-22 19:59:05 [GET] /manage/account?pageNumber=1&pageSize=10，耗时:3ms
[2017-03-22 19:59:18.634] [INFO] info - /manage/account
[2017-03-22 19:59:18.634] [INFO] info - undefined
[2017-03-22 19:59:18.636] [INFO] info - REQUEST=======> 2017-3-22 19:59:18 [GET] /manage/account?pageNumber=1&pageSize=10，耗时:2ms
[2017-03-22 19:59:24.181] [INFO] info - /manage/account
[2017-03-22 19:59:24.181] [INFO] info - undefined
[2017-03-22 19:59:24.183] [INFO] info - REQUEST=======> 2017-3-22 19:59:24 [GET] /manage/account?pageNumber=1&pageSize=10，耗时:2ms
[2017-03-22 19:59:25.529] [INFO] info - /manage/account
[2017-03-22 19:59:25.529] [INFO] info - undefined
[2017-03-22 19:59:25.534] [INFO] info - REQUEST=======> 2017-3-22 19:59:25 [GET] /manage/account?pageNumber=1&pageSize=10，耗时:5ms
[2017-03-22 20:00:35.072] [INFO] info - /manage/account
[2017-03-22 20:00:35.072] [INFO] info - undefined
[2017-03-22 20:00:35.075] [INFO] info - REQUEST=======> 2017-3-22 20:00:35 [GET] /manage/account?pageNumber=1&pageSize=10，耗时:3ms
[2017-03-22 20:00:36.546] [INFO] info - /manage/account
[2017-03-22 20:00:36.546] [INFO] info - undefined
[2017-03-22 20:00:36.549] [INFO] info - REQUEST=======> 2017-3-22 20:00:36 [GET] /manage/account?pageNumber=1&pageSize=10，耗时:3ms
[2017-03-22 20:00:55.165] [INFO] info - /manage/account
[2017-03-22 20:00:55.166] [INFO] info - undefined
[2017-03-22 20:00:55.169] [INFO] info - REQUEST=======> 2017-3-22 20:00:55 [GET] /manage/account?pageNumber=1&pageSize=10，耗时:4ms
[2017-03-22 20:00:55.852] [INFO] info - /manage/account
[2017-03-22 20:00:55.853] [INFO] info - undefined
[2017-03-22 20:00:55.855] [INFO] info - REQUEST=======> 2017-3-22 20:00:55 [GET] /manage/account?pageNumber=1&pageSize=10，耗时:3ms
[2017-03-22 20:01:05.870] [INFO] info - /manage/account
[2017-03-22 20:01:05.871] [INFO] info - undefined
[2017-03-22 20:01:05.873] [INFO] info - REQUEST=======> 2017-3-22 20:01:05 [GET] /manage/account?pageNumber=1&pageSize=10，耗时:3ms
[2017-03-22 20:01:44.677] [INFO] info - /manage/account
[2017-03-22 20:01:44.677] [INFO] info - undefined
[2017-03-22 20:01:44.682] [INFO] info - REQUEST=======> 2017-3-22 20:01:44 [GET] /manage/account?pageNumber=1&pageSize=10，耗时:5ms
[2017-03-22 20:01:45.432] [INFO] info - /manage/account
[2017-03-22 20:01:45.432] [INFO] info - undefined
[2017-03-22 20:01:45.436] [INFO] info - REQUEST=======> 2017-3-22 20:01:45 [GET] /manage/account?pageNumber=1&pageSize=10，耗时:4ms
[2017-03-22 20:01:50.280] [INFO] info - /manage/account
[2017-03-22 20:01:50.280] [INFO] info - undefined
[2017-03-22 20:01:50.283] [INFO] info - REQUEST=======> 2017-3-22 20:01:50 [GET] /manage/account?pageNumber=1&pageSize=10，耗时:3ms
[2017-03-22 20:01:51.669] [INFO] info - /manage/account
[2017-03-22 20:01:51.669] [INFO] info - undefined
[2017-03-22 20:01:51.672] [INFO] info - REQUEST=======> 2017-3-22 20:01:51 [GET] /manage/account?pageNumber=1&pageSize=10，耗时:3ms
[2017-03-22 20:01:59.332] [INFO] info - /manage/account
[2017-03-22 20:01:59.333] [INFO] info - undefined
[2017-03-22 20:01:59.335] [INFO] info - REQUEST=======> 2017-3-22 20:01:59 [GET] /manage/account?pageNumber=1&pageSize=10，耗时:3ms
[2017-03-22 20:02:02.497] [INFO] info - /manage/account
[2017-03-22 20:02:02.498] [INFO] info - undefined
[2017-03-22 20:02:02.502] [INFO] info - REQUEST=======> 2017-3-22 20:02:02 [GET] /manage/account?pageNumber=1&pageSize=10，耗时:5ms
[2017-03-22 20:05:13.934] [INFO] info - /manage/account
[2017-03-22 20:05:13.934] [INFO] info - undefined
[2017-03-22 20:05:13.937] [INFO] info - REQUEST=======> 2017-3-22 20:05:13 [GET] /manage/account?pageNumber=1&pageSize=10，耗时:3ms
[2017-03-22 20:05:15.773] [INFO] info - /manage/account
[2017-03-22 20:05:15.773] [INFO] info - undefined
[2017-03-22 20:05:15.779] [INFO] info - REQUEST=======> 2017-3-22 20:05:15 [GET] /manage/account?pageNumber=1&pageSize=10，耗时:6ms
[2017-03-22 20:05:24.666] [INFO] info - /manage/account
[2017-03-22 20:05:24.666] [INFO] info - undefined
[2017-03-22 20:05:24.669] [INFO] info - REQUEST=======> 2017-3-22 20:05:24 [GET] /manage/account?pageNumber=1&pageSize=10，耗时:3ms
[2017-03-22 20:05:27.600] [INFO] info - /manage/account
[2017-03-22 20:05:27.600] [INFO] info - undefined
[2017-03-22 20:05:27.602] [INFO] info - REQUEST=======> 2017-3-22 20:05:27 [GET] /manage/account?pageNumber=1&pageSize=10，耗时:2ms
[2017-03-22 20:05:30.095] [INFO] info - /manage/account
[2017-03-22 20:05:30.096] [INFO] info - undefined
[2017-03-22 20:05:30.098] [INFO] info - REQUEST=======> 2017-3-22 20:05:30 [GET] /manage/account?pageNumber=1&pageSize=10，耗时:3ms
[2017-03-22 20:18:07.133] [INFO] info - /manage/account
[2017-03-22 20:18:07.134] [INFO] info - undefined
[2017-03-22 20:18:07.137] [INFO] info - REQUEST=======> 2017-3-22 20:18:07 [GET] /manage/account?pageNumber=1&pageSize=10，耗时:4ms
[2017-03-22 20:18:09.216] [INFO] info - /manage/account
[2017-03-22 20:18:09.216] [INFO] info - undefined
[2017-03-22 20:18:09.220] [INFO] info - REQUEST=======> 2017-3-22 20:18:09 [GET] /manage/account?pageNumber=1&pageSize=10，耗时:4ms
[2017-03-22 20:18:10.300] [INFO] info - /manage/account
[2017-03-22 20:18:10.300] [INFO] info - undefined
[2017-03-22 20:18:10.303] [INFO] info - REQUEST=======> 2017-3-22 20:18:10 [GET] /manage/account?pageNumber=1&pageSize=10，耗时:3ms
[2017-03-22 20:18:26.985] [INFO] info - /manage/account
[2017-03-22 20:18:26.986] [INFO] info - undefined
[2017-03-22 20:18:26.988] [INFO] info - REQUEST=======> 2017-3-22 20:18:26 [GET] /manage/account?pageNumber=1&pageSize=10，耗时:3ms
[2017-03-22 20:19:47.849] [INFO] info - /manage/account
[2017-03-22 20:19:47.850] [INFO] info - undefined
[2017-03-22 20:19:47.852] [INFO] info - REQUEST=======> 2017-3-22 20:19:47 [GET] /manage/account?pageNumber=1&pageSize=10，耗时:3ms
[2017-03-22 20:20:02.356] [INFO] info - /manage/account
[2017-03-22 20:20:02.356] [INFO] info - undefined
[2017-03-22 20:20:02.358] [INFO] info - REQUEST=======> 2017-3-22 20:20:02 [GET] /manage/account?pageNumber=1&pageSize=10，耗时:2ms
[2017-03-22 20:20:22.133] [INFO] info - /manage/account
[2017-03-22 20:20:22.134] [INFO] info - undefined
[2017-03-22 20:20:22.136] [INFO] info - REQUEST=======> 2017-3-22 20:20:22 [GET] /manage/account?pageNumber=1&pageSize=10，耗时:3ms
[2017-03-22 20:20:34.694] [INFO] info - /manage/account
[2017-03-22 20:20:34.694] [INFO] info - undefined
[2017-03-22 20:20:34.696] [INFO] info - REQUEST=======> 2017-3-22 20:20:34 [GET] /manage/account?pageNumber=1&pageSize=10，耗时:2ms
[2017-03-22 20:20:43.066] [INFO] info - /manage/account
[2017-03-22 20:20:43.066] [INFO] info - undefined
[2017-03-22 20:20:43.069] [INFO] info - REQUEST=======> 2017-3-22 20:20:43 [GET] /manage/account?pageNumber=1&pageSize=10，耗时:3ms
[2017-03-22 20:22:51.333] [INFO] info - /manage/account
[2017-03-22 20:22:51.333] [INFO] info - undefined
[2017-03-22 20:22:51.336] [INFO] info - REQUEST=======> 2017-3-22 20:22:51 [GET] /manage/account?pageNumber=1&pageSize=10，耗时:3ms
[2017-03-22 20:25:08.083] [INFO] info - /manage/account
[2017-03-22 20:25:08.083] [INFO] info - undefined
[2017-03-22 20:25:08.085] [INFO] info - REQUEST=======> 2017-3-22 20:25:08 [GET] /manage/account?pageNumber=1&pageSize=10，耗时:2ms
[2017-03-22 20:26:14.209] [INFO] info - /manage/account
[2017-03-22 20:26:14.209] [INFO] info - undefined
[2017-03-22 20:26:14.212] [INFO] info - REQUEST=======> 2017-3-22 20:26:14 [GET] /manage/account?pageNumber=1&pageSize=10，耗时:3ms
[2017-03-22 20:27:41.232] [INFO] info - /manage/account
[2017-03-22 20:27:41.232] [INFO] info - undefined
[2017-03-22 20:27:41.235] [INFO] info - REQUEST=======> 2017-3-22 20:27:41 [GET] /manage/account?pageNumber=1&pageSize=10，耗时:3ms
[2017-03-22 20:28:12.374] [INFO] info - /manage/account
[2017-03-22 20:28:12.374] [INFO] info - undefined
[2017-03-22 20:28:12.377] [INFO] info - REQUEST=======> 2017-3-22 20:28:12 [GET] /manage/account?pageNumber=1&pageSize=10，耗时:3ms
[2017-03-22 20:29:18.157] [INFO] info - /manage/account
[2017-03-22 20:29:18.157] [INFO] info - undefined
[2017-03-22 20:29:18.159] [INFO] info - REQUEST=======> 2017-3-22 20:29:18 [GET] /manage/account?pageNumber=1&pageSize=10，耗时:2ms
[2017-03-22 20:29:24.504] [INFO] info - /manage/account
[2017-03-22 20:29:24.504] [INFO] info - undefined
[2017-03-22 20:29:24.510] [INFO] info - REQUEST=======> 2017-3-22 20:29:24 [GET] /manage/account?pageNumber=1&pageSize=10，耗时:6ms
[2017-03-22 20:29:26.833] [INFO] info - /manage/account
[2017-03-22 20:29:26.833] [INFO] info - undefined
[2017-03-22 20:29:26.842] [INFO] info - REQUEST=======> 2017-3-22 20:29:26 [GET] /manage/account?pageNumber=1&pageSize=10，耗时:9ms
[2017-03-22 20:29:41.037] [INFO] info - /manage/account
[2017-03-22 20:29:41.038] [INFO] info - undefined
[2017-03-22 20:29:41.040] [INFO] info - REQUEST=======> 2017-3-22 20:29:41 [GET] /manage/account?pageNumber=1&pageSize=10，耗时:3ms
[2017-03-22 20:29:59.803] [INFO] info - /manage/account
[2017-03-22 20:29:59.803] [INFO] info - undefined
[2017-03-22 20:29:59.806] [INFO] info - REQUEST=======> 2017-3-22 20:29:59 [GET] /manage/account?pageNumber=1&pageSize=10，耗时:3ms
[2017-03-22 20:30:03.176] [INFO] info - /manage/account
[2017-03-22 20:30:03.176] [INFO] info - undefined
[2017-03-22 20:30:03.178] [INFO] info - REQUEST=======> 2017-3-22 20:30:03 [GET] /manage/account?pageNumber=1&pageSize=10，耗时:2ms
[2017-03-22 20:30:06.645] [INFO] info - /manage/account
[2017-03-22 20:30:06.645] [INFO] info - undefined
[2017-03-22 20:30:06.648] [INFO] info - REQUEST=======> 2017-3-22 20:30:06 [GET] /manage/account?pageNumber=1&pageSize=10，耗时:3ms
[2017-03-22 20:34:07.726] [INFO] info - /manage/account
[2017-03-22 20:34:07.726] [INFO] info - undefined
[2017-03-22 20:34:07.728] [INFO] info - REQUEST=======> 2017-3-22 20:34:07 [GET] /manage/account?pageNumber=1&pageSize=10，耗时:2ms
[2017-03-22 20:35:00.757] [INFO] info - /manage/account
[2017-03-22 20:35:00.757] [INFO] info - undefined
[2017-03-22 20:35:00.763] [INFO] info - REQUEST=======> 2017-3-22 20:35:00 [GET] /manage/account?pageNumber=1&pageSize=10，耗时:6ms
[2017-03-22 20:35:02.836] [INFO] info - /manage/account
[2017-03-22 20:35:02.836] [INFO] info - undefined
[2017-03-22 20:35:02.838] [INFO] info - REQUEST=======> 2017-3-22 20:35:02 [GET] /manage/account?pageNumber=1&pageSize=10，耗时:2ms
[2017-03-22 20:35:38.286] [INFO] info - /manage/account
[2017-03-22 20:35:38.287] [INFO] info - undefined
[2017-03-22 20:35:38.289] [INFO] info - REQUEST=======> 2017-3-22 20:35:38 [GET] /manage/account?pageNumber=1&pageSize=10，耗时:3ms
[2017-03-22 20:36:20.836] [INFO] info - /manage/account
[2017-03-22 20:36:20.836] [INFO] info - undefined
[2017-03-22 20:36:20.838] [INFO] info - REQUEST=======> 2017-3-22 20:36:20 [GET] /manage/account?pageNumber=1&pageSize=10，耗时:2ms
[2017-03-22 20:36:24.065] [INFO] info - /manage/account
[2017-03-22 20:36:24.065] [INFO] info - undefined
[2017-03-22 20:36:24.067] [INFO] info - REQUEST=======> 2017-3-22 20:36:24 [GET] /manage/account?pageNumber=1&pageSize=10，耗时:2ms
[2017-03-22 20:38:07.114] [INFO] info - /manage/account
[2017-03-22 20:38:07.114] [INFO] info - undefined
[2017-03-22 20:38:07.116] [INFO] info - REQUEST=======> 2017-3-22 20:38:07 [GET] /manage/account?pageNumber=1&pageSize=10，耗时:2ms
[2017-03-22 20:39:05.266] [INFO] info - /manage/account
[2017-03-22 20:39:05.266] [INFO] info - undefined
[2017-03-22 20:39:05.268] [INFO] info - REQUEST=======> 2017-3-22 20:39:05 [GET] /manage/account?pageNumber=1&pageSize=10，耗时:2ms
[2017-03-22 20:39:06.141] [INFO] info - /manage/account
[2017-03-22 20:39:06.141] [INFO] info - undefined
[2017-03-22 20:39:06.146] [INFO] info - REQUEST=======> 2017-3-22 20:39:06 [GET] /manage/account?pageNumber=1&pageSize=10，耗时:5ms
[2017-03-22 20:39:09.222] [INFO] info - /manage/account
[2017-03-22 20:39:09.222] [INFO] info - undefined
[2017-03-22 20:39:09.224] [INFO] info - REQUEST=======> 2017-3-22 20:39:09 [GET] /manage/account?pageNumber=1&pageSize=10，耗时:2ms
[2017-03-22 20:39:33.268] [INFO] info - /manage/account
[2017-03-22 20:39:33.268] [INFO] info - undefined
[2017-03-22 20:39:33.271] [INFO] info - REQUEST=======> 2017-3-22 20:39:33 [GET] /manage/account?pageNumber=1&pageSize=10，耗时:3ms
[2017-03-22 20:40:15.414] [INFO] info - /manage/account
[2017-03-22 20:40:15.414] [INFO] info - undefined
[2017-03-22 20:40:15.418] [INFO] info - REQUEST=======> 2017-3-22 20:40:15 [GET] /manage/account?pageNumber=1&pageSize=10，耗时:4ms
[2017-03-22 20:40:20.507] [INFO] info - /manage/account
[2017-03-22 20:40:20.507] [INFO] info - undefined
[2017-03-22 20:40:20.510] [INFO] info - REQUEST=======> 2017-3-22 20:40:20 [GET] /manage/account?pageNumber=1&pageSize=10，耗时:3ms
[2017-03-22 20:41:09.236] [INFO] info - /manage/account
[2017-03-22 20:41:09.237] [INFO] info - undefined
[2017-03-22 20:41:09.239] [INFO] info - REQUEST=======> 2017-3-22 20:41:09 [GET] /manage/account?pageNumber=1&pageSize=10，耗时:3ms
[2017-03-22 20:41:11.828] [INFO] info - /manage/account
[2017-03-22 20:41:11.828] [INFO] info - undefined
[2017-03-22 20:41:11.830] [INFO] info - REQUEST=======> 2017-3-22 20:41:11 [GET] /manage/account?pageNumber=1&pageSize=10，耗时:2ms
[2017-03-22 20:43:31.595] [INFO] info - /manage/account
[2017-03-22 20:43:31.595] [INFO] info - undefined
[2017-03-22 20:43:31.597] [INFO] info - REQUEST=======> 2017-3-22 20:43:31 [GET] /manage/account?pageNumber=1&pageSize=10，耗时:2ms
[2017-03-22 20:44:34.824] [INFO] info - /manage/account
[2017-03-22 20:44:34.824] [INFO] info - undefined
[2017-03-22 20:44:34.827] [INFO] info - REQUEST=======> 2017-3-22 20:44:34 [GET] /manage/account?pageNumber=1&pageSize=10，耗时:3ms
[2017-03-22 20:47:48.245] [INFO] info - /manage/account
[2017-03-22 20:47:48.245] [INFO] info - undefined
[2017-03-22 20:47:48.248] [INFO] info - REQUEST=======> 2017-3-22 20:47:48 [GET] /manage/account?pageNumber=1&pageSize=10，耗时:3ms
[2017-03-22 20:47:49.106] [INFO] info - /manage/account
[2017-03-22 20:47:49.107] [INFO] info - undefined
[2017-03-22 20:47:49.109] [INFO] info - REQUEST=======> 2017-3-22 20:47:49 [GET] /manage/account?pageNumber=1&pageSize=10，耗时:3ms
[2017-03-22 20:48:35.918] [INFO] info - /manage/account
[2017-03-22 20:48:35.918] [INFO] info - undefined
[2017-03-22 20:48:35.920] [INFO] info - REQUEST=======> 2017-3-22 20:48:35 [GET] /manage/account?pageNumber=1&pageSize=10，耗时:2ms
[2017-03-22 20:48:38.653] [INFO] info - /manage/account
[2017-03-22 20:48:38.654] [INFO] info - undefined
[2017-03-22 20:48:38.656] [INFO] info - REQUEST=======> 2017-3-22 20:48:38 [GET] /manage/account?pageNumber=1&pageSize=10，耗时:3ms
[2017-03-22 20:48:38.957] [INFO] info - /manage/account
[2017-03-22 20:48:38.957] [INFO] info - undefined
[2017-03-22 20:48:38.960] [INFO] info - REQUEST=======> 2017-3-22 20:48:38 [GET] /manage/account?pageNumber=1&pageSize=10，耗时:3ms
[2017-03-22 20:48:41.046] [INFO] info - /manage/account
[2017-03-22 20:48:41.046] [INFO] info - undefined
[2017-03-22 20:48:41.049] [INFO] info - REQUEST=======> 2017-3-22 20:48:41 [GET] /manage/account?undefined=4234&pageNumber=1&pageSize=10，耗时:3ms
[2017-03-22 20:48:42.538] [INFO] info - /manage/account
[2017-03-22 20:48:42.538] [INFO] info - undefined
[2017-03-22 20:48:42.541] [INFO] info - REQUEST=======> 2017-3-22 20:48:42 [GET] /manage/account?undefined=423442342&pageNumber=1&pageSize=10，耗时:3ms
[2017-03-22 20:48:43.268] [INFO] info - /manage/account
[2017-03-22 20:48:43.268] [INFO] info - undefined
[2017-03-22 20:48:43.272] [INFO] info - REQUEST=======> 2017-3-22 20:48:43 [GET] /manage/account?undefined=423442342&pageNumber=1&pageSize=10，耗时:4ms
[2017-03-22 20:48:44.152] [INFO] info - /manage/account
[2017-03-22 20:48:44.152] [INFO] info - undefined
[2017-03-22 20:48:44.155] [INFO] info - REQUEST=======> 2017-3-22 20:48:44 [GET] /manage/account?undefined=423442342&pageNumber=1&pageSize=10，耗时:3ms
[2017-03-22 20:48:44.584] [INFO] info - /manage/account
[2017-03-22 20:48:44.585] [INFO] info - undefined
[2017-03-22 20:48:44.587] [INFO] info - REQUEST=======> 2017-3-22 20:48:44 [GET] /manage/account?undefined=423442342&pageNumber=1&pageSize=10，耗时:3ms
[2017-03-22 20:50:03.929] [INFO] info - /manage/account
[2017-03-22 20:50:03.929] [INFO] info - undefined
[2017-03-22 20:50:03.931] [INFO] info - REQUEST=======> 2017-3-22 20:50:03 [GET] /manage/account?pageNumber=1&pageSize=10，耗时:2ms
[2017-03-22 20:50:03.941] [INFO] info - /manage/account
[2017-03-22 20:50:03.941] [INFO] info - undefined
[2017-03-22 20:50:03.944] [INFO] info - REQUEST=======> 2017-3-22 20:50:03 [GET] /manage/account?pageNumber=1&pageSize=10，耗时:3ms
[2017-03-22 20:50:06.294] [INFO] info - /manage/account
[2017-03-22 20:50:06.294] [INFO] info - undefined
[2017-03-22 20:50:06.296] [INFO] info - REQUEST=======> 2017-3-22 20:50:06 [GET] /manage/account?undefined=31232&pageNumber=1&pageSize=10，耗时:2ms
[2017-03-22 20:50:23.240] [INFO] info - /manage/account
[2017-03-22 20:50:23.240] [INFO] info - undefined
[2017-03-22 20:50:23.243] [INFO] info - REQUEST=======> 2017-3-22 20:50:23 [GET] /manage/account?pageNumber=1&pageSize=10，耗时:3ms
[2017-03-22 20:50:24.660] [INFO] info - /manage/account
[2017-03-22 20:50:24.660] [INFO] info - undefined
[2017-03-22 20:50:24.663] [INFO] info - REQUEST=======> 2017-3-22 20:50:24 [GET] /manage/account?pageNumber=1&pageSize=10，耗时:3ms
[2017-03-22 20:50:24.972] [INFO] info - /manage/account
[2017-03-22 20:50:24.972] [INFO] info - undefined
[2017-03-22 20:50:24.975] [INFO] info - REQUEST=======> 2017-3-22 20:50:24 [GET] /manage/account?pageNumber=1&pageSize=10，耗时:3ms
[2017-03-22 20:50:29.444] [INFO] info - /manage/account
[2017-03-22 20:50:29.444] [INFO] info - undefined
[2017-03-22 20:50:29.446] [INFO] info - REQUEST=======> 2017-3-22 20:50:29 [GET] /manage/account?keyword=75675&pageNumber=1&pageSize=10，耗时:2ms
[2017-03-22 20:50:35.556] [INFO] info - /manage/account
[2017-03-22 20:50:35.556] [INFO] info - undefined
[2017-03-22 20:50:35.558] [INFO] info - REQUEST=======> 2017-3-22 20:50:35 [GET] /manage/account?keyword=75675&pageNumber=1&pageSize=10，耗时:2ms
[2017-03-22 20:50:36.264] [INFO] info - /manage/account
[2017-03-22 20:50:36.264] [INFO] info - undefined
[2017-03-22 20:50:36.267] [INFO] info - REQUEST=======> 2017-3-22 20:50:36 [GET] /manage/account?keyword=75675&pageNumber=1&pageSize=10，耗时:3ms
[2017-03-22 20:50:36.515] [INFO] info - /manage/account
[2017-03-22 20:50:36.515] [INFO] info - undefined
[2017-03-22 20:50:36.517] [INFO] info - REQUEST=======> 2017-3-22 20:50:36 [GET] /manage/account?keyword=75675&pageNumber=1&pageSize=10，耗时:2ms
[2017-03-22 20:50:36.571] [INFO] info - /manage/account
[2017-03-22 20:50:36.571] [INFO] info - undefined
[2017-03-22 20:50:36.574] [INFO] info - REQUEST=======> 2017-3-22 20:50:36 [GET] /manage/account?keyword=75675&pageNumber=1&pageSize=10，耗时:3ms
[2017-03-22 20:50:36.822] [INFO] info - /manage/account
[2017-03-22 20:50:36.822] [INFO] info - undefined
[2017-03-22 20:50:36.824] [INFO] info - REQUEST=======> 2017-3-22 20:50:36 [GET] /manage/account?keyword=75675&pageNumber=1&pageSize=10，耗时:2ms
[2017-03-22 20:50:37.131] [INFO] info - /manage/account
[2017-03-22 20:50:37.131] [INFO] info - undefined
[2017-03-22 20:50:37.133] [INFO] info - REQUEST=======> 2017-3-22 20:50:37 [GET] /manage/account?keyword=75675&pageNumber=1&pageSize=10，耗时:2ms
[2017-03-22 20:50:38.248] [INFO] info - /manage/account
[2017-03-22 20:50:38.248] [INFO] info - undefined
[2017-03-22 20:50:38.251] [INFO] info - REQUEST=======> 2017-3-22 20:50:38 [GET] /manage/account?keyword=75675&pageNumber=1&pageSize=10，耗时:3ms
[2017-03-22 20:50:38.499] [INFO] info - /manage/account
[2017-03-22 20:50:38.499] [INFO] info - undefined
[2017-03-22 20:50:38.501] [INFO] info - REQUEST=======> 2017-3-22 20:50:38 [GET] /manage/account?keyword=75675&pageNumber=1&pageSize=10，耗时:2ms
[2017-03-22 20:50:38.941] [INFO] info - /manage/account
[2017-03-22 20:50:38.942] [INFO] info - undefined
[2017-03-22 20:50:38.945] [INFO] info - REQUEST=======> 2017-3-22 20:50:38 [GET] /manage/account?keyword=75675&pageNumber=1&pageSize=10，耗时:4ms
[2017-03-22 20:50:39.696] [INFO] info - /manage/account
[2017-03-22 20:50:39.696] [INFO] info - undefined
[2017-03-22 20:50:39.698] [INFO] info - REQUEST=======> 2017-3-22 20:50:39 [GET] /manage/account?keyword=75675&pageNumber=1&pageSize=10，耗时:2ms
[2017-03-22 20:50:40.092] [INFO] info - /manage/account
[2017-03-22 20:50:40.092] [INFO] info - undefined
[2017-03-22 20:50:40.094] [INFO] info - REQUEST=======> 2017-3-22 20:50:40 [GET] /manage/account?keyword=75675&pageNumber=1&pageSize=10，耗时:2ms
[2017-03-22 20:50:41.163] [INFO] info - /manage/account
[2017-03-22 20:50:41.164] [INFO] info - undefined
[2017-03-22 20:50:41.166] [INFO] info - REQUEST=======> 2017-3-22 20:50:41 [GET] /manage/account?keyword=75675&pageNumber=1&pageSize=10，耗时:3ms
[2017-03-22 20:50:41.590] [INFO] info - /manage/account
[2017-03-22 20:50:41.590] [INFO] info - undefined
[2017-03-22 20:50:41.592] [INFO] info - REQUEST=======> 2017-3-22 20:50:41 [GET] /manage/account?keyword=75675&pageNumber=1&pageSize=10，耗时:2ms
[2017-03-22 20:51:12.666] [INFO] info - /manage/account
[2017-03-22 20:51:12.666] [INFO] info - undefined
[2017-03-22 20:51:12.669] [INFO] info - REQUEST=======> 2017-3-22 20:51:12 [GET] /manage/account?pageNumber=1&pageSize=10，耗时:3ms
[2017-03-22 20:51:13.658] [INFO] info - /manage/account
[2017-03-22 20:51:13.658] [INFO] info - undefined
[2017-03-22 20:51:13.660] [INFO] info - REQUEST=======> 2017-3-22 20:51:13 [GET] /manage/account?pageNumber=1&pageSize=10，耗时:2ms
[2017-03-22 20:51:13.664] [INFO] info - /manage/account
[2017-03-22 20:51:13.664] [INFO] info - undefined
[2017-03-22 20:51:13.666] [INFO] info - REQUEST=======> 2017-3-22 20:51:13 [GET] /manage/account?pageNumber=1&pageSize=10，耗时:2ms
[2017-03-22 20:51:19.094] [INFO] info - /manage/account
[2017-03-22 20:51:19.094] [INFO] info - undefined
[2017-03-22 20:51:19.097] [INFO] info - REQUEST=======> 2017-3-22 20:51:19 [GET] /manage/account?pageNumber=1&pageSize=10，耗时:3ms
[2017-03-22 20:51:20.329] [INFO] info - /manage/account
[2017-03-22 20:51:20.329] [INFO] info - undefined
[2017-03-22 20:51:20.332] [INFO] info - REQUEST=======> 2017-3-22 20:51:20 [GET] /manage/account?pageNumber=1&pageSize=10，耗时:3ms
[2017-03-22 20:51:20.580] [INFO] info - /manage/account
[2017-03-22 20:51:20.580] [INFO] info - undefined
[2017-03-22 20:51:20.584] [INFO] info - REQUEST=======> 2017-3-22 20:51:20 [GET] /manage/account?pageNumber=1&pageSize=10，耗时:4ms
[2017-03-22 20:51:33.090] [INFO] info - /manage/account
[2017-03-22 20:51:33.090] [INFO] info - undefined
[2017-03-22 20:51:33.094] [INFO] info - REQUEST=======> 2017-3-22 20:51:33 [GET] /manage/account?pageNumber=1&pageSize=10，耗时:4ms
[2017-03-22 20:51:34.039] [INFO] info - /manage/account
[2017-03-22 20:51:34.039] [INFO] info - undefined
[2017-03-22 20:51:34.042] [INFO] info - REQUEST=======> 2017-3-22 20:51:34 [GET] /manage/account?pageNumber=1&pageSize=10，耗时:3ms
[2017-03-22 20:51:34.054] [INFO] info - /manage/account
[2017-03-22 20:51:34.054] [INFO] info - undefined
[2017-03-22 20:51:34.056] [INFO] info - REQUEST=======> 2017-3-22 20:51:34 [GET] /manage/account?pageNumber=1&pageSize=10，耗时:2ms
[2017-03-22 20:51:36.221] [INFO] info - /manage/account
[2017-03-22 20:51:36.221] [INFO] info - undefined
[2017-03-22 20:51:36.224] [INFO] info - REQUEST=======> 2017-3-22 20:51:36 [GET] /manage/account?keyword=312312&pageNumber=1&pageSize=10，耗时:3ms
[2017-03-22 20:51:37.910] [INFO] info - /manage/account
[2017-03-22 20:51:37.910] [INFO] info - undefined
[2017-03-22 20:51:37.914] [INFO] info - REQUEST=======> 2017-3-22 20:51:37 [GET] /manage/account?keyword=312312&pageNumber=1&pageSize=10，耗时:4ms
[2017-03-22 20:51:38.552] [INFO] info - /manage/account
[2017-03-22 20:51:38.552] [INFO] info - undefined
[2017-03-22 20:51:38.555] [INFO] info - REQUEST=======> 2017-3-22 20:51:38 [GET] /manage/account?keyword=312312&pageNumber=1&pageSize=10，耗时:3ms
[2017-03-22 20:51:40.884] [INFO] info - /manage/account
[2017-03-22 20:51:40.884] [INFO] info - undefined
[2017-03-22 20:51:40.886] [INFO] info - REQUEST=======> 2017-3-22 20:51:40 [GET] /manage/account?keyword=3123121232131&pageNumber=1&pageSize=10，耗时:2ms
[2017-03-22 20:51:41.656] [INFO] info - /manage/account
[2017-03-22 20:51:41.656] [INFO] info - undefined
[2017-03-22 20:51:41.659] [INFO] info - REQUEST=======> 2017-3-22 20:51:41 [GET] /manage/account?keyword=3123121232131&pageNumber=1&pageSize=10，耗时:3ms
[2017-03-22 20:51:41.907] [INFO] info - /manage/account
[2017-03-22 20:51:41.907] [INFO] info - undefined
[2017-03-22 20:51:41.910] [INFO] info - REQUEST=======> 2017-3-22 20:51:41 [GET] /manage/account?keyword=3123121232131&pageNumber=1&pageSize=10，耗时:3ms
[2017-03-22 20:51:41.964] [INFO] info - /manage/account
[2017-03-22 20:51:41.964] [INFO] info - undefined
[2017-03-22 20:51:41.966] [INFO] info - REQUEST=======> 2017-3-22 20:51:41 [GET] /manage/account?keyword=3123121232131&pageNumber=1&pageSize=10，耗时:2ms
[2017-03-22 20:51:42.215] [INFO] info - /manage/account
[2017-03-22 20:51:42.215] [INFO] info - undefined
[2017-03-22 20:51:42.218] [INFO] info - REQUEST=======> 2017-3-22 20:51:42 [GET] /manage/account?keyword=3123121232131&pageNumber=1&pageSize=10，耗时:3ms
[2017-03-22 20:52:08.835] [INFO] info - /manage/account
[2017-03-22 20:52:08.835] [INFO] info - undefined
[2017-03-22 20:52:08.840] [INFO] info - REQUEST=======> 2017-3-22 20:52:08 [GET] /manage/account?pageNumber=1&pageSize=10，耗时:5ms
[2017-03-22 20:52:08.847] [INFO] info - /manage/account
[2017-03-22 20:52:08.847] [INFO] info - undefined
[2017-03-22 20:52:08.850] [INFO] info - REQUEST=======> 2017-3-22 20:52:08 [GET] /manage/account?pageNumber=1&pageSize=10，耗时:3ms
[2017-03-22 20:52:23.292] [INFO] info - /manage/account
[2017-03-22 20:52:23.292] [INFO] info - undefined
[2017-03-22 20:52:23.296] [INFO] info - REQUEST=======> 2017-3-22 20:52:23 [GET] /manage/account?pageNumber=1&pageSize=10，耗时:4ms
[2017-03-22 20:52:23.636] [INFO] info - /manage/account
[2017-03-22 20:52:23.636] [INFO] info - undefined
[2017-03-22 20:52:23.639] [INFO] info - REQUEST=======> 2017-3-22 20:52:23 [GET] /manage/account?pageNumber=1&pageSize=10，耗时:3ms
[2017-03-22 20:52:23.887] [INFO] info - /manage/account
[2017-03-22 20:52:23.887] [INFO] info - undefined
[2017-03-22 20:52:23.893] [INFO] info - REQUEST=======> 2017-3-22 20:52:23 [GET] /manage/account?pageNumber=1&pageSize=10，耗时:6ms
[2017-03-22 20:52:26.548] [INFO] info - /manage/account
[2017-03-22 20:52:26.548] [INFO] info - undefined
[2017-03-22 20:52:26.552] [INFO] info - REQUEST=======> 2017-3-22 20:52:26 [GET] /manage/account?pageNumber=1&pageSize=10，耗时:5ms
[2017-03-22 20:52:27.734] [INFO] info - /manage/account
[2017-03-22 20:52:27.734] [INFO] info - undefined
[2017-03-22 20:52:27.737] [INFO] info - REQUEST=======> 2017-3-22 20:52:27 [GET] /manage/account?pageNumber=1&pageSize=10，耗时:3ms
[2017-03-22 20:52:27.742] [INFO] info - /manage/account
[2017-03-22 20:52:27.742] [INFO] info - undefined
[2017-03-22 20:52:27.746] [INFO] info - REQUEST=======> 2017-3-22 20:52:27 [GET] /manage/account?pageNumber=1&pageSize=10，耗时:4ms
[2017-03-22 20:52:30.318] [INFO] info - /manage/account
[2017-03-22 20:52:30.319] [INFO] info - undefined
[2017-03-22 20:52:30.321] [INFO] info - REQUEST=======> 2017-3-22 20:52:30 [GET] /manage/account?keyword=1312312&pageNumber=1&pageSize=10，耗时:3ms
[2017-03-22 20:52:31.811] [INFO] info - /manage/account
[2017-03-22 20:52:31.811] [INFO] info - undefined
[2017-03-22 20:52:31.816] [INFO] info - REQUEST=======> 2017-3-22 20:52:31 [GET] /manage/account?keyword=131231245&pageNumber=1&pageSize=10，耗时:5ms
[2017-03-22 20:53:46.845] [INFO] info - /manage/account
[2017-03-22 20:53:46.845] [INFO] info - undefined
[2017-03-22 20:53:46.848] [INFO] info - REQUEST=======> 2017-3-22 20:53:46 [GET] /manage/account?pageNumber=1&pageSize=10，耗时:3ms
[2017-03-22 20:53:46.854] [INFO] info - /manage/account
[2017-03-22 20:53:46.854] [INFO] info - undefined
[2017-03-22 20:53:46.857] [INFO] info - REQUEST=======> 2017-3-22 20:53:46 [GET] /manage/account?pageNumber=1&pageSize=10，耗时:3ms
[2017-03-22 20:53:54.940] [INFO] info - /manage/account
[2017-03-22 20:53:54.940] [INFO] info - undefined
[2017-03-22 20:53:54.944] [INFO] info - REQUEST=======> 2017-3-22 20:53:54 [GET] /manage/account?pageNumber=1&pageSize=10，耗时:4ms
[2017-03-22 20:53:54.949] [INFO] info - /manage/account
[2017-03-22 20:53:54.949] [INFO] info - undefined
[2017-03-22 20:53:54.953] [INFO] info - REQUEST=======> 2017-3-22 20:53:54 [GET] /manage/account?pageNumber=1&pageSize=10，耗时:4ms
[2017-03-22 20:53:56.747] [INFO] info - /manage/account
[2017-03-22 20:53:56.747] [INFO] info - undefined
[2017-03-22 20:53:56.750] [INFO] info - REQUEST=======> 2017-3-22 20:53:56 [GET] /manage/account?pageNumber=1&pageSize=10，耗时:3ms
[2017-03-22 20:53:57.060] [INFO] info - /manage/account
[2017-03-22 20:53:57.060] [INFO] info - undefined
[2017-03-22 20:53:57.062] [INFO] info - REQUEST=======> 2017-3-22 20:53:57 [GET] /manage/account?pageNumber=1&pageSize=10，耗时:2ms
[2017-03-22 20:54:21.043] [INFO] info - /manage/account
[2017-03-22 20:54:21.043] [INFO] info - undefined
[2017-03-22 20:54:21.046] [INFO] info - REQUEST=======> 2017-3-22 20:54:21 [GET] /manage/account?pageNumber=1&pageSize=10，耗时:3ms
[2017-03-22 20:54:21.355] [INFO] info - /manage/account
[2017-03-22 20:54:21.355] [INFO] info - undefined
[2017-03-22 20:54:21.357] [INFO] info - REQUEST=======> 2017-3-22 20:54:21 [GET] /manage/account?pageNumber=1&pageSize=10，耗时:2ms
[2017-03-22 20:54:33.813] [INFO] info - /manage/account
[2017-03-22 20:54:33.814] [INFO] info - undefined
[2017-03-22 20:54:33.817] [INFO] info - REQUEST=======> 2017-3-22 20:54:33 [GET] /manage/account?pageNumber=1&pageSize=10，耗时:4ms
[2017-03-22 20:54:33.834] [INFO] info - /manage/account
[2017-03-22 20:54:33.834] [INFO] info - undefined
[2017-03-22 20:54:33.837] [INFO] info - REQUEST=======> 2017-3-22 20:54:33 [GET] /manage/account?pageNumber=1&pageSize=10，耗时:3ms
[2017-03-22 20:54:37.327] [INFO] info - /manage/account
[2017-03-22 20:54:37.328] [INFO] info - undefined
[2017-03-22 20:54:37.331] [INFO] info - REQUEST=======> 2017-3-22 20:54:37 [GET] /manage/account?pageNumber=1&pageSize=10，耗时:4ms
[2017-03-22 20:54:37.341] [INFO] info - /manage/account
[2017-03-22 20:54:37.341] [INFO] info - undefined
[2017-03-22 20:54:37.343] [INFO] info - REQUEST=======> 2017-3-22 20:54:37 [GET] /manage/account?pageNumber=1&pageSize=10，耗时:2ms
[2017-03-22 20:54:38.414] [INFO] info - /manage/account
[2017-03-22 20:54:38.414] [INFO] info - undefined
[2017-03-22 20:54:38.416] [INFO] info - REQUEST=======> 2017-3-22 20:54:38 [GET] /manage/account?pageNumber=1&pageSize=10，耗时:2ms
[2017-03-22 20:54:38.732] [INFO] info - /manage/account
[2017-03-22 20:54:38.732] [INFO] info - undefined
[2017-03-22 20:54:38.735] [INFO] info - REQUEST=======> 2017-3-22 20:54:38 [GET] /manage/account?pageNumber=1&pageSize=10，耗时:3ms
[2017-03-22 20:54:42.966] [INFO] info - /manage/account
[2017-03-22 20:54:42.966] [INFO] info - undefined
[2017-03-22 20:54:42.970] [INFO] info - REQUEST=======> 2017-3-22 20:54:42 [GET] /manage/account?pageNumber=1&pageSize=10，耗时:4ms
[2017-03-22 20:54:43.274] [INFO] info - /manage/account
[2017-03-22 20:54:43.274] [INFO] info - undefined
[2017-03-22 20:54:43.277] [INFO] info - REQUEST=======> 2017-3-22 20:54:43 [GET] /manage/account?pageNumber=1&pageSize=10，耗时:3ms
[2017-03-22 20:54:51.743] [INFO] info - /manage/account
[2017-03-22 20:54:51.743] [INFO] info - undefined
[2017-03-22 20:54:51.747] [INFO] info - REQUEST=======> 2017-3-22 20:54:51 [GET] /manage/account?pageNumber=1&pageSize=10，耗时:4ms
[2017-03-22 20:54:52.052] [INFO] info - /manage/account
[2017-03-22 20:54:52.052] [INFO] info - undefined
[2017-03-22 20:54:52.054] [INFO] info - REQUEST=======> 2017-3-22 20:54:52 [GET] /manage/account?pageNumber=1&pageSize=10，耗时:2ms
[2017-03-22 20:54:52.970] [INFO] info - /manage/account
[2017-03-22 20:54:52.970] [INFO] info - undefined
[2017-03-22 20:54:52.973] [INFO] info - REQUEST=======> 2017-3-22 20:54:52 [GET] /manage/account?pageNumber=1&pageSize=10，耗时:3ms
[2017-03-22 20:54:53.278] [INFO] info - /manage/account
[2017-03-22 20:54:53.278] [INFO] info - undefined
[2017-03-22 20:54:53.280] [INFO] info - REQUEST=======> 2017-3-22 20:54:53 [GET] /manage/account?pageNumber=1&pageSize=10，耗时:2ms
[2017-03-22 20:55:08.209] [INFO] info - /manage/account
[2017-03-22 20:55:08.209] [INFO] info - undefined
[2017-03-22 20:55:08.212] [INFO] info - REQUEST=======> 2017-3-22 20:55:08 [GET] /manage/account?pageNumber=1&pageSize=10，耗时:3ms
[2017-03-22 20:55:08.459] [INFO] info - /manage/account
[2017-03-22 20:55:08.460] [INFO] info - undefined
[2017-03-22 20:55:08.462] [INFO] info - REQUEST=======> 2017-3-22 20:55:08 [GET] /manage/account?pageNumber=1&pageSize=10，耗时:3ms
[2017-03-22 20:55:36.104] [INFO] info - /manage/account
[2017-03-22 20:55:36.104] [INFO] info - undefined
[2017-03-22 20:55:36.107] [INFO] info - REQUEST=======> 2017-3-22 20:55:36 [GET] /manage/account?pageNumber=1&pageSize=10，耗时:3ms
[2017-03-22 20:55:36.346] [INFO] info - /manage/account
[2017-03-22 20:55:36.346] [INFO] info - undefined
[2017-03-22 20:55:36.349] [INFO] info - REQUEST=======> 2017-3-22 20:55:36 [GET] /manage/account?pageNumber=1&pageSize=10，耗时:3ms
[2017-03-22 20:55:38.266] [INFO] info - /manage/account
[2017-03-22 20:55:38.266] [INFO] info - undefined
[2017-03-22 20:55:38.268] [INFO] info - REQUEST=======> 2017-3-22 20:55:38 [GET] /manage/account?pageNumber=1&pageSize=10，耗时:2ms
[2017-03-22 20:55:38.573] [INFO] info - /manage/account
[2017-03-22 20:55:38.573] [INFO] info - undefined
[2017-03-22 20:55:38.577] [INFO] info - REQUEST=======> 2017-3-22 20:55:38 [GET] /manage/account?pageNumber=1&pageSize=10，耗时:4ms
[2017-03-22 20:55:50.941] [INFO] info - /manage/account
[2017-03-22 20:55:50.941] [INFO] info - undefined
[2017-03-22 20:55:50.943] [INFO] info - REQUEST=======> 2017-3-22 20:55:50 [GET] /manage/account?pageNumber=1&pageSize=10，耗时:2ms
[2017-03-22 20:55:51.200] [INFO] info - /manage/account
[2017-03-22 20:55:51.200] [INFO] info - undefined
[2017-03-22 20:55:51.203] [INFO] info - REQUEST=======> 2017-3-22 20:55:51 [GET] /manage/account?pageNumber=1&pageSize=10，耗时:3ms
[2017-03-22 20:56:55.087] [INFO] info - /manage/account
[2017-03-22 20:56:55.087] [INFO] info - undefined
[2017-03-22 20:56:55.090] [INFO] info - REQUEST=======> 2017-3-22 20:56:55 [GET] /manage/account?pageNumber=1&pageSize=10，耗时:3ms
[2017-03-22 20:56:55.170] [INFO] info - /manage/account
[2017-03-22 20:56:55.171] [INFO] info - undefined
[2017-03-22 20:56:55.174] [INFO] info - REQUEST=======> 2017-3-22 20:56:55 [GET] /manage/account?pageNumber=1&pageSize=10，耗时:4ms
[2017-03-22 20:57:00.467] [INFO] info - /manage/account
[2017-03-22 20:57:00.467] [INFO] info - undefined
[2017-03-22 20:57:00.470] [INFO] info - REQUEST=======> 2017-3-22 20:57:00 [GET] /manage/account?pageNumber=1&pageSize=10，耗时:3ms
[2017-03-22 20:57:00.777] [INFO] info - /manage/account
[2017-03-22 20:57:00.778] [INFO] info - undefined
[2017-03-22 20:57:00.780] [INFO] info - REQUEST=======> 2017-3-22 20:57:00 [GET] /manage/account?pageNumber=1&pageSize=10，耗时:3ms
[2017-03-22 21:00:28.743] [INFO] info - /manage/account
[2017-03-22 21:00:28.743] [INFO] info - undefined
[2017-03-22 21:00:28.745] [INFO] info - REQUEST=======> 2017-3-22 21:00:28 [GET] /manage/account?pageNumber=1&pageSize=10，耗时:2ms
[2017-03-22 21:00:29.060] [INFO] info - /manage/account
[2017-03-22 21:00:29.060] [INFO] info - undefined
[2017-03-22 21:00:29.064] [INFO] info - REQUEST=======> 2017-3-22 21:00:29 [GET] /manage/account?pageNumber=1&pageSize=10，耗时:4ms
[2017-03-22 21:01:02.068] [INFO] info - /manage/account
[2017-03-22 21:01:02.068] [INFO] info - undefined
[2017-03-22 21:01:02.071] [INFO] info - REQUEST=======> 2017-3-22 21:01:02 [GET] /manage/account?pageNumber=1&pageSize=10，耗时:3ms
[2017-03-22 21:01:02.075] [INFO] info - /manage/account
[2017-03-22 21:01:02.075] [INFO] info - undefined
[2017-03-22 21:01:02.080] [INFO] info - REQUEST=======> 2017-3-22 21:01:02 [GET] /manage/account?pageNumber=1&pageSize=10，耗时:5ms
[2017-03-22 21:01:38.697] [INFO] info - /manage/account
[2017-03-22 21:01:38.697] [INFO] info - undefined
[2017-03-22 21:01:38.700] [INFO] info - REQUEST=======> 2017-3-22 21:01:38 [GET] /manage/account?pageNumber=1&pageSize=10，耗时:3ms
[2017-03-22 21:01:39.014] [INFO] info - /manage/account
[2017-03-22 21:01:39.014] [INFO] info - undefined
[2017-03-22 21:01:39.017] [INFO] info - REQUEST=======> 2017-3-22 21:01:39 [GET] /manage/account?pageNumber=1&pageSize=10，耗时:3ms
[2017-03-22 21:01:43.847] [INFO] info - /manage/account
[2017-03-22 21:01:43.848] [INFO] info - undefined
[2017-03-22 21:01:43.850] [INFO] info - REQUEST=======> 2017-3-22 21:01:43 [GET] /manage/account?pageNumber=1&pageSize=10，耗时:3ms
[2017-03-22 21:01:43.855] [INFO] info - /manage/account
[2017-03-22 21:01:43.856] [INFO] info - undefined
[2017-03-22 21:01:43.858] [INFO] info - REQUEST=======> 2017-3-22 21:01:43 [GET] /manage/account?pageNumber=1&pageSize=10，耗时:3ms
[2017-03-22 21:07:11.078] [INFO] info - /manage/account
[2017-03-22 21:07:11.078] [INFO] info - undefined
[2017-03-22 21:07:11.081] [INFO] info - REQUEST=======> 2017-3-22 21:07:11 [GET] /manage/account?pageNumber=1&pageSize=10，耗时:3ms
[2017-03-22 21:07:11.087] [INFO] info - /manage/account
[2017-03-22 21:07:11.087] [INFO] info - undefined
[2017-03-22 21:07:11.089] [INFO] info - REQUEST=======> 2017-3-22 21:07:11 [GET] /manage/account?pageNumber=1&pageSize=10，耗时:2ms
[2017-03-22 21:07:15.512] [INFO] info - /manage/account
[2017-03-22 21:07:15.512] [INFO] info - undefined
[2017-03-22 21:07:15.515] [INFO] info - REQUEST=======> 2017-3-22 21:07:15 [GET] /manage/account?keyword=213213&pageNumber=1&pageSize=10，耗时:3ms
[2017-03-22 21:11:26.477] [INFO] info - /manage/account
[2017-03-22 21:11:26.477] [INFO] info - undefined
[2017-03-22 21:11:26.480] [INFO] info - REQUEST=======> 2017-3-22 21:11:26 [GET] /manage/account?pageNumber=1&pageSize=10，耗时:3ms
[2017-03-22 21:11:26.788] [INFO] info - /manage/account
[2017-03-22 21:11:26.788] [INFO] info - undefined
[2017-03-22 21:11:26.791] [INFO] info - REQUEST=======> 2017-3-22 21:11:26 [GET] /manage/account?pageNumber=1&pageSize=10，耗时:3ms
[2017-03-22 21:11:44.050] [INFO] info - /manage/account
[2017-03-22 21:11:44.050] [INFO] info - undefined
[2017-03-22 21:11:44.052] [INFO] info - REQUEST=======> 2017-3-22 21:11:44 [GET] /manage/account?pageNumber=1&pageSize=10，耗时:2ms
[2017-03-22 21:11:44.060] [INFO] info - /manage/account
[2017-03-22 21:11:44.060] [INFO] info - undefined
[2017-03-22 21:11:44.062] [INFO] info - REQUEST=======> 2017-3-22 21:11:44 [GET] /manage/account?pageNumber=1&pageSize=10，耗时:2ms
[2017-03-22 21:11:45.312] [INFO] info - /manage/account
[2017-03-22 21:11:45.313] [INFO] info - undefined
[2017-03-22 21:11:45.315] [INFO] info - REQUEST=======> 2017-3-22 21:11:45 [GET] /manage/account?pageNumber=1&pageSize=10，耗时:3ms
[2017-03-22 21:11:45.621] [INFO] info - /manage/account
[2017-03-22 21:11:45.621] [INFO] info - undefined
[2017-03-22 21:11:45.623] [INFO] info - REQUEST=======> 2017-3-22 21:11:45 [GET] /manage/account?pageNumber=1&pageSize=10，耗时:2ms
[2017-03-22 21:11:50.150] [INFO] info - /manage/account
[2017-03-22 21:11:50.150] [INFO] info - undefined
[2017-03-22 21:11:50.153] [INFO] info - REQUEST=======> 2017-3-22 21:11:50 [GET] /manage/account?pageNumber=1&pageSize=10，耗时:3ms
[2017-03-22 21:11:50.457] [INFO] info - /manage/account
[2017-03-22 21:11:50.457] [INFO] info - undefined
[2017-03-22 21:11:50.459] [INFO] info - REQUEST=======> 2017-3-22 21:11:50 [GET] /manage/account?pageNumber=1&pageSize=10，耗时:2ms
[2017-03-22 21:12:30.151] [INFO] info - /manage/account
[2017-03-22 21:12:30.152] [INFO] info - undefined
[2017-03-22 21:12:30.155] [INFO] info - REQUEST=======> 2017-3-22 21:12:30 [GET] /manage/account?pageNumber=1&pageSize=10，耗时:4ms
[2017-03-22 21:12:30.465] [INFO] info - /manage/account
[2017-03-22 21:12:30.466] [INFO] info - undefined
[2017-03-22 21:12:30.468] [INFO] info - REQUEST=======> 2017-3-22 21:12:30 [GET] /manage/account?pageNumber=1&pageSize=10，耗时:3ms
[2017-03-22 21:14:32.201] [INFO] info - /manage/account
[2017-03-22 21:14:32.201] [INFO] info - undefined
[2017-03-22 21:14:32.205] [INFO] info - REQUEST=======> 2017-3-22 21:14:32 [GET] /manage/account?pageNumber=1&pageSize=10，耗时:4ms
[2017-03-22 21:14:34.233] [INFO] info - /manage/account
[2017-03-22 21:14:34.233] [INFO] info - undefined
[2017-03-22 21:14:34.237] [INFO] info - REQUEST=======> 2017-3-22 21:14:34 [GET] /manage/account?pageNumber=1&pageSize=10，耗时:4ms
[2017-03-22 21:15:04.493] [INFO] info - /manage/account
[2017-03-22 21:15:04.493] [INFO] info - undefined
[2017-03-22 21:15:04.501] [INFO] info - REQUEST=======> 2017-3-22 21:15:04 [GET] /manage/account?pageNumber=1&pageSize=10，耗时:8ms
[2017-03-22 21:15:05.903] [INFO] info - /manage/account
[2017-03-22 21:15:05.903] [INFO] info - undefined
[2017-03-22 21:15:05.905] [INFO] info - REQUEST=======> 2017-3-22 21:15:05 [GET] /manage/account?pageNumber=1&pageSize=10，耗时:2ms
[2017-03-22 21:17:14.367] [INFO] info - /manage/account
[2017-03-22 21:17:14.367] [INFO] info - undefined
[2017-03-22 21:17:14.370] [INFO] info - REQUEST=======> 2017-3-22 21:17:14 [GET] /manage/account?pageNumber=1&pageSize=10，耗时:3ms
[2017-03-22 21:17:14.590] [INFO] info - /manage/account
[2017-03-22 21:17:14.590] [INFO] info - undefined
[2017-03-22 21:17:14.592] [INFO] info - REQUEST=======> 2017-3-22 21:17:14 [GET] /manage/account?pageNumber=1&pageSize=10，耗时:2ms
