Last login: Mon Dec 12 11:55:54 2016 from 192.168.0.109
cd /home/referral/servertest
unzip -o build-20161212-1200.zip
rm -rf build-20161212-1200.zip
exit
[root@opc ~]# cd /home/referral/servertest
[root@opc servertest]# unzip -o build-20161212-1200.zip
Archive:  build-20161212-1200.zip
  inflating: assets/img/gamersky_01origin_01_2016917225273D.jpg  
  inflating: assets/img/gamersky_03origin_05_201684171564.jpg  
  inflating: assets/img/gamersky_08origin_15_201611122046828.jpg  
  inflating: assets/img/GTA_V_26.jpg  
  inflating: assets/swagger-ui/bugs.txt  
  inflating: assets/swagger-ui/index.html  
  inflating: assets/swagger-ui/o2c.html  
  inflating: assets/swagger-ui/swagger-ui.js  
  inflating: assets/swagger-ui/swagger-ui.min.js  
  inflating: assets/swagger-ui/swagger.json  
  inflating: assets/swagger-ui/css/print.css  
  inflating: assets/swagger-ui/css/reset.css  
  inflating: assets/swagger-ui/css/screen.css  
  inflating: assets/swagger-ui/css/style.css  
  inflating: assets/swagger-ui/css/typography.css  
  inflating: assets/swagger-ui/fonts/DroidSans-Bold.ttf  
  inflating: assets/swagger-ui/fonts/DroidSans.ttf  
  inflating: assets/swagger-ui/images/collapse.gif  
  inflating: assets/swagger-ui/images/expand.gif  
  inflating: assets/swagger-ui/images/explorer_icons.png  
  inflating: assets/swagger-ui/images/favicon-16x16.png  
  inflating: assets/swagger-ui/images/favicon-32x32.png  
  inflating: assets/swagger-ui/images/favicon.ico  
  inflating: assets/swagger-ui/images/logo_small.png  
  inflating: assets/swagger-ui/images/pet_store_api.png  
  inflating: assets/swagger-ui/images/throbber.gif  
  inflating: assets/swagger-ui/images/wordnik_api.png  
  inflating: assets/swagger-ui/lang/ca.js  
  inflating: assets/swagger-ui/lang/el.js  
  inflating: assets/swagger-ui/lang/en.js  
  inflating: assets/swagger-ui/lang/es.js  
  inflating: assets/swagger-ui/lang/fr.js  
  inflating: assets/swagger-ui/lang/geo.js  
  inflating: assets/swagger-ui/lang/it.js  
  inflating: assets/swagger-ui/lang/ja.js  
  inflating: assets/swagger-ui/lang/ko-kr.js  
  inflating: assets/swagger-ui/lang/pl.js  
  inflating: assets/swagger-ui/lang/pt.js  
  inflating: assets/swagger-ui/lang/ru.js  
  inflating: assets/swagger-ui/lang/tr.js  
  inflating: assets/swagger-ui/lang/translator.js  
  inflating: assets/swagger-ui/lang/zh-cn.js  
  inflating: assets/swagger-ui/lib/backbone-min.js  
  inflating: assets/swagger-ui/lib/es5-shim.js  
  inflating: assets/swagger-ui/lib/handlebars-4.0.5.js  
  inflating: assets/swagger-ui/lib/highlight.9.1.0.pack.js  
  inflating: assets/swagger-ui/lib/highlight.9.1.0.pack_extended.js  
  inflating: assets/swagger-ui/lib/jquery-1.8.0.min.js  
  inflating: assets/swagger-ui/lib/jquery.ba-bbq.min.js  
  inflating: assets/swagger-ui/lib/jquery.slideto.min.js  
  inflating: assets/swagger-ui/lib/jquery.wiggle.min.js  
  inflating: assets/swagger-ui/lib/js-yaml.min.js  
  inflating: assets/swagger-ui/lib/jsoneditor.min.js  
  inflating: assets/swagger-ui/lib/lodash.min.js  
  inflating: assets/swagger-ui/lib/marked.js  
  inflating: assets/swagger-ui/lib/object-assign-pollyfill.js  
  inflating: assets/swagger-ui/lib/sanitize-html.min.js  
  inflating: assets/swagger-ui/lib/swagger-oauth.js  
  inflating: common/lang.js          
  inflating: common/random.js        
  inflating: common/salt.js          
  inflating: common/sign.js          
  inflating: components/errorCatch.js  
  inflating: components/logger.js    
  inflating: components/session.js   
  inflating: config/databaseConfig.js  
  inflating: config/log4jsConfig.js  
  inflating: config/redisConfig.js   
  inflating: config/serverConfig.js  
  inflating: config/sessionConfig.js  
  inflating: config/uploadConfig.js  
  inflating: enum/ACCOUNT_TYPE.js    
  inflating: enum/COMMON_ENUM.js     
  inflating: enum/REFERRAL_ENUMS.js  
  inflating: enum/responseCode.js    
  inflating: holder/SequelizeHolder.js  
  inflating: middlewares/logger.js   
  inflating: middlewares/LoginedChecker.js  
  inflating: middlewares/memorySession.js  
  inflating: middlewares/middleware.js  
  inflating: middlewares/redisSession.js  
  inflating: middlewares/requestBody.js  
  inflating: middlewares/responseWrapper.js  
  inflating: middlewares/static.js   
  inflating: model/Account.js        
  inflating: model/AssessmentCase.js  
  inflating: model/DictionaryItem.js  
  inflating: model/DictionaryType.js  
  inflating: model/Hospital.js       
  inflating: model/HospitalPatientRel.js  
  inflating: model/ManagerAccount.js  
  inflating: model/Patient.js        
  inflating: model/PatientExamine.js  
  inflating: model/PatientExamineAssessment.js  
  inflating: model/ReferralForm.js   
  inflating: model/ReferralTask.js   
  inflating: router/AssessmentCaseRouter.js  
  inflating: router/BaseRouter.js    
  inflating: router/DictionaryItemRouter.js  
  inflating: router/DictionaryTypeRouter.js  
  inflating: router/ExamineRouter.js  
  inflating: router/FileUploadRouter.js  
  inflating: router/HospitalRouter.js  
  inflating: router/ManagerAccountRouter.js  
  inflating: router/ManagerSignRouter.js  
  inflating: router/PatientRouter.js  
  inflating: router/ReferralRouter.js  
  inflating: router/router.js        
  inflating: router/SignRouter.js    
  inflating: service/AccountService.js  
  inflating: service/AssessmentCaseService.js  
  inflating: service/BaseService.js  
  inflating: service/DictionaryItemService.js  
  inflating: service/DictionaryTypeService.js  
  inflating: service/ExamineAssessmentService.js  
  inflating: service/ExamineService.js  
  inflating: service/HospitalPatientRelService.js  
  inflating: service/HospitalService.js  
  inflating: service/ManagerAccountService.js  
  inflating: service/PatienService.js  
  inflating: service/ReferralService.js  
  inflating: app.js                  
[root@opc servertest]# rm -rf build-20161212-1200.zip
[root@opc servertest]# exit
logout
